<?xml version="1.0" encoding="UTF-8"?>
<robot generator="Robot 3.1.2 (Python 3.7.6 on win32)" generated="20200115 14:10:01.852" rpa="false">
<suite id="s1" name="Ocho" source="c:\Python\robotframework\pruebas\ocho\ocho.robot">
<test id="s1-t1" name="001 Prueba uno de la sección del ojo">
<kw name="Abrir navegador" library="recursos">
<kw name="Open Browser" library="SeleniumLibrary">
<doc>Opens a new browser instance to the optional ``url``.</doc>
<arguments>
<arg>${url}</arg>
<arg>${navegador}</arg>
</arguments>
<msg timestamp="20200115 14:10:02.337" level="INFO">Opening browser 'chrome' to base url 'http://automationpractice.com/index.php'.</msg>
<status status="PASS" starttime="20200115 14:10:02.337" endtime="20200115 14:10:08.038"></status>
</kw>
<kw name="Wait Until Element Is Visible" library="SeleniumLibrary">
<doc>Waits until the element ``locator`` is visible.</doc>
<arguments>
<arg>xpath=//img[contains(@class,'logo img-responsive')]</arg>
</arguments>
<status status="PASS" starttime="20200115 14:10:08.039" endtime="20200115 14:10:08.070"></status>
</kw>
<status status="PASS" starttime="20200115 14:10:02.337" endtime="20200115 14:10:08.070"></status>
</kw>
<kw name="Focus" library="recursos">
<arguments>
<arg>xpath=(//a[@data-toggle='tab'])[1]</arg>
</arguments>
<kw name="Set Focus To Element" library="SeleniumLibrary">
<doc>Sets the focus to the element identified by ``locator``.</doc>
<arguments>
<arg>${arg1}</arg>
</arguments>
<status status="PASS" starttime="20200115 14:10:08.071" endtime="20200115 14:10:08.089"></status>
</kw>
<status status="PASS" starttime="20200115 14:10:08.070" endtime="20200115 14:10:08.089"></status>
</kw>
<kw name="Tiempo" library="recursos">
<arguments>
<arg>.8</arg>
</arguments>
<kw name="Set Selenium Speed" library="SeleniumLibrary">
<doc>Sets the delay that is waited after each Selenium command.</doc>
<arguments>
<arg>${arg1} seconds</arg>
</arguments>
<status status="PASS" starttime="20200115 14:10:08.090" endtime="20200115 14:10:08.090"></status>
</kw>
<status status="PASS" starttime="20200115 14:10:08.089" endtime="20200115 14:10:08.090"></status>
</kw>
<kw name="Ventana" library="recursos">
<arguments>
<arg>1800</arg>
<arg>1000</arg>
</arguments>
<kw name="Set Window Size" library="SeleniumLibrary">
<doc>Sets current windows size to given ``width`` and ``height``.</doc>
<arguments>
<arg>${arg1}</arg>
<arg>${arg2}</arg>
</arguments>
<status status="PASS" starttime="20200115 14:10:08.090" endtime="20200115 14:10:10.023"></status>
</kw>
<status status="PASS" starttime="20200115 14:10:08.090" endtime="20200115 14:10:10.023"></status>
</kw>
<kw name="Ventana" library="recursos">
<arguments>
<arg>1000</arg>
<arg>1000</arg>
</arguments>
<kw name="Set Window Size" library="SeleniumLibrary">
<doc>Sets current windows size to given ``width`` and ``height``.</doc>
<arguments>
<arg>${arg1}</arg>
<arg>${arg2}</arg>
</arguments>
<status status="PASS" starttime="20200115 14:10:10.023" endtime="20200115 14:10:10.945"></status>
</kw>
<status status="PASS" starttime="20200115 14:10:10.023" endtime="20200115 14:10:10.945"></status>
</kw>
<kw name="Tiempo" library="recursos">
<arguments>
<arg>.1</arg>
</arguments>
<kw name="Set Selenium Speed" library="SeleniumLibrary">
<doc>Sets the delay that is waited after each Selenium command.</doc>
<arguments>
<arg>${arg1} seconds</arg>
</arguments>
<status status="PASS" starttime="20200115 14:10:10.946" endtime="20200115 14:10:10.946"></status>
</kw>
<status status="PASS" starttime="20200115 14:10:10.945" endtime="20200115 14:10:10.946"></status>
</kw>
<kw name="${item} IN [ @{items} ]" type="for">
<kw name="${item} = 1" type="foritem">
<kw name="Focus" library="recursos">
<arguments>
<arg>xpath=(//a[@class='product-name'])[${item}]</arg>
</arguments>
<kw name="Set Focus To Element" library="SeleniumLibrary">
<doc>Sets the focus to the element identified by ``locator``.</doc>
<arguments>
<arg>${arg1}</arg>
</arguments>
<status status="PASS" starttime="20200115 14:10:10.947" endtime="20200115 14:10:11.178"></status>
</kw>
<status status="PASS" starttime="20200115 14:10:10.946" endtime="20200115 14:10:11.178"></status>
</kw>
<kw name="Get Text" library="SeleniumLibrary">
<doc>Returns the text value of the element identified by ``locator``.</doc>
<arguments>
<arg>xpath=(//a[@class='product-name'])[${item}]</arg>
</arguments>
<assign>
<var>${nomT}</var>
</assign>
<msg timestamp="20200115 14:10:11.392" level="INFO">${nomT} = Faded Short Sleeve T-shirts</msg>
<status status="PASS" starttime="20200115 14:10:11.178" endtime="20200115 14:10:11.392"></status>
</kw>
<kw name="Log" library="BuiltIn">
<doc>Logs the given message with the given level.</doc>
<arguments>
<arg>${nomT}</arg>
</arguments>
<msg timestamp="20200115 14:10:11.392" level="INFO">Faded Short Sleeve T-shirts</msg>
<status status="PASS" starttime="20200115 14:10:11.392" endtime="20200115 14:10:11.392"></status>
</kw>
<kw name="Click" library="recursos">
<arguments>
<arg>xpath=(//i[@class='icon-eye-open'])[${item}]</arg>
</arguments>
<kw name="Click Element" library="SeleniumLibrary">
<doc>Click the element identified by ``locator``.</doc>
<arguments>
<arg>${arg1}</arg>
</arguments>
<msg timestamp="20200115 14:10:11.392" level="INFO">Clicking element 'xpath=(//i[@class='icon-eye-open'])[1]'.</msg>
<status status="PASS" starttime="20200115 14:10:11.392" endtime="20200115 14:10:11.687"></status>
</kw>
<status status="PASS" starttime="20200115 14:10:11.392" endtime="20200115 14:10:11.687"></status>
</kw>
<kw name="Visible" library="recursos">
<arguments>
<arg>xpath=//*[@id="index"]/div[2]/div/div/div/div/iframe</arg>
</arguments>
<kw name="Wait Until Element Is Visible" library="SeleniumLibrary">
<doc>Waits until the element ``locator`` is visible.</doc>
<arguments>
<arg>${arg1}</arg>
</arguments>
<status status="PASS" starttime="20200115 14:10:11.687" endtime="20200115 14:10:13.173"></status>
</kw>
<status status="PASS" starttime="20200115 14:10:11.687" endtime="20200115 14:10:13.173"></status>
</kw>
<kw name="SF" library="recursos">
<arguments>
<arg>xpath=//*[@id="index"]/div[2]/div/div/div/div/iframe</arg>
</arguments>
<kw name="Select Frame" library="SeleniumLibrary">
<doc>Sets frame identified by ``locator`` as the current frame.</doc>
<arguments>
<arg>${arg1}</arg>
</arguments>
<msg timestamp="20200115 14:10:13.173" level="INFO">Selecting frame 'xpath=//*[@id="index"]/div[2]/div/div/div/div/iframe'.</msg>
<status status="PASS" starttime="20200115 14:10:13.173" endtime="20200115 14:10:13.408"></status>
</kw>
<status status="PASS" starttime="20200115 14:10:13.173" endtime="20200115 14:10:13.408"></status>
</kw>
<kw name="Visible" library="recursos">
<arguments>
<arg>${titulo}</arg>
</arguments>
<kw name="Wait Until Element Is Visible" library="SeleniumLibrary">
<doc>Waits until the element ``locator`` is visible.</doc>
<arguments>
<arg>${arg1}</arg>
</arguments>
<status status="PASS" starttime="20200115 14:10:13.408" endtime="20200115 14:10:13.641"></status>
</kw>
<status status="PASS" starttime="20200115 14:10:13.408" endtime="20200115 14:10:13.641"></status>
</kw>
<kw name="Log" library="BuiltIn">
<doc>Logs the given message with the given level.</doc>
<arguments>
<arg>${titulo}</arg>
</arguments>
<msg timestamp="20200115 14:10:13.641" level="INFO">xpath=//h1[contains(@itemprop,'name')]</msg>
<status status="PASS" starttime="20200115 14:10:13.641" endtime="20200115 14:10:13.641"></status>
</kw>
<kw name="Comparar" library="recursos">
<arguments>
<arg>${titulo}</arg>
<arg>${nomT}</arg>
</arguments>
<kw name="Element Text Should Be" library="SeleniumLibrary">
<doc>Verifies that element ``locator`` contains exact the text ``expected``.</doc>
<arguments>
<arg>${arg1}</arg>
<arg>${arg2}</arg>
</arguments>
<msg timestamp="20200115 14:10:13.642" level="INFO">Verifying element 'xpath=//h1[contains(@itemprop,'name')]' contains exact text 'Faded Short Sleeve T-shirts'.</msg>
<status status="PASS" starttime="20200115 14:10:13.642" endtime="20200115 14:10:13.865"></status>
</kw>
<status status="PASS" starttime="20200115 14:10:13.641" endtime="20200115 14:10:13.865"></status>
</kw>
<kw name="USF" library="recursos">
<kw name="Unselect Frame" library="SeleniumLibrary">
<doc>Sets the main frame as the current frame.</doc>
<status status="PASS" starttime="20200115 14:10:13.866" endtime="20200115 14:10:13.970"></status>
</kw>
<status status="PASS" starttime="20200115 14:10:13.865" endtime="20200115 14:10:13.970"></status>
</kw>
<kw name="Click" library="recursos">
<arguments>
<arg>xpath=//a[@title='Close']</arg>
</arguments>
<kw name="Click Element" library="SeleniumLibrary">
<doc>Click the element identified by ``locator``.</doc>
<arguments>
<arg>${arg1}</arg>
</arguments>
<msg timestamp="20200115 14:10:13.970" level="INFO">Clicking element 'xpath=//a[@title='Close']'.</msg>
<status status="PASS" starttime="20200115 14:10:13.970" endtime="20200115 14:10:14.239"></status>
</kw>
<status status="PASS" starttime="20200115 14:10:13.970" endtime="20200115 14:10:14.239"></status>
</kw>
<status status="PASS" starttime="20200115 14:10:10.946" endtime="20200115 14:10:14.239"></status>
</kw>
<kw name="${item} = 2" type="foritem">
<kw name="Focus" library="recursos">
<arguments>
<arg>xpath=(//a[@class='product-name'])[${item}]</arg>
</arguments>
<kw name="Set Focus To Element" library="SeleniumLibrary">
<doc>Sets the focus to the element identified by ``locator``.</doc>
<arguments>
<arg>${arg1}</arg>
</arguments>
<status status="PASS" starttime="20200115 14:10:14.239" endtime="20200115 14:10:14.457"></status>
</kw>
<status status="PASS" starttime="20200115 14:10:14.239" endtime="20200115 14:10:14.457"></status>
</kw>
<kw name="Get Text" library="SeleniumLibrary">
<doc>Returns the text value of the element identified by ``locator``.</doc>
<arguments>
<arg>xpath=(//a[@class='product-name'])[${item}]</arg>
</arguments>
<assign>
<var>${nomT}</var>
</assign>
<msg timestamp="20200115 14:10:14.701" level="INFO">${nomT} = Blouse</msg>
<status status="PASS" starttime="20200115 14:10:14.457" endtime="20200115 14:10:14.701"></status>
</kw>
<kw name="Log" library="BuiltIn">
<doc>Logs the given message with the given level.</doc>
<arguments>
<arg>${nomT}</arg>
</arguments>
<msg timestamp="20200115 14:10:14.701" level="INFO">Blouse</msg>
<status status="PASS" starttime="20200115 14:10:14.701" endtime="20200115 14:10:14.701"></status>
</kw>
<kw name="Click" library="recursos">
<arguments>
<arg>xpath=(//i[@class='icon-eye-open'])[${item}]</arg>
</arguments>
<kw name="Click Element" library="SeleniumLibrary">
<doc>Click the element identified by ``locator``.</doc>
<arguments>
<arg>${arg1}</arg>
</arguments>
<msg timestamp="20200115 14:10:14.702" level="INFO">Clicking element 'xpath=(//i[@class='icon-eye-open'])[2]'.</msg>
<status status="PASS" starttime="20200115 14:10:14.701" endtime="20200115 14:10:15.006"></status>
</kw>
<status status="PASS" starttime="20200115 14:10:14.701" endtime="20200115 14:10:15.006"></status>
</kw>
<kw name="Visible" library="recursos">
<arguments>
<arg>xpath=//*[@id="index"]/div[2]/div/div/div/div/iframe</arg>
</arguments>
<kw name="Wait Until Element Is Visible" library="SeleniumLibrary">
<doc>Waits until the element ``locator`` is visible.</doc>
<arguments>
<arg>${arg1}</arg>
</arguments>
<status status="PASS" starttime="20200115 14:10:15.006" endtime="20200115 14:10:16.064"></status>
</kw>
<status status="PASS" starttime="20200115 14:10:15.006" endtime="20200115 14:10:16.064"></status>
</kw>
<kw name="SF" library="recursos">
<arguments>
<arg>xpath=//*[@id="index"]/div[2]/div/div/div/div/iframe</arg>
</arguments>
<kw name="Select Frame" library="SeleniumLibrary">
<doc>Sets frame identified by ``locator`` as the current frame.</doc>
<arguments>
<arg>${arg1}</arg>
</arguments>
<msg timestamp="20200115 14:10:16.065" level="INFO">Selecting frame 'xpath=//*[@id="index"]/div[2]/div/div/div/div/iframe'.</msg>
<status status="PASS" starttime="20200115 14:10:16.065" endtime="20200115 14:10:16.325"></status>
</kw>
<status status="PASS" starttime="20200115 14:10:16.064" endtime="20200115 14:10:16.325"></status>
</kw>
<kw name="Visible" library="recursos">
<arguments>
<arg>${titulo}</arg>
</arguments>
<kw name="Wait Until Element Is Visible" library="SeleniumLibrary">
<doc>Waits until the element ``locator`` is visible.</doc>
<arguments>
<arg>${arg1}</arg>
</arguments>
<status status="PASS" starttime="20200115 14:10:16.325" endtime="20200115 14:10:16.536"></status>
</kw>
<status status="PASS" starttime="20200115 14:10:16.325" endtime="20200115 14:10:16.536"></status>
</kw>
<kw name="Log" library="BuiltIn">
<doc>Logs the given message with the given level.</doc>
<arguments>
<arg>${titulo}</arg>
</arguments>
<msg timestamp="20200115 14:10:16.536" level="INFO">xpath=//h1[contains(@itemprop,'name')]</msg>
<status status="PASS" starttime="20200115 14:10:16.536" endtime="20200115 14:10:16.536"></status>
</kw>
<kw name="Comparar" library="recursos">
<arguments>
<arg>${titulo}</arg>
<arg>${nomT}</arg>
</arguments>
<kw name="Element Text Should Be" library="SeleniumLibrary">
<doc>Verifies that element ``locator`` contains exact the text ``expected``.</doc>
<arguments>
<arg>${arg1}</arg>
<arg>${arg2}</arg>
</arguments>
<msg timestamp="20200115 14:10:16.537" level="INFO">Verifying element 'xpath=//h1[contains(@itemprop,'name')]' contains exact text 'Blouse'.</msg>
<status status="PASS" starttime="20200115 14:10:16.537" endtime="20200115 14:10:16.756"></status>
</kw>
<status status="PASS" starttime="20200115 14:10:16.536" endtime="20200115 14:10:16.756"></status>
</kw>
<kw name="USF" library="recursos">
<kw name="Unselect Frame" library="SeleniumLibrary">
<doc>Sets the main frame as the current frame.</doc>
<status status="PASS" starttime="20200115 14:10:16.756" endtime="20200115 14:10:16.860"></status>
</kw>
<status status="PASS" starttime="20200115 14:10:16.756" endtime="20200115 14:10:16.860"></status>
</kw>
<kw name="Click" library="recursos">
<arguments>
<arg>xpath=//a[@title='Close']</arg>
</arguments>
<kw name="Click Element" library="SeleniumLibrary">
<doc>Click the element identified by ``locator``.</doc>
<arguments>
<arg>${arg1}</arg>
</arguments>
<msg timestamp="20200115 14:10:16.861" level="INFO">Clicking element 'xpath=//a[@title='Close']'.</msg>
<status status="PASS" starttime="20200115 14:10:16.860" endtime="20200115 14:10:17.120"></status>
</kw>
<status status="PASS" starttime="20200115 14:10:16.860" endtime="20200115 14:10:17.120"></status>
</kw>
<status status="PASS" starttime="20200115 14:10:14.239" endtime="20200115 14:10:17.120"></status>
</kw>
<kw name="${item} = 3" type="foritem">
<kw name="Focus" library="recursos">
<arguments>
<arg>xpath=(//a[@class='product-name'])[${item}]</arg>
</arguments>
<kw name="Set Focus To Element" library="SeleniumLibrary">
<doc>Sets the focus to the element identified by ``locator``.</doc>
<arguments>
<arg>${arg1}</arg>
</arguments>
<status status="PASS" starttime="20200115 14:10:17.120" endtime="20200115 14:10:17.337"></status>
</kw>
<status status="PASS" starttime="20200115 14:10:17.120" endtime="20200115 14:10:17.337"></status>
</kw>
<kw name="Get Text" library="SeleniumLibrary">
<doc>Returns the text value of the element identified by ``locator``.</doc>
<arguments>
<arg>xpath=(//a[@class='product-name'])[${item}]</arg>
</arguments>
<assign>
<var>${nomT}</var>
</assign>
<msg timestamp="20200115 14:10:17.557" level="INFO">${nomT} = Printed Dress</msg>
<status status="PASS" starttime="20200115 14:10:17.337" endtime="20200115 14:10:17.557"></status>
</kw>
<kw name="Log" library="BuiltIn">
<doc>Logs the given message with the given level.</doc>
<arguments>
<arg>${nomT}</arg>
</arguments>
<msg timestamp="20200115 14:10:17.557" level="INFO">Printed Dress</msg>
<status status="PASS" starttime="20200115 14:10:17.557" endtime="20200115 14:10:17.557"></status>
</kw>
<kw name="Click" library="recursos">
<arguments>
<arg>xpath=(//i[@class='icon-eye-open'])[${item}]</arg>
</arguments>
<kw name="Click Element" library="SeleniumLibrary">
<doc>Click the element identified by ``locator``.</doc>
<arguments>
<arg>${arg1}</arg>
</arguments>
<msg timestamp="20200115 14:10:17.558" level="INFO">Clicking element 'xpath=(//i[@class='icon-eye-open'])[3]'.</msg>
<status status="PASS" starttime="20200115 14:10:17.558" endtime="20200115 14:10:17.837"></status>
</kw>
<status status="PASS" starttime="20200115 14:10:17.557" endtime="20200115 14:10:17.837"></status>
</kw>
<kw name="Visible" library="recursos">
<arguments>
<arg>xpath=//*[@id="index"]/div[2]/div/div/div/div/iframe</arg>
</arguments>
<kw name="Wait Until Element Is Visible" library="SeleniumLibrary">
<doc>Waits until the element ``locator`` is visible.</doc>
<arguments>
<arg>${arg1}</arg>
</arguments>
<status status="PASS" starttime="20200115 14:10:17.837" endtime="20200115 14:10:18.548"></status>
</kw>
<status status="PASS" starttime="20200115 14:10:17.837" endtime="20200115 14:10:18.548"></status>
</kw>
<kw name="SF" library="recursos">
<arguments>
<arg>xpath=//*[@id="index"]/div[2]/div/div/div/div/iframe</arg>
</arguments>
<kw name="Select Frame" library="SeleniumLibrary">
<doc>Sets frame identified by ``locator`` as the current frame.</doc>
<arguments>
<arg>${arg1}</arg>
</arguments>
<msg timestamp="20200115 14:10:18.549" level="INFO">Selecting frame 'xpath=//*[@id="index"]/div[2]/div/div/div/div/iframe'.</msg>
<status status="PASS" starttime="20200115 14:10:18.549" endtime="20200115 14:10:18.779"></status>
</kw>
<status status="PASS" starttime="20200115 14:10:18.548" endtime="20200115 14:10:18.779"></status>
</kw>
<kw name="Visible" library="recursos">
<arguments>
<arg>${titulo}</arg>
</arguments>
<kw name="Wait Until Element Is Visible" library="SeleniumLibrary">
<doc>Waits until the element ``locator`` is visible.</doc>
<arguments>
<arg>${arg1}</arg>
</arguments>
<status status="PASS" starttime="20200115 14:10:18.779" endtime="20200115 14:10:19.004"></status>
</kw>
<status status="PASS" starttime="20200115 14:10:18.779" endtime="20200115 14:10:19.004"></status>
</kw>
<kw name="Log" library="BuiltIn">
<doc>Logs the given message with the given level.</doc>
<arguments>
<arg>${titulo}</arg>
</arguments>
<msg timestamp="20200115 14:10:19.004" level="INFO">xpath=//h1[contains(@itemprop,'name')]</msg>
<status status="PASS" starttime="20200115 14:10:19.004" endtime="20200115 14:10:19.004"></status>
</kw>
<kw name="Comparar" library="recursos">
<arguments>
<arg>${titulo}</arg>
<arg>${nomT}</arg>
</arguments>
<kw name="Element Text Should Be" library="SeleniumLibrary">
<doc>Verifies that element ``locator`` contains exact the text ``expected``.</doc>
<arguments>
<arg>${arg1}</arg>
<arg>${arg2}</arg>
</arguments>
<msg timestamp="20200115 14:10:19.004" level="INFO">Verifying element 'xpath=//h1[contains(@itemprop,'name')]' contains exact text 'Printed Dress'.</msg>
<status status="PASS" starttime="20200115 14:10:19.004" endtime="20200115 14:10:19.223"></status>
</kw>
<status status="PASS" starttime="20200115 14:10:19.004" endtime="20200115 14:10:19.223"></status>
</kw>
<kw name="USF" library="recursos">
<kw name="Unselect Frame" library="SeleniumLibrary">
<doc>Sets the main frame as the current frame.</doc>
<status status="PASS" starttime="20200115 14:10:19.223" endtime="20200115 14:10:19.332"></status>
</kw>
<status status="PASS" starttime="20200115 14:10:19.223" endtime="20200115 14:10:19.332"></status>
</kw>
<kw name="Click" library="recursos">
<arguments>
<arg>xpath=//a[@title='Close']</arg>
</arguments>
<kw name="Click Element" library="SeleniumLibrary">
<doc>Click the element identified by ``locator``.</doc>
<arguments>
<arg>${arg1}</arg>
</arguments>
<msg timestamp="20200115 14:10:19.332" level="INFO">Clicking element 'xpath=//a[@title='Close']'.</msg>
<status status="PASS" starttime="20200115 14:10:19.332" endtime="20200115 14:10:19.576"></status>
</kw>
<status status="PASS" starttime="20200115 14:10:19.332" endtime="20200115 14:10:19.576"></status>
</kw>
<status status="PASS" starttime="20200115 14:10:17.120" endtime="20200115 14:10:19.576"></status>
</kw>
<kw name="${item} = 4" type="foritem">
<kw name="Focus" library="recursos">
<arguments>
<arg>xpath=(//a[@class='product-name'])[${item}]</arg>
</arguments>
<kw name="Set Focus To Element" library="SeleniumLibrary">
<doc>Sets the focus to the element identified by ``locator``.</doc>
<arguments>
<arg>${arg1}</arg>
</arguments>
<status status="PASS" starttime="20200115 14:10:19.576" endtime="20200115 14:10:19.794"></status>
</kw>
<status status="PASS" starttime="20200115 14:10:19.576" endtime="20200115 14:10:19.794"></status>
</kw>
<kw name="Get Text" library="SeleniumLibrary">
<doc>Returns the text value of the element identified by ``locator``.</doc>
<arguments>
<arg>xpath=(//a[@class='product-name'])[${item}]</arg>
</arguments>
<assign>
<var>${nomT}</var>
</assign>
<msg timestamp="20200115 14:10:20.016" level="INFO">${nomT} = Printed Dress</msg>
<status status="PASS" starttime="20200115 14:10:19.794" endtime="20200115 14:10:20.016"></status>
</kw>
<kw name="Log" library="BuiltIn">
<doc>Logs the given message with the given level.</doc>
<arguments>
<arg>${nomT}</arg>
</arguments>
<msg timestamp="20200115 14:10:20.016" level="INFO">Printed Dress</msg>
<status status="PASS" starttime="20200115 14:10:20.016" endtime="20200115 14:10:20.016"></status>
</kw>
<kw name="Click" library="recursos">
<arguments>
<arg>xpath=(//i[@class='icon-eye-open'])[${item}]</arg>
</arguments>
<kw name="Click Element" library="SeleniumLibrary">
<doc>Click the element identified by ``locator``.</doc>
<arguments>
<arg>${arg1}</arg>
</arguments>
<msg timestamp="20200115 14:10:20.017" level="INFO">Clicking element 'xpath=(//i[@class='icon-eye-open'])[4]'.</msg>
<status status="PASS" starttime="20200115 14:10:20.017" endtime="20200115 14:10:20.298"></status>
</kw>
<status status="PASS" starttime="20200115 14:10:20.016" endtime="20200115 14:10:20.298"></status>
</kw>
<kw name="Visible" library="recursos">
<arguments>
<arg>xpath=//*[@id="index"]/div[2]/div/div/div/div/iframe</arg>
</arguments>
<kw name="Wait Until Element Is Visible" library="SeleniumLibrary">
<doc>Waits until the element ``locator`` is visible.</doc>
<arguments>
<arg>${arg1}</arg>
</arguments>
<status status="PASS" starttime="20200115 14:10:20.298" endtime="20200115 14:10:21.363"></status>
</kw>
<status status="PASS" starttime="20200115 14:10:20.298" endtime="20200115 14:10:21.363"></status>
</kw>
<kw name="SF" library="recursos">
<arguments>
<arg>xpath=//*[@id="index"]/div[2]/div/div/div/div/iframe</arg>
</arguments>
<kw name="Select Frame" library="SeleniumLibrary">
<doc>Sets frame identified by ``locator`` as the current frame.</doc>
<arguments>
<arg>${arg1}</arg>
</arguments>
<msg timestamp="20200115 14:10:21.363" level="INFO">Selecting frame 'xpath=//*[@id="index"]/div[2]/div/div/div/div/iframe'.</msg>
<status status="PASS" starttime="20200115 14:10:21.363" endtime="20200115 14:10:21.605"></status>
</kw>
<status status="PASS" starttime="20200115 14:10:21.363" endtime="20200115 14:10:21.605"></status>
</kw>
<kw name="Visible" library="recursos">
<arguments>
<arg>${titulo}</arg>
</arguments>
<kw name="Wait Until Element Is Visible" library="SeleniumLibrary">
<doc>Waits until the element ``locator`` is visible.</doc>
<arguments>
<arg>${arg1}</arg>
</arguments>
<status status="PASS" starttime="20200115 14:10:21.605" endtime="20200115 14:10:21.824"></status>
</kw>
<status status="PASS" starttime="20200115 14:10:21.605" endtime="20200115 14:10:21.824"></status>
</kw>
<kw name="Log" library="BuiltIn">
<doc>Logs the given message with the given level.</doc>
<arguments>
<arg>${titulo}</arg>
</arguments>
<msg timestamp="20200115 14:10:21.824" level="INFO">xpath=//h1[contains(@itemprop,'name')]</msg>
<status status="PASS" starttime="20200115 14:10:21.824" endtime="20200115 14:10:21.824"></status>
</kw>
<kw name="Comparar" library="recursos">
<arguments>
<arg>${titulo}</arg>
<arg>${nomT}</arg>
</arguments>
<kw name="Element Text Should Be" library="SeleniumLibrary">
<doc>Verifies that element ``locator`` contains exact the text ``expected``.</doc>
<arguments>
<arg>${arg1}</arg>
<arg>${arg2}</arg>
</arguments>
<msg timestamp="20200115 14:10:21.824" level="INFO">Verifying element 'xpath=//h1[contains(@itemprop,'name')]' contains exact text 'Printed Dress'.</msg>
<status status="PASS" starttime="20200115 14:10:21.824" endtime="20200115 14:10:22.037"></status>
</kw>
<status status="PASS" starttime="20200115 14:10:21.824" endtime="20200115 14:10:22.037"></status>
</kw>
<kw name="USF" library="recursos">
<kw name="Unselect Frame" library="SeleniumLibrary">
<doc>Sets the main frame as the current frame.</doc>
<status status="PASS" starttime="20200115 14:10:22.037" endtime="20200115 14:10:22.147"></status>
</kw>
<status status="PASS" starttime="20200115 14:10:22.037" endtime="20200115 14:10:22.147"></status>
</kw>
<kw name="Click" library="recursos">
<arguments>
<arg>xpath=//a[@title='Close']</arg>
</arguments>
<kw name="Click Element" library="SeleniumLibrary">
<doc>Click the element identified by ``locator``.</doc>
<arguments>
<arg>${arg1}</arg>
</arguments>
<msg timestamp="20200115 14:10:22.147" level="INFO">Clicking element 'xpath=//a[@title='Close']'.</msg>
<status status="PASS" starttime="20200115 14:10:22.147" endtime="20200115 14:10:22.396"></status>
</kw>
<status status="PASS" starttime="20200115 14:10:22.147" endtime="20200115 14:10:22.396"></status>
</kw>
<status status="PASS" starttime="20200115 14:10:19.576" endtime="20200115 14:10:22.396"></status>
</kw>
<kw name="${item} = 5" type="foritem">
<kw name="Focus" library="recursos">
<arguments>
<arg>xpath=(//a[@class='product-name'])[${item}]</arg>
</arguments>
<kw name="Set Focus To Element" library="SeleniumLibrary">
<doc>Sets the focus to the element identified by ``locator``.</doc>
<arguments>
<arg>${arg1}</arg>
</arguments>
<status status="PASS" starttime="20200115 14:10:22.397" endtime="20200115 14:10:22.616"></status>
</kw>
<status status="PASS" starttime="20200115 14:10:22.396" endtime="20200115 14:10:22.616"></status>
</kw>
<kw name="Get Text" library="SeleniumLibrary">
<doc>Returns the text value of the element identified by ``locator``.</doc>
<arguments>
<arg>xpath=(//a[@class='product-name'])[${item}]</arg>
</arguments>
<assign>
<var>${nomT}</var>
</assign>
<msg timestamp="20200115 14:10:22.836" level="INFO">${nomT} = Printed Summer Dress</msg>
<status status="PASS" starttime="20200115 14:10:22.616" endtime="20200115 14:10:22.836"></status>
</kw>
<kw name="Log" library="BuiltIn">
<doc>Logs the given message with the given level.</doc>
<arguments>
<arg>${nomT}</arg>
</arguments>
<msg timestamp="20200115 14:10:22.836" level="INFO">Printed Summer Dress</msg>
<status status="PASS" starttime="20200115 14:10:22.836" endtime="20200115 14:10:22.836"></status>
</kw>
<kw name="Click" library="recursos">
<arguments>
<arg>xpath=(//i[@class='icon-eye-open'])[${item}]</arg>
</arguments>
<kw name="Click Element" library="SeleniumLibrary">
<doc>Click the element identified by ``locator``.</doc>
<arguments>
<arg>${arg1}</arg>
</arguments>
<msg timestamp="20200115 14:10:22.837" level="INFO">Clicking element 'xpath=(//i[@class='icon-eye-open'])[5]'.</msg>
<status status="PASS" starttime="20200115 14:10:22.836" endtime="20200115 14:10:23.124"></status>
</kw>
<status status="PASS" starttime="20200115 14:10:22.836" endtime="20200115 14:10:23.124"></status>
</kw>
<kw name="Visible" library="recursos">
<arguments>
<arg>xpath=//*[@id="index"]/div[2]/div/div/div/div/iframe</arg>
</arguments>
<kw name="Wait Until Element Is Visible" library="SeleniumLibrary">
<doc>Waits until the element ``locator`` is visible.</doc>
<arguments>
<arg>${arg1}</arg>
</arguments>
<status status="PASS" starttime="20200115 14:10:23.124" endtime="20200115 14:10:24.176"></status>
</kw>
<status status="PASS" starttime="20200115 14:10:23.124" endtime="20200115 14:10:24.176"></status>
</kw>
<kw name="SF" library="recursos">
<arguments>
<arg>xpath=//*[@id="index"]/div[2]/div/div/div/div/iframe</arg>
</arguments>
<kw name="Select Frame" library="SeleniumLibrary">
<doc>Sets frame identified by ``locator`` as the current frame.</doc>
<arguments>
<arg>${arg1}</arg>
</arguments>
<msg timestamp="20200115 14:10:24.177" level="INFO">Selecting frame 'xpath=//*[@id="index"]/div[2]/div/div/div/div/iframe'.</msg>
<status status="PASS" starttime="20200115 14:10:24.176" endtime="20200115 14:10:24.433"></status>
</kw>
<status status="PASS" starttime="20200115 14:10:24.176" endtime="20200115 14:10:24.433"></status>
</kw>
<kw name="Visible" library="recursos">
<arguments>
<arg>${titulo}</arg>
</arguments>
<kw name="Wait Until Element Is Visible" library="SeleniumLibrary">
<doc>Waits until the element ``locator`` is visible.</doc>
<arguments>
<arg>${arg1}</arg>
</arguments>
<status status="PASS" starttime="20200115 14:10:24.433" endtime="20200115 14:10:24.661"></status>
</kw>
<status status="PASS" starttime="20200115 14:10:24.433" endtime="20200115 14:10:24.661"></status>
</kw>
<kw name="Log" library="BuiltIn">
<doc>Logs the given message with the given level.</doc>
<arguments>
<arg>${titulo}</arg>
</arguments>
<msg timestamp="20200115 14:10:24.661" level="INFO">xpath=//h1[contains(@itemprop,'name')]</msg>
<status status="PASS" starttime="20200115 14:10:24.661" endtime="20200115 14:10:24.661"></status>
</kw>
<kw name="Comparar" library="recursos">
<arguments>
<arg>${titulo}</arg>
<arg>${nomT}</arg>
</arguments>
<kw name="Element Text Should Be" library="SeleniumLibrary">
<doc>Verifies that element ``locator`` contains exact the text ``expected``.</doc>
<arguments>
<arg>${arg1}</arg>
<arg>${arg2}</arg>
</arguments>
<msg timestamp="20200115 14:10:24.661" level="INFO">Verifying element 'xpath=//h1[contains(@itemprop,'name')]' contains exact text 'Printed Summer Dress'.</msg>
<status status="PASS" starttime="20200115 14:10:24.661" endtime="20200115 14:10:24.874"></status>
</kw>
<status status="PASS" starttime="20200115 14:10:24.661" endtime="20200115 14:10:24.874"></status>
</kw>
<kw name="USF" library="recursos">
<kw name="Unselect Frame" library="SeleniumLibrary">
<doc>Sets the main frame as the current frame.</doc>
<status status="PASS" starttime="20200115 14:10:24.874" endtime="20200115 14:10:24.984"></status>
</kw>
<status status="PASS" starttime="20200115 14:10:24.874" endtime="20200115 14:10:24.984"></status>
</kw>
<kw name="Click" library="recursos">
<arguments>
<arg>xpath=//a[@title='Close']</arg>
</arguments>
<kw name="Click Element" library="SeleniumLibrary">
<doc>Click the element identified by ``locator``.</doc>
<arguments>
<arg>${arg1}</arg>
</arguments>
<msg timestamp="20200115 14:10:24.984" level="INFO">Clicking element 'xpath=//a[@title='Close']'.</msg>
<status status="PASS" starttime="20200115 14:10:24.984" endtime="20200115 14:10:25.234"></status>
</kw>
<status status="PASS" starttime="20200115 14:10:24.984" endtime="20200115 14:10:25.234"></status>
</kw>
<status status="PASS" starttime="20200115 14:10:22.396" endtime="20200115 14:10:25.234"></status>
</kw>
<kw name="${item} = 6" type="foritem">
<kw name="Focus" library="recursos">
<arguments>
<arg>xpath=(//a[@class='product-name'])[${item}]</arg>
</arguments>
<kw name="Set Focus To Element" library="SeleniumLibrary">
<doc>Sets the focus to the element identified by ``locator``.</doc>
<arguments>
<arg>${arg1}</arg>
</arguments>
<status status="PASS" starttime="20200115 14:10:25.234" endtime="20200115 14:10:25.452"></status>
</kw>
<status status="PASS" starttime="20200115 14:10:25.234" endtime="20200115 14:10:25.452"></status>
</kw>
<kw name="Get Text" library="SeleniumLibrary">
<doc>Returns the text value of the element identified by ``locator``.</doc>
<arguments>
<arg>xpath=(//a[@class='product-name'])[${item}]</arg>
</arguments>
<assign>
<var>${nomT}</var>
</assign>
<msg timestamp="20200115 14:10:25.675" level="INFO">${nomT} = Printed Summer Dress</msg>
<status status="PASS" starttime="20200115 14:10:25.452" endtime="20200115 14:10:25.675"></status>
</kw>
<kw name="Log" library="BuiltIn">
<doc>Logs the given message with the given level.</doc>
<arguments>
<arg>${nomT}</arg>
</arguments>
<msg timestamp="20200115 14:10:25.675" level="INFO">Printed Summer Dress</msg>
<status status="PASS" starttime="20200115 14:10:25.675" endtime="20200115 14:10:25.675"></status>
</kw>
<kw name="Click" library="recursos">
<arguments>
<arg>xpath=(//i[@class='icon-eye-open'])[${item}]</arg>
</arguments>
<kw name="Click Element" library="SeleniumLibrary">
<doc>Click the element identified by ``locator``.</doc>
<arguments>
<arg>${arg1}</arg>
</arguments>
<msg timestamp="20200115 14:10:25.676" level="INFO">Clicking element 'xpath=(//i[@class='icon-eye-open'])[6]'.</msg>
<status status="PASS" starttime="20200115 14:10:25.676" endtime="20200115 14:10:26.006"></status>
</kw>
<status status="PASS" starttime="20200115 14:10:25.675" endtime="20200115 14:10:26.006"></status>
</kw>
<kw name="Visible" library="recursos">
<arguments>
<arg>xpath=//*[@id="index"]/div[2]/div/div/div/div/iframe</arg>
</arguments>
<kw name="Wait Until Element Is Visible" library="SeleniumLibrary">
<doc>Waits until the element ``locator`` is visible.</doc>
<arguments>
<arg>${arg1}</arg>
</arguments>
<status status="PASS" starttime="20200115 14:10:26.007" endtime="20200115 14:10:27.127"></status>
</kw>
<status status="PASS" starttime="20200115 14:10:26.007" endtime="20200115 14:10:27.127"></status>
</kw>
<kw name="SF" library="recursos">
<arguments>
<arg>xpath=//*[@id="index"]/div[2]/div/div/div/div/iframe</arg>
</arguments>
<kw name="Select Frame" library="SeleniumLibrary">
<doc>Sets frame identified by ``locator`` as the current frame.</doc>
<arguments>
<arg>${arg1}</arg>
</arguments>
<msg timestamp="20200115 14:10:27.128" level="INFO">Selecting frame 'xpath=//*[@id="index"]/div[2]/div/div/div/div/iframe'.</msg>
<status status="PASS" starttime="20200115 14:10:27.127" endtime="20200115 14:10:27.381"></status>
</kw>
<status status="PASS" starttime="20200115 14:10:27.127" endtime="20200115 14:10:27.381"></status>
</kw>
<kw name="Visible" library="recursos">
<arguments>
<arg>${titulo}</arg>
</arguments>
<kw name="Wait Until Element Is Visible" library="SeleniumLibrary">
<doc>Waits until the element ``locator`` is visible.</doc>
<arguments>
<arg>${arg1}</arg>
</arguments>
<status status="PASS" starttime="20200115 14:10:27.381" endtime="20200115 14:10:27.631"></status>
</kw>
<status status="PASS" starttime="20200115 14:10:27.381" endtime="20200115 14:10:27.631"></status>
</kw>
<kw name="Log" library="BuiltIn">
<doc>Logs the given message with the given level.</doc>
<arguments>
<arg>${titulo}</arg>
</arguments>
<msg timestamp="20200115 14:10:27.631" level="INFO">xpath=//h1[contains(@itemprop,'name')]</msg>
<status status="PASS" starttime="20200115 14:10:27.631" endtime="20200115 14:10:27.631"></status>
</kw>
<kw name="Comparar" library="recursos">
<arguments>
<arg>${titulo}</arg>
<arg>${nomT}</arg>
</arguments>
<kw name="Element Text Should Be" library="SeleniumLibrary">
<doc>Verifies that element ``locator`` contains exact the text ``expected``.</doc>
<arguments>
<arg>${arg1}</arg>
<arg>${arg2}</arg>
</arguments>
<msg timestamp="20200115 14:10:27.631" level="INFO">Verifying element 'xpath=//h1[contains(@itemprop,'name')]' contains exact text 'Printed Summer Dress'.</msg>
<status status="PASS" starttime="20200115 14:10:27.631" endtime="20200115 14:10:27.850"></status>
</kw>
<status status="PASS" starttime="20200115 14:10:27.631" endtime="20200115 14:10:27.850"></status>
</kw>
<kw name="USF" library="recursos">
<kw name="Unselect Frame" library="SeleniumLibrary">
<doc>Sets the main frame as the current frame.</doc>
<status status="PASS" starttime="20200115 14:10:27.850" endtime="20200115 14:10:27.959"></status>
</kw>
<status status="PASS" starttime="20200115 14:10:27.850" endtime="20200115 14:10:27.959"></status>
</kw>
<kw name="Click" library="recursos">
<arguments>
<arg>xpath=//a[@title='Close']</arg>
</arguments>
<kw name="Click Element" library="SeleniumLibrary">
<doc>Click the element identified by ``locator``.</doc>
<arguments>
<arg>${arg1}</arg>
</arguments>
<msg timestamp="20200115 14:10:27.959" level="INFO">Clicking element 'xpath=//a[@title='Close']'.</msg>
<status status="PASS" starttime="20200115 14:10:27.959" endtime="20200115 14:10:28.207"></status>
</kw>
<status status="PASS" starttime="20200115 14:10:27.959" endtime="20200115 14:10:28.207"></status>
</kw>
<status status="PASS" starttime="20200115 14:10:25.234" endtime="20200115 14:10:28.207"></status>
</kw>
<kw name="${item} = 7" type="foritem">
<kw name="Focus" library="recursos">
<arguments>
<arg>xpath=(//a[@class='product-name'])[${item}]</arg>
</arguments>
<kw name="Set Focus To Element" library="SeleniumLibrary">
<doc>Sets the focus to the element identified by ``locator``.</doc>
<arguments>
<arg>${arg1}</arg>
</arguments>
<status status="PASS" starttime="20200115 14:10:28.207" endtime="20200115 14:10:28.422"></status>
</kw>
<status status="PASS" starttime="20200115 14:10:28.207" endtime="20200115 14:10:28.422"></status>
</kw>
<kw name="Get Text" library="SeleniumLibrary">
<doc>Returns the text value of the element identified by ``locator``.</doc>
<arguments>
<arg>xpath=(//a[@class='product-name'])[${item}]</arg>
</arguments>
<assign>
<var>${nomT}</var>
</assign>
<msg timestamp="20200115 14:10:28.644" level="INFO">${nomT} = Printed Chiffon Dress</msg>
<status status="PASS" starttime="20200115 14:10:28.422" endtime="20200115 14:10:28.644"></status>
</kw>
<kw name="Log" library="BuiltIn">
<doc>Logs the given message with the given level.</doc>
<arguments>
<arg>${nomT}</arg>
</arguments>
<msg timestamp="20200115 14:10:28.644" level="INFO">Printed Chiffon Dress</msg>
<status status="PASS" starttime="20200115 14:10:28.644" endtime="20200115 14:10:28.644"></status>
</kw>
<kw name="Click" library="recursos">
<arguments>
<arg>xpath=(//i[@class='icon-eye-open'])[${item}]</arg>
</arguments>
<kw name="Click Element" library="SeleniumLibrary">
<doc>Click the element identified by ``locator``.</doc>
<arguments>
<arg>${arg1}</arg>
</arguments>
<msg timestamp="20200115 14:10:28.645" level="INFO">Clicking element 'xpath=(//i[@class='icon-eye-open'])[7]'.</msg>
<status status="PASS" starttime="20200115 14:10:28.645" endtime="20200115 14:10:28.937"></status>
</kw>
<status status="PASS" starttime="20200115 14:10:28.644" endtime="20200115 14:10:28.937"></status>
</kw>
<kw name="Visible" library="recursos">
<arguments>
<arg>xpath=//*[@id="index"]/div[2]/div/div/div/div/iframe</arg>
</arguments>
<kw name="Wait Until Element Is Visible" library="SeleniumLibrary">
<doc>Waits until the element ``locator`` is visible.</doc>
<arguments>
<arg>${arg1}</arg>
</arguments>
<status status="PASS" starttime="20200115 14:10:28.937" endtime="20200115 14:10:29.996"></status>
</kw>
<status status="PASS" starttime="20200115 14:10:28.937" endtime="20200115 14:10:29.996"></status>
</kw>
<kw name="SF" library="recursos">
<arguments>
<arg>xpath=//*[@id="index"]/div[2]/div/div/div/div/iframe</arg>
</arguments>
<kw name="Select Frame" library="SeleniumLibrary">
<doc>Sets frame identified by ``locator`` as the current frame.</doc>
<arguments>
<arg>${arg1}</arg>
</arguments>
<msg timestamp="20200115 14:10:29.997" level="INFO">Selecting frame 'xpath=//*[@id="index"]/div[2]/div/div/div/div/iframe'.</msg>
<status status="PASS" starttime="20200115 14:10:29.997" endtime="20200115 14:10:30.255"></status>
</kw>
<status status="PASS" starttime="20200115 14:10:29.996" endtime="20200115 14:10:30.255"></status>
</kw>
<kw name="Visible" library="recursos">
<arguments>
<arg>${titulo}</arg>
</arguments>
<kw name="Wait Until Element Is Visible" library="SeleniumLibrary">
<doc>Waits until the element ``locator`` is visible.</doc>
<arguments>
<arg>${arg1}</arg>
</arguments>
<status status="PASS" starttime="20200115 14:10:30.255" endtime="20200115 14:10:30.475"></status>
</kw>
<status status="PASS" starttime="20200115 14:10:30.255" endtime="20200115 14:10:30.475"></status>
</kw>
<kw name="Log" library="BuiltIn">
<doc>Logs the given message with the given level.</doc>
<arguments>
<arg>${titulo}</arg>
</arguments>
<msg timestamp="20200115 14:10:30.475" level="INFO">xpath=//h1[contains(@itemprop,'name')]</msg>
<status status="PASS" starttime="20200115 14:10:30.475" endtime="20200115 14:10:30.475"></status>
</kw>
<kw name="Comparar" library="recursos">
<arguments>
<arg>${titulo}</arg>
<arg>${nomT}</arg>
</arguments>
<kw name="Element Text Should Be" library="SeleniumLibrary">
<doc>Verifies that element ``locator`` contains exact the text ``expected``.</doc>
<arguments>
<arg>${arg1}</arg>
<arg>${arg2}</arg>
</arguments>
<msg timestamp="20200115 14:10:30.475" level="INFO">Verifying element 'xpath=//h1[contains(@itemprop,'name')]' contains exact text 'Printed Chiffon Dress'.</msg>
<status status="PASS" starttime="20200115 14:10:30.475" endtime="20200115 14:10:30.694"></status>
</kw>
<status status="PASS" starttime="20200115 14:10:30.475" endtime="20200115 14:10:30.694"></status>
</kw>
<kw name="USF" library="recursos">
<kw name="Unselect Frame" library="SeleniumLibrary">
<doc>Sets the main frame as the current frame.</doc>
<status status="PASS" starttime="20200115 14:10:30.694" endtime="20200115 14:10:30.804"></status>
</kw>
<status status="PASS" starttime="20200115 14:10:30.694" endtime="20200115 14:10:30.804"></status>
</kw>
<kw name="Click" library="recursos">
<arguments>
<arg>xpath=//a[@title='Close']</arg>
</arguments>
<kw name="Click Element" library="SeleniumLibrary">
<doc>Click the element identified by ``locator``.</doc>
<arguments>
<arg>${arg1}</arg>
</arguments>
<msg timestamp="20200115 14:10:30.804" level="INFO">Clicking element 'xpath=//a[@title='Close']'.</msg>
<status status="PASS" starttime="20200115 14:10:30.804" endtime="20200115 14:10:31.050"></status>
</kw>
<status status="PASS" starttime="20200115 14:10:30.804" endtime="20200115 14:10:31.050"></status>
</kw>
<status status="PASS" starttime="20200115 14:10:28.207" endtime="20200115 14:10:31.050"></status>
</kw>
<status status="PASS" starttime="20200115 14:10:10.946" endtime="20200115 14:10:31.050"></status>
</kw>
<kw name="Cerrar" library="recursos">
<kw name="Close Browser" library="SeleniumLibrary">
<doc>Closes the current browser.</doc>
<status status="PASS" starttime="20200115 14:10:31.051" endtime="20200115 14:10:33.223"></status>
</kw>
<status status="PASS" starttime="20200115 14:10:31.050" endtime="20200115 14:10:33.223"></status>
</kw>
<status status="PASS" starttime="20200115 14:10:02.337" endtime="20200115 14:10:33.223" critical="yes"></status>
</test>
<test id="s1-t2" name="002 Prueba dos de la sección del dos">
<kw name="Abrir navegador" library="recursos">
<kw name="Open Browser" library="SeleniumLibrary">
<doc>Opens a new browser instance to the optional ``url``.</doc>
<arguments>
<arg>${url}</arg>
<arg>${navegador}</arg>
</arguments>
<msg timestamp="20200115 14:10:33.223" level="INFO">Opening browser 'chrome' to base url 'http://automationpractice.com/index.php'.</msg>
<status status="PASS" starttime="20200115 14:10:33.223" endtime="20200115 14:10:37.990"></status>
</kw>
<kw name="Wait Until Element Is Visible" library="SeleniumLibrary">
<doc>Waits until the element ``locator`` is visible.</doc>
<arguments>
<arg>xpath=//img[contains(@class,'logo img-responsive')]</arg>
</arguments>
<status status="PASS" starttime="20200115 14:10:37.991" endtime="20200115 14:10:38.232"></status>
</kw>
<status status="PASS" starttime="20200115 14:10:33.223" endtime="20200115 14:10:38.232"></status>
</kw>
<kw name="Focus" library="recursos">
<arguments>
<arg>xpath=(//a[@data-toggle='tab'])[1]</arg>
</arguments>
<kw name="Set Focus To Element" library="SeleniumLibrary">
<doc>Sets the focus to the element identified by ``locator``.</doc>
<arguments>
<arg>${arg1}</arg>
</arguments>
<status status="PASS" starttime="20200115 14:10:38.233" endtime="20200115 14:10:38.460"></status>
</kw>
<status status="PASS" starttime="20200115 14:10:38.233" endtime="20200115 14:10:38.460"></status>
</kw>
<kw name="Tiempo" library="recursos">
<arguments>
<arg>.8</arg>
</arguments>
<kw name="Set Selenium Speed" library="SeleniumLibrary">
<doc>Sets the delay that is waited after each Selenium command.</doc>
<arguments>
<arg>${arg1} seconds</arg>
</arguments>
<status status="PASS" starttime="20200115 14:10:38.463" endtime="20200115 14:10:38.464"></status>
</kw>
<status status="PASS" starttime="20200115 14:10:38.462" endtime="20200115 14:10:38.464"></status>
</kw>
<kw name="Ventana" library="recursos">
<arguments>
<arg>1800</arg>
<arg>1000</arg>
</arguments>
<kw name="Set Window Size" library="SeleniumLibrary">
<doc>Sets current windows size to given ``width`` and ``height``.</doc>
<arguments>
<arg>${arg1}</arg>
<arg>${arg2}</arg>
</arguments>
<status status="PASS" starttime="20200115 14:10:38.466" endtime="20200115 14:10:40.423"></status>
</kw>
<status status="PASS" starttime="20200115 14:10:38.465" endtime="20200115 14:10:40.423"></status>
</kw>
<kw name="Ventana" library="recursos">
<arguments>
<arg>1300</arg>
<arg>1000</arg>
</arguments>
<kw name="Set Window Size" library="SeleniumLibrary">
<doc>Sets current windows size to given ``width`` and ``height``.</doc>
<arguments>
<arg>${arg1}</arg>
<arg>${arg2}</arg>
</arguments>
<status status="PASS" starttime="20200115 14:10:40.424" endtime="20200115 14:10:41.346"></status>
</kw>
<status status="PASS" starttime="20200115 14:10:40.424" endtime="20200115 14:10:41.346"></status>
</kw>
<kw name="Tiempo" library="recursos">
<arguments>
<arg>.1</arg>
</arguments>
<kw name="Set Selenium Speed" library="SeleniumLibrary">
<doc>Sets the delay that is waited after each Selenium command.</doc>
<arguments>
<arg>${arg1} seconds</arg>
</arguments>
<status status="PASS" starttime="20200115 14:10:41.346" endtime="20200115 14:10:41.346"></status>
</kw>
<status status="PASS" starttime="20200115 14:10:41.346" endtime="20200115 14:10:41.346"></status>
</kw>
<kw name="${item} IN [ @{items} ]" type="for">
<kw name="${item} = 1" type="foritem">
<kw name="Focus" library="recursos">
<arguments>
<arg>xpath=(//a[@class='product-name'])[${item}]</arg>
</arguments>
<kw name="Set Focus To Element" library="SeleniumLibrary">
<doc>Sets the focus to the element identified by ``locator``.</doc>
<arguments>
<arg>${arg1}</arg>
</arguments>
<status status="PASS" starttime="20200115 14:10:41.346" endtime="20200115 14:10:41.569"></status>
</kw>
<status status="PASS" starttime="20200115 14:10:41.346" endtime="20200115 14:10:41.569"></status>
</kw>
<kw name="Get Text" library="SeleniumLibrary">
<doc>Returns the text value of the element identified by ``locator``.</doc>
<arguments>
<arg>xpath=(//a[@class='product-name'])[${item}]</arg>
</arguments>
<assign>
<var>${nomT}</var>
</assign>
<msg timestamp="20200115 14:10:41.789" level="INFO">${nomT} = Faded Short Sleeve T-shirts</msg>
<status status="PASS" starttime="20200115 14:10:41.569" endtime="20200115 14:10:41.789"></status>
</kw>
<kw name="Log" library="BuiltIn">
<doc>Logs the given message with the given level.</doc>
<arguments>
<arg>${nomT}</arg>
</arguments>
<msg timestamp="20200115 14:10:41.789" level="INFO">Faded Short Sleeve T-shirts</msg>
<status status="PASS" starttime="20200115 14:10:41.789" endtime="20200115 14:10:41.789"></status>
</kw>
<kw name="MO" library="recursos">
<arguments>
<arg>xpath=(//img[@width='250'])[${item}]</arg>
</arguments>
<kw name="Mouse Over" library="SeleniumLibrary">
<doc>Simulates hovering the mouse over the element ``locator``.</doc>
<arguments>
<arg>${arg1}</arg>
</arguments>
<msg timestamp="20200115 14:10:41.789" level="INFO">Simulating Mouse Over on element 'xpath=(//img[@width='250'])[1]'.</msg>
<status status="PASS" starttime="20200115 14:10:41.789" endtime="20200115 14:10:42.528"></status>
</kw>
<status status="PASS" starttime="20200115 14:10:41.789" endtime="20200115 14:10:42.528"></status>
</kw>
<kw name="Click" library="recursos">
<arguments>
<arg>xpath=(//span[contains(.,'Quick view')])[${item}]</arg>
</arguments>
<kw name="Click Element" library="SeleniumLibrary">
<doc>Click the element identified by ``locator``.</doc>
<arguments>
<arg>${arg1}</arg>
</arguments>
<msg timestamp="20200115 14:10:42.528" level="INFO">Clicking element 'xpath=(//span[contains(.,'Quick view')])[1]'.</msg>
<status status="PASS" starttime="20200115 14:10:42.528" endtime="20200115 14:10:42.821"></status>
</kw>
<status status="PASS" starttime="20200115 14:10:42.528" endtime="20200115 14:10:42.821"></status>
</kw>
<kw name="Visible" library="recursos">
<arguments>
<arg>xpath=//*[@id="index"]/div[2]/div/div/div/div/iframe</arg>
</arguments>
<kw name="Wait Until Element Is Visible" library="SeleniumLibrary">
<doc>Waits until the element ``locator`` is visible.</doc>
<arguments>
<arg>${arg1}</arg>
</arguments>
<status status="PASS" starttime="20200115 14:10:42.821" endtime="20200115 14:10:44.725"></status>
</kw>
<status status="PASS" starttime="20200115 14:10:42.821" endtime="20200115 14:10:44.725"></status>
</kw>
<kw name="SF" library="recursos">
<arguments>
<arg>xpath=//*[@id="index"]/div[2]/div/div/div/div/iframe</arg>
</arguments>
<kw name="Select Frame" library="SeleniumLibrary">
<doc>Sets frame identified by ``locator`` as the current frame.</doc>
<arguments>
<arg>${arg1}</arg>
</arguments>
<msg timestamp="20200115 14:10:44.726" level="INFO">Selecting frame 'xpath=//*[@id="index"]/div[2]/div/div/div/div/iframe'.</msg>
<status status="PASS" starttime="20200115 14:10:44.725" endtime="20200115 14:10:44.961"></status>
</kw>
<status status="PASS" starttime="20200115 14:10:44.725" endtime="20200115 14:10:44.961"></status>
</kw>
<kw name="Visible" library="recursos">
<arguments>
<arg>${titulo}</arg>
</arguments>
<kw name="Wait Until Element Is Visible" library="SeleniumLibrary">
<doc>Waits until the element ``locator`` is visible.</doc>
<arguments>
<arg>${arg1}</arg>
</arguments>
<status status="PASS" starttime="20200115 14:10:44.961" endtime="20200115 14:10:45.185"></status>
</kw>
<status status="PASS" starttime="20200115 14:10:44.961" endtime="20200115 14:10:45.185"></status>
</kw>
<kw name="Log" library="BuiltIn">
<doc>Logs the given message with the given level.</doc>
<arguments>
<arg>${titulo}</arg>
</arguments>
<msg timestamp="20200115 14:10:45.185" level="INFO">xpath=//h1[contains(@itemprop,'name')]</msg>
<status status="PASS" starttime="20200115 14:10:45.185" endtime="20200115 14:10:45.185"></status>
</kw>
<kw name="Comparar" library="recursos">
<arguments>
<arg>${titulo}</arg>
<arg>${nomT}</arg>
</arguments>
<kw name="Element Text Should Be" library="SeleniumLibrary">
<doc>Verifies that element ``locator`` contains exact the text ``expected``.</doc>
<arguments>
<arg>${arg1}</arg>
<arg>${arg2}</arg>
</arguments>
<msg timestamp="20200115 14:10:45.185" level="INFO">Verifying element 'xpath=//h1[contains(@itemprop,'name')]' contains exact text 'Faded Short Sleeve T-shirts'.</msg>
<status status="PASS" starttime="20200115 14:10:45.185" endtime="20200115 14:10:45.404"></status>
</kw>
<status status="PASS" starttime="20200115 14:10:45.185" endtime="20200115 14:10:45.404"></status>
</kw>
<kw name="USF" library="recursos">
<kw name="Unselect Frame" library="SeleniumLibrary">
<doc>Sets the main frame as the current frame.</doc>
<status status="PASS" starttime="20200115 14:10:45.404" endtime="20200115 14:10:45.513"></status>
</kw>
<status status="PASS" starttime="20200115 14:10:45.404" endtime="20200115 14:10:45.513"></status>
</kw>
<kw name="Click" library="recursos">
<arguments>
<arg>xpath=//a[@title='Close']</arg>
</arguments>
<kw name="Click Element" library="SeleniumLibrary">
<doc>Click the element identified by ``locator``.</doc>
<arguments>
<arg>${arg1}</arg>
</arguments>
<msg timestamp="20200115 14:10:45.513" level="INFO">Clicking element 'xpath=//a[@title='Close']'.</msg>
<status status="PASS" starttime="20200115 14:10:45.513" endtime="20200115 14:10:45.761"></status>
</kw>
<status status="PASS" starttime="20200115 14:10:45.513" endtime="20200115 14:10:45.761"></status>
</kw>
<status status="PASS" starttime="20200115 14:10:41.346" endtime="20200115 14:10:45.761"></status>
</kw>
<kw name="${item} = 2" type="foritem">
<kw name="Focus" library="recursos">
<arguments>
<arg>xpath=(//a[@class='product-name'])[${item}]</arg>
</arguments>
<kw name="Set Focus To Element" library="SeleniumLibrary">
<doc>Sets the focus to the element identified by ``locator``.</doc>
<arguments>
<arg>${arg1}</arg>
</arguments>
<status status="PASS" starttime="20200115 14:10:45.761" endtime="20200115 14:10:45.979"></status>
</kw>
<status status="PASS" starttime="20200115 14:10:45.761" endtime="20200115 14:10:45.979"></status>
</kw>
<kw name="Get Text" library="SeleniumLibrary">
<doc>Returns the text value of the element identified by ``locator``.</doc>
<arguments>
<arg>xpath=(//a[@class='product-name'])[${item}]</arg>
</arguments>
<assign>
<var>${nomT}</var>
</assign>
<msg timestamp="20200115 14:10:46.213" level="INFO">${nomT} = Blouse</msg>
<status status="PASS" starttime="20200115 14:10:45.979" endtime="20200115 14:10:46.213"></status>
</kw>
<kw name="Log" library="BuiltIn">
<doc>Logs the given message with the given level.</doc>
<arguments>
<arg>${nomT}</arg>
</arguments>
<msg timestamp="20200115 14:10:46.213" level="INFO">Blouse</msg>
<status status="PASS" starttime="20200115 14:10:46.213" endtime="20200115 14:10:46.213"></status>
</kw>
<kw name="MO" library="recursos">
<arguments>
<arg>xpath=(//img[@width='250'])[${item}]</arg>
</arguments>
<kw name="Mouse Over" library="SeleniumLibrary">
<doc>Simulates hovering the mouse over the element ``locator``.</doc>
<arguments>
<arg>${arg1}</arg>
</arguments>
<msg timestamp="20200115 14:10:46.213" level="INFO">Simulating Mouse Over on element 'xpath=(//img[@width='250'])[2]'.</msg>
<status status="PASS" starttime="20200115 14:10:46.213" endtime="20200115 14:10:46.944"></status>
</kw>
<status status="PASS" starttime="20200115 14:10:46.213" endtime="20200115 14:10:46.944"></status>
</kw>
<kw name="Click" library="recursos">
<arguments>
<arg>xpath=(//span[contains(.,'Quick view')])[${item}]</arg>
</arguments>
<kw name="Click Element" library="SeleniumLibrary">
<doc>Click the element identified by ``locator``.</doc>
<arguments>
<arg>${arg1}</arg>
</arguments>
<msg timestamp="20200115 14:10:46.944" level="INFO">Clicking element 'xpath=(//span[contains(.,'Quick view')])[2]'.</msg>
<status status="PASS" starttime="20200115 14:10:46.944" endtime="20200115 14:10:47.228"></status>
</kw>
<status status="PASS" starttime="20200115 14:10:46.944" endtime="20200115 14:10:47.228"></status>
</kw>
<kw name="Visible" library="recursos">
<arguments>
<arg>xpath=//*[@id="index"]/div[2]/div/div/div/div/iframe</arg>
</arguments>
<kw name="Wait Until Element Is Visible" library="SeleniumLibrary">
<doc>Waits until the element ``locator`` is visible.</doc>
<arguments>
<arg>${arg1}</arg>
</arguments>
<status status="PASS" starttime="20200115 14:10:47.228" endtime="20200115 14:10:48.306"></status>
</kw>
<status status="PASS" starttime="20200115 14:10:47.228" endtime="20200115 14:10:48.306"></status>
</kw>
<kw name="SF" library="recursos">
<arguments>
<arg>xpath=//*[@id="index"]/div[2]/div/div/div/div/iframe</arg>
</arguments>
<kw name="Select Frame" library="SeleniumLibrary">
<doc>Sets frame identified by ``locator`` as the current frame.</doc>
<arguments>
<arg>${arg1}</arg>
</arguments>
<msg timestamp="20200115 14:10:48.306" level="INFO">Selecting frame 'xpath=//*[@id="index"]/div[2]/div/div/div/div/iframe'.</msg>
<status status="PASS" starttime="20200115 14:10:48.306" endtime="20200115 14:10:48.532"></status>
</kw>
<status status="PASS" starttime="20200115 14:10:48.306" endtime="20200115 14:10:48.532"></status>
</kw>
<kw name="Visible" library="recursos">
<arguments>
<arg>${titulo}</arg>
</arguments>
<kw name="Wait Until Element Is Visible" library="SeleniumLibrary">
<doc>Waits until the element ``locator`` is visible.</doc>
<arguments>
<arg>${arg1}</arg>
</arguments>
<status status="PASS" starttime="20200115 14:10:48.532" endtime="20200115 14:10:48.751"></status>
</kw>
<status status="PASS" starttime="20200115 14:10:48.532" endtime="20200115 14:10:48.751"></status>
</kw>
<kw name="Log" library="BuiltIn">
<doc>Logs the given message with the given level.</doc>
<arguments>
<arg>${titulo}</arg>
</arguments>
<msg timestamp="20200115 14:10:48.751" level="INFO">xpath=//h1[contains(@itemprop,'name')]</msg>
<status status="PASS" starttime="20200115 14:10:48.751" endtime="20200115 14:10:48.751"></status>
</kw>
<kw name="Comparar" library="recursos">
<arguments>
<arg>${titulo}</arg>
<arg>${nomT}</arg>
</arguments>
<kw name="Element Text Should Be" library="SeleniumLibrary">
<doc>Verifies that element ``locator`` contains exact the text ``expected``.</doc>
<arguments>
<arg>${arg1}</arg>
<arg>${arg2}</arg>
</arguments>
<msg timestamp="20200115 14:10:48.751" level="INFO">Verifying element 'xpath=//h1[contains(@itemprop,'name')]' contains exact text 'Blouse'.</msg>
<status status="PASS" starttime="20200115 14:10:48.751" endtime="20200115 14:10:48.969"></status>
</kw>
<status status="PASS" starttime="20200115 14:10:48.751" endtime="20200115 14:10:48.969"></status>
</kw>
<kw name="USF" library="recursos">
<kw name="Unselect Frame" library="SeleniumLibrary">
<doc>Sets the main frame as the current frame.</doc>
<status status="PASS" starttime="20200115 14:10:48.969" endtime="20200115 14:10:49.079"></status>
</kw>
<status status="PASS" starttime="20200115 14:10:48.969" endtime="20200115 14:10:49.079"></status>
</kw>
<kw name="Click" library="recursos">
<arguments>
<arg>xpath=//a[@title='Close']</arg>
</arguments>
<kw name="Click Element" library="SeleniumLibrary">
<doc>Click the element identified by ``locator``.</doc>
<arguments>
<arg>${arg1}</arg>
</arguments>
<msg timestamp="20200115 14:10:49.079" level="INFO">Clicking element 'xpath=//a[@title='Close']'.</msg>
<status status="PASS" starttime="20200115 14:10:49.079" endtime="20200115 14:10:49.325"></status>
</kw>
<status status="PASS" starttime="20200115 14:10:49.079" endtime="20200115 14:10:49.325"></status>
</kw>
<status status="PASS" starttime="20200115 14:10:45.761" endtime="20200115 14:10:49.325"></status>
</kw>
<kw name="${item} = 3" type="foritem">
<kw name="Focus" library="recursos">
<arguments>
<arg>xpath=(//a[@class='product-name'])[${item}]</arg>
</arguments>
<kw name="Set Focus To Element" library="SeleniumLibrary">
<doc>Sets the focus to the element identified by ``locator``.</doc>
<arguments>
<arg>${arg1}</arg>
</arguments>
<status status="PASS" starttime="20200115 14:10:49.325" endtime="20200115 14:10:49.543"></status>
</kw>
<status status="PASS" starttime="20200115 14:10:49.325" endtime="20200115 14:10:49.543"></status>
</kw>
<kw name="Get Text" library="SeleniumLibrary">
<doc>Returns the text value of the element identified by ``locator``.</doc>
<arguments>
<arg>xpath=(//a[@class='product-name'])[${item}]</arg>
</arguments>
<assign>
<var>${nomT}</var>
</assign>
<msg timestamp="20200115 14:10:49.766" level="INFO">${nomT} = Printed Dress</msg>
<status status="PASS" starttime="20200115 14:10:49.543" endtime="20200115 14:10:49.766"></status>
</kw>
<kw name="Log" library="BuiltIn">
<doc>Logs the given message with the given level.</doc>
<arguments>
<arg>${nomT}</arg>
</arguments>
<msg timestamp="20200115 14:10:49.766" level="INFO">Printed Dress</msg>
<status status="PASS" starttime="20200115 14:10:49.766" endtime="20200115 14:10:49.766"></status>
</kw>
<kw name="MO" library="recursos">
<arguments>
<arg>xpath=(//img[@width='250'])[${item}]</arg>
</arguments>
<kw name="Mouse Over" library="SeleniumLibrary">
<doc>Simulates hovering the mouse over the element ``locator``.</doc>
<arguments>
<arg>${arg1}</arg>
</arguments>
<msg timestamp="20200115 14:10:49.767" level="INFO">Simulating Mouse Over on element 'xpath=(//img[@width='250'])[3]'.</msg>
<status status="PASS" starttime="20200115 14:10:49.767" endtime="20200115 14:10:50.503"></status>
</kw>
<status status="PASS" starttime="20200115 14:10:49.766" endtime="20200115 14:10:50.503"></status>
</kw>
<kw name="Click" library="recursos">
<arguments>
<arg>xpath=(//span[contains(.,'Quick view')])[${item}]</arg>
</arguments>
<kw name="Click Element" library="SeleniumLibrary">
<doc>Click the element identified by ``locator``.</doc>
<arguments>
<arg>${arg1}</arg>
</arguments>
<msg timestamp="20200115 14:10:50.503" level="INFO">Clicking element 'xpath=(//span[contains(.,'Quick view')])[3]'.</msg>
<status status="PASS" starttime="20200115 14:10:50.503" endtime="20200115 14:10:50.806"></status>
</kw>
<status status="PASS" starttime="20200115 14:10:50.503" endtime="20200115 14:10:50.806"></status>
</kw>
<kw name="Visible" library="recursos">
<arguments>
<arg>xpath=//*[@id="index"]/div[2]/div/div/div/div/iframe</arg>
</arguments>
<kw name="Wait Until Element Is Visible" library="SeleniumLibrary">
<doc>Waits until the element ``locator`` is visible.</doc>
<arguments>
<arg>${arg1}</arg>
</arguments>
<status status="PASS" starttime="20200115 14:10:50.807" endtime="20200115 14:10:51.877"></status>
</kw>
<status status="PASS" starttime="20200115 14:10:50.807" endtime="20200115 14:10:51.877"></status>
</kw>
<kw name="SF" library="recursos">
<arguments>
<arg>xpath=//*[@id="index"]/div[2]/div/div/div/div/iframe</arg>
</arguments>
<kw name="Select Frame" library="SeleniumLibrary">
<doc>Sets frame identified by ``locator`` as the current frame.</doc>
<arguments>
<arg>${arg1}</arg>
</arguments>
<msg timestamp="20200115 14:10:51.877" level="INFO">Selecting frame 'xpath=//*[@id="index"]/div[2]/div/div/div/div/iframe'.</msg>
<status status="PASS" starttime="20200115 14:10:51.877" endtime="20200115 14:10:52.116"></status>
</kw>
<status status="PASS" starttime="20200115 14:10:51.877" endtime="20200115 14:10:52.116"></status>
</kw>
<kw name="Visible" library="recursos">
<arguments>
<arg>${titulo}</arg>
</arguments>
<kw name="Wait Until Element Is Visible" library="SeleniumLibrary">
<doc>Waits until the element ``locator`` is visible.</doc>
<arguments>
<arg>${arg1}</arg>
</arguments>
<status status="PASS" starttime="20200115 14:10:52.116" endtime="20200115 14:10:52.345"></status>
</kw>
<status status="PASS" starttime="20200115 14:10:52.116" endtime="20200115 14:10:52.345"></status>
</kw>
<kw name="Log" library="BuiltIn">
<doc>Logs the given message with the given level.</doc>
<arguments>
<arg>${titulo}</arg>
</arguments>
<msg timestamp="20200115 14:10:52.345" level="INFO">xpath=//h1[contains(@itemprop,'name')]</msg>
<status status="PASS" starttime="20200115 14:10:52.345" endtime="20200115 14:10:52.345"></status>
</kw>
<kw name="Comparar" library="recursos">
<arguments>
<arg>${titulo}</arg>
<arg>${nomT}</arg>
</arguments>
<kw name="Element Text Should Be" library="SeleniumLibrary">
<doc>Verifies that element ``locator`` contains exact the text ``expected``.</doc>
<arguments>
<arg>${arg1}</arg>
<arg>${arg2}</arg>
</arguments>
<msg timestamp="20200115 14:10:52.345" level="INFO">Verifying element 'xpath=//h1[contains(@itemprop,'name')]' contains exact text 'Printed Dress'.</msg>
<status status="PASS" starttime="20200115 14:10:52.345" endtime="20200115 14:10:52.567"></status>
</kw>
<status status="PASS" starttime="20200115 14:10:52.345" endtime="20200115 14:10:52.567"></status>
</kw>
<kw name="USF" library="recursos">
<kw name="Unselect Frame" library="SeleniumLibrary">
<doc>Sets the main frame as the current frame.</doc>
<status status="PASS" starttime="20200115 14:10:52.567" endtime="20200115 14:10:52.670"></status>
</kw>
<status status="PASS" starttime="20200115 14:10:52.567" endtime="20200115 14:10:52.670"></status>
</kw>
<kw name="Click" library="recursos">
<arguments>
<arg>xpath=//a[@title='Close']</arg>
</arguments>
<kw name="Click Element" library="SeleniumLibrary">
<doc>Click the element identified by ``locator``.</doc>
<arguments>
<arg>${arg1}</arg>
</arguments>
<msg timestamp="20200115 14:10:52.670" level="INFO">Clicking element 'xpath=//a[@title='Close']'.</msg>
<status status="PASS" starttime="20200115 14:10:52.670" endtime="20200115 14:10:52.918"></status>
</kw>
<status status="PASS" starttime="20200115 14:10:52.670" endtime="20200115 14:10:52.918"></status>
</kw>
<status status="PASS" starttime="20200115 14:10:49.325" endtime="20200115 14:10:52.918"></status>
</kw>
<kw name="${item} = 4" type="foritem">
<kw name="Focus" library="recursos">
<arguments>
<arg>xpath=(//a[@class='product-name'])[${item}]</arg>
</arguments>
<kw name="Set Focus To Element" library="SeleniumLibrary">
<doc>Sets the focus to the element identified by ``locator``.</doc>
<arguments>
<arg>${arg1}</arg>
</arguments>
<status status="PASS" starttime="20200115 14:10:52.918" endtime="20200115 14:10:53.135"></status>
</kw>
<status status="PASS" starttime="20200115 14:10:52.918" endtime="20200115 14:10:53.135"></status>
</kw>
<kw name="Get Text" library="SeleniumLibrary">
<doc>Returns the text value of the element identified by ``locator``.</doc>
<arguments>
<arg>xpath=(//a[@class='product-name'])[${item}]</arg>
</arguments>
<assign>
<var>${nomT}</var>
</assign>
<msg timestamp="20200115 14:10:53.355" level="INFO">${nomT} = Printed Dress</msg>
<status status="PASS" starttime="20200115 14:10:53.135" endtime="20200115 14:10:53.355"></status>
</kw>
<kw name="Log" library="BuiltIn">
<doc>Logs the given message with the given level.</doc>
<arguments>
<arg>${nomT}</arg>
</arguments>
<msg timestamp="20200115 14:10:53.355" level="INFO">Printed Dress</msg>
<status status="PASS" starttime="20200115 14:10:53.355" endtime="20200115 14:10:53.355"></status>
</kw>
<kw name="MO" library="recursos">
<arguments>
<arg>xpath=(//img[@width='250'])[${item}]</arg>
</arguments>
<kw name="Mouse Over" library="SeleniumLibrary">
<doc>Simulates hovering the mouse over the element ``locator``.</doc>
<arguments>
<arg>${arg1}</arg>
</arguments>
<msg timestamp="20200115 14:10:53.356" level="INFO">Simulating Mouse Over on element 'xpath=(//img[@width='250'])[4]'.</msg>
<status status="PASS" starttime="20200115 14:10:53.356" endtime="20200115 14:10:54.111"></status>
</kw>
<status status="PASS" starttime="20200115 14:10:53.355" endtime="20200115 14:10:54.111"></status>
</kw>
<kw name="Click" library="recursos">
<arguments>
<arg>xpath=(//span[contains(.,'Quick view')])[${item}]</arg>
</arguments>
<kw name="Click Element" library="SeleniumLibrary">
<doc>Click the element identified by ``locator``.</doc>
<arguments>
<arg>${arg1}</arg>
</arguments>
<msg timestamp="20200115 14:10:54.111" level="INFO">Clicking element 'xpath=(//span[contains(.,'Quick view')])[4]'.</msg>
<status status="PASS" starttime="20200115 14:10:54.111" endtime="20200115 14:10:54.389"></status>
</kw>
<status status="PASS" starttime="20200115 14:10:54.111" endtime="20200115 14:10:54.389"></status>
</kw>
<kw name="Visible" library="recursos">
<arguments>
<arg>xpath=//*[@id="index"]/div[2]/div/div/div/div/iframe</arg>
</arguments>
<kw name="Wait Until Element Is Visible" library="SeleniumLibrary">
<doc>Waits until the element ``locator`` is visible.</doc>
<arguments>
<arg>${arg1}</arg>
</arguments>
<status status="PASS" starttime="20200115 14:10:54.389" endtime="20200115 14:10:55.870"></status>
</kw>
<status status="PASS" starttime="20200115 14:10:54.389" endtime="20200115 14:10:55.870"></status>
</kw>
<kw name="SF" library="recursos">
<arguments>
<arg>xpath=//*[@id="index"]/div[2]/div/div/div/div/iframe</arg>
</arguments>
<kw name="Select Frame" library="SeleniumLibrary">
<doc>Sets frame identified by ``locator`` as the current frame.</doc>
<arguments>
<arg>${arg1}</arg>
</arguments>
<msg timestamp="20200115 14:10:55.870" level="INFO">Selecting frame 'xpath=//*[@id="index"]/div[2]/div/div/div/div/iframe'.</msg>
<status status="PASS" starttime="20200115 14:10:55.870" endtime="20200115 14:10:56.113"></status>
</kw>
<status status="PASS" starttime="20200115 14:10:55.870" endtime="20200115 14:10:56.113"></status>
</kw>
<kw name="Visible" library="recursos">
<arguments>
<arg>${titulo}</arg>
</arguments>
<kw name="Wait Until Element Is Visible" library="SeleniumLibrary">
<doc>Waits until the element ``locator`` is visible.</doc>
<arguments>
<arg>${arg1}</arg>
</arguments>
<status status="PASS" starttime="20200115 14:10:56.113" endtime="20200115 14:10:56.322"></status>
</kw>
<status status="PASS" starttime="20200115 14:10:56.113" endtime="20200115 14:10:56.322"></status>
</kw>
<kw name="Log" library="BuiltIn">
<doc>Logs the given message with the given level.</doc>
<arguments>
<arg>${titulo}</arg>
</arguments>
<msg timestamp="20200115 14:10:56.322" level="INFO">xpath=//h1[contains(@itemprop,'name')]</msg>
<status status="PASS" starttime="20200115 14:10:56.322" endtime="20200115 14:10:56.322"></status>
</kw>
<kw name="Comparar" library="recursos">
<arguments>
<arg>${titulo}</arg>
<arg>${nomT}</arg>
</arguments>
<kw name="Element Text Should Be" library="SeleniumLibrary">
<doc>Verifies that element ``locator`` contains exact the text ``expected``.</doc>
<arguments>
<arg>${arg1}</arg>
<arg>${arg2}</arg>
</arguments>
<msg timestamp="20200115 14:10:56.323" level="INFO">Verifying element 'xpath=//h1[contains(@itemprop,'name')]' contains exact text 'Printed Dress'.</msg>
<status status="PASS" starttime="20200115 14:10:56.323" endtime="20200115 14:10:56.545"></status>
</kw>
<status status="PASS" starttime="20200115 14:10:56.322" endtime="20200115 14:10:56.545"></status>
</kw>
<kw name="USF" library="recursos">
<kw name="Unselect Frame" library="SeleniumLibrary">
<doc>Sets the main frame as the current frame.</doc>
<status status="PASS" starttime="20200115 14:10:56.545" endtime="20200115 14:10:56.649"></status>
</kw>
<status status="PASS" starttime="20200115 14:10:56.545" endtime="20200115 14:10:56.649"></status>
</kw>
<kw name="Click" library="recursos">
<arguments>
<arg>xpath=//a[@title='Close']</arg>
</arguments>
<kw name="Click Element" library="SeleniumLibrary">
<doc>Click the element identified by ``locator``.</doc>
<arguments>
<arg>${arg1}</arg>
</arguments>
<msg timestamp="20200115 14:10:56.649" level="INFO">Clicking element 'xpath=//a[@title='Close']'.</msg>
<status status="PASS" starttime="20200115 14:10:56.649" endtime="20200115 14:10:56.893"></status>
</kw>
<status status="PASS" starttime="20200115 14:10:56.649" endtime="20200115 14:10:56.893"></status>
</kw>
<status status="PASS" starttime="20200115 14:10:52.918" endtime="20200115 14:10:56.893"></status>
</kw>
<kw name="${item} = 5" type="foritem">
<kw name="Focus" library="recursos">
<arguments>
<arg>xpath=(//a[@class='product-name'])[${item}]</arg>
</arguments>
<kw name="Set Focus To Element" library="SeleniumLibrary">
<doc>Sets the focus to the element identified by ``locator``.</doc>
<arguments>
<arg>${arg1}</arg>
</arguments>
<status status="PASS" starttime="20200115 14:10:56.893" endtime="20200115 14:10:57.110"></status>
</kw>
<status status="PASS" starttime="20200115 14:10:56.893" endtime="20200115 14:10:57.110"></status>
</kw>
<kw name="Get Text" library="SeleniumLibrary">
<doc>Returns the text value of the element identified by ``locator``.</doc>
<arguments>
<arg>xpath=(//a[@class='product-name'])[${item}]</arg>
</arguments>
<assign>
<var>${nomT}</var>
</assign>
<msg timestamp="20200115 14:10:57.344" level="INFO">${nomT} = Printed Summer Dress</msg>
<status status="PASS" starttime="20200115 14:10:57.110" endtime="20200115 14:10:57.344"></status>
</kw>
<kw name="Log" library="BuiltIn">
<doc>Logs the given message with the given level.</doc>
<arguments>
<arg>${nomT}</arg>
</arguments>
<msg timestamp="20200115 14:10:57.344" level="INFO">Printed Summer Dress</msg>
<status status="PASS" starttime="20200115 14:10:57.344" endtime="20200115 14:10:57.344"></status>
</kw>
<kw name="MO" library="recursos">
<arguments>
<arg>xpath=(//img[@width='250'])[${item}]</arg>
</arguments>
<kw name="Mouse Over" library="SeleniumLibrary">
<doc>Simulates hovering the mouse over the element ``locator``.</doc>
<arguments>
<arg>${arg1}</arg>
</arguments>
<msg timestamp="20200115 14:10:57.344" level="INFO">Simulating Mouse Over on element 'xpath=(//img[@width='250'])[5]'.</msg>
<status status="PASS" starttime="20200115 14:10:57.344" endtime="20200115 14:10:58.087"></status>
</kw>
<status status="PASS" starttime="20200115 14:10:57.344" endtime="20200115 14:10:58.087"></status>
</kw>
<kw name="Click" library="recursos">
<arguments>
<arg>xpath=(//span[contains(.,'Quick view')])[${item}]</arg>
</arguments>
<kw name="Click Element" library="SeleniumLibrary">
<doc>Click the element identified by ``locator``.</doc>
<arguments>
<arg>${arg1}</arg>
</arguments>
<msg timestamp="20200115 14:10:58.087" level="INFO">Clicking element 'xpath=(//span[contains(.,'Quick view')])[5]'.</msg>
<status status="PASS" starttime="20200115 14:10:58.087" endtime="20200115 14:10:58.379"></status>
</kw>
<status status="PASS" starttime="20200115 14:10:58.087" endtime="20200115 14:10:58.379"></status>
</kw>
<kw name="Visible" library="recursos">
<arguments>
<arg>xpath=//*[@id="index"]/div[2]/div/div/div/div/iframe</arg>
</arguments>
<kw name="Wait Until Element Is Visible" library="SeleniumLibrary">
<doc>Waits until the element ``locator`` is visible.</doc>
<arguments>
<arg>${arg1}</arg>
</arguments>
<status status="PASS" starttime="20200115 14:10:58.379" endtime="20200115 14:10:59.888"></status>
</kw>
<status status="PASS" starttime="20200115 14:10:58.379" endtime="20200115 14:10:59.888"></status>
</kw>
<kw name="SF" library="recursos">
<arguments>
<arg>xpath=//*[@id="index"]/div[2]/div/div/div/div/iframe</arg>
</arguments>
<kw name="Select Frame" library="SeleniumLibrary">
<doc>Sets frame identified by ``locator`` as the current frame.</doc>
<arguments>
<arg>${arg1}</arg>
</arguments>
<msg timestamp="20200115 14:10:59.888" level="INFO">Selecting frame 'xpath=//*[@id="index"]/div[2]/div/div/div/div/iframe'.</msg>
<status status="PASS" starttime="20200115 14:10:59.888" endtime="20200115 14:11:00.131"></status>
</kw>
<status status="PASS" starttime="20200115 14:10:59.888" endtime="20200115 14:11:00.131"></status>
</kw>
<kw name="Visible" library="recursos">
<arguments>
<arg>${titulo}</arg>
</arguments>
<kw name="Wait Until Element Is Visible" library="SeleniumLibrary">
<doc>Waits until the element ``locator`` is visible.</doc>
<arguments>
<arg>${arg1}</arg>
</arguments>
<status status="PASS" starttime="20200115 14:11:00.131" endtime="20200115 14:11:00.357"></status>
</kw>
<status status="PASS" starttime="20200115 14:11:00.131" endtime="20200115 14:11:00.357"></status>
</kw>
<kw name="Log" library="BuiltIn">
<doc>Logs the given message with the given level.</doc>
<arguments>
<arg>${titulo}</arg>
</arguments>
<msg timestamp="20200115 14:11:00.357" level="INFO">xpath=//h1[contains(@itemprop,'name')]</msg>
<status status="PASS" starttime="20200115 14:11:00.357" endtime="20200115 14:11:00.357"></status>
</kw>
<kw name="Comparar" library="recursos">
<arguments>
<arg>${titulo}</arg>
<arg>${nomT}</arg>
</arguments>
<kw name="Element Text Should Be" library="SeleniumLibrary">
<doc>Verifies that element ``locator`` contains exact the text ``expected``.</doc>
<arguments>
<arg>${arg1}</arg>
<arg>${arg2}</arg>
</arguments>
<msg timestamp="20200115 14:11:00.357" level="INFO">Verifying element 'xpath=//h1[contains(@itemprop,'name')]' contains exact text 'Printed Summer Dress'.</msg>
<status status="PASS" starttime="20200115 14:11:00.357" endtime="20200115 14:11:00.571"></status>
</kw>
<status status="PASS" starttime="20200115 14:11:00.357" endtime="20200115 14:11:00.571"></status>
</kw>
<kw name="USF" library="recursos">
<kw name="Unselect Frame" library="SeleniumLibrary">
<doc>Sets the main frame as the current frame.</doc>
<status status="PASS" starttime="20200115 14:11:00.571" endtime="20200115 14:11:00.680"></status>
</kw>
<status status="PASS" starttime="20200115 14:11:00.571" endtime="20200115 14:11:00.680"></status>
</kw>
<kw name="Click" library="recursos">
<arguments>
<arg>xpath=//a[@title='Close']</arg>
</arguments>
<kw name="Click Element" library="SeleniumLibrary">
<doc>Click the element identified by ``locator``.</doc>
<arguments>
<arg>${arg1}</arg>
</arguments>
<msg timestamp="20200115 14:11:00.680" level="INFO">Clicking element 'xpath=//a[@title='Close']'.</msg>
<status status="PASS" starttime="20200115 14:11:00.680" endtime="20200115 14:11:00.926"></status>
</kw>
<status status="PASS" starttime="20200115 14:11:00.680" endtime="20200115 14:11:00.926"></status>
</kw>
<status status="PASS" starttime="20200115 14:10:56.893" endtime="20200115 14:11:00.926"></status>
</kw>
<kw name="${item} = 6" type="foritem">
<kw name="Focus" library="recursos">
<arguments>
<arg>xpath=(//a[@class='product-name'])[${item}]</arg>
</arguments>
<kw name="Set Focus To Element" library="SeleniumLibrary">
<doc>Sets the focus to the element identified by ``locator``.</doc>
<arguments>
<arg>${arg1}</arg>
</arguments>
<status status="PASS" starttime="20200115 14:11:00.926" endtime="20200115 14:11:01.145"></status>
</kw>
<status status="PASS" starttime="20200115 14:11:00.926" endtime="20200115 14:11:01.146"></status>
</kw>
<kw name="Get Text" library="SeleniumLibrary">
<doc>Returns the text value of the element identified by ``locator``.</doc>
<arguments>
<arg>xpath=(//a[@class='product-name'])[${item}]</arg>
</arguments>
<assign>
<var>${nomT}</var>
</assign>
<msg timestamp="20200115 14:11:01.370" level="INFO">${nomT} = Printed Summer Dress</msg>
<status status="PASS" starttime="20200115 14:11:01.147" endtime="20200115 14:11:01.370"></status>
</kw>
<kw name="Log" library="BuiltIn">
<doc>Logs the given message with the given level.</doc>
<arguments>
<arg>${nomT}</arg>
</arguments>
<msg timestamp="20200115 14:11:01.370" level="INFO">Printed Summer Dress</msg>
<status status="PASS" starttime="20200115 14:11:01.370" endtime="20200115 14:11:01.370"></status>
</kw>
<kw name="MO" library="recursos">
<arguments>
<arg>xpath=(//img[@width='250'])[${item}]</arg>
</arguments>
<kw name="Mouse Over" library="SeleniumLibrary">
<doc>Simulates hovering the mouse over the element ``locator``.</doc>
<arguments>
<arg>${arg1}</arg>
</arguments>
<msg timestamp="20200115 14:11:01.371" level="INFO">Simulating Mouse Over on element 'xpath=(//img[@width='250'])[6]'.</msg>
<status status="PASS" starttime="20200115 14:11:01.371" endtime="20200115 14:11:02.113"></status>
</kw>
<status status="PASS" starttime="20200115 14:11:01.370" endtime="20200115 14:11:02.113"></status>
</kw>
<kw name="Click" library="recursos">
<arguments>
<arg>xpath=(//span[contains(.,'Quick view')])[${item}]</arg>
</arguments>
<kw name="Click Element" library="SeleniumLibrary">
<doc>Click the element identified by ``locator``.</doc>
<arguments>
<arg>${arg1}</arg>
</arguments>
<msg timestamp="20200115 14:11:02.113" level="INFO">Clicking element 'xpath=(//span[contains(.,'Quick view')])[6]'.</msg>
<status status="PASS" starttime="20200115 14:11:02.113" endtime="20200115 14:11:02.425"></status>
</kw>
<status status="PASS" starttime="20200115 14:11:02.113" endtime="20200115 14:11:02.425"></status>
</kw>
<kw name="Visible" library="recursos">
<arguments>
<arg>xpath=//*[@id="index"]/div[2]/div/div/div/div/iframe</arg>
</arguments>
<kw name="Wait Until Element Is Visible" library="SeleniumLibrary">
<doc>Waits until the element ``locator`` is visible.</doc>
<arguments>
<arg>${arg1}</arg>
</arguments>
<status status="PASS" starttime="20200115 14:11:02.427" endtime="20200115 14:11:03.500"></status>
</kw>
<status status="PASS" starttime="20200115 14:11:02.426" endtime="20200115 14:11:03.500"></status>
</kw>
<kw name="SF" library="recursos">
<arguments>
<arg>xpath=//*[@id="index"]/div[2]/div/div/div/div/iframe</arg>
</arguments>
<kw name="Select Frame" library="SeleniumLibrary">
<doc>Sets frame identified by ``locator`` as the current frame.</doc>
<arguments>
<arg>${arg1}</arg>
</arguments>
<msg timestamp="20200115 14:11:03.500" level="INFO">Selecting frame 'xpath=//*[@id="index"]/div[2]/div/div/div/div/iframe'.</msg>
<status status="PASS" starttime="20200115 14:11:03.500" endtime="20200115 14:11:03.726"></status>
</kw>
<status status="PASS" starttime="20200115 14:11:03.500" endtime="20200115 14:11:03.726"></status>
</kw>
<kw name="Visible" library="recursos">
<arguments>
<arg>${titulo}</arg>
</arguments>
<kw name="Wait Until Element Is Visible" library="SeleniumLibrary">
<doc>Waits until the element ``locator`` is visible.</doc>
<arguments>
<arg>${arg1}</arg>
</arguments>
<status status="PASS" starttime="20200115 14:11:03.726" endtime="20200115 14:11:03.956"></status>
</kw>
<status status="PASS" starttime="20200115 14:11:03.726" endtime="20200115 14:11:03.956"></status>
</kw>
<kw name="Log" library="BuiltIn">
<doc>Logs the given message with the given level.</doc>
<arguments>
<arg>${titulo}</arg>
</arguments>
<msg timestamp="20200115 14:11:03.956" level="INFO">xpath=//h1[contains(@itemprop,'name')]</msg>
<status status="PASS" starttime="20200115 14:11:03.956" endtime="20200115 14:11:03.956"></status>
</kw>
<kw name="Comparar" library="recursos">
<arguments>
<arg>${titulo}</arg>
<arg>${nomT}</arg>
</arguments>
<kw name="Element Text Should Be" library="SeleniumLibrary">
<doc>Verifies that element ``locator`` contains exact the text ``expected``.</doc>
<arguments>
<arg>${arg1}</arg>
<arg>${arg2}</arg>
</arguments>
<msg timestamp="20200115 14:11:03.956" level="INFO">Verifying element 'xpath=//h1[contains(@itemprop,'name')]' contains exact text 'Printed Summer Dress'.</msg>
<status status="PASS" starttime="20200115 14:11:03.956" endtime="20200115 14:11:04.175"></status>
</kw>
<status status="PASS" starttime="20200115 14:11:03.956" endtime="20200115 14:11:04.175"></status>
</kw>
<kw name="USF" library="recursos">
<kw name="Unselect Frame" library="SeleniumLibrary">
<doc>Sets the main frame as the current frame.</doc>
<status status="PASS" starttime="20200115 14:11:04.175" endtime="20200115 14:11:04.285"></status>
</kw>
<status status="PASS" starttime="20200115 14:11:04.175" endtime="20200115 14:11:04.285"></status>
</kw>
<kw name="Click" library="recursos">
<arguments>
<arg>xpath=//a[@title='Close']</arg>
</arguments>
<kw name="Click Element" library="SeleniumLibrary">
<doc>Click the element identified by ``locator``.</doc>
<arguments>
<arg>${arg1}</arg>
</arguments>
<msg timestamp="20200115 14:11:04.285" level="INFO">Clicking element 'xpath=//a[@title='Close']'.</msg>
<status status="PASS" starttime="20200115 14:11:04.285" endtime="20200115 14:11:04.536"></status>
</kw>
<status status="PASS" starttime="20200115 14:11:04.285" endtime="20200115 14:11:04.536"></status>
</kw>
<status status="PASS" starttime="20200115 14:11:00.926" endtime="20200115 14:11:04.536"></status>
</kw>
<kw name="${item} = 7" type="foritem">
<kw name="Focus" library="recursos">
<arguments>
<arg>xpath=(//a[@class='product-name'])[${item}]</arg>
</arguments>
<kw name="Set Focus To Element" library="SeleniumLibrary">
<doc>Sets the focus to the element identified by ``locator``.</doc>
<arguments>
<arg>${arg1}</arg>
</arguments>
<status status="PASS" starttime="20200115 14:11:04.537" endtime="20200115 14:11:04.755"></status>
</kw>
<status status="PASS" starttime="20200115 14:11:04.537" endtime="20200115 14:11:04.755"></status>
</kw>
<kw name="Get Text" library="SeleniumLibrary">
<doc>Returns the text value of the element identified by ``locator``.</doc>
<arguments>
<arg>xpath=(//a[@class='product-name'])[${item}]</arg>
</arguments>
<assign>
<var>${nomT}</var>
</assign>
<msg timestamp="20200115 14:11:04.976" level="INFO">${nomT} = Printed Chiffon Dress</msg>
<status status="PASS" starttime="20200115 14:11:04.755" endtime="20200115 14:11:04.976"></status>
</kw>
<kw name="Log" library="BuiltIn">
<doc>Logs the given message with the given level.</doc>
<arguments>
<arg>${nomT}</arg>
</arguments>
<msg timestamp="20200115 14:11:04.976" level="INFO">Printed Chiffon Dress</msg>
<status status="PASS" starttime="20200115 14:11:04.976" endtime="20200115 14:11:04.976"></status>
</kw>
<kw name="MO" library="recursos">
<arguments>
<arg>xpath=(//img[@width='250'])[${item}]</arg>
</arguments>
<kw name="Mouse Over" library="SeleniumLibrary">
<doc>Simulates hovering the mouse over the element ``locator``.</doc>
<arguments>
<arg>${arg1}</arg>
</arguments>
<msg timestamp="20200115 14:11:04.977" level="INFO">Simulating Mouse Over on element 'xpath=(//img[@width='250'])[7]'.</msg>
<status status="PASS" starttime="20200115 14:11:04.977" endtime="20200115 14:11:05.728"></status>
</kw>
<status status="PASS" starttime="20200115 14:11:04.976" endtime="20200115 14:11:05.728"></status>
</kw>
<kw name="Click" library="recursos">
<arguments>
<arg>xpath=(//span[contains(.,'Quick view')])[${item}]</arg>
</arguments>
<kw name="Click Element" library="SeleniumLibrary">
<doc>Click the element identified by ``locator``.</doc>
<arguments>
<arg>${arg1}</arg>
</arguments>
<msg timestamp="20200115 14:11:05.728" level="INFO">Clicking element 'xpath=(//span[contains(.,'Quick view')])[7]'.</msg>
<status status="PASS" starttime="20200115 14:11:05.728" endtime="20200115 14:11:06.006"></status>
</kw>
<status status="PASS" starttime="20200115 14:11:05.728" endtime="20200115 14:11:06.006"></status>
</kw>
<kw name="Visible" library="recursos">
<arguments>
<arg>xpath=//*[@id="index"]/div[2]/div/div/div/div/iframe</arg>
</arguments>
<kw name="Wait Until Element Is Visible" library="SeleniumLibrary">
<doc>Waits until the element ``locator`` is visible.</doc>
<arguments>
<arg>${arg1}</arg>
</arguments>
<status status="PASS" starttime="20200115 14:11:06.006" endtime="20200115 14:11:07.067"></status>
</kw>
<status status="PASS" starttime="20200115 14:11:06.006" endtime="20200115 14:11:07.067"></status>
</kw>
<kw name="SF" library="recursos">
<arguments>
<arg>xpath=//*[@id="index"]/div[2]/div/div/div/div/iframe</arg>
</arguments>
<kw name="Select Frame" library="SeleniumLibrary">
<doc>Sets frame identified by ``locator`` as the current frame.</doc>
<arguments>
<arg>${arg1}</arg>
</arguments>
<msg timestamp="20200115 14:11:07.068" level="INFO">Selecting frame 'xpath=//*[@id="index"]/div[2]/div/div/div/div/iframe'.</msg>
<status status="PASS" starttime="20200115 14:11:07.067" endtime="20200115 14:11:07.312"></status>
</kw>
<status status="PASS" starttime="20200115 14:11:07.067" endtime="20200115 14:11:07.312"></status>
</kw>
<kw name="Visible" library="recursos">
<arguments>
<arg>${titulo}</arg>
</arguments>
<kw name="Wait Until Element Is Visible" library="SeleniumLibrary">
<doc>Waits until the element ``locator`` is visible.</doc>
<arguments>
<arg>${arg1}</arg>
</arguments>
<status status="PASS" starttime="20200115 14:11:07.312" endtime="20200115 14:11:07.532"></status>
</kw>
<status status="PASS" starttime="20200115 14:11:07.312" endtime="20200115 14:11:07.532"></status>
</kw>
<kw name="Log" library="BuiltIn">
<doc>Logs the given message with the given level.</doc>
<arguments>
<arg>${titulo}</arg>
</arguments>
<msg timestamp="20200115 14:11:07.532" level="INFO">xpath=//h1[contains(@itemprop,'name')]</msg>
<status status="PASS" starttime="20200115 14:11:07.532" endtime="20200115 14:11:07.532"></status>
</kw>
<kw name="Comparar" library="recursos">
<arguments>
<arg>${titulo}</arg>
<arg>${nomT}</arg>
</arguments>
<kw name="Element Text Should Be" library="SeleniumLibrary">
<doc>Verifies that element ``locator`` contains exact the text ``expected``.</doc>
<arguments>
<arg>${arg1}</arg>
<arg>${arg2}</arg>
</arguments>
<msg timestamp="20200115 14:11:07.533" level="INFO">Verifying element 'xpath=//h1[contains(@itemprop,'name')]' contains exact text 'Printed Chiffon Dress'.</msg>
<status status="PASS" starttime="20200115 14:11:07.533" endtime="20200115 14:11:07.754"></status>
</kw>
<status status="PASS" starttime="20200115 14:11:07.532" endtime="20200115 14:11:07.754"></status>
</kw>
<kw name="USF" library="recursos">
<kw name="Unselect Frame" library="SeleniumLibrary">
<doc>Sets the main frame as the current frame.</doc>
<status status="PASS" starttime="20200115 14:11:07.754" endtime="20200115 14:11:07.857"></status>
</kw>
<status status="PASS" starttime="20200115 14:11:07.754" endtime="20200115 14:11:07.857"></status>
</kw>
<kw name="Click" library="recursos">
<arguments>
<arg>xpath=//a[@title='Close']</arg>
</arguments>
<kw name="Click Element" library="SeleniumLibrary">
<doc>Click the element identified by ``locator``.</doc>
<arguments>
<arg>${arg1}</arg>
</arguments>
<msg timestamp="20200115 14:11:07.857" level="INFO">Clicking element 'xpath=//a[@title='Close']'.</msg>
<status status="PASS" starttime="20200115 14:11:07.857" endtime="20200115 14:11:08.108"></status>
</kw>
<status status="PASS" starttime="20200115 14:11:07.857" endtime="20200115 14:11:08.108"></status>
</kw>
<status status="PASS" starttime="20200115 14:11:04.536" endtime="20200115 14:11:08.108"></status>
</kw>
<status status="PASS" starttime="20200115 14:10:41.346" endtime="20200115 14:11:08.108"></status>
</kw>
<kw name="Cerrar" library="recursos">
<kw name="Close Browser" library="SeleniumLibrary">
<doc>Closes the current browser.</doc>
<status status="PASS" starttime="20200115 14:11:08.109" endtime="20200115 14:11:10.249"></status>
</kw>
<status status="PASS" starttime="20200115 14:11:08.108" endtime="20200115 14:11:10.249"></status>
</kw>
<status status="PASS" starttime="20200115 14:10:33.223" endtime="20200115 14:11:10.249" critical="yes"></status>
</test>
<status status="PASS" starttime="20200115 14:10:01.852" endtime="20200115 14:11:10.249"></status>
</suite>
<statistics>
<total>
<stat pass="2" fail="0">Critical Tests</stat>
<stat pass="2" fail="0">All Tests</stat>
</total>
<tag>
</tag>
<suite>
<stat pass="2" fail="0" id="s1" name="Ocho">Ocho</stat>
</suite>
</statistics>
<errors>
</errors>
</robot>
