<?xml version="1.0" encoding="UTF-8"?>
<robot generator="Robot 3.1.2 (Python 3.7.6 on win32)" generated="20200114 14:10:00.309" rpa="false">
<suite id="s1" name="Ocho" source="c:\Python\robotframework\pruebas\ocho\ocho.robot">
<test id="s1-t1" name="001 Prueba uno de la sección del ojo">
<kw name="Abrir navegador" library="recursos">
<kw name="Open Browser" library="SeleniumLibrary">
<doc>Opens a new browser instance to the optional ``url``.</doc>
<arguments>
<arg>${url}</arg>
<arg>${navegador}</arg>
</arguments>
<msg timestamp="20200114 14:10:01.114" level="INFO">Opening browser 'chrome' to base url 'http://automationpractice.com/index.php'.</msg>
<status status="PASS" starttime="20200114 14:10:01.114" endtime="20200114 14:10:06.008"></status>
</kw>
<kw name="Wait Until Element Is Visible" library="SeleniumLibrary">
<doc>Waits until the element ``locator`` is visible.</doc>
<arguments>
<arg>xpath=//img[contains(@class,'logo img-responsive')]</arg>
</arguments>
<status status="PASS" starttime="20200114 14:10:06.008" endtime="20200114 14:10:06.033"></status>
</kw>
<status status="PASS" starttime="20200114 14:10:01.113" endtime="20200114 14:10:06.033"></status>
</kw>
<kw name="Focus" library="recursos">
<arguments>
<arg>xpath=(//a[@data-toggle='tab'])[1]</arg>
</arguments>
<kw name="Set Focus To Element" library="SeleniumLibrary">
<doc>Sets the focus to the element identified by ``locator``.</doc>
<arguments>
<arg>${arg1}</arg>
</arguments>
<status status="PASS" starttime="20200114 14:10:06.034" endtime="20200114 14:10:06.058"></status>
</kw>
<status status="PASS" starttime="20200114 14:10:06.034" endtime="20200114 14:10:06.058"></status>
</kw>
<kw name="Tiempo" library="recursos">
<arguments>
<arg>.8</arg>
</arguments>
<kw name="Set Selenium Speed" library="SeleniumLibrary">
<doc>Sets the delay that is waited after each Selenium command.</doc>
<arguments>
<arg>${arg1} seconds</arg>
</arguments>
<status status="PASS" starttime="20200114 14:10:06.058" endtime="20200114 14:10:06.059"></status>
</kw>
<status status="PASS" starttime="20200114 14:10:06.058" endtime="20200114 14:10:06.059"></status>
</kw>
<kw name="Ventana" library="recursos">
<arguments>
<arg>1800</arg>
<arg>1000</arg>
</arguments>
<kw name="Set Window Size" library="SeleniumLibrary">
<doc>Sets current windows size to given ``width`` and ``height``.</doc>
<arguments>
<arg>${arg1}</arg>
<arg>${arg2}</arg>
</arguments>
<status status="PASS" starttime="20200114 14:10:06.060" endtime="20200114 14:10:07.994"></status>
</kw>
<status status="PASS" starttime="20200114 14:10:06.059" endtime="20200114 14:10:07.994"></status>
</kw>
<kw name="Ventana" library="recursos">
<arguments>
<arg>1000</arg>
<arg>1000</arg>
</arguments>
<kw name="Set Window Size" library="SeleniumLibrary">
<doc>Sets current windows size to given ``width`` and ``height``.</doc>
<arguments>
<arg>${arg1}</arg>
<arg>${arg2}</arg>
</arguments>
<status status="PASS" starttime="20200114 14:10:07.996" endtime="20200114 14:10:08.924"></status>
</kw>
<status status="PASS" starttime="20200114 14:10:07.995" endtime="20200114 14:10:08.924"></status>
</kw>
<kw name="Tiempo" library="recursos">
<arguments>
<arg>.1</arg>
</arguments>
<kw name="Set Selenium Speed" library="SeleniumLibrary">
<doc>Sets the delay that is waited after each Selenium command.</doc>
<arguments>
<arg>${arg1} seconds</arg>
</arguments>
<status status="PASS" starttime="20200114 14:10:08.927" endtime="20200114 14:10:08.928"></status>
</kw>
<status status="PASS" starttime="20200114 14:10:08.926" endtime="20200114 14:10:08.928"></status>
</kw>
<kw name="${item} IN [ @{items} ]" type="for">
<kw name="${item} = 1" type="foritem">
<kw name="Focus" library="recursos">
<arguments>
<arg>xpath=(//a[@class='product-name'])[${item}]</arg>
</arguments>
<kw name="Set Focus To Element" library="SeleniumLibrary">
<doc>Sets the focus to the element identified by ``locator``.</doc>
<arguments>
<arg>${arg1}</arg>
</arguments>
<status status="PASS" starttime="20200114 14:10:08.931" endtime="20200114 14:10:09.204"></status>
</kw>
<status status="PASS" starttime="20200114 14:10:08.930" endtime="20200114 14:10:09.205"></status>
</kw>
<kw name="Get Text" library="SeleniumLibrary">
<doc>Returns the text value of the element identified by ``locator``.</doc>
<arguments>
<arg>xpath=(//a[@class='product-name'])[${item}]</arg>
</arguments>
<assign>
<var>${nomT}</var>
</assign>
<msg timestamp="20200114 14:10:09.456" level="INFO">${nomT} = Faded Short Sleeve T-shirts</msg>
<status status="PASS" starttime="20200114 14:10:09.205" endtime="20200114 14:10:09.456"></status>
</kw>
<kw name="Log" library="BuiltIn">
<doc>Logs the given message with the given level.</doc>
<arguments>
<arg>${nomT}</arg>
</arguments>
<msg timestamp="20200114 14:10:09.456" level="INFO">Faded Short Sleeve T-shirts</msg>
<status status="PASS" starttime="20200114 14:10:09.456" endtime="20200114 14:10:09.456"></status>
</kw>
<kw name="Click" library="recursos">
<arguments>
<arg>xpath=(//i[@class='icon-eye-open'])[${item}]</arg>
</arguments>
<kw name="Click Element" library="SeleniumLibrary">
<doc>Click the element identified by ``locator``.</doc>
<arguments>
<arg>${arg1}</arg>
</arguments>
<msg timestamp="20200114 14:10:09.457" level="INFO">Clicking element 'xpath=(//i[@class='icon-eye-open'])[1]'.</msg>
<status status="PASS" starttime="20200114 14:10:09.457" endtime="20200114 14:10:09.750"></status>
</kw>
<status status="PASS" starttime="20200114 14:10:09.456" endtime="20200114 14:10:09.750"></status>
</kw>
<kw name="Visible" library="recursos">
<arguments>
<arg>xpath=//*[@id="index"]/div[2]/div/div/div/div/iframe</arg>
</arguments>
<kw name="Wait Until Element Is Visible" library="SeleniumLibrary">
<doc>Waits until the element ``locator`` is visible.</doc>
<arguments>
<arg>${arg1}</arg>
</arguments>
<status status="PASS" starttime="20200114 14:10:09.752" endtime="20200114 14:10:12.096"></status>
</kw>
<status status="PASS" starttime="20200114 14:10:09.751" endtime="20200114 14:10:12.096"></status>
</kw>
<kw name="SF" library="recursos">
<arguments>
<arg>xpath=//*[@id="index"]/div[2]/div/div/div/div/iframe</arg>
</arguments>
<kw name="Select Frame" library="SeleniumLibrary">
<doc>Sets frame identified by ``locator`` as the current frame.</doc>
<arguments>
<arg>${arg1}</arg>
</arguments>
<msg timestamp="20200114 14:10:12.096" level="INFO">Selecting frame 'xpath=//*[@id="index"]/div[2]/div/div/div/div/iframe'.</msg>
<status status="PASS" starttime="20200114 14:10:12.096" endtime="20200114 14:10:12.326"></status>
</kw>
<status status="PASS" starttime="20200114 14:10:12.096" endtime="20200114 14:10:12.326"></status>
</kw>
<kw name="Visible" library="recursos">
<arguments>
<arg>${titulo}</arg>
</arguments>
<kw name="Wait Until Element Is Visible" library="SeleniumLibrary">
<doc>Waits until the element ``locator`` is visible.</doc>
<arguments>
<arg>${arg1}</arg>
</arguments>
<status status="PASS" starttime="20200114 14:10:12.327" endtime="20200114 14:10:12.548"></status>
</kw>
<status status="PASS" starttime="20200114 14:10:12.326" endtime="20200114 14:10:12.548"></status>
</kw>
<kw name="Log" library="BuiltIn">
<doc>Logs the given message with the given level.</doc>
<arguments>
<arg>${titulo}</arg>
</arguments>
<msg timestamp="20200114 14:10:12.549" level="INFO">xpath=//h1[contains(@itemprop,'name')]</msg>
<status status="PASS" starttime="20200114 14:10:12.548" endtime="20200114 14:10:12.549"></status>
</kw>
<kw name="Comparar" library="recursos">
<arguments>
<arg>${titulo}</arg>
<arg>${nomT}</arg>
</arguments>
<kw name="Element Text Should Be" library="SeleniumLibrary">
<doc>Verifies that element ``locator`` contains exact the text ``expected``.</doc>
<arguments>
<arg>${arg1}</arg>
<arg>${arg2}</arg>
</arguments>
<msg timestamp="20200114 14:10:12.549" level="INFO">Verifying element 'xpath=//h1[contains(@itemprop,'name')]' contains exact text 'Faded Short Sleeve T-shirts'.</msg>
<status status="PASS" starttime="20200114 14:10:12.549" endtime="20200114 14:10:12.770"></status>
</kw>
<status status="PASS" starttime="20200114 14:10:12.549" endtime="20200114 14:10:12.770"></status>
</kw>
<kw name="USF" library="recursos">
<kw name="Unselect Frame" library="SeleniumLibrary">
<doc>Sets the main frame as the current frame.</doc>
<status status="PASS" starttime="20200114 14:10:12.770" endtime="20200114 14:10:12.874"></status>
</kw>
<status status="PASS" starttime="20200114 14:10:12.770" endtime="20200114 14:10:12.874"></status>
</kw>
<kw name="Click" library="recursos">
<arguments>
<arg>xpath=//a[@title='Close']</arg>
</arguments>
<kw name="Click Element" library="SeleniumLibrary">
<doc>Click the element identified by ``locator``.</doc>
<arguments>
<arg>${arg1}</arg>
</arguments>
<msg timestamp="20200114 14:10:12.874" level="INFO">Clicking element 'xpath=//a[@title='Close']'.</msg>
<status status="PASS" starttime="20200114 14:10:12.874" endtime="20200114 14:10:13.125"></status>
</kw>
<status status="PASS" starttime="20200114 14:10:12.874" endtime="20200114 14:10:13.125"></status>
</kw>
<status status="PASS" starttime="20200114 14:10:08.929" endtime="20200114 14:10:13.125"></status>
</kw>
<kw name="${item} = 2" type="foritem">
<kw name="Focus" library="recursos">
<arguments>
<arg>xpath=(//a[@class='product-name'])[${item}]</arg>
</arguments>
<kw name="Set Focus To Element" library="SeleniumLibrary">
<doc>Sets the focus to the element identified by ``locator``.</doc>
<arguments>
<arg>${arg1}</arg>
</arguments>
<status status="PASS" starttime="20200114 14:10:13.125" endtime="20200114 14:10:13.343"></status>
</kw>
<status status="PASS" starttime="20200114 14:10:13.125" endtime="20200114 14:10:13.343"></status>
</kw>
<kw name="Get Text" library="SeleniumLibrary">
<doc>Returns the text value of the element identified by ``locator``.</doc>
<arguments>
<arg>xpath=(//a[@class='product-name'])[${item}]</arg>
</arguments>
<assign>
<var>${nomT}</var>
</assign>
<msg timestamp="20200114 14:10:13.563" level="INFO">${nomT} = Blouse</msg>
<status status="PASS" starttime="20200114 14:10:13.343" endtime="20200114 14:10:13.563"></status>
</kw>
<kw name="Log" library="BuiltIn">
<doc>Logs the given message with the given level.</doc>
<arguments>
<arg>${nomT}</arg>
</arguments>
<msg timestamp="20200114 14:10:13.564" level="INFO">Blouse</msg>
<status status="PASS" starttime="20200114 14:10:13.563" endtime="20200114 14:10:13.564"></status>
</kw>
<kw name="Click" library="recursos">
<arguments>
<arg>xpath=(//i[@class='icon-eye-open'])[${item}]</arg>
</arguments>
<kw name="Click Element" library="SeleniumLibrary">
<doc>Click the element identified by ``locator``.</doc>
<arguments>
<arg>${arg1}</arg>
</arguments>
<msg timestamp="20200114 14:10:13.564" level="INFO">Clicking element 'xpath=(//i[@class='icon-eye-open'])[2]'.</msg>
<status status="PASS" starttime="20200114 14:10:13.564" endtime="20200114 14:10:13.855"></status>
</kw>
<status status="PASS" starttime="20200114 14:10:13.564" endtime="20200114 14:10:13.855"></status>
</kw>
<kw name="Visible" library="recursos">
<arguments>
<arg>xpath=//*[@id="index"]/div[2]/div/div/div/div/iframe</arg>
</arguments>
<kw name="Wait Until Element Is Visible" library="SeleniumLibrary">
<doc>Waits until the element ``locator`` is visible.</doc>
<arguments>
<arg>${arg1}</arg>
</arguments>
<status status="PASS" starttime="20200114 14:10:13.856" endtime="20200114 14:10:15.322"></status>
</kw>
<status status="PASS" starttime="20200114 14:10:13.855" endtime="20200114 14:10:15.322"></status>
</kw>
<kw name="SF" library="recursos">
<arguments>
<arg>xpath=//*[@id="index"]/div[2]/div/div/div/div/iframe</arg>
</arguments>
<kw name="Select Frame" library="SeleniumLibrary">
<doc>Sets frame identified by ``locator`` as the current frame.</doc>
<arguments>
<arg>${arg1}</arg>
</arguments>
<msg timestamp="20200114 14:10:15.323" level="INFO">Selecting frame 'xpath=//*[@id="index"]/div[2]/div/div/div/div/iframe'.</msg>
<status status="PASS" starttime="20200114 14:10:15.323" endtime="20200114 14:10:15.549"></status>
</kw>
<status status="PASS" starttime="20200114 14:10:15.322" endtime="20200114 14:10:15.549"></status>
</kw>
<kw name="Visible" library="recursos">
<arguments>
<arg>${titulo}</arg>
</arguments>
<kw name="Wait Until Element Is Visible" library="SeleniumLibrary">
<doc>Waits until the element ``locator`` is visible.</doc>
<arguments>
<arg>${arg1}</arg>
</arguments>
<status status="PASS" starttime="20200114 14:10:15.550" endtime="20200114 14:10:15.768"></status>
</kw>
<status status="PASS" starttime="20200114 14:10:15.550" endtime="20200114 14:10:15.768"></status>
</kw>
<kw name="Log" library="BuiltIn">
<doc>Logs the given message with the given level.</doc>
<arguments>
<arg>${titulo}</arg>
</arguments>
<msg timestamp="20200114 14:10:15.769" level="INFO">xpath=//h1[contains(@itemprop,'name')]</msg>
<status status="PASS" starttime="20200114 14:10:15.768" endtime="20200114 14:10:15.769"></status>
</kw>
<kw name="Comparar" library="recursos">
<arguments>
<arg>${titulo}</arg>
<arg>${nomT}</arg>
</arguments>
<kw name="Element Text Should Be" library="SeleniumLibrary">
<doc>Verifies that element ``locator`` contains exact the text ``expected``.</doc>
<arguments>
<arg>${arg1}</arg>
<arg>${arg2}</arg>
</arguments>
<msg timestamp="20200114 14:10:15.769" level="INFO">Verifying element 'xpath=//h1[contains(@itemprop,'name')]' contains exact text 'Blouse'.</msg>
<status status="PASS" starttime="20200114 14:10:15.769" endtime="20200114 14:10:15.988"></status>
</kw>
<status status="PASS" starttime="20200114 14:10:15.769" endtime="20200114 14:10:15.988"></status>
</kw>
<kw name="USF" library="recursos">
<kw name="Unselect Frame" library="SeleniumLibrary">
<doc>Sets the main frame as the current frame.</doc>
<status status="PASS" starttime="20200114 14:10:15.988" endtime="20200114 14:10:16.091"></status>
</kw>
<status status="PASS" starttime="20200114 14:10:15.988" endtime="20200114 14:10:16.091"></status>
</kw>
<kw name="Click" library="recursos">
<arguments>
<arg>xpath=//a[@title='Close']</arg>
</arguments>
<kw name="Click Element" library="SeleniumLibrary">
<doc>Click the element identified by ``locator``.</doc>
<arguments>
<arg>${arg1}</arg>
</arguments>
<msg timestamp="20200114 14:10:16.091" level="INFO">Clicking element 'xpath=//a[@title='Close']'.</msg>
<status status="PASS" starttime="20200114 14:10:16.091" endtime="20200114 14:10:16.341"></status>
</kw>
<status status="PASS" starttime="20200114 14:10:16.091" endtime="20200114 14:10:16.341"></status>
</kw>
<status status="PASS" starttime="20200114 14:10:13.125" endtime="20200114 14:10:16.341"></status>
</kw>
<kw name="${item} = 3" type="foritem">
<kw name="Focus" library="recursos">
<arguments>
<arg>xpath=(//a[@class='product-name'])[${item}]</arg>
</arguments>
<kw name="Set Focus To Element" library="SeleniumLibrary">
<doc>Sets the focus to the element identified by ``locator``.</doc>
<arguments>
<arg>${arg1}</arg>
</arguments>
<status status="PASS" starttime="20200114 14:10:16.342" endtime="20200114 14:10:16.558"></status>
</kw>
<status status="PASS" starttime="20200114 14:10:16.342" endtime="20200114 14:10:16.558"></status>
</kw>
<kw name="Get Text" library="SeleniumLibrary">
<doc>Returns the text value of the element identified by ``locator``.</doc>
<arguments>
<arg>xpath=(//a[@class='product-name'])[${item}]</arg>
</arguments>
<assign>
<var>${nomT}</var>
</assign>
<msg timestamp="20200114 14:10:16.780" level="INFO">${nomT} = Printed Dress</msg>
<status status="PASS" starttime="20200114 14:10:16.558" endtime="20200114 14:10:16.780"></status>
</kw>
<kw name="Log" library="BuiltIn">
<doc>Logs the given message with the given level.</doc>
<arguments>
<arg>${nomT}</arg>
</arguments>
<msg timestamp="20200114 14:10:16.781" level="INFO">Printed Dress</msg>
<status status="PASS" starttime="20200114 14:10:16.780" endtime="20200114 14:10:16.781"></status>
</kw>
<kw name="Click" library="recursos">
<arguments>
<arg>xpath=(//i[@class='icon-eye-open'])[${item}]</arg>
</arguments>
<kw name="Click Element" library="SeleniumLibrary">
<doc>Click the element identified by ``locator``.</doc>
<arguments>
<arg>${arg1}</arg>
</arguments>
<msg timestamp="20200114 14:10:16.782" level="INFO">Clicking element 'xpath=(//i[@class='icon-eye-open'])[3]'.</msg>
<status status="PASS" starttime="20200114 14:10:16.781" endtime="20200114 14:10:17.066"></status>
</kw>
<status status="PASS" starttime="20200114 14:10:16.781" endtime="20200114 14:10:17.066"></status>
</kw>
<kw name="Visible" library="recursos">
<arguments>
<arg>xpath=//*[@id="index"]/div[2]/div/div/div/div/iframe</arg>
</arguments>
<kw name="Wait Until Element Is Visible" library="SeleniumLibrary">
<doc>Waits until the element ``locator`` is visible.</doc>
<arguments>
<arg>${arg1}</arg>
</arguments>
<status status="PASS" starttime="20200114 14:10:17.066" endtime="20200114 14:10:18.138"></status>
</kw>
<status status="PASS" starttime="20200114 14:10:17.066" endtime="20200114 14:10:18.138"></status>
</kw>
<kw name="SF" library="recursos">
<arguments>
<arg>xpath=//*[@id="index"]/div[2]/div/div/div/div/iframe</arg>
</arguments>
<kw name="Select Frame" library="SeleniumLibrary">
<doc>Sets frame identified by ``locator`` as the current frame.</doc>
<arguments>
<arg>${arg1}</arg>
</arguments>
<msg timestamp="20200114 14:10:18.139" level="INFO">Selecting frame 'xpath=//*[@id="index"]/div[2]/div/div/div/div/iframe'.</msg>
<status status="PASS" starttime="20200114 14:10:18.139" endtime="20200114 14:10:18.365"></status>
</kw>
<status status="PASS" starttime="20200114 14:10:18.139" endtime="20200114 14:10:18.365"></status>
</kw>
<kw name="Visible" library="recursos">
<arguments>
<arg>${titulo}</arg>
</arguments>
<kw name="Wait Until Element Is Visible" library="SeleniumLibrary">
<doc>Waits until the element ``locator`` is visible.</doc>
<arguments>
<arg>${arg1}</arg>
</arguments>
<status status="PASS" starttime="20200114 14:10:18.366" endtime="20200114 14:10:18.586"></status>
</kw>
<status status="PASS" starttime="20200114 14:10:18.366" endtime="20200114 14:10:18.586"></status>
</kw>
<kw name="Log" library="BuiltIn">
<doc>Logs the given message with the given level.</doc>
<arguments>
<arg>${titulo}</arg>
</arguments>
<msg timestamp="20200114 14:10:18.586" level="INFO">xpath=//h1[contains(@itemprop,'name')]</msg>
<status status="PASS" starttime="20200114 14:10:18.586" endtime="20200114 14:10:18.586"></status>
</kw>
<kw name="Comparar" library="recursos">
<arguments>
<arg>${titulo}</arg>
<arg>${nomT}</arg>
</arguments>
<kw name="Element Text Should Be" library="SeleniumLibrary">
<doc>Verifies that element ``locator`` contains exact the text ``expected``.</doc>
<arguments>
<arg>${arg1}</arg>
<arg>${arg2}</arg>
</arguments>
<msg timestamp="20200114 14:10:18.587" level="INFO">Verifying element 'xpath=//h1[contains(@itemprop,'name')]' contains exact text 'Printed Dress'.</msg>
<status status="PASS" starttime="20200114 14:10:18.587" endtime="20200114 14:10:18.816"></status>
</kw>
<status status="PASS" starttime="20200114 14:10:18.586" endtime="20200114 14:10:18.816"></status>
</kw>
<kw name="USF" library="recursos">
<kw name="Unselect Frame" library="SeleniumLibrary">
<doc>Sets the main frame as the current frame.</doc>
<status status="PASS" starttime="20200114 14:10:18.817" endtime="20200114 14:10:18.923"></status>
</kw>
<status status="PASS" starttime="20200114 14:10:18.817" endtime="20200114 14:10:18.923"></status>
</kw>
<kw name="Click" library="recursos">
<arguments>
<arg>xpath=//a[@title='Close']</arg>
</arguments>
<kw name="Click Element" library="SeleniumLibrary">
<doc>Click the element identified by ``locator``.</doc>
<arguments>
<arg>${arg1}</arg>
</arguments>
<msg timestamp="20200114 14:10:18.924" level="INFO">Clicking element 'xpath=//a[@title='Close']'.</msg>
<status status="PASS" starttime="20200114 14:10:18.923" endtime="20200114 14:10:19.170"></status>
</kw>
<status status="PASS" starttime="20200114 14:10:18.923" endtime="20200114 14:10:19.171"></status>
</kw>
<status status="PASS" starttime="20200114 14:10:16.341" endtime="20200114 14:10:19.171"></status>
</kw>
<kw name="${item} = 4" type="foritem">
<kw name="Focus" library="recursos">
<arguments>
<arg>xpath=(//a[@class='product-name'])[${item}]</arg>
</arguments>
<kw name="Set Focus To Element" library="SeleniumLibrary">
<doc>Sets the focus to the element identified by ``locator``.</doc>
<arguments>
<arg>${arg1}</arg>
</arguments>
<status status="PASS" starttime="20200114 14:10:19.171" endtime="20200114 14:10:19.389"></status>
</kw>
<status status="PASS" starttime="20200114 14:10:19.171" endtime="20200114 14:10:19.389"></status>
</kw>
<kw name="Get Text" library="SeleniumLibrary">
<doc>Returns the text value of the element identified by ``locator``.</doc>
<arguments>
<arg>xpath=(//a[@class='product-name'])[${item}]</arg>
</arguments>
<assign>
<var>${nomT}</var>
</assign>
<msg timestamp="20200114 14:10:19.610" level="INFO">${nomT} = Printed Dress</msg>
<status status="PASS" starttime="20200114 14:10:19.389" endtime="20200114 14:10:19.610"></status>
</kw>
<kw name="Log" library="BuiltIn">
<doc>Logs the given message with the given level.</doc>
<arguments>
<arg>${nomT}</arg>
</arguments>
<msg timestamp="20200114 14:10:19.611" level="INFO">Printed Dress</msg>
<status status="PASS" starttime="20200114 14:10:19.610" endtime="20200114 14:10:19.611"></status>
</kw>
<kw name="Click" library="recursos">
<arguments>
<arg>xpath=(//i[@class='icon-eye-open'])[${item}]</arg>
</arguments>
<kw name="Click Element" library="SeleniumLibrary">
<doc>Click the element identified by ``locator``.</doc>
<arguments>
<arg>${arg1}</arg>
</arguments>
<msg timestamp="20200114 14:10:19.611" level="INFO">Clicking element 'xpath=(//i[@class='icon-eye-open'])[4]'.</msg>
<status status="PASS" starttime="20200114 14:10:19.611" endtime="20200114 14:10:19.892"></status>
</kw>
<status status="PASS" starttime="20200114 14:10:19.611" endtime="20200114 14:10:19.892"></status>
</kw>
<kw name="Visible" library="recursos">
<arguments>
<arg>xpath=//*[@id="index"]/div[2]/div/div/div/div/iframe</arg>
</arguments>
<kw name="Wait Until Element Is Visible" library="SeleniumLibrary">
<doc>Waits until the element ``locator`` is visible.</doc>
<arguments>
<arg>${arg1}</arg>
</arguments>
<status status="PASS" starttime="20200114 14:10:19.893" endtime="20200114 14:10:20.944"></status>
</kw>
<status status="PASS" starttime="20200114 14:10:19.892" endtime="20200114 14:10:20.944"></status>
</kw>
<kw name="SF" library="recursos">
<arguments>
<arg>xpath=//*[@id="index"]/div[2]/div/div/div/div/iframe</arg>
</arguments>
<kw name="Select Frame" library="SeleniumLibrary">
<doc>Sets frame identified by ``locator`` as the current frame.</doc>
<arguments>
<arg>${arg1}</arg>
</arguments>
<msg timestamp="20200114 14:10:20.945" level="INFO">Selecting frame 'xpath=//*[@id="index"]/div[2]/div/div/div/div/iframe'.</msg>
<status status="PASS" starttime="20200114 14:10:20.945" endtime="20200114 14:10:21.174"></status>
</kw>
<status status="PASS" starttime="20200114 14:10:20.944" endtime="20200114 14:10:21.174"></status>
</kw>
<kw name="Visible" library="recursos">
<arguments>
<arg>${titulo}</arg>
</arguments>
<kw name="Wait Until Element Is Visible" library="SeleniumLibrary">
<doc>Waits until the element ``locator`` is visible.</doc>
<arguments>
<arg>${arg1}</arg>
</arguments>
<status status="PASS" starttime="20200114 14:10:21.174" endtime="20200114 14:10:21.394"></status>
</kw>
<status status="PASS" starttime="20200114 14:10:21.174" endtime="20200114 14:10:21.394"></status>
</kw>
<kw name="Log" library="BuiltIn">
<doc>Logs the given message with the given level.</doc>
<arguments>
<arg>${titulo}</arg>
</arguments>
<msg timestamp="20200114 14:10:21.394" level="INFO">xpath=//h1[contains(@itemprop,'name')]</msg>
<status status="PASS" starttime="20200114 14:10:21.394" endtime="20200114 14:10:21.394"></status>
</kw>
<kw name="Comparar" library="recursos">
<arguments>
<arg>${titulo}</arg>
<arg>${nomT}</arg>
</arguments>
<kw name="Element Text Should Be" library="SeleniumLibrary">
<doc>Verifies that element ``locator`` contains exact the text ``expected``.</doc>
<arguments>
<arg>${arg1}</arg>
<arg>${arg2}</arg>
</arguments>
<msg timestamp="20200114 14:10:21.395" level="INFO">Verifying element 'xpath=//h1[contains(@itemprop,'name')]' contains exact text 'Printed Dress'.</msg>
<status status="PASS" starttime="20200114 14:10:21.395" endtime="20200114 14:10:21.618"></status>
</kw>
<status status="PASS" starttime="20200114 14:10:21.395" endtime="20200114 14:10:21.618"></status>
</kw>
<kw name="USF" library="recursos">
<kw name="Unselect Frame" library="SeleniumLibrary">
<doc>Sets the main frame as the current frame.</doc>
<status status="PASS" starttime="20200114 14:10:21.618" endtime="20200114 14:10:21.722"></status>
</kw>
<status status="PASS" starttime="20200114 14:10:21.618" endtime="20200114 14:10:21.722"></status>
</kw>
<kw name="Click" library="recursos">
<arguments>
<arg>xpath=//a[@title='Close']</arg>
</arguments>
<kw name="Click Element" library="SeleniumLibrary">
<doc>Click the element identified by ``locator``.</doc>
<arguments>
<arg>${arg1}</arg>
</arguments>
<msg timestamp="20200114 14:10:21.723" level="INFO">Clicking element 'xpath=//a[@title='Close']'.</msg>
<status status="PASS" starttime="20200114 14:10:21.723" endtime="20200114 14:10:21.975"></status>
</kw>
<status status="PASS" starttime="20200114 14:10:21.722" endtime="20200114 14:10:21.975"></status>
</kw>
<status status="PASS" starttime="20200114 14:10:19.171" endtime="20200114 14:10:21.975"></status>
</kw>
<kw name="${item} = 5" type="foritem">
<kw name="Focus" library="recursos">
<arguments>
<arg>xpath=(//a[@class='product-name'])[${item}]</arg>
</arguments>
<kw name="Set Focus To Element" library="SeleniumLibrary">
<doc>Sets the focus to the element identified by ``locator``.</doc>
<arguments>
<arg>${arg1}</arg>
</arguments>
<status status="PASS" starttime="20200114 14:10:21.975" endtime="20200114 14:10:22.192"></status>
</kw>
<status status="PASS" starttime="20200114 14:10:21.975" endtime="20200114 14:10:22.192"></status>
</kw>
<kw name="Get Text" library="SeleniumLibrary">
<doc>Returns the text value of the element identified by ``locator``.</doc>
<arguments>
<arg>xpath=(//a[@class='product-name'])[${item}]</arg>
</arguments>
<assign>
<var>${nomT}</var>
</assign>
<msg timestamp="20200114 14:10:22.414" level="INFO">${nomT} = Printed Summer Dress</msg>
<status status="PASS" starttime="20200114 14:10:22.192" endtime="20200114 14:10:22.414"></status>
</kw>
<kw name="Log" library="BuiltIn">
<doc>Logs the given message with the given level.</doc>
<arguments>
<arg>${nomT}</arg>
</arguments>
<msg timestamp="20200114 14:10:22.415" level="INFO">Printed Summer Dress</msg>
<status status="PASS" starttime="20200114 14:10:22.415" endtime="20200114 14:10:22.415"></status>
</kw>
<kw name="Click" library="recursos">
<arguments>
<arg>xpath=(//i[@class='icon-eye-open'])[${item}]</arg>
</arguments>
<kw name="Click Element" library="SeleniumLibrary">
<doc>Click the element identified by ``locator``.</doc>
<arguments>
<arg>${arg1}</arg>
</arguments>
<msg timestamp="20200114 14:10:22.417" level="INFO">Clicking element 'xpath=(//i[@class='icon-eye-open'])[5]'.</msg>
<status status="PASS" starttime="20200114 14:10:22.416" endtime="20200114 14:10:22.769"></status>
</kw>
<status status="PASS" starttime="20200114 14:10:22.416" endtime="20200114 14:10:22.769"></status>
</kw>
<kw name="Visible" library="recursos">
<arguments>
<arg>xpath=//*[@id="index"]/div[2]/div/div/div/div/iframe</arg>
</arguments>
<kw name="Wait Until Element Is Visible" library="SeleniumLibrary">
<doc>Waits until the element ``locator`` is visible.</doc>
<arguments>
<arg>${arg1}</arg>
</arguments>
<status status="PASS" starttime="20200114 14:10:22.770" endtime="20200114 14:10:23.884"></status>
</kw>
<status status="PASS" starttime="20200114 14:10:22.769" endtime="20200114 14:10:23.884"></status>
</kw>
<kw name="SF" library="recursos">
<arguments>
<arg>xpath=//*[@id="index"]/div[2]/div/div/div/div/iframe</arg>
</arguments>
<kw name="Select Frame" library="SeleniumLibrary">
<doc>Sets frame identified by ``locator`` as the current frame.</doc>
<arguments>
<arg>${arg1}</arg>
</arguments>
<msg timestamp="20200114 14:10:23.885" level="INFO">Selecting frame 'xpath=//*[@id="index"]/div[2]/div/div/div/div/iframe'.</msg>
<status status="PASS" starttime="20200114 14:10:23.885" endtime="20200114 14:10:24.193"></status>
</kw>
<status status="PASS" starttime="20200114 14:10:23.884" endtime="20200114 14:10:24.193"></status>
</kw>
<kw name="Visible" library="recursos">
<arguments>
<arg>${titulo}</arg>
</arguments>
<kw name="Wait Until Element Is Visible" library="SeleniumLibrary">
<doc>Waits until the element ``locator`` is visible.</doc>
<arguments>
<arg>${arg1}</arg>
</arguments>
<status status="PASS" starttime="20200114 14:10:24.195" endtime="20200114 14:10:24.447"></status>
</kw>
<status status="PASS" starttime="20200114 14:10:24.194" endtime="20200114 14:10:24.448"></status>
</kw>
<kw name="Log" library="BuiltIn">
<doc>Logs the given message with the given level.</doc>
<arguments>
<arg>${titulo}</arg>
</arguments>
<msg timestamp="20200114 14:10:24.449" level="INFO">xpath=//h1[contains(@itemprop,'name')]</msg>
<status status="PASS" starttime="20200114 14:10:24.448" endtime="20200114 14:10:24.449"></status>
</kw>
<kw name="Comparar" library="recursos">
<arguments>
<arg>${titulo}</arg>
<arg>${nomT}</arg>
</arguments>
<kw name="Element Text Should Be" library="SeleniumLibrary">
<doc>Verifies that element ``locator`` contains exact the text ``expected``.</doc>
<arguments>
<arg>${arg1}</arg>
<arg>${arg2}</arg>
</arguments>
<msg timestamp="20200114 14:10:24.451" level="INFO">Verifying element 'xpath=//h1[contains(@itemprop,'name')]' contains exact text 'Printed Summer Dress'.</msg>
<status status="PASS" starttime="20200114 14:10:24.451" endtime="20200114 14:10:24.702"></status>
</kw>
<status status="PASS" starttime="20200114 14:10:24.450" endtime="20200114 14:10:24.702"></status>
</kw>
<kw name="USF" library="recursos">
<kw name="Unselect Frame" library="SeleniumLibrary">
<doc>Sets the main frame as the current frame.</doc>
<status status="PASS" starttime="20200114 14:10:24.703" endtime="20200114 14:10:24.811"></status>
</kw>
<status status="PASS" starttime="20200114 14:10:24.702" endtime="20200114 14:10:24.811"></status>
</kw>
<kw name="Click" library="recursos">
<arguments>
<arg>xpath=//a[@title='Close']</arg>
</arguments>
<kw name="Click Element" library="SeleniumLibrary">
<doc>Click the element identified by ``locator``.</doc>
<arguments>
<arg>${arg1}</arg>
</arguments>
<msg timestamp="20200114 14:10:24.813" level="INFO">Clicking element 'xpath=//a[@title='Close']'.</msg>
<status status="PASS" starttime="20200114 14:10:24.813" endtime="20200114 14:10:25.128"></status>
</kw>
<status status="PASS" starttime="20200114 14:10:24.812" endtime="20200114 14:10:25.128"></status>
</kw>
<status status="PASS" starttime="20200114 14:10:21.975" endtime="20200114 14:10:25.129"></status>
</kw>
<kw name="${item} = 6" type="foritem">
<kw name="Focus" library="recursos">
<arguments>
<arg>xpath=(//a[@class='product-name'])[${item}]</arg>
</arguments>
<kw name="Set Focus To Element" library="SeleniumLibrary">
<doc>Sets the focus to the element identified by ``locator``.</doc>
<arguments>
<arg>${arg1}</arg>
</arguments>
<status status="PASS" starttime="20200114 14:10:25.130" endtime="20200114 14:10:25.375"></status>
</kw>
<status status="PASS" starttime="20200114 14:10:25.129" endtime="20200114 14:10:25.375"></status>
</kw>
<kw name="Get Text" library="SeleniumLibrary">
<doc>Returns the text value of the element identified by ``locator``.</doc>
<arguments>
<arg>xpath=(//a[@class='product-name'])[${item}]</arg>
</arguments>
<assign>
<var>${nomT}</var>
</assign>
<msg timestamp="20200114 14:10:25.614" level="INFO">${nomT} = Printed Summer Dress</msg>
<status status="PASS" starttime="20200114 14:10:25.376" endtime="20200114 14:10:25.615"></status>
</kw>
<kw name="Log" library="BuiltIn">
<doc>Logs the given message with the given level.</doc>
<arguments>
<arg>${nomT}</arg>
</arguments>
<msg timestamp="20200114 14:10:25.616" level="INFO">Printed Summer Dress</msg>
<status status="PASS" starttime="20200114 14:10:25.615" endtime="20200114 14:10:25.616"></status>
</kw>
<kw name="Click" library="recursos">
<arguments>
<arg>xpath=(//i[@class='icon-eye-open'])[${item}]</arg>
</arguments>
<kw name="Click Element" library="SeleniumLibrary">
<doc>Click the element identified by ``locator``.</doc>
<arguments>
<arg>${arg1}</arg>
</arguments>
<msg timestamp="20200114 14:10:25.618" level="INFO">Clicking element 'xpath=(//i[@class='icon-eye-open'])[6]'.</msg>
<status status="PASS" starttime="20200114 14:10:25.617" endtime="20200114 14:10:26.000"></status>
</kw>
<status status="PASS" starttime="20200114 14:10:25.616" endtime="20200114 14:10:26.001"></status>
</kw>
<kw name="Visible" library="recursos">
<arguments>
<arg>xpath=//*[@id="index"]/div[2]/div/div/div/div/iframe</arg>
</arguments>
<kw name="Wait Until Element Is Visible" library="SeleniumLibrary">
<doc>Waits until the element ``locator`` is visible.</doc>
<arguments>
<arg>${arg1}</arg>
</arguments>
<status status="PASS" starttime="20200114 14:10:26.001" endtime="20200114 14:10:27.077"></status>
</kw>
<status status="PASS" starttime="20200114 14:10:26.001" endtime="20200114 14:10:27.077"></status>
</kw>
<kw name="SF" library="recursos">
<arguments>
<arg>xpath=//*[@id="index"]/div[2]/div/div/div/div/iframe</arg>
</arguments>
<kw name="Select Frame" library="SeleniumLibrary">
<doc>Sets frame identified by ``locator`` as the current frame.</doc>
<arguments>
<arg>${arg1}</arg>
</arguments>
<msg timestamp="20200114 14:10:27.078" level="INFO">Selecting frame 'xpath=//*[@id="index"]/div[2]/div/div/div/div/iframe'.</msg>
<status status="PASS" starttime="20200114 14:10:27.078" endtime="20200114 14:10:27.310"></status>
</kw>
<status status="PASS" starttime="20200114 14:10:27.078" endtime="20200114 14:10:27.310"></status>
</kw>
<kw name="Visible" library="recursos">
<arguments>
<arg>${titulo}</arg>
</arguments>
<kw name="Wait Until Element Is Visible" library="SeleniumLibrary">
<doc>Waits until the element ``locator`` is visible.</doc>
<arguments>
<arg>${arg1}</arg>
</arguments>
<status status="PASS" starttime="20200114 14:10:27.310" endtime="20200114 14:10:27.551"></status>
</kw>
<status status="PASS" starttime="20200114 14:10:27.310" endtime="20200114 14:10:27.552"></status>
</kw>
<kw name="Log" library="BuiltIn">
<doc>Logs the given message with the given level.</doc>
<arguments>
<arg>${titulo}</arg>
</arguments>
<msg timestamp="20200114 14:10:27.552" level="INFO">xpath=//h1[contains(@itemprop,'name')]</msg>
<status status="PASS" starttime="20200114 14:10:27.552" endtime="20200114 14:10:27.552"></status>
</kw>
<kw name="Comparar" library="recursos">
<arguments>
<arg>${titulo}</arg>
<arg>${nomT}</arg>
</arguments>
<kw name="Element Text Should Be" library="SeleniumLibrary">
<doc>Verifies that element ``locator`` contains exact the text ``expected``.</doc>
<arguments>
<arg>${arg1}</arg>
<arg>${arg2}</arg>
</arguments>
<msg timestamp="20200114 14:10:27.553" level="INFO">Verifying element 'xpath=//h1[contains(@itemprop,'name')]' contains exact text 'Printed Summer Dress'.</msg>
<status status="PASS" starttime="20200114 14:10:27.553" endtime="20200114 14:10:27.791"></status>
</kw>
<status status="PASS" starttime="20200114 14:10:27.552" endtime="20200114 14:10:27.791"></status>
</kw>
<kw name="USF" library="recursos">
<kw name="Unselect Frame" library="SeleniumLibrary">
<doc>Sets the main frame as the current frame.</doc>
<status status="PASS" starttime="20200114 14:10:27.792" endtime="20200114 14:10:27.897"></status>
</kw>
<status status="PASS" starttime="20200114 14:10:27.791" endtime="20200114 14:10:27.897"></status>
</kw>
<kw name="Click" library="recursos">
<arguments>
<arg>xpath=//a[@title='Close']</arg>
</arguments>
<kw name="Click Element" library="SeleniumLibrary">
<doc>Click the element identified by ``locator``.</doc>
<arguments>
<arg>${arg1}</arg>
</arguments>
<msg timestamp="20200114 14:10:27.899" level="INFO">Clicking element 'xpath=//a[@title='Close']'.</msg>
<status status="PASS" starttime="20200114 14:10:27.899" endtime="20200114 14:10:28.209"></status>
</kw>
<status status="PASS" starttime="20200114 14:10:27.898" endtime="20200114 14:10:28.210"></status>
</kw>
<status status="PASS" starttime="20200114 14:10:25.129" endtime="20200114 14:10:28.210"></status>
</kw>
<kw name="${item} = 7" type="foritem">
<kw name="Focus" library="recursos">
<arguments>
<arg>xpath=(//a[@class='product-name'])[${item}]</arg>
</arguments>
<kw name="Set Focus To Element" library="SeleniumLibrary">
<doc>Sets the focus to the element identified by ``locator``.</doc>
<arguments>
<arg>${arg1}</arg>
</arguments>
<status status="PASS" starttime="20200114 14:10:28.211" endtime="20200114 14:10:28.446"></status>
</kw>
<status status="PASS" starttime="20200114 14:10:28.210" endtime="20200114 14:10:28.446"></status>
</kw>
<kw name="Get Text" library="SeleniumLibrary">
<doc>Returns the text value of the element identified by ``locator``.</doc>
<arguments>
<arg>xpath=(//a[@class='product-name'])[${item}]</arg>
</arguments>
<assign>
<var>${nomT}</var>
</assign>
<msg timestamp="20200114 14:10:28.675" level="INFO">${nomT} = Printed Chiffon Dress</msg>
<status status="PASS" starttime="20200114 14:10:28.446" endtime="20200114 14:10:28.675"></status>
</kw>
<kw name="Log" library="BuiltIn">
<doc>Logs the given message with the given level.</doc>
<arguments>
<arg>${nomT}</arg>
</arguments>
<msg timestamp="20200114 14:10:28.676" level="INFO">Printed Chiffon Dress</msg>
<status status="PASS" starttime="20200114 14:10:28.676" endtime="20200114 14:10:28.676"></status>
</kw>
<kw name="Click" library="recursos">
<arguments>
<arg>xpath=(//i[@class='icon-eye-open'])[${item}]</arg>
</arguments>
<kw name="Click Element" library="SeleniumLibrary">
<doc>Click the element identified by ``locator``.</doc>
<arguments>
<arg>${arg1}</arg>
</arguments>
<msg timestamp="20200114 14:10:28.678" level="INFO">Clicking element 'xpath=(//i[@class='icon-eye-open'])[7]'.</msg>
<status status="PASS" starttime="20200114 14:10:28.678" endtime="20200114 14:10:29.043"></status>
</kw>
<status status="PASS" starttime="20200114 14:10:28.677" endtime="20200114 14:10:29.043"></status>
</kw>
<kw name="Visible" library="recursos">
<arguments>
<arg>xpath=//*[@id="index"]/div[2]/div/div/div/div/iframe</arg>
</arguments>
<kw name="Wait Until Element Is Visible" library="SeleniumLibrary">
<doc>Waits until the element ``locator`` is visible.</doc>
<arguments>
<arg>${arg1}</arg>
</arguments>
<status status="PASS" starttime="20200114 14:10:29.045" endtime="20200114 14:10:30.643"></status>
</kw>
<status status="PASS" starttime="20200114 14:10:29.044" endtime="20200114 14:10:30.643"></status>
</kw>
<kw name="SF" library="recursos">
<arguments>
<arg>xpath=//*[@id="index"]/div[2]/div/div/div/div/iframe</arg>
</arguments>
<kw name="Select Frame" library="SeleniumLibrary">
<doc>Sets frame identified by ``locator`` as the current frame.</doc>
<arguments>
<arg>${arg1}</arg>
</arguments>
<msg timestamp="20200114 14:10:30.645" level="INFO">Selecting frame 'xpath=//*[@id="index"]/div[2]/div/div/div/div/iframe'.</msg>
<status status="PASS" starttime="20200114 14:10:30.645" endtime="20200114 14:10:30.910"></status>
</kw>
<status status="PASS" starttime="20200114 14:10:30.644" endtime="20200114 14:10:30.911"></status>
</kw>
<kw name="Visible" library="recursos">
<arguments>
<arg>${titulo}</arg>
</arguments>
<kw name="Wait Until Element Is Visible" library="SeleniumLibrary">
<doc>Waits until the element ``locator`` is visible.</doc>
<arguments>
<arg>${arg1}</arg>
</arguments>
<status status="PASS" starttime="20200114 14:10:30.912" endtime="20200114 14:10:31.160"></status>
</kw>
<status status="PASS" starttime="20200114 14:10:30.911" endtime="20200114 14:10:31.161"></status>
</kw>
<kw name="Log" library="BuiltIn">
<doc>Logs the given message with the given level.</doc>
<arguments>
<arg>${titulo}</arg>
</arguments>
<msg timestamp="20200114 14:10:31.163" level="INFO">xpath=//h1[contains(@itemprop,'name')]</msg>
<status status="PASS" starttime="20200114 14:10:31.161" endtime="20200114 14:10:31.163"></status>
</kw>
<kw name="Comparar" library="recursos">
<arguments>
<arg>${titulo}</arg>
<arg>${nomT}</arg>
</arguments>
<kw name="Element Text Should Be" library="SeleniumLibrary">
<doc>Verifies that element ``locator`` contains exact the text ``expected``.</doc>
<arguments>
<arg>${arg1}</arg>
<arg>${arg2}</arg>
</arguments>
<msg timestamp="20200114 14:10:31.165" level="INFO">Verifying element 'xpath=//h1[contains(@itemprop,'name')]' contains exact text 'Printed Chiffon Dress'.</msg>
<status status="PASS" starttime="20200114 14:10:31.164" endtime="20200114 14:10:31.422"></status>
</kw>
<status status="PASS" starttime="20200114 14:10:31.163" endtime="20200114 14:10:31.422"></status>
</kw>
<kw name="USF" library="recursos">
<kw name="Unselect Frame" library="SeleniumLibrary">
<doc>Sets the main frame as the current frame.</doc>
<status status="PASS" starttime="20200114 14:10:31.423" endtime="20200114 14:10:31.530"></status>
</kw>
<status status="PASS" starttime="20200114 14:10:31.423" endtime="20200114 14:10:31.530"></status>
</kw>
<kw name="Click" library="recursos">
<arguments>
<arg>xpath=//a[@title='Close']</arg>
</arguments>
<kw name="Click Element" library="SeleniumLibrary">
<doc>Click the element identified by ``locator``.</doc>
<arguments>
<arg>${arg1}</arg>
</arguments>
<msg timestamp="20200114 14:10:31.532" level="INFO">Clicking element 'xpath=//a[@title='Close']'.</msg>
<status status="PASS" starttime="20200114 14:10:31.532" endtime="20200114 14:10:31.834"></status>
</kw>
<status status="PASS" starttime="20200114 14:10:31.531" endtime="20200114 14:10:31.834"></status>
</kw>
<status status="PASS" starttime="20200114 14:10:28.210" endtime="20200114 14:10:31.834"></status>
</kw>
<status status="PASS" starttime="20200114 14:10:08.929" endtime="20200114 14:10:31.835"></status>
</kw>
<kw name="Cerrar" library="recursos">
<kw name="Close Browser" library="SeleniumLibrary">
<doc>Closes the current browser.</doc>
<status status="PASS" starttime="20200114 14:10:31.837" endtime="20200114 14:10:34.016"></status>
</kw>
<status status="PASS" starttime="20200114 14:10:31.836" endtime="20200114 14:10:34.017"></status>
</kw>
<status status="PASS" starttime="20200114 14:10:01.112" endtime="20200114 14:10:34.018" critical="yes"></status>
</test>
<test id="s1-t2" name="002 Prueba dos de la sección del dos">
<kw name="Abrir navegador" library="recursos">
<kw name="Open Browser" library="SeleniumLibrary">
<doc>Opens a new browser instance to the optional ``url``.</doc>
<arguments>
<arg>${url}</arg>
<arg>${navegador}</arg>
</arguments>
<msg timestamp="20200114 14:10:34.025" level="INFO">Opening browser 'chrome' to base url 'http://automationpractice.com/index.php'.</msg>
<status status="PASS" starttime="20200114 14:10:34.024" endtime="20200114 14:10:39.133"></status>
</kw>
<kw name="Wait Until Element Is Visible" library="SeleniumLibrary">
<doc>Waits until the element ``locator`` is visible.</doc>
<arguments>
<arg>xpath=//img[contains(@class,'logo img-responsive')]</arg>
</arguments>
<status status="PASS" starttime="20200114 14:10:39.133" endtime="20200114 14:10:39.428"></status>
</kw>
<status status="PASS" starttime="20200114 14:10:34.023" endtime="20200114 14:10:39.429"></status>
</kw>
<kw name="Focus" library="recursos">
<arguments>
<arg>xpath=(//a[@data-toggle='tab'])[1]</arg>
</arguments>
<kw name="Set Focus To Element" library="SeleniumLibrary">
<doc>Sets the focus to the element identified by ``locator``.</doc>
<arguments>
<arg>${arg1}</arg>
</arguments>
<status status="PASS" starttime="20200114 14:10:39.431" endtime="20200114 14:10:39.697"></status>
</kw>
<status status="PASS" starttime="20200114 14:10:39.430" endtime="20200114 14:10:39.698"></status>
</kw>
<kw name="Tiempo" library="recursos">
<arguments>
<arg>.8</arg>
</arguments>
<kw name="Set Selenium Speed" library="SeleniumLibrary">
<doc>Sets the delay that is waited after each Selenium command.</doc>
<arguments>
<arg>${arg1} seconds</arg>
</arguments>
<status status="PASS" starttime="20200114 14:10:39.700" endtime="20200114 14:10:39.700"></status>
</kw>
<status status="PASS" starttime="20200114 14:10:39.699" endtime="20200114 14:10:39.701"></status>
</kw>
<kw name="Ventana" library="recursos">
<arguments>
<arg>1800</arg>
<arg>1000</arg>
</arguments>
<kw name="Set Window Size" library="SeleniumLibrary">
<doc>Sets current windows size to given ``width`` and ``height``.</doc>
<arguments>
<arg>${arg1}</arg>
<arg>${arg2}</arg>
</arguments>
<status status="PASS" starttime="20200114 14:10:39.703" endtime="20200114 14:10:41.636"></status>
</kw>
<status status="PASS" starttime="20200114 14:10:39.702" endtime="20200114 14:10:41.637"></status>
</kw>
<kw name="Ventana" library="recursos">
<arguments>
<arg>1300</arg>
<arg>1000</arg>
</arguments>
<kw name="Set Window Size" library="SeleniumLibrary">
<doc>Sets current windows size to given ``width`` and ``height``.</doc>
<arguments>
<arg>${arg1}</arg>
<arg>${arg2}</arg>
</arguments>
<status status="PASS" starttime="20200114 14:10:41.639" endtime="20200114 14:10:42.566"></status>
</kw>
<status status="PASS" starttime="20200114 14:10:41.638" endtime="20200114 14:10:42.566"></status>
</kw>
<kw name="Tiempo" library="recursos">
<arguments>
<arg>.1</arg>
</arguments>
<kw name="Set Selenium Speed" library="SeleniumLibrary">
<doc>Sets the delay that is waited after each Selenium command.</doc>
<arguments>
<arg>${arg1} seconds</arg>
</arguments>
<status status="PASS" starttime="20200114 14:10:42.569" endtime="20200114 14:10:42.569"></status>
</kw>
<status status="PASS" starttime="20200114 14:10:42.567" endtime="20200114 14:10:42.570"></status>
</kw>
<kw name="${item} IN [ @{items} ]" type="for">
<kw name="${item} = 1" type="foritem">
<kw name="Focus" library="recursos">
<arguments>
<arg>xpath=(//a[@class='product-name'])[${item}]</arg>
</arguments>
<kw name="Set Focus To Element" library="SeleniumLibrary">
<doc>Sets the focus to the element identified by ``locator``.</doc>
<arguments>
<arg>${arg1}</arg>
</arguments>
<status status="PASS" starttime="20200114 14:10:42.573" endtime="20200114 14:10:42.819"></status>
</kw>
<status status="PASS" starttime="20200114 14:10:42.571" endtime="20200114 14:10:42.819"></status>
</kw>
<kw name="Get Text" library="SeleniumLibrary">
<doc>Returns the text value of the element identified by ``locator``.</doc>
<arguments>
<arg>xpath=(//a[@class='product-name'])[${item}]</arg>
</arguments>
<assign>
<var>${nomT}</var>
</assign>
<msg timestamp="20200114 14:10:43.043" level="INFO">${nomT} = Faded Short Sleeve T-shirts</msg>
<status status="PASS" starttime="20200114 14:10:42.819" endtime="20200114 14:10:43.043"></status>
</kw>
<kw name="Log" library="BuiltIn">
<doc>Logs the given message with the given level.</doc>
<arguments>
<arg>${nomT}</arg>
</arguments>
<msg timestamp="20200114 14:10:43.044" level="INFO">Faded Short Sleeve T-shirts</msg>
<status status="PASS" starttime="20200114 14:10:43.043" endtime="20200114 14:10:43.044"></status>
</kw>
<kw name="MO" library="recursos">
<arguments>
<arg>xpath=(//img[@width='250'])[${item}]</arg>
</arguments>
<kw name="Mouse Over" library="SeleniumLibrary">
<doc>Simulates hovering the mouse over the element ``locator``.</doc>
<arguments>
<arg>${arg1}</arg>
</arguments>
<msg timestamp="20200114 14:10:43.045" level="INFO">Simulating Mouse Over on element 'xpath=(//img[@width='250'])[1]'.</msg>
<status status="PASS" starttime="20200114 14:10:43.045" endtime="20200114 14:10:43.818"></status>
</kw>
<status status="PASS" starttime="20200114 14:10:43.044" endtime="20200114 14:10:43.818"></status>
</kw>
<kw name="Click" library="recursos">
<arguments>
<arg>xpath=(//span[contains(.,'Quick view')])[${item}]</arg>
</arguments>
<kw name="Click Element" library="SeleniumLibrary">
<doc>Click the element identified by ``locator``.</doc>
<arguments>
<arg>${arg1}</arg>
</arguments>
<msg timestamp="20200114 14:10:43.820" level="INFO">Clicking element 'xpath=(//span[contains(.,'Quick view')])[1]'.</msg>
<status status="PASS" starttime="20200114 14:10:43.820" endtime="20200114 14:10:44.129"></status>
</kw>
<status status="PASS" starttime="20200114 14:10:43.819" endtime="20200114 14:10:44.129"></status>
</kw>
<kw name="Visible" library="recursos">
<arguments>
<arg>xpath=//*[@id="index"]/div[2]/div/div/div/div/iframe</arg>
</arguments>
<kw name="Wait Until Element Is Visible" library="SeleniumLibrary">
<doc>Waits until the element ``locator`` is visible.</doc>
<arguments>
<arg>${arg1}</arg>
</arguments>
<status status="PASS" starttime="20200114 14:10:44.131" endtime="20200114 14:10:45.269"></status>
</kw>
<status status="PASS" starttime="20200114 14:10:44.130" endtime="20200114 14:10:45.269"></status>
</kw>
<kw name="SF" library="recursos">
<arguments>
<arg>xpath=//*[@id="index"]/div[2]/div/div/div/div/iframe</arg>
</arguments>
<kw name="Select Frame" library="SeleniumLibrary">
<doc>Sets frame identified by ``locator`` as the current frame.</doc>
<arguments>
<arg>${arg1}</arg>
</arguments>
<msg timestamp="20200114 14:10:45.269" level="INFO">Selecting frame 'xpath=//*[@id="index"]/div[2]/div/div/div/div/iframe'.</msg>
<status status="PASS" starttime="20200114 14:10:45.269" endtime="20200114 14:10:45.496"></status>
</kw>
<status status="PASS" starttime="20200114 14:10:45.269" endtime="20200114 14:10:45.496"></status>
</kw>
<kw name="Visible" library="recursos">
<arguments>
<arg>${titulo}</arg>
</arguments>
<kw name="Wait Until Element Is Visible" library="SeleniumLibrary">
<doc>Waits until the element ``locator`` is visible.</doc>
<arguments>
<arg>${arg1}</arg>
</arguments>
<status status="PASS" starttime="20200114 14:10:45.496" endtime="20200114 14:10:45.718"></status>
</kw>
<status status="PASS" starttime="20200114 14:10:45.496" endtime="20200114 14:10:45.718"></status>
</kw>
<kw name="Log" library="BuiltIn">
<doc>Logs the given message with the given level.</doc>
<arguments>
<arg>${titulo}</arg>
</arguments>
<msg timestamp="20200114 14:10:45.719" level="INFO">xpath=//h1[contains(@itemprop,'name')]</msg>
<status status="PASS" starttime="20200114 14:10:45.718" endtime="20200114 14:10:45.719"></status>
</kw>
<kw name="Comparar" library="recursos">
<arguments>
<arg>${titulo}</arg>
<arg>${nomT}</arg>
</arguments>
<kw name="Element Text Should Be" library="SeleniumLibrary">
<doc>Verifies that element ``locator`` contains exact the text ``expected``.</doc>
<arguments>
<arg>${arg1}</arg>
<arg>${arg2}</arg>
</arguments>
<msg timestamp="20200114 14:10:45.719" level="INFO">Verifying element 'xpath=//h1[contains(@itemprop,'name')]' contains exact text 'Faded Short Sleeve T-shirts'.</msg>
<status status="PASS" starttime="20200114 14:10:45.719" endtime="20200114 14:10:45.942"></status>
</kw>
<status status="PASS" starttime="20200114 14:10:45.719" endtime="20200114 14:10:45.942"></status>
</kw>
<kw name="USF" library="recursos">
<kw name="Unselect Frame" library="SeleniumLibrary">
<doc>Sets the main frame as the current frame.</doc>
<status status="PASS" starttime="20200114 14:10:45.942" endtime="20200114 14:10:46.045"></status>
</kw>
<status status="PASS" starttime="20200114 14:10:45.942" endtime="20200114 14:10:46.045"></status>
</kw>
<kw name="Click" library="recursos">
<arguments>
<arg>xpath=//a[@title='Close']</arg>
</arguments>
<kw name="Click Element" library="SeleniumLibrary">
<doc>Click the element identified by ``locator``.</doc>
<arguments>
<arg>${arg1}</arg>
</arguments>
<msg timestamp="20200114 14:10:46.046" level="INFO">Clicking element 'xpath=//a[@title='Close']'.</msg>
<status status="PASS" starttime="20200114 14:10:46.046" endtime="20200114 14:10:46.299"></status>
</kw>
<status status="PASS" starttime="20200114 14:10:46.045" endtime="20200114 14:10:46.299"></status>
</kw>
<status status="PASS" starttime="20200114 14:10:42.571" endtime="20200114 14:10:46.299"></status>
</kw>
<kw name="${item} = 2" type="foritem">
<kw name="Focus" library="recursos">
<arguments>
<arg>xpath=(//a[@class='product-name'])[${item}]</arg>
</arguments>
<kw name="Set Focus To Element" library="SeleniumLibrary">
<doc>Sets the focus to the element identified by ``locator``.</doc>
<arguments>
<arg>${arg1}</arg>
</arguments>
<status status="PASS" starttime="20200114 14:10:46.299" endtime="20200114 14:10:46.518"></status>
</kw>
<status status="PASS" starttime="20200114 14:10:46.299" endtime="20200114 14:10:46.518"></status>
</kw>
<kw name="Get Text" library="SeleniumLibrary">
<doc>Returns the text value of the element identified by ``locator``.</doc>
<arguments>
<arg>xpath=(//a[@class='product-name'])[${item}]</arg>
</arguments>
<assign>
<var>${nomT}</var>
</assign>
<msg timestamp="20200114 14:10:46.739" level="INFO">${nomT} = Blouse</msg>
<status status="PASS" starttime="20200114 14:10:46.518" endtime="20200114 14:10:46.739"></status>
</kw>
<kw name="Log" library="BuiltIn">
<doc>Logs the given message with the given level.</doc>
<arguments>
<arg>${nomT}</arg>
</arguments>
<msg timestamp="20200114 14:10:46.739" level="INFO">Blouse</msg>
<status status="PASS" starttime="20200114 14:10:46.739" endtime="20200114 14:10:46.740"></status>
</kw>
<kw name="MO" library="recursos">
<arguments>
<arg>xpath=(//img[@width='250'])[${item}]</arg>
</arguments>
<kw name="Mouse Over" library="SeleniumLibrary">
<doc>Simulates hovering the mouse over the element ``locator``.</doc>
<arguments>
<arg>${arg1}</arg>
</arguments>
<msg timestamp="20200114 14:10:46.740" level="INFO">Simulating Mouse Over on element 'xpath=(//img[@width='250'])[2]'.</msg>
<status status="PASS" starttime="20200114 14:10:46.740" endtime="20200114 14:10:47.469"></status>
</kw>
<status status="PASS" starttime="20200114 14:10:46.740" endtime="20200114 14:10:47.469"></status>
</kw>
<kw name="Click" library="recursos">
<arguments>
<arg>xpath=(//span[contains(.,'Quick view')])[${item}]</arg>
</arguments>
<kw name="Click Element" library="SeleniumLibrary">
<doc>Click the element identified by ``locator``.</doc>
<arguments>
<arg>${arg1}</arg>
</arguments>
<msg timestamp="20200114 14:10:47.469" level="INFO">Clicking element 'xpath=(//span[contains(.,'Quick view')])[2]'.</msg>
<status status="PASS" starttime="20200114 14:10:47.469" endtime="20200114 14:10:47.753"></status>
</kw>
<status status="PASS" starttime="20200114 14:10:47.469" endtime="20200114 14:10:47.753"></status>
</kw>
<kw name="Visible" library="recursos">
<arguments>
<arg>xpath=//*[@id="index"]/div[2]/div/div/div/div/iframe</arg>
</arguments>
<kw name="Wait Until Element Is Visible" library="SeleniumLibrary">
<doc>Waits until the element ``locator`` is visible.</doc>
<arguments>
<arg>${arg1}</arg>
</arguments>
<status status="PASS" starttime="20200114 14:10:47.753" endtime="20200114 14:10:48.850"></status>
</kw>
<status status="PASS" starttime="20200114 14:10:47.753" endtime="20200114 14:10:48.850"></status>
</kw>
<kw name="SF" library="recursos">
<arguments>
<arg>xpath=//*[@id="index"]/div[2]/div/div/div/div/iframe</arg>
</arguments>
<kw name="Select Frame" library="SeleniumLibrary">
<doc>Sets frame identified by ``locator`` as the current frame.</doc>
<arguments>
<arg>${arg1}</arg>
</arguments>
<msg timestamp="20200114 14:10:48.851" level="INFO">Selecting frame 'xpath=//*[@id="index"]/div[2]/div/div/div/div/iframe'.</msg>
<status status="PASS" starttime="20200114 14:10:48.851" endtime="20200114 14:10:49.081"></status>
</kw>
<status status="PASS" starttime="20200114 14:10:48.851" endtime="20200114 14:10:49.081"></status>
</kw>
<kw name="Visible" library="recursos">
<arguments>
<arg>${titulo}</arg>
</arguments>
<kw name="Wait Until Element Is Visible" library="SeleniumLibrary">
<doc>Waits until the element ``locator`` is visible.</doc>
<arguments>
<arg>${arg1}</arg>
</arguments>
<status status="PASS" starttime="20200114 14:10:49.081" endtime="20200114 14:10:49.321"></status>
</kw>
<status status="PASS" starttime="20200114 14:10:49.081" endtime="20200114 14:10:49.321"></status>
</kw>
<kw name="Log" library="BuiltIn">
<doc>Logs the given message with the given level.</doc>
<arguments>
<arg>${titulo}</arg>
</arguments>
<msg timestamp="20200114 14:10:49.322" level="INFO">xpath=//h1[contains(@itemprop,'name')]</msg>
<status status="PASS" starttime="20200114 14:10:49.321" endtime="20200114 14:10:49.322"></status>
</kw>
<kw name="Comparar" library="recursos">
<arguments>
<arg>${titulo}</arg>
<arg>${nomT}</arg>
</arguments>
<kw name="Element Text Should Be" library="SeleniumLibrary">
<doc>Verifies that element ``locator`` contains exact the text ``expected``.</doc>
<arguments>
<arg>${arg1}</arg>
<arg>${arg2}</arg>
</arguments>
<msg timestamp="20200114 14:10:49.323" level="INFO">Verifying element 'xpath=//h1[contains(@itemprop,'name')]' contains exact text 'Blouse'.</msg>
<status status="PASS" starttime="20200114 14:10:49.323" endtime="20200114 14:10:49.570"></status>
</kw>
<status status="PASS" starttime="20200114 14:10:49.322" endtime="20200114 14:10:49.570"></status>
</kw>
<kw name="USF" library="recursos">
<kw name="Unselect Frame" library="SeleniumLibrary">
<doc>Sets the main frame as the current frame.</doc>
<status status="PASS" starttime="20200114 14:10:49.572" endtime="20200114 14:10:49.679"></status>
</kw>
<status status="PASS" starttime="20200114 14:10:49.571" endtime="20200114 14:10:49.679"></status>
</kw>
<kw name="Click" library="recursos">
<arguments>
<arg>xpath=//a[@title='Close']</arg>
</arguments>
<kw name="Click Element" library="SeleniumLibrary">
<doc>Click the element identified by ``locator``.</doc>
<arguments>
<arg>${arg1}</arg>
</arguments>
<msg timestamp="20200114 14:10:49.681" level="INFO">Clicking element 'xpath=//a[@title='Close']'.</msg>
<status status="PASS" starttime="20200114 14:10:49.681" endtime="20200114 14:10:49.974"></status>
</kw>
<status status="PASS" starttime="20200114 14:10:49.680" endtime="20200114 14:10:49.975"></status>
</kw>
<status status="PASS" starttime="20200114 14:10:46.299" endtime="20200114 14:10:49.975"></status>
</kw>
<kw name="${item} = 3" type="foritem">
<kw name="Focus" library="recursos">
<arguments>
<arg>xpath=(//a[@class='product-name'])[${item}]</arg>
</arguments>
<kw name="Set Focus To Element" library="SeleniumLibrary">
<doc>Sets the focus to the element identified by ``locator``.</doc>
<arguments>
<arg>${arg1}</arg>
</arguments>
<status status="PASS" starttime="20200114 14:10:49.977" endtime="20200114 14:10:50.217"></status>
</kw>
<status status="PASS" starttime="20200114 14:10:49.976" endtime="20200114 14:10:50.218"></status>
</kw>
<kw name="Get Text" library="SeleniumLibrary">
<doc>Returns the text value of the element identified by ``locator``.</doc>
<arguments>
<arg>xpath=(//a[@class='product-name'])[${item}]</arg>
</arguments>
<assign>
<var>${nomT}</var>
</assign>
<msg timestamp="20200114 14:10:50.481" level="INFO">${nomT} = Printed Dress</msg>
<status status="PASS" starttime="20200114 14:10:50.218" endtime="20200114 14:10:50.482"></status>
</kw>
<kw name="Log" library="BuiltIn">
<doc>Logs the given message with the given level.</doc>
<arguments>
<arg>${nomT}</arg>
</arguments>
<msg timestamp="20200114 14:10:50.483" level="INFO">Printed Dress</msg>
<status status="PASS" starttime="20200114 14:10:50.482" endtime="20200114 14:10:50.483"></status>
</kw>
<kw name="MO" library="recursos">
<arguments>
<arg>xpath=(//img[@width='250'])[${item}]</arg>
</arguments>
<kw name="Mouse Over" library="SeleniumLibrary">
<doc>Simulates hovering the mouse over the element ``locator``.</doc>
<arguments>
<arg>${arg1}</arg>
</arguments>
<msg timestamp="20200114 14:10:50.485" level="INFO">Simulating Mouse Over on element 'xpath=(//img[@width='250'])[3]'.</msg>
<status status="PASS" starttime="20200114 14:10:50.484" endtime="20200114 14:10:51.244"></status>
</kw>
<status status="PASS" starttime="20200114 14:10:50.483" endtime="20200114 14:10:51.244"></status>
</kw>
<kw name="Click" library="recursos">
<arguments>
<arg>xpath=(//span[contains(.,'Quick view')])[${item}]</arg>
</arguments>
<kw name="Click Element" library="SeleniumLibrary">
<doc>Click the element identified by ``locator``.</doc>
<arguments>
<arg>${arg1}</arg>
</arguments>
<msg timestamp="20200114 14:10:51.246" level="INFO">Clicking element 'xpath=(//span[contains(.,'Quick view')])[3]'.</msg>
<status status="PASS" starttime="20200114 14:10:51.246" endtime="20200114 14:10:51.606"></status>
</kw>
<status status="PASS" starttime="20200114 14:10:51.245" endtime="20200114 14:10:51.606"></status>
</kw>
<kw name="Visible" library="recursos">
<arguments>
<arg>xpath=//*[@id="index"]/div[2]/div/div/div/div/iframe</arg>
</arguments>
<kw name="Wait Until Element Is Visible" library="SeleniumLibrary">
<doc>Waits until the element ``locator`` is visible.</doc>
<arguments>
<arg>${arg1}</arg>
</arguments>
<status status="PASS" starttime="20200114 14:10:51.607" endtime="20200114 14:10:52.725"></status>
</kw>
<status status="PASS" starttime="20200114 14:10:51.606" endtime="20200114 14:10:52.725"></status>
</kw>
<kw name="SF" library="recursos">
<arguments>
<arg>xpath=//*[@id="index"]/div[2]/div/div/div/div/iframe</arg>
</arguments>
<kw name="Select Frame" library="SeleniumLibrary">
<doc>Sets frame identified by ``locator`` as the current frame.</doc>
<arguments>
<arg>${arg1}</arg>
</arguments>
<msg timestamp="20200114 14:10:52.727" level="INFO">Selecting frame 'xpath=//*[@id="index"]/div[2]/div/div/div/div/iframe'.</msg>
<status status="PASS" starttime="20200114 14:10:52.726" endtime="20200114 14:10:52.970"></status>
</kw>
<status status="PASS" starttime="20200114 14:10:52.726" endtime="20200114 14:10:52.970"></status>
</kw>
<kw name="Visible" library="recursos">
<arguments>
<arg>${titulo}</arg>
</arguments>
<kw name="Wait Until Element Is Visible" library="SeleniumLibrary">
<doc>Waits until the element ``locator`` is visible.</doc>
<arguments>
<arg>${arg1}</arg>
</arguments>
<status status="PASS" starttime="20200114 14:10:52.971" endtime="20200114 14:10:53.225"></status>
</kw>
<status status="PASS" starttime="20200114 14:10:52.971" endtime="20200114 14:10:53.226"></status>
</kw>
<kw name="Log" library="BuiltIn">
<doc>Logs the given message with the given level.</doc>
<arguments>
<arg>${titulo}</arg>
</arguments>
<msg timestamp="20200114 14:10:53.227" level="INFO">xpath=//h1[contains(@itemprop,'name')]</msg>
<status status="PASS" starttime="20200114 14:10:53.226" endtime="20200114 14:10:53.227"></status>
</kw>
<kw name="Comparar" library="recursos">
<arguments>
<arg>${titulo}</arg>
<arg>${nomT}</arg>
</arguments>
<kw name="Element Text Should Be" library="SeleniumLibrary">
<doc>Verifies that element ``locator`` contains exact the text ``expected``.</doc>
<arguments>
<arg>${arg1}</arg>
<arg>${arg2}</arg>
</arguments>
<msg timestamp="20200114 14:10:53.229" level="INFO">Verifying element 'xpath=//h1[contains(@itemprop,'name')]' contains exact text 'Printed Dress'.</msg>
<status status="PASS" starttime="20200114 14:10:53.228" endtime="20200114 14:10:53.474"></status>
</kw>
<status status="PASS" starttime="20200114 14:10:53.227" endtime="20200114 14:10:53.474"></status>
</kw>
<kw name="USF" library="recursos">
<kw name="Unselect Frame" library="SeleniumLibrary">
<doc>Sets the main frame as the current frame.</doc>
<status status="PASS" starttime="20200114 14:10:53.476" endtime="20200114 14:10:53.582"></status>
</kw>
<status status="PASS" starttime="20200114 14:10:53.475" endtime="20200114 14:10:53.582"></status>
</kw>
<kw name="Click" library="recursos">
<arguments>
<arg>xpath=//a[@title='Close']</arg>
</arguments>
<kw name="Click Element" library="SeleniumLibrary">
<doc>Click the element identified by ``locator``.</doc>
<arguments>
<arg>${arg1}</arg>
</arguments>
<msg timestamp="20200114 14:10:53.584" level="INFO">Clicking element 'xpath=//a[@title='Close']'.</msg>
<status status="PASS" starttime="20200114 14:10:53.584" endtime="20200114 14:10:53.902"></status>
</kw>
<status status="PASS" starttime="20200114 14:10:53.583" endtime="20200114 14:10:53.902"></status>
</kw>
<status status="PASS" starttime="20200114 14:10:49.975" endtime="20200114 14:10:53.902"></status>
</kw>
<kw name="${item} = 4" type="foritem">
<kw name="Focus" library="recursos">
<arguments>
<arg>xpath=(//a[@class='product-name'])[${item}]</arg>
</arguments>
<kw name="Set Focus To Element" library="SeleniumLibrary">
<doc>Sets the focus to the element identified by ``locator``.</doc>
<arguments>
<arg>${arg1}</arg>
</arguments>
<status status="PASS" starttime="20200114 14:10:53.903" endtime="20200114 14:10:54.129"></status>
</kw>
<status status="PASS" starttime="20200114 14:10:53.902" endtime="20200114 14:10:54.129"></status>
</kw>
<kw name="Get Text" library="SeleniumLibrary">
<doc>Returns the text value of the element identified by ``locator``.</doc>
<arguments>
<arg>xpath=(//a[@class='product-name'])[${item}]</arg>
</arguments>
<assign>
<var>${nomT}</var>
</assign>
<msg timestamp="20200114 14:10:54.382" level="INFO">${nomT} = Printed Dress</msg>
<status status="PASS" starttime="20200114 14:10:54.130" endtime="20200114 14:10:54.383"></status>
</kw>
<kw name="Log" library="BuiltIn">
<doc>Logs the given message with the given level.</doc>
<arguments>
<arg>${nomT}</arg>
</arguments>
<msg timestamp="20200114 14:10:54.384" level="INFO">Printed Dress</msg>
<status status="PASS" starttime="20200114 14:10:54.383" endtime="20200114 14:10:54.384"></status>
</kw>
<kw name="MO" library="recursos">
<arguments>
<arg>xpath=(//img[@width='250'])[${item}]</arg>
</arguments>
<kw name="Mouse Over" library="SeleniumLibrary">
<doc>Simulates hovering the mouse over the element ``locator``.</doc>
<arguments>
<arg>${arg1}</arg>
</arguments>
<msg timestamp="20200114 14:10:54.386" level="INFO">Simulating Mouse Over on element 'xpath=(//img[@width='250'])[4]'.</msg>
<status status="PASS" starttime="20200114 14:10:54.385" endtime="20200114 14:10:55.169"></status>
</kw>
<status status="PASS" starttime="20200114 14:10:54.384" endtime="20200114 14:10:55.169"></status>
</kw>
<kw name="Click" library="recursos">
<arguments>
<arg>xpath=(//span[contains(.,'Quick view')])[${item}]</arg>
</arguments>
<kw name="Click Element" library="SeleniumLibrary">
<doc>Click the element identified by ``locator``.</doc>
<arguments>
<arg>${arg1}</arg>
</arguments>
<msg timestamp="20200114 14:10:55.172" level="INFO">Clicking element 'xpath=(//span[contains(.,'Quick view')])[4]'.</msg>
<status status="PASS" starttime="20200114 14:10:55.171" endtime="20200114 14:10:55.532"></status>
</kw>
<status status="PASS" starttime="20200114 14:10:55.170" endtime="20200114 14:10:55.533"></status>
</kw>
<kw name="Visible" library="recursos">
<arguments>
<arg>xpath=//*[@id="index"]/div[2]/div/div/div/div/iframe</arg>
</arguments>
<kw name="Wait Until Element Is Visible" library="SeleniumLibrary">
<doc>Waits until the element ``locator`` is visible.</doc>
<arguments>
<arg>${arg1}</arg>
</arguments>
<status status="PASS" starttime="20200114 14:10:55.533" endtime="20200114 14:10:56.672"></status>
</kw>
<status status="PASS" starttime="20200114 14:10:55.533" endtime="20200114 14:10:56.672"></status>
</kw>
<kw name="SF" library="recursos">
<arguments>
<arg>xpath=//*[@id="index"]/div[2]/div/div/div/div/iframe</arg>
</arguments>
<kw name="Select Frame" library="SeleniumLibrary">
<doc>Sets frame identified by ``locator`` as the current frame.</doc>
<arguments>
<arg>${arg1}</arg>
</arguments>
<msg timestamp="20200114 14:10:56.673" level="INFO">Selecting frame 'xpath=//*[@id="index"]/div[2]/div/div/div/div/iframe'.</msg>
<status status="PASS" starttime="20200114 14:10:56.672" endtime="20200114 14:10:56.900"></status>
</kw>
<status status="PASS" starttime="20200114 14:10:56.672" endtime="20200114 14:10:56.900"></status>
</kw>
<kw name="Visible" library="recursos">
<arguments>
<arg>${titulo}</arg>
</arguments>
<kw name="Wait Until Element Is Visible" library="SeleniumLibrary">
<doc>Waits until the element ``locator`` is visible.</doc>
<arguments>
<arg>${arg1}</arg>
</arguments>
<status status="PASS" starttime="20200114 14:10:56.901" endtime="20200114 14:10:57.146"></status>
</kw>
<status status="PASS" starttime="20200114 14:10:56.901" endtime="20200114 14:10:57.146"></status>
</kw>
<kw name="Log" library="BuiltIn">
<doc>Logs the given message with the given level.</doc>
<arguments>
<arg>${titulo}</arg>
</arguments>
<msg timestamp="20200114 14:10:57.147" level="INFO">xpath=//h1[contains(@itemprop,'name')]</msg>
<status status="PASS" starttime="20200114 14:10:57.147" endtime="20200114 14:10:57.148"></status>
</kw>
<kw name="Comparar" library="recursos">
<arguments>
<arg>${titulo}</arg>
<arg>${nomT}</arg>
</arguments>
<kw name="Element Text Should Be" library="SeleniumLibrary">
<doc>Verifies that element ``locator`` contains exact the text ``expected``.</doc>
<arguments>
<arg>${arg1}</arg>
<arg>${arg2}</arg>
</arguments>
<msg timestamp="20200114 14:10:57.150" level="INFO">Verifying element 'xpath=//h1[contains(@itemprop,'name')]' contains exact text 'Printed Dress'.</msg>
<status status="PASS" starttime="20200114 14:10:57.149" endtime="20200114 14:10:57.413"></status>
</kw>
<status status="PASS" starttime="20200114 14:10:57.148" endtime="20200114 14:10:57.413"></status>
</kw>
<kw name="USF" library="recursos">
<kw name="Unselect Frame" library="SeleniumLibrary">
<doc>Sets the main frame as the current frame.</doc>
<status status="PASS" starttime="20200114 14:10:57.415" endtime="20200114 14:10:57.522"></status>
</kw>
<status status="PASS" starttime="20200114 14:10:57.414" endtime="20200114 14:10:57.522"></status>
</kw>
<kw name="Click" library="recursos">
<arguments>
<arg>xpath=//a[@title='Close']</arg>
</arguments>
<kw name="Click Element" library="SeleniumLibrary">
<doc>Click the element identified by ``locator``.</doc>
<arguments>
<arg>${arg1}</arg>
</arguments>
<msg timestamp="20200114 14:10:57.524" level="INFO">Clicking element 'xpath=//a[@title='Close']'.</msg>
<status status="PASS" starttime="20200114 14:10:57.524" endtime="20200114 14:10:57.830"></status>
</kw>
<status status="PASS" starttime="20200114 14:10:57.523" endtime="20200114 14:10:57.830"></status>
</kw>
<status status="PASS" starttime="20200114 14:10:53.902" endtime="20200114 14:10:57.830"></status>
</kw>
<kw name="${item} = 5" type="foritem">
<kw name="Focus" library="recursos">
<arguments>
<arg>xpath=(//a[@class='product-name'])[${item}]</arg>
</arguments>
<kw name="Set Focus To Element" library="SeleniumLibrary">
<doc>Sets the focus to the element identified by ``locator``.</doc>
<arguments>
<arg>${arg1}</arg>
</arguments>
<status status="PASS" starttime="20200114 14:10:57.832" endtime="20200114 14:10:58.066"></status>
</kw>
<status status="PASS" starttime="20200114 14:10:57.831" endtime="20200114 14:10:58.067"></status>
</kw>
<kw name="Get Text" library="SeleniumLibrary">
<doc>Returns the text value of the element identified by ``locator``.</doc>
<arguments>
<arg>xpath=(//a[@class='product-name'])[${item}]</arg>
</arguments>
<assign>
<var>${nomT}</var>
</assign>
<msg timestamp="20200114 14:10:58.316" level="INFO">${nomT} = Printed Summer Dress</msg>
<status status="PASS" starttime="20200114 14:10:58.067" endtime="20200114 14:10:58.317"></status>
</kw>
<kw name="Log" library="BuiltIn">
<doc>Logs the given message with the given level.</doc>
<arguments>
<arg>${nomT}</arg>
</arguments>
<msg timestamp="20200114 14:10:58.318" level="INFO">Printed Summer Dress</msg>
<status status="PASS" starttime="20200114 14:10:58.317" endtime="20200114 14:10:58.318"></status>
</kw>
<kw name="MO" library="recursos">
<arguments>
<arg>xpath=(//img[@width='250'])[${item}]</arg>
</arguments>
<kw name="Mouse Over" library="SeleniumLibrary">
<doc>Simulates hovering the mouse over the element ``locator``.</doc>
<arguments>
<arg>${arg1}</arg>
</arguments>
<msg timestamp="20200114 14:10:58.320" level="INFO">Simulating Mouse Over on element 'xpath=(//img[@width='250'])[5]'.</msg>
<status status="PASS" starttime="20200114 14:10:58.319" endtime="20200114 14:10:59.106"></status>
</kw>
<status status="PASS" starttime="20200114 14:10:58.318" endtime="20200114 14:10:59.106"></status>
</kw>
<kw name="Click" library="recursos">
<arguments>
<arg>xpath=(//span[contains(.,'Quick view')])[${item}]</arg>
</arguments>
<kw name="Click Element" library="SeleniumLibrary">
<doc>Click the element identified by ``locator``.</doc>
<arguments>
<arg>${arg1}</arg>
</arguments>
<msg timestamp="20200114 14:10:59.109" level="INFO">Clicking element 'xpath=(//span[contains(.,'Quick view')])[5]'.</msg>
<status status="PASS" starttime="20200114 14:10:59.108" endtime="20200114 14:10:59.461"></status>
</kw>
<status status="PASS" starttime="20200114 14:10:59.107" endtime="20200114 14:10:59.461"></status>
</kw>
<kw name="Visible" library="recursos">
<arguments>
<arg>xpath=//*[@id="index"]/div[2]/div/div/div/div/iframe</arg>
</arguments>
<kw name="Wait Until Element Is Visible" library="SeleniumLibrary">
<doc>Waits until the element ``locator`` is visible.</doc>
<arguments>
<arg>${arg1}</arg>
</arguments>
<status status="PASS" starttime="20200114 14:10:59.462" endtime="20200114 14:11:01.044"></status>
</kw>
<status status="PASS" starttime="20200114 14:10:59.462" endtime="20200114 14:11:01.044"></status>
</kw>
<kw name="SF" library="recursos">
<arguments>
<arg>xpath=//*[@id="index"]/div[2]/div/div/div/div/iframe</arg>
</arguments>
<kw name="Select Frame" library="SeleniumLibrary">
<doc>Sets frame identified by ``locator`` as the current frame.</doc>
<arguments>
<arg>${arg1}</arg>
</arguments>
<msg timestamp="20200114 14:11:01.045" level="INFO">Selecting frame 'xpath=//*[@id="index"]/div[2]/div/div/div/div/iframe'.</msg>
<status status="PASS" starttime="20200114 14:11:01.044" endtime="20200114 14:11:01.274"></status>
</kw>
<status status="PASS" starttime="20200114 14:11:01.044" endtime="20200114 14:11:01.274"></status>
</kw>
<kw name="Visible" library="recursos">
<arguments>
<arg>${titulo}</arg>
</arguments>
<kw name="Wait Until Element Is Visible" library="SeleniumLibrary">
<doc>Waits until the element ``locator`` is visible.</doc>
<arguments>
<arg>${arg1}</arg>
</arguments>
<status status="PASS" starttime="20200114 14:11:01.276" endtime="20200114 14:11:01.525"></status>
</kw>
<status status="PASS" starttime="20200114 14:11:01.275" endtime="20200114 14:11:01.525"></status>
</kw>
<kw name="Log" library="BuiltIn">
<doc>Logs the given message with the given level.</doc>
<arguments>
<arg>${titulo}</arg>
</arguments>
<msg timestamp="20200114 14:11:01.526" level="INFO">xpath=//h1[contains(@itemprop,'name')]</msg>
<status status="PASS" starttime="20200114 14:11:01.526" endtime="20200114 14:11:01.526"></status>
</kw>
<kw name="Comparar" library="recursos">
<arguments>
<arg>${titulo}</arg>
<arg>${nomT}</arg>
</arguments>
<kw name="Element Text Should Be" library="SeleniumLibrary">
<doc>Verifies that element ``locator`` contains exact the text ``expected``.</doc>
<arguments>
<arg>${arg1}</arg>
<arg>${arg2}</arg>
</arguments>
<msg timestamp="20200114 14:11:01.528" level="INFO">Verifying element 'xpath=//h1[contains(@itemprop,'name')]' contains exact text 'Printed Summer Dress'.</msg>
<status status="PASS" starttime="20200114 14:11:01.528" endtime="20200114 14:11:01.781"></status>
</kw>
<status status="PASS" starttime="20200114 14:11:01.527" endtime="20200114 14:11:01.781"></status>
</kw>
<kw name="USF" library="recursos">
<kw name="Unselect Frame" library="SeleniumLibrary">
<doc>Sets the main frame as the current frame.</doc>
<status status="PASS" starttime="20200114 14:11:01.783" endtime="20200114 14:11:01.890"></status>
</kw>
<status status="PASS" starttime="20200114 14:11:01.782" endtime="20200114 14:11:01.890"></status>
</kw>
<kw name="Click" library="recursos">
<arguments>
<arg>xpath=//a[@title='Close']</arg>
</arguments>
<kw name="Click Element" library="SeleniumLibrary">
<doc>Click the element identified by ``locator``.</doc>
<arguments>
<arg>${arg1}</arg>
</arguments>
<msg timestamp="20200114 14:11:01.892" level="INFO">Clicking element 'xpath=//a[@title='Close']'.</msg>
<status status="PASS" starttime="20200114 14:11:01.892" endtime="20200114 14:11:02.206"></status>
</kw>
<status status="PASS" starttime="20200114 14:11:01.891" endtime="20200114 14:11:02.206"></status>
</kw>
<status status="PASS" starttime="20200114 14:10:57.831" endtime="20200114 14:11:02.207"></status>
</kw>
<kw name="${item} = 6" type="foritem">
<kw name="Focus" library="recursos">
<arguments>
<arg>xpath=(//a[@class='product-name'])[${item}]</arg>
</arguments>
<kw name="Set Focus To Element" library="SeleniumLibrary">
<doc>Sets the focus to the element identified by ``locator``.</doc>
<arguments>
<arg>${arg1}</arg>
</arguments>
<status status="PASS" starttime="20200114 14:11:02.210" endtime="20200114 14:11:02.473"></status>
</kw>
<status status="PASS" starttime="20200114 14:11:02.208" endtime="20200114 14:11:02.474"></status>
</kw>
<kw name="Get Text" library="SeleniumLibrary">
<doc>Returns the text value of the element identified by ``locator``.</doc>
<arguments>
<arg>xpath=(//a[@class='product-name'])[${item}]</arg>
</arguments>
<assign>
<var>${nomT}</var>
</assign>
<msg timestamp="20200114 14:11:02.744" level="INFO">${nomT} = Printed Summer Dress</msg>
<status status="PASS" starttime="20200114 14:11:02.474" endtime="20200114 14:11:02.744"></status>
</kw>
<kw name="Log" library="BuiltIn">
<doc>Logs the given message with the given level.</doc>
<arguments>
<arg>${nomT}</arg>
</arguments>
<msg timestamp="20200114 14:11:02.745" level="INFO">Printed Summer Dress</msg>
<status status="PASS" starttime="20200114 14:11:02.744" endtime="20200114 14:11:02.745"></status>
</kw>
<kw name="MO" library="recursos">
<arguments>
<arg>xpath=(//img[@width='250'])[${item}]</arg>
</arguments>
<kw name="Mouse Over" library="SeleniumLibrary">
<doc>Simulates hovering the mouse over the element ``locator``.</doc>
<arguments>
<arg>${arg1}</arg>
</arguments>
<msg timestamp="20200114 14:11:02.747" level="INFO">Simulating Mouse Over on element 'xpath=(//img[@width='250'])[6]'.</msg>
<status status="PASS" starttime="20200114 14:11:02.747" endtime="20200114 14:11:03.524"></status>
</kw>
<status status="PASS" starttime="20200114 14:11:02.746" endtime="20200114 14:11:03.524"></status>
</kw>
<kw name="Click" library="recursos">
<arguments>
<arg>xpath=(//span[contains(.,'Quick view')])[${item}]</arg>
</arguments>
<kw name="Click Element" library="SeleniumLibrary">
<doc>Click the element identified by ``locator``.</doc>
<arguments>
<arg>${arg1}</arg>
</arguments>
<msg timestamp="20200114 14:11:03.527" level="INFO">Clicking element 'xpath=(//span[contains(.,'Quick view')])[6]'.</msg>
<status status="PASS" starttime="20200114 14:11:03.526" endtime="20200114 14:11:03.870"></status>
</kw>
<status status="PASS" starttime="20200114 14:11:03.525" endtime="20200114 14:11:03.870"></status>
</kw>
<kw name="Visible" library="recursos">
<arguments>
<arg>xpath=//*[@id="index"]/div[2]/div/div/div/div/iframe</arg>
</arguments>
<kw name="Wait Until Element Is Visible" library="SeleniumLibrary">
<doc>Waits until the element ``locator`` is visible.</doc>
<arguments>
<arg>${arg1}</arg>
</arguments>
<status status="PASS" starttime="20200114 14:11:03.871" endtime="20200114 14:11:05.005"></status>
</kw>
<status status="PASS" starttime="20200114 14:11:03.870" endtime="20200114 14:11:05.005"></status>
</kw>
<kw name="SF" library="recursos">
<arguments>
<arg>xpath=//*[@id="index"]/div[2]/div/div/div/div/iframe</arg>
</arguments>
<kw name="Select Frame" library="SeleniumLibrary">
<doc>Sets frame identified by ``locator`` as the current frame.</doc>
<arguments>
<arg>${arg1}</arg>
</arguments>
<msg timestamp="20200114 14:11:05.006" level="INFO">Selecting frame 'xpath=//*[@id="index"]/div[2]/div/div/div/div/iframe'.</msg>
<status status="PASS" starttime="20200114 14:11:05.006" endtime="20200114 14:11:05.260"></status>
</kw>
<status status="PASS" starttime="20200114 14:11:05.006" endtime="20200114 14:11:05.260"></status>
</kw>
<kw name="Visible" library="recursos">
<arguments>
<arg>${titulo}</arg>
</arguments>
<kw name="Wait Until Element Is Visible" library="SeleniumLibrary">
<doc>Waits until the element ``locator`` is visible.</doc>
<arguments>
<arg>${arg1}</arg>
</arguments>
<status status="PASS" starttime="20200114 14:11:05.261" endtime="20200114 14:11:05.493"></status>
</kw>
<status status="PASS" starttime="20200114 14:11:05.261" endtime="20200114 14:11:05.493"></status>
</kw>
<kw name="Log" library="BuiltIn">
<doc>Logs the given message with the given level.</doc>
<arguments>
<arg>${titulo}</arg>
</arguments>
<msg timestamp="20200114 14:11:05.494" level="INFO">xpath=//h1[contains(@itemprop,'name')]</msg>
<status status="PASS" starttime="20200114 14:11:05.494" endtime="20200114 14:11:05.494"></status>
</kw>
<kw name="Comparar" library="recursos">
<arguments>
<arg>${titulo}</arg>
<arg>${nomT}</arg>
</arguments>
<kw name="Element Text Should Be" library="SeleniumLibrary">
<doc>Verifies that element ``locator`` contains exact the text ``expected``.</doc>
<arguments>
<arg>${arg1}</arg>
<arg>${arg2}</arg>
</arguments>
<msg timestamp="20200114 14:11:05.497" level="INFO">Verifying element 'xpath=//h1[contains(@itemprop,'name')]' contains exact text 'Printed Summer Dress'.</msg>
<status status="PASS" starttime="20200114 14:11:05.496" endtime="20200114 14:11:05.750"></status>
</kw>
<status status="PASS" starttime="20200114 14:11:05.495" endtime="20200114 14:11:05.751"></status>
</kw>
<kw name="USF" library="recursos">
<kw name="Unselect Frame" library="SeleniumLibrary">
<doc>Sets the main frame as the current frame.</doc>
<status status="PASS" starttime="20200114 14:11:05.752" endtime="20200114 14:11:05.858"></status>
</kw>
<status status="PASS" starttime="20200114 14:11:05.751" endtime="20200114 14:11:05.859"></status>
</kw>
<kw name="Click" library="recursos">
<arguments>
<arg>xpath=//a[@title='Close']</arg>
</arguments>
<kw name="Click Element" library="SeleniumLibrary">
<doc>Click the element identified by ``locator``.</doc>
<arguments>
<arg>${arg1}</arg>
</arguments>
<msg timestamp="20200114 14:11:05.861" level="INFO">Clicking element 'xpath=//a[@title='Close']'.</msg>
<status status="PASS" starttime="20200114 14:11:05.860" endtime="20200114 14:11:06.171"></status>
</kw>
<status status="PASS" starttime="20200114 14:11:05.859" endtime="20200114 14:11:06.171"></status>
</kw>
<status status="PASS" starttime="20200114 14:11:02.207" endtime="20200114 14:11:06.171"></status>
</kw>
<kw name="${item} = 7" type="foritem">
<kw name="Focus" library="recursos">
<arguments>
<arg>xpath=(//a[@class='product-name'])[${item}]</arg>
</arguments>
<kw name="Set Focus To Element" library="SeleniumLibrary">
<doc>Sets the focus to the element identified by ``locator``.</doc>
<arguments>
<arg>${arg1}</arg>
</arguments>
<status status="PASS" starttime="20200114 14:11:06.172" endtime="20200114 14:11:06.407"></status>
</kw>
<status status="PASS" starttime="20200114 14:11:06.171" endtime="20200114 14:11:06.408"></status>
</kw>
<kw name="Get Text" library="SeleniumLibrary">
<doc>Returns the text value of the element identified by ``locator``.</doc>
<arguments>
<arg>xpath=(//a[@class='product-name'])[${item}]</arg>
</arguments>
<assign>
<var>${nomT}</var>
</assign>
<msg timestamp="20200114 14:11:06.650" level="INFO">${nomT} = Printed Chiffon Dress</msg>
<status status="PASS" starttime="20200114 14:11:06.408" endtime="20200114 14:11:06.650"></status>
</kw>
<kw name="Log" library="BuiltIn">
<doc>Logs the given message with the given level.</doc>
<arguments>
<arg>${nomT}</arg>
</arguments>
<msg timestamp="20200114 14:11:06.650" level="INFO">Printed Chiffon Dress</msg>
<status status="PASS" starttime="20200114 14:11:06.650" endtime="20200114 14:11:06.650"></status>
</kw>
<kw name="MO" library="recursos">
<arguments>
<arg>xpath=(//img[@width='250'])[${item}]</arg>
</arguments>
<kw name="Mouse Over" library="SeleniumLibrary">
<doc>Simulates hovering the mouse over the element ``locator``.</doc>
<arguments>
<arg>${arg1}</arg>
</arguments>
<msg timestamp="20200114 14:11:06.651" level="INFO">Simulating Mouse Over on element 'xpath=(//img[@width='250'])[7]'.</msg>
<status status="PASS" starttime="20200114 14:11:06.651" endtime="20200114 14:11:07.407"></status>
</kw>
<status status="PASS" starttime="20200114 14:11:06.651" endtime="20200114 14:11:07.408"></status>
</kw>
<kw name="Click" library="recursos">
<arguments>
<arg>xpath=(//span[contains(.,'Quick view')])[${item}]</arg>
</arguments>
<kw name="Click Element" library="SeleniumLibrary">
<doc>Click the element identified by ``locator``.</doc>
<arguments>
<arg>${arg1}</arg>
</arguments>
<msg timestamp="20200114 14:11:07.410" level="INFO">Clicking element 'xpath=(//span[contains(.,'Quick view')])[7]'.</msg>
<status status="PASS" starttime="20200114 14:11:07.409" endtime="20200114 14:11:07.766"></status>
</kw>
<status status="PASS" starttime="20200114 14:11:07.408" endtime="20200114 14:11:07.766"></status>
</kw>
<kw name="Visible" library="recursos">
<arguments>
<arg>xpath=//*[@id="index"]/div[2]/div/div/div/div/iframe</arg>
</arguments>
<kw name="Wait Until Element Is Visible" library="SeleniumLibrary">
<doc>Waits until the element ``locator`` is visible.</doc>
<arguments>
<arg>${arg1}</arg>
</arguments>
<status status="PASS" starttime="20200114 14:11:07.767" endtime="20200114 14:11:08.931"></status>
</kw>
<status status="PASS" starttime="20200114 14:11:07.767" endtime="20200114 14:11:08.931"></status>
</kw>
<kw name="SF" library="recursos">
<arguments>
<arg>xpath=//*[@id="index"]/div[2]/div/div/div/div/iframe</arg>
</arguments>
<kw name="Select Frame" library="SeleniumLibrary">
<doc>Sets frame identified by ``locator`` as the current frame.</doc>
<arguments>
<arg>${arg1}</arg>
</arguments>
<msg timestamp="20200114 14:11:08.933" level="INFO">Selecting frame 'xpath=//*[@id="index"]/div[2]/div/div/div/div/iframe'.</msg>
<status status="PASS" starttime="20200114 14:11:08.933" endtime="20200114 14:11:09.199"></status>
</kw>
<status status="PASS" starttime="20200114 14:11:08.932" endtime="20200114 14:11:09.199"></status>
</kw>
<kw name="Visible" library="recursos">
<arguments>
<arg>${titulo}</arg>
</arguments>
<kw name="Wait Until Element Is Visible" library="SeleniumLibrary">
<doc>Waits until the element ``locator`` is visible.</doc>
<arguments>
<arg>${arg1}</arg>
</arguments>
<status status="PASS" starttime="20200114 14:11:09.201" endtime="20200114 14:11:09.445"></status>
</kw>
<status status="PASS" starttime="20200114 14:11:09.200" endtime="20200114 14:11:09.445"></status>
</kw>
<kw name="Log" library="BuiltIn">
<doc>Logs the given message with the given level.</doc>
<arguments>
<arg>${titulo}</arg>
</arguments>
<msg timestamp="20200114 14:11:09.447" level="INFO">xpath=//h1[contains(@itemprop,'name')]</msg>
<status status="PASS" starttime="20200114 14:11:09.446" endtime="20200114 14:11:09.447"></status>
</kw>
<kw name="Comparar" library="recursos">
<arguments>
<arg>${titulo}</arg>
<arg>${nomT}</arg>
</arguments>
<kw name="Element Text Should Be" library="SeleniumLibrary">
<doc>Verifies that element ``locator`` contains exact the text ``expected``.</doc>
<arguments>
<arg>${arg1}</arg>
<arg>${arg2}</arg>
</arguments>
<msg timestamp="20200114 14:11:09.449" level="INFO">Verifying element 'xpath=//h1[contains(@itemprop,'name')]' contains exact text 'Printed Chiffon Dress'.</msg>
<status status="PASS" starttime="20200114 14:11:09.448" endtime="20200114 14:11:09.706"></status>
</kw>
<status status="PASS" starttime="20200114 14:11:09.447" endtime="20200114 14:11:09.706"></status>
</kw>
<kw name="USF" library="recursos">
<kw name="Unselect Frame" library="SeleniumLibrary">
<doc>Sets the main frame as the current frame.</doc>
<status status="PASS" starttime="20200114 14:11:09.708" endtime="20200114 14:11:09.811"></status>
</kw>
<status status="PASS" starttime="20200114 14:11:09.706" endtime="20200114 14:11:09.811"></status>
</kw>
<kw name="Click" library="recursos">
<arguments>
<arg>xpath=//a[@title='Close']</arg>
</arguments>
<kw name="Click Element" library="SeleniumLibrary">
<doc>Click the element identified by ``locator``.</doc>
<arguments>
<arg>${arg1}</arg>
</arguments>
<msg timestamp="20200114 14:11:09.812" level="INFO">Clicking element 'xpath=//a[@title='Close']'.</msg>
<status status="PASS" starttime="20200114 14:11:09.812" endtime="20200114 14:11:10.092"></status>
</kw>
<status status="PASS" starttime="20200114 14:11:09.811" endtime="20200114 14:11:10.092"></status>
</kw>
<status status="PASS" starttime="20200114 14:11:06.171" endtime="20200114 14:11:10.092"></status>
</kw>
<status status="PASS" starttime="20200114 14:10:42.571" endtime="20200114 14:11:10.093"></status>
</kw>
<kw name="Cerrar" library="recursos">
<kw name="Close Browser" library="SeleniumLibrary">
<doc>Closes the current browser.</doc>
<status status="PASS" starttime="20200114 14:11:10.094" endtime="20200114 14:11:12.226"></status>
</kw>
<status status="PASS" starttime="20200114 14:11:10.093" endtime="20200114 14:11:12.227"></status>
</kw>
<status status="PASS" starttime="20200114 14:10:34.022" endtime="20200114 14:11:12.228" critical="yes"></status>
</test>
<status status="PASS" starttime="20200114 14:10:00.311" endtime="20200114 14:11:12.232"></status>
</suite>
<statistics>
<total>
<stat pass="2" fail="0">Critical Tests</stat>
<stat pass="2" fail="0">All Tests</stat>
</total>
<tag>
</tag>
<suite>
<stat pass="2" fail="0" id="s1" name="Ocho">Ocho</stat>
</suite>
</statistics>
<errors>
</errors>
</robot>
