<?xml version="1.0" encoding="UTF-8"?>
<robot generator="Robot 3.1.2 (Python 3.7.6 on win32)" generated="20200108 15:34:22.892" rpa="false">
<suite id="s1" name="Seis" source="C:\Python\robotframework\pruebas\seis\seis.robot">
<test id="s1-t1" name="001 Caso uno condicionales">
<kw name="Abrir navegador">
<kw name="Open Browser" library="SeleniumLibrary">
<doc>Opens a new browser instance to the optional ``url``.</doc>
<arguments>
<arg>${url}</arg>
<arg>${navegador}</arg>
</arguments>
<msg timestamp="20200108 15:34:23.100" level="INFO">Opening browser 'chrome' to base url 'http://automationpractice.com/index.php'.</msg>
<status status="PASS" starttime="20200108 15:34:23.100" endtime="20200108 15:34:31.248"></status>
</kw>
<kw name="Wait Until Element Is Visible" library="SeleniumLibrary">
<doc>Waits until the element ``locator`` is visible.</doc>
<arguments>
<arg>xpath=//img[contains(@class,'logo img-responsive')]</arg>
</arguments>
<status status="PASS" starttime="20200108 15:34:31.249" endtime="20200108 15:34:31.296"></status>
</kw>
<status status="PASS" starttime="20200108 15:34:23.099" endtime="20200108 15:34:31.296"></status>
</kw>
<kw name="Run Keyword If" library="BuiltIn">
<doc>Runs the given keyword with the given arguments, if ``condition`` is true.</doc>
<arguments>
<arg>'${Seleccion}'=='Women'</arg>
<arg>Select option Women</arg>
<arg>ELSE</arg>
<arg>Select option Dress</arg>
</arguments>
<kw name="Select option Dress">
<kw name="Click Element" library="SeleniumLibrary">
<doc>Click the element identified by ``locator``.</doc>
<arguments>
<arg>xpath=(//a[@title='Dresses'])[2]</arg>
</arguments>
<msg timestamp="20200108 15:34:31.298" level="INFO">Clicking element 'xpath=(//a[@title='Dresses'])[2]'.</msg>
<status status="PASS" starttime="20200108 15:34:31.298" endtime="20200108 15:34:33.114"></status>
</kw>
<kw name="Title Should Be" library="SeleniumLibrary">
<doc>Verifies that the current page title equals ``title``.</doc>
<arguments>
<arg>Dresses - My Store</arg>
</arguments>
<msg timestamp="20200108 15:34:33.121" level="INFO">Page title is 'Dresses - My Store'.</msg>
<status status="PASS" starttime="20200108 15:34:33.114" endtime="20200108 15:34:33.122"></status>
</kw>
<status status="PASS" starttime="20200108 15:34:31.297" endtime="20200108 15:34:33.122"></status>
</kw>
<status status="PASS" starttime="20200108 15:34:31.297" endtime="20200108 15:34:33.122"></status>
</kw>
<kw name="Close Browser" library="SeleniumLibrary">
<doc>Closes the current browser.</doc>
<status status="PASS" starttime="20200108 15:34:33.123" endtime="20200108 15:34:35.228"></status>
</kw>
<status status="PASS" starttime="20200108 15:34:23.099" endtime="20200108 15:34:35.230" critical="yes"></status>
</test>
<test id="s1-t2" name="002 Caso de Prueba Loops">
<kw name="Abrir navegador">
<kw name="Open Browser" library="SeleniumLibrary">
<doc>Opens a new browser instance to the optional ``url``.</doc>
<arguments>
<arg>${url}</arg>
<arg>${navegador}</arg>
</arguments>
<msg timestamp="20200108 15:34:35.242" level="INFO">Opening browser 'chrome' to base url 'http://automationpractice.com/index.php'.</msg>
<status status="PASS" starttime="20200108 15:34:35.241" endtime="20200108 15:34:43.274"></status>
</kw>
<kw name="Wait Until Element Is Visible" library="SeleniumLibrary">
<doc>Waits until the element ``locator`` is visible.</doc>
<arguments>
<arg>xpath=//img[contains(@class,'logo img-responsive')]</arg>
</arguments>
<status status="PASS" starttime="20200108 15:34:43.275" endtime="20200108 15:34:43.321"></status>
</kw>
<status status="PASS" starttime="20200108 15:34:35.240" endtime="20200108 15:34:43.321"></status>
</kw>
<kw name="Set Global Variable" library="BuiltIn">
<doc>Makes a variable available globally in all tests and suites.</doc>
<arguments>
<arg>@{nombresDeContenedores}</arg>
<arg>//*[@id="homefeatured"]/li[1]/div/div[2]/h5/a</arg>
<arg>//*[@id="homefeatured"]/li[2]/div/div[2]/h5/a</arg>
<arg>//*[@id="homefeatured"]/li[3]/div/div[2]/h5/a</arg>
<arg>//*[@id="homefeatured"]/li[4]/div/div[2]/h5/a</arg>
<arg>//*[@id="homefeatured"]/li[5]/div/div[2]/h5/a</arg>
<arg>//*[@id="homefeatured"]/li[6]/div/div[2]/h5/a</arg>
<arg>//*[@id="homefeatured"]/li[7]/div/div[2]/h5/a</arg>
</arguments>
<msg timestamp="20200108 15:34:43.323" level="INFO">@{nombresDeContenedores} = [ //*[@id="homefeatured"]/li[1]/div/div[2]/h5/a | //*[@id="homefeatured"]/li[2]/div/div[2]/h5/a | //*[@id="homefeatured"]/li[3]/div/div[2]/h5/a | //*[@id="homefeatured"]/li[4]/div/div[2]/h5/a | //*[@i...</msg>
<status status="PASS" starttime="20200108 15:34:43.322" endtime="20200108 15:34:43.323"></status>
</kw>
<kw name="${nombreDeContenedor} IN [ @{nombresDeContenedores} ]" type="for">
<kw name="${nombreDeContenedor} = //*[@id=&quot;homefeatured&quot;]/li[1]/div/div[2]/h5/a" type="foritem">
<kw name="Click Element" library="SeleniumLibrary">
<doc>Click the element identified by ``locator``.</doc>
<arguments>
<arg>xpath=${nombreDeContenedor}</arg>
</arguments>
<msg timestamp="20200108 15:34:43.324" level="INFO">Clicking element 'xpath=//*[@id="homefeatured"]/li[1]/div/div[2]/h5/a'.</msg>
<status status="PASS" starttime="20200108 15:34:43.324" endtime="20200108 15:34:44.835"></status>
</kw>
<kw name="Wait Until Element Is Visible" library="SeleniumLibrary">
<doc>Waits until the element ``locator`` is visible.</doc>
<arguments>
<arg>xpath=//*[@id="bigpic"]</arg>
</arguments>
<status status="PASS" starttime="20200108 15:34:44.835" endtime="20200108 15:34:44.875"></status>
</kw>
<kw name="Click Element" library="SeleniumLibrary">
<doc>Click the element identified by ``locator``.</doc>
<arguments>
<arg>xpath=//*[@id="header_logo"]/a/img</arg>
</arguments>
<msg timestamp="20200108 15:34:44.875" level="INFO">Clicking element 'xpath=//*[@id="header_logo"]/a/img'.</msg>
<status status="PASS" starttime="20200108 15:34:44.875" endtime="20200108 15:34:46.345"></status>
</kw>
<status status="PASS" starttime="20200108 15:34:43.324" endtime="20200108 15:34:46.345"></status>
</kw>
<kw name="${nombreDeContenedor} = //*[@id=&quot;homefeatured&quot;]/li[2]/div/div[2]/h5/a" type="foritem">
<kw name="Click Element" library="SeleniumLibrary">
<doc>Click the element identified by ``locator``.</doc>
<arguments>
<arg>xpath=${nombreDeContenedor}</arg>
</arguments>
<msg timestamp="20200108 15:34:46.346" level="INFO">Clicking element 'xpath=//*[@id="homefeatured"]/li[2]/div/div[2]/h5/a'.</msg>
<status status="PASS" starttime="20200108 15:34:46.345" endtime="20200108 15:34:47.299"></status>
</kw>
<kw name="Wait Until Element Is Visible" library="SeleniumLibrary">
<doc>Waits until the element ``locator`` is visible.</doc>
<arguments>
<arg>xpath=//*[@id="bigpic"]</arg>
</arguments>
<status status="PASS" starttime="20200108 15:34:47.299" endtime="20200108 15:34:47.330"></status>
</kw>
<kw name="Click Element" library="SeleniumLibrary">
<doc>Click the element identified by ``locator``.</doc>
<arguments>
<arg>xpath=//*[@id="header_logo"]/a/img</arg>
</arguments>
<msg timestamp="20200108 15:34:47.331" level="INFO">Clicking element 'xpath=//*[@id="header_logo"]/a/img'.</msg>
<status status="PASS" starttime="20200108 15:34:47.330" endtime="20200108 15:34:48.811"></status>
</kw>
<status status="PASS" starttime="20200108 15:34:46.345" endtime="20200108 15:34:48.811"></status>
</kw>
<kw name="${nombreDeContenedor} = //*[@id=&quot;homefeatured&quot;]/li[3]/div/div[2]/h5/a" type="foritem">
<kw name="Click Element" library="SeleniumLibrary">
<doc>Click the element identified by ``locator``.</doc>
<arguments>
<arg>xpath=${nombreDeContenedor}</arg>
</arguments>
<msg timestamp="20200108 15:34:48.812" level="INFO">Clicking element 'xpath=//*[@id="homefeatured"]/li[3]/div/div[2]/h5/a'.</msg>
<status status="PASS" starttime="20200108 15:34:48.811" endtime="20200108 15:34:49.952"></status>
</kw>
<kw name="Wait Until Element Is Visible" library="SeleniumLibrary">
<doc>Waits until the element ``locator`` is visible.</doc>
<arguments>
<arg>xpath=//*[@id="bigpic"]</arg>
</arguments>
<status status="PASS" starttime="20200108 15:34:49.953" endtime="20200108 15:34:50.003"></status>
</kw>
<kw name="Click Element" library="SeleniumLibrary">
<doc>Click the element identified by ``locator``.</doc>
<arguments>
<arg>xpath=//*[@id="header_logo"]/a/img</arg>
</arguments>
<msg timestamp="20200108 15:34:50.004" level="INFO">Clicking element 'xpath=//*[@id="header_logo"]/a/img'.</msg>
<status status="PASS" starttime="20200108 15:34:50.004" endtime="20200108 15:34:51.398"></status>
</kw>
<status status="PASS" starttime="20200108 15:34:48.811" endtime="20200108 15:34:51.398"></status>
</kw>
<kw name="${nombreDeContenedor} = //*[@id=&quot;homefeatured&quot;]/li[4]/div/div[2]/h5/a" type="foritem">
<kw name="Click Element" library="SeleniumLibrary">
<doc>Click the element identified by ``locator``.</doc>
<arguments>
<arg>xpath=${nombreDeContenedor}</arg>
</arguments>
<msg timestamp="20200108 15:34:51.399" level="INFO">Clicking element 'xpath=//*[@id="homefeatured"]/li[4]/div/div[2]/h5/a'.</msg>
<status status="PASS" starttime="20200108 15:34:51.398" endtime="20200108 15:34:52.558"></status>
</kw>
<kw name="Wait Until Element Is Visible" library="SeleniumLibrary">
<doc>Waits until the element ``locator`` is visible.</doc>
<arguments>
<arg>xpath=//*[@id="bigpic"]</arg>
</arguments>
<status status="PASS" starttime="20200108 15:34:52.559" endtime="20200108 15:34:52.595"></status>
</kw>
<kw name="Click Element" library="SeleniumLibrary">
<doc>Click the element identified by ``locator``.</doc>
<arguments>
<arg>xpath=//*[@id="header_logo"]/a/img</arg>
</arguments>
<msg timestamp="20200108 15:34:52.596" level="INFO">Clicking element 'xpath=//*[@id="header_logo"]/a/img'.</msg>
<status status="PASS" starttime="20200108 15:34:52.596" endtime="20200108 15:34:53.864"></status>
</kw>
<status status="PASS" starttime="20200108 15:34:51.398" endtime="20200108 15:34:53.864"></status>
</kw>
<kw name="${nombreDeContenedor} = //*[@id=&quot;homefeatured&quot;]/li[5]/div/div[2]/h5/a" type="foritem">
<kw name="Click Element" library="SeleniumLibrary">
<doc>Click the element identified by ``locator``.</doc>
<arguments>
<arg>xpath=${nombreDeContenedor}</arg>
</arguments>
<msg timestamp="20200108 15:34:53.864" level="INFO">Clicking element 'xpath=//*[@id="homefeatured"]/li[5]/div/div[2]/h5/a'.</msg>
<status status="PASS" starttime="20200108 15:34:53.864" endtime="20200108 15:34:55.084"></status>
</kw>
<kw name="Wait Until Element Is Visible" library="SeleniumLibrary">
<doc>Waits until the element ``locator`` is visible.</doc>
<arguments>
<arg>xpath=//*[@id="bigpic"]</arg>
</arguments>
<status status="PASS" starttime="20200108 15:34:55.084" endtime="20200108 15:34:55.112"></status>
</kw>
<kw name="Click Element" library="SeleniumLibrary">
<doc>Click the element identified by ``locator``.</doc>
<arguments>
<arg>xpath=//*[@id="header_logo"]/a/img</arg>
</arguments>
<msg timestamp="20200108 15:34:55.113" level="INFO">Clicking element 'xpath=//*[@id="header_logo"]/a/img'.</msg>
<status status="PASS" starttime="20200108 15:34:55.112" endtime="20200108 15:34:56.802"></status>
</kw>
<status status="PASS" starttime="20200108 15:34:53.864" endtime="20200108 15:34:56.802"></status>
</kw>
<kw name="${nombreDeContenedor} = //*[@id=&quot;homefeatured&quot;]/li[6]/div/div[2]/h5/a" type="foritem">
<kw name="Click Element" library="SeleniumLibrary">
<doc>Click the element identified by ``locator``.</doc>
<arguments>
<arg>xpath=${nombreDeContenedor}</arg>
</arguments>
<msg timestamp="20200108 15:34:56.803" level="INFO">Clicking element 'xpath=//*[@id="homefeatured"]/li[6]/div/div[2]/h5/a'.</msg>
<status status="PASS" starttime="20200108 15:34:56.803" endtime="20200108 15:34:57.966"></status>
</kw>
<kw name="Wait Until Element Is Visible" library="SeleniumLibrary">
<doc>Waits until the element ``locator`` is visible.</doc>
<arguments>
<arg>xpath=//*[@id="bigpic"]</arg>
</arguments>
<status status="PASS" starttime="20200108 15:34:57.966" endtime="20200108 15:34:57.991"></status>
</kw>
<kw name="Click Element" library="SeleniumLibrary">
<doc>Click the element identified by ``locator``.</doc>
<arguments>
<arg>xpath=//*[@id="header_logo"]/a/img</arg>
</arguments>
<msg timestamp="20200108 15:34:57.991" level="INFO">Clicking element 'xpath=//*[@id="header_logo"]/a/img'.</msg>
<status status="PASS" starttime="20200108 15:34:57.991" endtime="20200108 15:34:59.557"></status>
</kw>
<status status="PASS" starttime="20200108 15:34:56.802" endtime="20200108 15:34:59.557"></status>
</kw>
<kw name="${nombreDeContenedor} = //*[@id=&quot;homefeatured&quot;]/li[7]/div/div[2]/h5/a" type="foritem">
<kw name="Click Element" library="SeleniumLibrary">
<doc>Click the element identified by ``locator``.</doc>
<arguments>
<arg>xpath=${nombreDeContenedor}</arg>
</arguments>
<msg timestamp="20200108 15:34:59.558" level="INFO">Clicking element 'xpath=//*[@id="homefeatured"]/li[7]/div/div[2]/h5/a'.</msg>
<status status="PASS" starttime="20200108 15:34:59.558" endtime="20200108 15:35:00.743"></status>
</kw>
<kw name="Wait Until Element Is Visible" library="SeleniumLibrary">
<doc>Waits until the element ``locator`` is visible.</doc>
<arguments>
<arg>xpath=//*[@id="bigpic"]</arg>
</arguments>
<status status="PASS" starttime="20200108 15:35:00.744" endtime="20200108 15:35:00.778"></status>
</kw>
<kw name="Click Element" library="SeleniumLibrary">
<doc>Click the element identified by ``locator``.</doc>
<arguments>
<arg>xpath=//*[@id="header_logo"]/a/img</arg>
</arguments>
<msg timestamp="20200108 15:35:00.778" level="INFO">Clicking element 'xpath=//*[@id="header_logo"]/a/img'.</msg>
<status status="PASS" starttime="20200108 15:35:00.778" endtime="20200108 15:35:02.216"></status>
</kw>
<status status="PASS" starttime="20200108 15:34:59.558" endtime="20200108 15:35:02.216"></status>
</kw>
<status status="PASS" starttime="20200108 15:34:43.323" endtime="20200108 15:35:02.216"></status>
</kw>
<kw name="Close Browser" library="SeleniumLibrary">
<doc>Closes the current browser.</doc>
<status status="PASS" starttime="20200108 15:35:02.217" endtime="20200108 15:35:04.343"></status>
</kw>
<status status="PASS" starttime="20200108 15:34:35.237" endtime="20200108 15:35:04.345" critical="yes"></status>
</test>
<doc>Caso de Prueba con condicionales y Loops</doc>
<status status="PASS" starttime="20200108 15:34:22.893" endtime="20200108 15:35:04.354"></status>
</suite>
<statistics>
<total>
<stat pass="2" fail="0">Critical Tests</stat>
<stat pass="2" fail="0">All Tests</stat>
</total>
<tag>
</tag>
<suite>
<stat pass="2" fail="0" id="s1" name="Seis">Seis</stat>
</suite>
</statistics>
<errors>
</errors>
</robot>
