<?xml version="1.0" encoding="UTF-8"?>
<robot generator="Robot 3.1.2 (Python 3.7.6 on win32)" generated="20200108 12:34:31.215" rpa="false">
<suite id="s1" name="Cuarto" source="C:\Python\robotframework\pruebas\cuarto\cuarto.robot">
<test id="s1-t1" name="C1 Búsqueda de palabras en Google">
<kw name="Abrir navegador" library="recursos">
<kw name="Open Browser" library="Selenium2Library">
<doc>Opens a new browser instance to the optional ``url``.</doc>
<arguments>
<arg>${url}</arg>
<arg>${navegador}</arg>
</arguments>
<msg timestamp="20200108 12:34:31.418" level="INFO">Opening browser 'chrome' to base url 'https://www.google.com/'.</msg>
<status status="PASS" starttime="20200108 12:34:31.418" endtime="20200108 12:34:37.482"></status>
</kw>
<kw name="Wait Until Element Is Visible" library="Selenium2Library">
<doc>Waits until the element ``locator`` is visible.</doc>
<arguments>
<arg>${logo}</arg>
</arguments>
<status status="PASS" starttime="20200108 12:34:37.482" endtime="20200108 12:34:37.513"></status>
</kw>
<status status="PASS" starttime="20200108 12:34:31.417" endtime="20200108 12:34:37.513"></status>
</kw>
<kw name="Input Text" library="Selenium2Library">
<doc>Types the given ``text`` into the text field identified by ``locator``.</doc>
<arguments>
<arg>xpath=//*[@id="tsf"]/div[2]/div[1]/div[1]/div/div[2]/input</arg>
<arg>${pb}</arg>
</arguments>
<msg timestamp="20200108 12:34:37.514" level="INFO">Typing text 'casos de prueba' into text field 'xpath=//*[@id="tsf"]/div[2]/div[1]/div[1]/div/div[2]/input'.</msg>
<status status="PASS" starttime="20200108 12:34:37.514" endtime="20200108 12:34:37.726"></status>
</kw>
<kw name="Click Element" library="Selenium2Library">
<doc>Click the element identified by ``locator``.</doc>
<arguments>
<arg>${logo}</arg>
</arguments>
<msg timestamp="20200108 12:34:37.726" level="INFO">Clicking element 'xpath=//*[@id="hplogo"]'.</msg>
<status status="PASS" starttime="20200108 12:34:37.726" endtime="20200108 12:34:37.775"></status>
</kw>
<kw name="Click Element" library="Selenium2Library">
<doc>Click the element identified by ``locator``.</doc>
<arguments>
<arg>xpath=//*[@id="tsf"]/div[2]/div[1]/div[3]/center/input[1]</arg>
</arguments>
<msg timestamp="20200108 12:34:37.776" level="INFO">Clicking element 'xpath=//*[@id="tsf"]/div[2]/div[1]/div[3]/center/input[1]'.</msg>
<status status="PASS" starttime="20200108 12:34:37.776" endtime="20200108 12:34:39.013"></status>
</kw>
<kw name="Title Should Be" library="Selenium2Library">
<doc>Verifies that the current page title equals ``title``.</doc>
<arguments>
<arg>${pb} - Buscar con Google</arg>
</arguments>
<msg timestamp="20200108 12:34:39.026" level="INFO">Page title is 'casos de prueba - Buscar con Google'.</msg>
<status status="PASS" starttime="20200108 12:34:39.014" endtime="20200108 12:34:39.026"></status>
</kw>
<kw name="Page Should Contain" library="Selenium2Library">
<doc>Verifies that current page contains ``text``.</doc>
<arguments>
<arg>${pb}</arg>
</arguments>
<msg timestamp="20200108 12:34:39.058" level="INFO">Current page contains text 'casos de prueba'.</msg>
<status status="PASS" starttime="20200108 12:34:39.027" endtime="20200108 12:34:39.058"></status>
</kw>
<kw name="Close Browser" library="Selenium2Library">
<doc>Closes the current browser.</doc>
<status status="PASS" starttime="20200108 12:34:39.059" endtime="20200108 12:34:41.192"></status>
</kw>
<status status="PASS" starttime="20200108 12:34:31.417" endtime="20200108 12:34:41.194" critical="yes"></status>
</test>
<test id="s1-t2" name="C2 Hacer click sin buscar nada">
<kw name="Abrir navegador" library="recursos">
<kw name="Open Browser" library="Selenium2Library">
<doc>Opens a new browser instance to the optional ``url``.</doc>
<arguments>
<arg>${url}</arg>
<arg>${navegador}</arg>
</arguments>
<msg timestamp="20200108 12:34:41.201" level="INFO">Opening browser 'chrome' to base url 'https://www.google.com/'.</msg>
<status status="PASS" starttime="20200108 12:34:41.200" endtime="20200108 12:34:47.914"></status>
</kw>
<kw name="Wait Until Element Is Visible" library="Selenium2Library">
<doc>Waits until the element ``locator`` is visible.</doc>
<arguments>
<arg>${logo}</arg>
</arguments>
<status status="PASS" starttime="20200108 12:34:47.914" endtime="20200108 12:34:47.945"></status>
</kw>
<status status="PASS" starttime="20200108 12:34:41.199" endtime="20200108 12:34:47.946"></status>
</kw>
<kw name="Click Element" library="Selenium2Library">
<doc>Click the element identified by ``locator``.</doc>
<arguments>
<arg>xpath=//*[@id="tsf"]/div[2]/div[1]/div[3]/center/input[1]</arg>
</arguments>
<msg timestamp="20200108 12:34:47.947" level="INFO">Clicking element 'xpath=//*[@id="tsf"]/div[2]/div[1]/div[3]/center/input[1]'.</msg>
<status status="PASS" starttime="20200108 12:34:47.947" endtime="20200108 12:34:48.008"></status>
</kw>
<kw name="Title Should Be" library="Selenium2Library">
<doc>Verifies that the current page title equals ``title``.</doc>
<arguments>
<arg>Google</arg>
</arguments>
<msg timestamp="20200108 12:34:48.016" level="INFO">Page title is 'Google'.</msg>
<status status="PASS" starttime="20200108 12:34:48.009" endtime="20200108 12:34:48.017"></status>
</kw>
<kw name="Close Browser" library="Selenium2Library">
<doc>Closes the current browser.</doc>
<status status="PASS" starttime="20200108 12:34:48.017" endtime="20200108 12:34:50.123"></status>
</kw>
<status status="PASS" starttime="20200108 12:34:41.197" endtime="20200108 12:34:50.125" critical="yes"></status>
</test>
<test id="s1-t3" name="C3 Búsqueda de Documentación Python">
<kw name="Abrir navegador" library="recursos">
<kw name="Open Browser" library="Selenium2Library">
<doc>Opens a new browser instance to the optional ``url``.</doc>
<arguments>
<arg>${url}</arg>
<arg>${navegador}</arg>
</arguments>
<msg timestamp="20200108 12:34:50.137" level="INFO">Opening browser 'chrome' to base url 'https://www.google.com/'.</msg>
<status status="PASS" starttime="20200108 12:34:50.136" endtime="20200108 12:34:56.141"></status>
</kw>
<kw name="Wait Until Element Is Visible" library="Selenium2Library">
<doc>Waits until the element ``locator`` is visible.</doc>
<arguments>
<arg>${logo}</arg>
</arguments>
<status status="PASS" starttime="20200108 12:34:56.142" endtime="20200108 12:34:56.173"></status>
</kw>
<status status="PASS" starttime="20200108 12:34:50.135" endtime="20200108 12:34:56.173"></status>
</kw>
<kw name="Input Text" library="Selenium2Library">
<doc>Types the given ``text`` into the text field identified by ``locator``.</doc>
<arguments>
<arg>${caja}</arg>
<arg>python</arg>
</arguments>
<msg timestamp="20200108 12:34:56.174" level="INFO">Typing text 'python' into text field 'xpath=//*[@id="tsf"]/div[2]/div[1]/div[1]/div/div[2]/input'.</msg>
<status status="PASS" starttime="20200108 12:34:56.174" endtime="20200108 12:34:56.302"></status>
</kw>
<kw name="Click Element" library="Selenium2Library">
<doc>Click the element identified by ``locator``.</doc>
<arguments>
<arg>${logo}</arg>
</arguments>
<msg timestamp="20200108 12:34:56.302" level="INFO">Clicking element 'xpath=//*[@id="hplogo"]'.</msg>
<status status="PASS" starttime="20200108 12:34:56.302" endtime="20200108 12:34:56.395"></status>
</kw>
<kw name="Click Element" library="Selenium2Library">
<doc>Click the element identified by ``locator``.</doc>
<arguments>
<arg>${enter}</arg>
</arguments>
<msg timestamp="20200108 12:34:56.396" level="INFO">Clicking element 'xpath=//*[@id="tsf"]/div[2]/div[1]/div[3]/center/input[1]'.</msg>
<status status="PASS" starttime="20200108 12:34:56.395" endtime="20200108 12:34:57.891"></status>
</kw>
<kw name="Click Element" library="Selenium2Library">
<doc>Click the element identified by ``locator``.</doc>
<arguments>
<arg>xpath=(//h3[contains(@class,'LC20lb')])[1]</arg>
</arguments>
<msg timestamp="20200108 12:34:57.893" level="INFO">Clicking element 'xpath=(//h3[contains(@class,'LC20lb')])[1]'.</msg>
<status status="PASS" starttime="20200108 12:34:57.892" endtime="20200108 12:34:59.051"></status>
</kw>
<kw name="Title Should Be" library="Selenium2Library">
<doc>Verifies that the current page title equals ``title``.</doc>
<arguments>
<arg>Welcome to Python.org</arg>
</arguments>
<msg timestamp="20200108 12:34:59.061" level="INFO">Page title is 'Welcome to Python.org'.</msg>
<status status="PASS" starttime="20200108 12:34:59.052" endtime="20200108 12:34:59.061"></status>
</kw>
<kw name="Click Element" library="Selenium2Library">
<doc>Click the element identified by ``locator``.</doc>
<arguments>
<arg>xpath=(//a[@href='/doc/'])[1]</arg>
</arguments>
<msg timestamp="20200108 12:34:59.062" level="INFO">Clicking element 'xpath=(//a[@href='/doc/'])[1]'.</msg>
<status status="PASS" starttime="20200108 12:34:59.062" endtime="20200108 12:34:59.616"></status>
</kw>
<kw name="Click Element" library="Selenium2Library">
<doc>Click the element identified by ``locator``.</doc>
<arguments>
<arg>xpath=(//a[@href='https://wiki.python.org/moin/BeginnersGuide'])[2]</arg>
</arguments>
<msg timestamp="20200108 12:34:59.617" level="INFO">Clicking element 'xpath=(//a[@href='https://wiki.python.org/moin/BeginnersGuide'])[2]'.</msg>
<status status="PASS" starttime="20200108 12:34:59.617" endtime="20200108 12:35:00.972"></status>
</kw>
<kw name="Close Browser" library="Selenium2Library">
<doc>Closes the current browser.</doc>
<status status="PASS" starttime="20200108 12:35:00.973" endtime="20200108 12:35:03.172"></status>
</kw>
<status status="PASS" starttime="20200108 12:34:50.133" endtime="20200108 12:35:03.175" critical="yes"></status>
</test>
<status status="PASS" starttime="20200108 12:34:31.217" endtime="20200108 12:35:03.182"></status>
</suite>
<statistics>
<total>
<stat pass="3" fail="0">Critical Tests</stat>
<stat pass="3" fail="0">All Tests</stat>
</total>
<tag>
</tag>
<suite>
<stat pass="3" fail="0" id="s1" name="Cuarto">Cuarto</stat>
</suite>
</statistics>
<errors>
</errors>
</robot>
