<?xml version="1.0" encoding="UTF-8"?>
<robot generator="Robot 3.1.2 (Python 3.7.6 on win32)" generated="20200108 12:09:00.524" rpa="false">
<suite id="s1" name="Segunda" source="C:\Python\robotframework\pruebas\segunda\segunda.robot">
<test id="s1-t1" name="C1 Búsqueda de palabras en Google">
<kw name="Open Browser" library="Selenium2Library">
<doc>Opens a new browser instance to the optional ``url``.</doc>
<arguments>
<arg>${url}</arg>
<arg>${navegador}</arg>
</arguments>
<msg timestamp="20200108 12:09:00.749" level="INFO">Opening browser 'chrome' to base url 'https://www.google.com/'.</msg>
<status status="PASS" starttime="20200108 12:09:00.748" endtime="20200108 12:09:06.822"></status>
</kw>
<kw name="Wait Until Element Is Visible" library="Selenium2Library">
<doc>Waits until the element ``locator`` is visible.</doc>
<arguments>
<arg>${logo}</arg>
</arguments>
<status status="PASS" starttime="20200108 12:09:06.822" endtime="20200108 12:09:06.855"></status>
</kw>
<kw name="Input Text" library="Selenium2Library">
<doc>Types the given ``text`` into the text field identified by ``locator``.</doc>
<arguments>
<arg>xpath=//*[@id="tsf"]/div[2]/div[1]/div[1]/div/div[2]/input</arg>
<arg>${pb}</arg>
</arguments>
<msg timestamp="20200108 12:09:06.857" level="INFO">Typing text 'casos de prueba' into text field 'xpath=//*[@id="tsf"]/div[2]/div[1]/div[1]/div/div[2]/input'.</msg>
<status status="PASS" starttime="20200108 12:09:06.856" endtime="20200108 12:09:07.066"></status>
</kw>
<kw name="Click Element" library="Selenium2Library">
<doc>Click the element identified by ``locator``.</doc>
<arguments>
<arg>${logo}</arg>
</arguments>
<msg timestamp="20200108 12:09:07.067" level="INFO">Clicking element 'xpath=//*[@id="hplogo"]'.</msg>
<status status="PASS" starttime="20200108 12:09:07.067" endtime="20200108 12:09:07.133"></status>
</kw>
<kw name="Click Element" library="Selenium2Library">
<doc>Click the element identified by ``locator``.</doc>
<arguments>
<arg>xpath=//*[@id="tsf"]/div[2]/div[1]/div[3]/center/input[1]</arg>
</arguments>
<msg timestamp="20200108 12:09:07.134" level="INFO">Clicking element 'xpath=//*[@id="tsf"]/div[2]/div[1]/div[3]/center/input[1]'.</msg>
<status status="PASS" starttime="20200108 12:09:07.134" endtime="20200108 12:09:08.610"></status>
</kw>
<kw name="Title Should Be" library="Selenium2Library">
<doc>Verifies that the current page title equals ``title``.</doc>
<arguments>
<arg>${pb} - Buscar con Google</arg>
</arguments>
<msg timestamp="20200108 12:09:08.619" level="INFO">Page title is 'casos de prueba - Buscar con Google'.</msg>
<status status="PASS" starttime="20200108 12:09:08.611" endtime="20200108 12:09:08.620"></status>
</kw>
<kw name="Page Should Contain" library="Selenium2Library">
<doc>Verifies that current page contains ``text``.</doc>
<arguments>
<arg>${pb}</arg>
</arguments>
<msg timestamp="20200108 12:09:08.649" level="INFO">Current page contains text 'casos de prueba'.</msg>
<status status="PASS" starttime="20200108 12:09:08.620" endtime="20200108 12:09:08.649"></status>
</kw>
<kw name="Close Browser" library="Selenium2Library">
<doc>Closes the current browser.</doc>
<status status="PASS" starttime="20200108 12:09:08.650" endtime="20200108 12:09:10.763"></status>
</kw>
<status status="PASS" starttime="20200108 12:09:00.747" endtime="20200108 12:09:10.765" critical="yes"></status>
</test>
<test id="s1-t2" name="C2 Hacer click sin buscar nada">
<kw name="Open Browser" library="Selenium2Library">
<doc>Opens a new browser instance to the optional ``url``.</doc>
<arguments>
<arg>${url}</arg>
<arg>${navegador}</arg>
</arguments>
<msg timestamp="20200108 12:09:10.779" level="INFO">Opening browser 'chrome' to base url 'https://www.google.com/'.</msg>
<status status="PASS" starttime="20200108 12:09:10.778" endtime="20200108 12:09:17.415"></status>
</kw>
<kw name="Wait Until Element Is Visible" library="Selenium2Library">
<doc>Waits until the element ``locator`` is visible.</doc>
<arguments>
<arg>${logo}</arg>
</arguments>
<status status="PASS" starttime="20200108 12:09:17.416" endtime="20200108 12:09:17.448"></status>
</kw>
<kw name="Click Element" library="Selenium2Library">
<doc>Click the element identified by ``locator``.</doc>
<arguments>
<arg>xpath=//*[@id="tsf"]/div[2]/div[1]/div[3]/center/input[1]</arg>
</arguments>
<msg timestamp="20200108 12:09:17.449" level="INFO">Clicking element 'xpath=//*[@id="tsf"]/div[2]/div[1]/div[3]/center/input[1]'.</msg>
<status status="PASS" starttime="20200108 12:09:17.448" endtime="20200108 12:09:17.507"></status>
</kw>
<kw name="Title Should Be" library="Selenium2Library">
<doc>Verifies that the current page title equals ``title``.</doc>
<arguments>
<arg>Google</arg>
</arguments>
<msg timestamp="20200108 12:09:17.515" level="INFO">Page title is 'Google'.</msg>
<status status="PASS" starttime="20200108 12:09:17.507" endtime="20200108 12:09:17.515"></status>
</kw>
<kw name="Close Browser" library="Selenium2Library">
<doc>Closes the current browser.</doc>
<status status="PASS" starttime="20200108 12:09:17.515" endtime="20200108 12:09:19.885"></status>
</kw>
<status status="PASS" starttime="20200108 12:09:10.776" endtime="20200108 12:09:19.887" critical="yes"></status>
</test>
<doc>Existe en un documento de texto los pasos manuales
Esta es la Primera Automatización</doc>
<status status="PASS" starttime="20200108 12:09:00.541" endtime="20200108 12:09:19.894"></status>
</suite>
<statistics>
<total>
<stat pass="2" fail="0">Critical Tests</stat>
<stat pass="2" fail="0">All Tests</stat>
</total>
<tag>
</tag>
<suite>
<stat pass="2" fail="0" id="s1" name="Segunda">Segunda</stat>
</suite>
</statistics>
<errors>
</errors>
</robot>
