<?xml version="1.0" encoding="UTF-8"?>
<robot generator="Robot 3.1.2 (Python 3.7.6 on win32)" generated="20200111 00:01:49.279" rpa="false">
<suite id="s1" name="Amazon" source="C:\Python\robotframework\pruebas2\amazon\Test\amazon.robot">
<test id="s1-t1" name="p001 Usuario oprime ckeckout">
<kw name="Open Browser" library="Selenium2Library">
<doc>Opens a new browser instance to the optional ``url``.</doc>
<arguments>
<arg>http://www.amazon.com</arg>
<arg>firefox</arg>
</arguments>
<msg timestamp="20200111 00:01:49.777" level="INFO">Opening browser 'firefox' to base url 'http://www.amazon.com'.</msg>
<msg timestamp="20200111 00:01:49.777" level="INFO">Firefox driver log is always forced to to: C:\Python\robotframework\pruebas2\amazon\Test\results\geckodriver-3.log</msg>
<status status="PASS" starttime="20200111 00:01:49.777" endtime="20200111 00:01:59.413"></status>
</kw>
<kw name="Open Browser" library="Selenium2Library">
<doc>Opens a new browser instance to the optional ``url``.</doc>
<arguments>
<arg>http://www.amazon.com</arg>
<arg>chrome</arg>
</arguments>
<msg timestamp="20200111 00:01:59.414" level="INFO">Opening browser 'chrome' to base url 'http://www.amazon.com'.</msg>
<status status="PASS" starttime="20200111 00:01:59.413" endtime="20200111 00:02:03.559"></status>
</kw>
<kw name="Close Browser" library="Selenium2Library">
<doc>Closes the current browser.</doc>
<status status="PASS" starttime="20200111 00:02:03.560" endtime="20200111 00:02:05.705"></status>
</kw>
<doc>Información Basica sobre este test</doc>
<tags>
<tag>Smoke</tag>
</tags>
<status status="PASS" starttime="20200111 00:01:49.761" endtime="20200111 00:02:05.706" critical="yes"></status>
</test>
<doc>Primer Caso de test Amazon</doc>
<status status="PASS" starttime="20200111 00:01:49.279" endtime="20200111 00:02:05.711"></status>
</suite>
<statistics>
<total>
<stat pass="1" fail="0">Critical Tests</stat>
<stat pass="1" fail="0">All Tests</stat>
</total>
<tag>
<stat pass="1" fail="0">Smoke</stat>
</tag>
<suite>
<stat pass="1" fail="0" id="s1" name="Amazon">Amazon</stat>
</suite>
</statistics>
<errors>
</errors>
</robot>
