<?xml version="1.0" encoding="UTF-8"?>
<robot generator="Robot 3.1.2 (Python 3.7.6 on win32)" generated="20200108 12:27:03.178" rpa="false">
<suite id="s1" name="Tercero" source="C:\Python\robotframework\pruebas\tercero\tercero.robot">
<test id="s1-t1" name="C1 Búsqueda de palabras en Google">
<kw name="Abrir navegador">
<kw name="Open Browser" library="Selenium2Library">
<doc>Opens a new browser instance to the optional ``url``.</doc>
<arguments>
<arg>${url}</arg>
<arg>${navegador}</arg>
</arguments>
<msg timestamp="20200108 12:27:03.398" level="INFO">Opening browser 'chrome' to base url 'https://www.google.com/'.</msg>
<status status="PASS" starttime="20200108 12:27:03.397" endtime="20200108 12:27:09.352"></status>
</kw>
<kw name="Wait Until Element Is Visible" library="Selenium2Library">
<doc>Waits until the element ``locator`` is visible.</doc>
<arguments>
<arg>${logo}</arg>
</arguments>
<status status="PASS" starttime="20200108 12:27:09.352" endtime="20200108 12:27:09.385"></status>
</kw>
<status status="PASS" starttime="20200108 12:27:03.397" endtime="20200108 12:27:09.385"></status>
</kw>
<kw name="Input Text" library="Selenium2Library">
<doc>Types the given ``text`` into the text field identified by ``locator``.</doc>
<arguments>
<arg>xpath=//*[@id="tsf"]/div[2]/div[1]/div[1]/div/div[2]/input</arg>
<arg>${pb}</arg>
</arguments>
<msg timestamp="20200108 12:27:09.386" level="INFO">Typing text 'casos de prueba' into text field 'xpath=//*[@id="tsf"]/div[2]/div[1]/div[1]/div/div[2]/input'.</msg>
<status status="PASS" starttime="20200108 12:27:09.385" endtime="20200108 12:27:09.590"></status>
</kw>
<kw name="Click Element" library="Selenium2Library">
<doc>Click the element identified by ``locator``.</doc>
<arguments>
<arg>${logo}</arg>
</arguments>
<msg timestamp="20200108 12:27:09.592" level="INFO">Clicking element 'xpath=//*[@id="hplogo"]'.</msg>
<status status="PASS" starttime="20200108 12:27:09.592" endtime="20200108 12:27:09.648"></status>
</kw>
<kw name="Click Element" library="Selenium2Library">
<doc>Click the element identified by ``locator``.</doc>
<arguments>
<arg>xpath=//*[@id="tsf"]/div[2]/div[1]/div[3]/center/input[1]</arg>
</arguments>
<msg timestamp="20200108 12:27:09.649" level="INFO">Clicking element 'xpath=//*[@id="tsf"]/div[2]/div[1]/div[3]/center/input[1]'.</msg>
<status status="PASS" starttime="20200108 12:27:09.649" endtime="20200108 12:27:11.050"></status>
</kw>
<kw name="Title Should Be" library="Selenium2Library">
<doc>Verifies that the current page title equals ``title``.</doc>
<arguments>
<arg>${pb} - Buscar con Google</arg>
</arguments>
<msg timestamp="20200108 12:27:11.059" level="INFO">Page title is 'casos de prueba - Buscar con Google'.</msg>
<status status="PASS" starttime="20200108 12:27:11.051" endtime="20200108 12:27:11.059"></status>
</kw>
<kw name="Page Should Contain" library="Selenium2Library">
<doc>Verifies that current page contains ``text``.</doc>
<arguments>
<arg>${pb}</arg>
</arguments>
<msg timestamp="20200108 12:27:11.086" level="INFO">Current page contains text 'casos de prueba'.</msg>
<status status="PASS" starttime="20200108 12:27:11.059" endtime="20200108 12:27:11.086"></status>
</kw>
<kw name="Close Browser" library="Selenium2Library">
<doc>Closes the current browser.</doc>
<status status="PASS" starttime="20200108 12:27:11.087" endtime="20200108 12:27:13.204"></status>
</kw>
<status status="PASS" starttime="20200108 12:27:03.396" endtime="20200108 12:27:13.206" critical="yes"></status>
</test>
<test id="s1-t2" name="C2 Hacer click sin buscar nada">
<kw name="Abrir navegador">
<kw name="Open Browser" library="Selenium2Library">
<doc>Opens a new browser instance to the optional ``url``.</doc>
<arguments>
<arg>${url}</arg>
<arg>${navegador}</arg>
</arguments>
<msg timestamp="20200108 12:27:13.217" level="INFO">Opening browser 'chrome' to base url 'https://www.google.com/'.</msg>
<status status="PASS" starttime="20200108 12:27:13.217" endtime="20200108 12:27:20.080"></status>
</kw>
<kw name="Wait Until Element Is Visible" library="Selenium2Library">
<doc>Waits until the element ``locator`` is visible.</doc>
<arguments>
<arg>${logo}</arg>
</arguments>
<status status="PASS" starttime="20200108 12:27:20.081" endtime="20200108 12:27:20.115"></status>
</kw>
<status status="PASS" starttime="20200108 12:27:13.216" endtime="20200108 12:27:20.115"></status>
</kw>
<kw name="Click Element" library="Selenium2Library">
<doc>Click the element identified by ``locator``.</doc>
<arguments>
<arg>xpath=//*[@id="tsf"]/div[2]/div[1]/div[3]/center/input[1]</arg>
</arguments>
<msg timestamp="20200108 12:27:20.117" level="INFO">Clicking element 'xpath=//*[@id="tsf"]/div[2]/div[1]/div[3]/center/input[1]'.</msg>
<status status="PASS" starttime="20200108 12:27:20.117" endtime="20200108 12:27:20.224"></status>
</kw>
<kw name="Title Should Be" library="Selenium2Library">
<doc>Verifies that the current page title equals ``title``.</doc>
<arguments>
<arg>Google</arg>
</arguments>
<msg timestamp="20200108 12:27:20.233" level="INFO">Page title is 'Google'.</msg>
<status status="PASS" starttime="20200108 12:27:20.225" endtime="20200108 12:27:20.233"></status>
</kw>
<kw name="Close Browser" library="Selenium2Library">
<doc>Closes the current browser.</doc>
<status status="PASS" starttime="20200108 12:27:20.233" endtime="20200108 12:27:22.321"></status>
</kw>
<status status="PASS" starttime="20200108 12:27:13.213" endtime="20200108 12:27:22.323" critical="yes"></status>
</test>
<test id="s1-t3" name="C3 Búsqueda de Documentación Python">
<kw name="Abrir navegador">
<kw name="Open Browser" library="Selenium2Library">
<doc>Opens a new browser instance to the optional ``url``.</doc>
<arguments>
<arg>${url}</arg>
<arg>${navegador}</arg>
</arguments>
<msg timestamp="20200108 12:27:22.333" level="INFO">Opening browser 'chrome' to base url 'https://www.google.com/'.</msg>
<status status="PASS" starttime="20200108 12:27:22.332" endtime="20200108 12:27:28.982"></status>
</kw>
<kw name="Wait Until Element Is Visible" library="Selenium2Library">
<doc>Waits until the element ``locator`` is visible.</doc>
<arguments>
<arg>${logo}</arg>
</arguments>
<status status="PASS" starttime="20200108 12:27:28.983" endtime="20200108 12:27:29.014"></status>
</kw>
<status status="PASS" starttime="20200108 12:27:22.331" endtime="20200108 12:27:29.014"></status>
</kw>
<kw name="Input Text" library="Selenium2Library">
<doc>Types the given ``text`` into the text field identified by ``locator``.</doc>
<arguments>
<arg>${caja}</arg>
<arg>python</arg>
</arguments>
<msg timestamp="20200108 12:27:29.015" level="INFO">Typing text 'python' into text field 'xpath=//*[@id="tsf"]/div[2]/div[1]/div[1]/div/div[2]/input'.</msg>
<status status="PASS" starttime="20200108 12:27:29.015" endtime="20200108 12:27:29.117"></status>
</kw>
<kw name="Click Element" library="Selenium2Library">
<doc>Click the element identified by ``locator``.</doc>
<arguments>
<arg>${logo}</arg>
</arguments>
<msg timestamp="20200108 12:27:29.118" level="INFO">Clicking element 'xpath=//*[@id="hplogo"]'.</msg>
<status status="PASS" starttime="20200108 12:27:29.117" endtime="20200108 12:27:29.170"></status>
</kw>
<kw name="Click Element" library="Selenium2Library">
<doc>Click the element identified by ``locator``.</doc>
<arguments>
<arg>${enter}</arg>
</arguments>
<msg timestamp="20200108 12:27:29.172" level="INFO">Clicking element 'xpath=//*[@id="tsf"]/div[2]/div[1]/div[3]/center/input[1]'.</msg>
<status status="PASS" starttime="20200108 12:27:29.171" endtime="20200108 12:27:30.831"></status>
</kw>
<kw name="Click Element" library="Selenium2Library">
<doc>Click the element identified by ``locator``.</doc>
<arguments>
<arg>xpath=(//h3[contains(@class,'LC20lb')])[1]</arg>
</arguments>
<msg timestamp="20200108 12:27:30.832" level="INFO">Clicking element 'xpath=(//h3[contains(@class,'LC20lb')])[1]'.</msg>
<status status="PASS" starttime="20200108 12:27:30.832" endtime="20200108 12:27:31.919"></status>
</kw>
<kw name="Title Should Be" library="Selenium2Library">
<doc>Verifies that the current page title equals ``title``.</doc>
<arguments>
<arg>Welcome to Python.org</arg>
</arguments>
<msg timestamp="20200108 12:27:31.929" level="INFO">Page title is 'Welcome to Python.org'.</msg>
<status status="PASS" starttime="20200108 12:27:31.920" endtime="20200108 12:27:31.929"></status>
</kw>
<kw name="Click Element" library="Selenium2Library">
<doc>Click the element identified by ``locator``.</doc>
<arguments>
<arg>xpath=(//a[@href='/doc/'])[1]</arg>
</arguments>
<msg timestamp="20200108 12:27:31.930" level="INFO">Clicking element 'xpath=(//a[@href='/doc/'])[1]'.</msg>
<status status="PASS" starttime="20200108 12:27:31.929" endtime="20200108 12:27:32.408"></status>
</kw>
<kw name="Click Element" library="Selenium2Library">
<doc>Click the element identified by ``locator``.</doc>
<arguments>
<arg>xpath=(//a[@href='https://wiki.python.org/moin/BeginnersGuide'])[2]</arg>
</arguments>
<msg timestamp="20200108 12:27:32.410" level="INFO">Clicking element 'xpath=(//a[@href='https://wiki.python.org/moin/BeginnersGuide'])[2]'.</msg>
<status status="PASS" starttime="20200108 12:27:32.410" endtime="20200108 12:27:33.703"></status>
</kw>
<kw name="Close Browser" library="Selenium2Library">
<doc>Closes the current browser.</doc>
<status status="PASS" starttime="20200108 12:27:33.704" endtime="20200108 12:27:35.830"></status>
</kw>
<status status="PASS" starttime="20200108 12:27:22.329" endtime="20200108 12:27:35.833" critical="yes"></status>
</test>
<doc>Casos de Prueba con Variables y Keywords
Se ejecutan tres busquedas
La ultima busqueda se carga un manual de Python</doc>
<status status="PASS" starttime="20200108 12:27:03.180" endtime="20200108 12:27:35.841"></status>
</suite>
<statistics>
<total>
<stat pass="3" fail="0">Critical Tests</stat>
<stat pass="3" fail="0">All Tests</stat>
</total>
<tag>
</tag>
<suite>
<stat pass="3" fail="0" id="s1" name="Tercero">Tercero</stat>
</suite>
</statistics>
<errors>
</errors>
</robot>
