<?xml version="1.0" encoding="UTF-8"?>
<robot generator="Robot 3.1.2 (Python 3.7.6 on win32)" generated="20200107 17:55:33.058" rpa="false">
<suite id="s1" name="Primera" source="C:\Python\robotframework\pruebas\primera\primera.robot">
<test id="s1-t1" name="C1 Búsqueda de palabras en Google">
<kw name="Open Browser" library="Selenium2Library">
<doc>Opens a new browser instance to the optional ``url``.</doc>
<arguments>
<arg>https://www.google.com/</arg>
<arg>chrome</arg>
</arguments>
<msg timestamp="20200107 17:55:33.274" level="INFO">Opening browser 'chrome' to base url 'https://www.google.com/'.</msg>
<status status="PASS" starttime="20200107 17:55:33.273" endtime="20200107 17:55:40.228"></status>
</kw>
<kw name="Wait Until Element Is Visible" library="Selenium2Library">
<doc>Waits until the element ``locator`` is visible.</doc>
<arguments>
<arg>xpath=//*[@id="hplogo"]</arg>
</arguments>
<status status="PASS" starttime="20200107 17:55:40.229" endtime="20200107 17:55:40.259"></status>
</kw>
<kw name="Input Text" library="Selenium2Library">
<doc>Types the given ``text`` into the text field identified by ``locator``.</doc>
<arguments>
<arg>xpath=//*[@id="tsf"]/div[2]/div[1]/div[1]/div/div[2]/input</arg>
<arg>casos de prueba</arg>
</arguments>
<msg timestamp="20200107 17:55:40.259" level="INFO">Typing text 'casos de prueba' into text field 'xpath=//*[@id="tsf"]/div[2]/div[1]/div[1]/div/div[2]/input'.</msg>
<status status="PASS" starttime="20200107 17:55:40.259" endtime="20200107 17:55:40.400"></status>
</kw>
<kw name="Click Element" library="Selenium2Library">
<doc>Click the element identified by ``locator``.</doc>
<arguments>
<arg>xpath=//*[@id="hplogo"]</arg>
</arguments>
<msg timestamp="20200107 17:55:40.401" level="INFO">Clicking element 'xpath=//*[@id="hplogo"]'.</msg>
<status status="PASS" starttime="20200107 17:55:40.401" endtime="20200107 17:55:40.446"></status>
</kw>
<kw name="Click Element" library="Selenium2Library">
<doc>Click the element identified by ``locator``.</doc>
<arguments>
<arg>xpath=//*[@id="tsf"]/div[2]/div[1]/div[3]/center/input[1]</arg>
</arguments>
<msg timestamp="20200107 17:55:40.447" level="INFO">Clicking element 'xpath=//*[@id="tsf"]/div[2]/div[1]/div[3]/center/input[1]'.</msg>
<status status="PASS" starttime="20200107 17:55:40.447" endtime="20200107 17:55:41.720"></status>
</kw>
<kw name="Title Should Be" library="Selenium2Library">
<doc>Verifies that the current page title equals ``title``.</doc>
<arguments>
<arg>casos de prueba - Buscar con Google</arg>
</arguments>
<msg timestamp="20200107 17:55:41.727" level="INFO">Page title is 'casos de prueba - Buscar con Google'.</msg>
<status status="PASS" starttime="20200107 17:55:41.721" endtime="20200107 17:55:41.727"></status>
</kw>
<kw name="Page Should Contain" library="Selenium2Library">
<doc>Verifies that current page contains ``text``.</doc>
<arguments>
<arg>casos de prueba</arg>
</arguments>
<msg timestamp="20200107 17:55:41.758" level="INFO">Current page contains text 'casos de prueba'.</msg>
<status status="PASS" starttime="20200107 17:55:41.728" endtime="20200107 17:55:41.758"></status>
</kw>
<kw name="Close Browser" library="Selenium2Library">
<doc>Closes the current browser.</doc>
<status status="PASS" starttime="20200107 17:55:41.758" endtime="20200107 17:55:44.168"></status>
</kw>
<status status="PASS" starttime="20200107 17:55:33.273" endtime="20200107 17:55:44.170" critical="yes"></status>
</test>
<test id="s1-t2" name="C2 Hacer click sin buscar nada">
<kw name="Open Browser" library="Selenium2Library">
<doc>Opens a new browser instance to the optional ``url``.</doc>
<arguments>
<arg>https://www.google.com/</arg>
<arg>chrome</arg>
</arguments>
<msg timestamp="20200107 17:55:44.177" level="INFO">Opening browser 'chrome' to base url 'https://www.google.com/'.</msg>
<status status="PASS" starttime="20200107 17:55:44.176" endtime="20200107 17:55:50.763"></status>
</kw>
<kw name="Wait Until Element Is Visible" library="Selenium2Library">
<doc>Waits until the element ``locator`` is visible.</doc>
<arguments>
<arg>xpath=//*[@id="hplogo"]</arg>
</arguments>
<status status="PASS" starttime="20200107 17:55:50.764" endtime="20200107 17:55:50.793"></status>
</kw>
<kw name="Click Element" library="Selenium2Library">
<doc>Click the element identified by ``locator``.</doc>
<arguments>
<arg>xpath=//*[@id="tsf"]/div[2]/div[1]/div[3]/center/input[1]</arg>
</arguments>
<msg timestamp="20200107 17:55:50.794" level="INFO">Clicking element 'xpath=//*[@id="tsf"]/div[2]/div[1]/div[3]/center/input[1]'.</msg>
<status status="PASS" starttime="20200107 17:55:50.794" endtime="20200107 17:55:50.848"></status>
</kw>
<kw name="Title Should Be" library="Selenium2Library">
<doc>Verifies that the current page title equals ``title``.</doc>
<arguments>
<arg>Google</arg>
</arguments>
<msg timestamp="20200107 17:55:50.855" level="INFO">Page title is 'Google'.</msg>
<status status="PASS" starttime="20200107 17:55:50.848" endtime="20200107 17:55:50.855"></status>
</kw>
<kw name="Close Browser" library="Selenium2Library">
<doc>Closes the current browser.</doc>
<status status="PASS" starttime="20200107 17:55:50.855" endtime="20200107 17:55:52.944"></status>
</kw>
<status status="PASS" starttime="20200107 17:55:44.174" endtime="20200107 17:55:52.945" critical="yes"></status>
</test>
<doc>Existe en un documento de texto los pasos manuales
Esta es la Primera Automatización</doc>
<status status="PASS" starttime="20200107 17:55:33.061" endtime="20200107 17:55:52.948"></status>
</suite>
<statistics>
<total>
<stat pass="2" fail="0">Critical Tests</stat>
<stat pass="2" fail="0">All Tests</stat>
</total>
<tag>
</tag>
<suite>
<stat pass="2" fail="0" id="s1" name="Primera">Primera</stat>
</suite>
</statistics>
<errors>
</errors>
</robot>
