<?xml version="1.0" encoding="UTF-8"?>
<robot generator="Robot 3.1.2 (Python 3.7.6 on win32)" generated="20200113 16:50:37.690" rpa="false">
<suite id="s1" name="Amazon" source="c:\Python\robotframework\pruebas2\amazon\Test\amazon.robot">
<test id="s1-t1" name="p001 Usuario oprime ckeckout">
<kw name="Open Browser" library="Selenium2Library">
<doc>Opens a new browser instance to the optional ``url``.</doc>
<arguments>
<arg>http://www.amazon.com</arg>
<arg>${navegador}</arg>
</arguments>
<msg timestamp="20200113 16:50:38.401" level="INFO">Opening browser 'firefox' to base url 'http://www.amazon.com'.</msg>
<msg timestamp="20200113 16:50:38.402" level="INFO">Firefox driver log is always forced to to: c:\Python\robotframework\pruebas2\amazon\results\geckodriver-8.log</msg>
<status status="PASS" starttime="20200113 16:50:38.401" endtime="20200113 16:50:44.796"></status>
</kw>
<kw name="Close Browser" library="Selenium2Library">
<doc>Closes the current browser.</doc>
<status status="PASS" starttime="20200113 16:50:44.796" endtime="20200113 16:50:45.684"></status>
</kw>
<doc>Información Basica sobre este test</doc>
<tags>
<tag>Smoke</tag>
</tags>
<status status="PASS" starttime="20200113 16:50:38.400" endtime="20200113 16:50:45.684" critical="yes"></status>
</test>
<doc>Primer Caso de test Amazon</doc>
<status status="PASS" starttime="20200113 16:50:37.692" endtime="20200113 16:50:45.684"></status>
</suite>
<statistics>
<total>
<stat pass="1" fail="0">Critical Tests</stat>
<stat pass="1" fail="0">All Tests</stat>
</total>
<tag>
<stat pass="1" fail="0">Smoke</stat>
</tag>
<suite>
<stat pass="1" fail="0" id="s1" name="Amazon">Amazon</stat>
</suite>
</statistics>
<errors>
</errors>
</robot>
