<?xml version="1.0" encoding="UTF-8"?>
<robot generator="Robot 3.1.2 (Python 3.7.6 on win32)" generated="20200109 13:52:14.405" rpa="false">
<suite id="s1" name="Ocho" source="C:\Python\robotframework\pruebas\ocho\ocho.robot">
<test id="s1-t1" name="001 Prueba uno de la sección del ojo">
<kw name="Abrir navegador">
<kw name="Open Browser" library="SeleniumLibrary">
<doc>Opens a new browser instance to the optional ``url``.</doc>
<arguments>
<arg>${url}</arg>
<arg>${navegador}</arg>
</arguments>
<msg timestamp="20200109 13:52:14.612" level="INFO">Opening browser 'chrome' to base url 'http://automationpractice.com/index.php'.</msg>
<status status="PASS" starttime="20200109 13:52:14.612" endtime="20200109 13:52:23.482"></status>
</kw>
<kw name="Wait Until Element Is Visible" library="SeleniumLibrary">
<doc>Waits until the element ``locator`` is visible.</doc>
<arguments>
<arg>xpath=//img[contains(@class,'logo img-responsive')]</arg>
</arguments>
<status status="PASS" starttime="20200109 13:52:23.482" endtime="20200109 13:52:23.530"></status>
</kw>
<status status="PASS" starttime="20200109 13:52:14.612" endtime="20200109 13:52:23.530"></status>
</kw>
<kw name="Set Focus To Element" library="SeleniumLibrary">
<doc>Sets the focus to the element identified by ``locator``.</doc>
<arguments>
<arg>xpath=(//a[@data-toggle='tab'])[1]</arg>
</arguments>
<status status="PASS" starttime="20200109 13:52:23.531" endtime="20200109 13:52:23.606"></status>
</kw>
<kw name="Set Window Size" library="SeleniumLibrary">
<doc>Sets current windows size to given ``width`` and ``height``.</doc>
<arguments>
<arg>1000</arg>
<arg>1000</arg>
</arguments>
<status status="PASS" starttime="20200109 13:52:23.607" endtime="20200109 13:52:27.765"></status>
</kw>
<kw name="Set Selenium Speed" library="SeleniumLibrary">
<doc>Sets the delay that is waited after each Selenium command.</doc>
<arguments>
<arg>0.1 seconds</arg>
</arguments>
<status status="PASS" starttime="20200109 13:52:27.773" endtime="20200109 13:52:27.774"></status>
</kw>
<kw name="${item} IN [ @{items} ]" type="for">
<kw name="${item} = (//i[@class='icon-eye-open'])[1]" type="foritem">
<kw name="Set Focus To Element" library="SeleniumLibrary">
<doc>Sets the focus to the element identified by ``locator``.</doc>
<arguments>
<arg>${item}</arg>
</arguments>
<status status="PASS" starttime="20200109 13:52:27.776" endtime="20200109 13:52:28.044"></status>
</kw>
<kw name="Get Text" library="SeleniumLibrary">
<doc>Returns the text value of the element identified by ``locator``.</doc>
<arguments>
<arg>xpath=(//a[@class='product-name'])[${item}]</arg>
</arguments>
<assign>
<var>${nomT}</var>
</assign>
<msg timestamp="20200109 13:52:28.325" level="INFO">${nomT} = Faded Short Sleeve T-shirts</msg>
<status status="PASS" starttime="20200109 13:52:28.044" endtime="20200109 13:52:28.325"></status>
</kw>
<kw name="Click Element" library="SeleniumLibrary">
<doc>Click the element identified by ``locator``.</doc>
<arguments>
<arg>xpath=(//i[@class='icon-eye-open'])[1][${item}]</arg>
</arguments>
<msg timestamp="20200109 13:52:28.325" level="INFO">Clicking element 'xpath=(//i[@class='icon-eye-open'])[1][(//i[@class='icon-eye-open'])[1]]'.</msg>
<status status="PASS" starttime="20200109 13:52:28.325" endtime="20200109 13:52:28.697"></status>
</kw>
<kw name="Wait Until Element Is Visible" library="SeleniumLibrary">
<doc>Waits until the element ``locator`` is visible.</doc>
<arguments>
<arg>xpath=//*[@id="index"]/div[2]/div/div/div/div/iframe</arg>
</arguments>
<status status="PASS" starttime="20200109 13:52:28.697" endtime="20200109 13:52:30.300"></status>
</kw>
<kw name="Select Frame" library="SeleniumLibrary">
<doc>Sets frame identified by ``locator`` as the current frame.</doc>
<arguments>
<arg>xpath=//*[@id="index"]/div[2]/div/div/div/div/iframe</arg>
</arguments>
<msg timestamp="20200109 13:52:30.300" level="INFO">Selecting frame 'xpath=//*[@id="index"]/div[2]/div/div/div/div/iframe'.</msg>
<status status="PASS" starttime="20200109 13:52:30.300" endtime="20200109 13:52:30.581"></status>
</kw>
<kw name="Wait Until Element Is Visible" library="SeleniumLibrary">
<doc>Waits until the element ``locator`` is visible.</doc>
<arguments>
<arg>xpath=//h1[@itemprop='name']</arg>
</arguments>
<status status="PASS" starttime="20200109 13:52:30.581" endtime="20200109 13:52:30.862"></status>
</kw>
<kw name="Element Text Should Be" library="SeleniumLibrary">
<doc>Verifies that element ``locator`` contains exact the text ``expected``.</doc>
<arguments>
<arg>xpath=//h1[@itemprop='name']</arg>
<arg>${nomT}</arg>
</arguments>
<msg timestamp="20200109 13:52:30.862" level="INFO">Verifying element 'xpath=//h1[@itemprop='name']' contains exact text 'Faded Short Sleeve T-shirts'.</msg>
<status status="PASS" starttime="20200109 13:52:30.862" endtime="20200109 13:52:31.118"></status>
</kw>
<kw name="Unselect Frame" library="SeleniumLibrary">
<doc>Sets the main frame as the current frame.</doc>
<status status="PASS" starttime="20200109 13:52:31.118" endtime="20200109 13:52:31.233"></status>
</kw>
<kw name="Click Element" library="SeleniumLibrary">
<doc>Click the element identified by ``locator``.</doc>
<arguments>
<arg>xpath=//a[@title='Close']</arg>
</arguments>
<msg timestamp="20200109 13:52:31.233" level="INFO">Clicking element 'xpath=//a[@title='Close']'.</msg>
<status status="PASS" starttime="20200109 13:52:31.233" endtime="20200109 13:52:31.553"></status>
</kw>
<status status="PASS" starttime="20200109 13:52:27.775" endtime="20200109 13:52:31.553"></status>
</kw>
<kw name="${item} = (//i[@class='icon-eye-open'])[2]" type="foritem">
<kw name="Set Focus To Element" library="SeleniumLibrary">
<doc>Sets the focus to the element identified by ``locator``.</doc>
<arguments>
<arg>${item}</arg>
</arguments>
<status status="PASS" starttime="20200109 13:52:31.553" endtime="20200109 13:52:31.791"></status>
</kw>
<kw name="Get Text" library="SeleniumLibrary">
<doc>Returns the text value of the element identified by ``locator``.</doc>
<arguments>
<arg>xpath=(//a[@class='product-name'])[${item}]</arg>
</arguments>
<assign>
<var>${nomT}</var>
</assign>
<msg timestamp="20200109 13:52:32.039" level="INFO">${nomT} = Faded Short Sleeve T-shirts</msg>
<status status="PASS" starttime="20200109 13:52:31.791" endtime="20200109 13:52:32.039"></status>
</kw>
<kw name="Click Element" library="SeleniumLibrary">
<doc>Click the element identified by ``locator``.</doc>
<arguments>
<arg>xpath=(//i[@class='icon-eye-open'])[1][${item}]</arg>
</arguments>
<msg timestamp="20200109 13:52:32.041" level="INFO">Clicking element 'xpath=(//i[@class='icon-eye-open'])[1][(//i[@class='icon-eye-open'])[2]]'.</msg>
<status status="PASS" starttime="20200109 13:52:32.040" endtime="20200109 13:52:32.444"></status>
</kw>
<kw name="Wait Until Element Is Visible" library="SeleniumLibrary">
<doc>Waits until the element ``locator`` is visible.</doc>
<arguments>
<arg>xpath=//*[@id="index"]/div[2]/div/div/div/div/iframe</arg>
</arguments>
<status status="PASS" starttime="20200109 13:52:32.444" endtime="20200109 13:52:33.225"></status>
</kw>
<kw name="Select Frame" library="SeleniumLibrary">
<doc>Sets frame identified by ``locator`` as the current frame.</doc>
<arguments>
<arg>xpath=//*[@id="index"]/div[2]/div/div/div/div/iframe</arg>
</arguments>
<msg timestamp="20200109 13:52:33.226" level="INFO">Selecting frame 'xpath=//*[@id="index"]/div[2]/div/div/div/div/iframe'.</msg>
<status status="PASS" starttime="20200109 13:52:33.225" endtime="20200109 13:52:33.542"></status>
</kw>
<kw name="Wait Until Element Is Visible" library="SeleniumLibrary">
<doc>Waits until the element ``locator`` is visible.</doc>
<arguments>
<arg>xpath=//h1[@itemprop='name']</arg>
</arguments>
<status status="PASS" starttime="20200109 13:52:33.542" endtime="20200109 13:52:33.805"></status>
</kw>
<kw name="Element Text Should Be" library="SeleniumLibrary">
<doc>Verifies that element ``locator`` contains exact the text ``expected``.</doc>
<arguments>
<arg>xpath=//h1[@itemprop='name']</arg>
<arg>${nomT}</arg>
</arguments>
<msg timestamp="20200109 13:52:33.806" level="INFO">Verifying element 'xpath=//h1[@itemprop='name']' contains exact text 'Faded Short Sleeve T-shirts'.</msg>
<status status="PASS" starttime="20200109 13:52:33.805" endtime="20200109 13:52:34.075"></status>
</kw>
<kw name="Unselect Frame" library="SeleniumLibrary">
<doc>Sets the main frame as the current frame.</doc>
<status status="PASS" starttime="20200109 13:52:34.075" endtime="20200109 13:52:34.186"></status>
</kw>
<kw name="Click Element" library="SeleniumLibrary">
<doc>Click the element identified by ``locator``.</doc>
<arguments>
<arg>xpath=//a[@title='Close']</arg>
</arguments>
<msg timestamp="20200109 13:52:34.187" level="INFO">Clicking element 'xpath=//a[@title='Close']'.</msg>
<status status="PASS" starttime="20200109 13:52:34.186" endtime="20200109 13:52:34.506"></status>
</kw>
<status status="PASS" starttime="20200109 13:52:31.553" endtime="20200109 13:52:34.506"></status>
</kw>
<kw name="${item} = (//i[@class='icon-eye-open'])[3]" type="foritem">
<kw name="Set Focus To Element" library="SeleniumLibrary">
<doc>Sets the focus to the element identified by ``locator``.</doc>
<arguments>
<arg>${item}</arg>
</arguments>
<status status="PASS" starttime="20200109 13:52:34.506" endtime="20200109 13:52:34.752"></status>
</kw>
<kw name="Get Text" library="SeleniumLibrary">
<doc>Returns the text value of the element identified by ``locator``.</doc>
<arguments>
<arg>xpath=(//a[@class='product-name'])[${item}]</arg>
</arguments>
<assign>
<var>${nomT}</var>
</assign>
<msg timestamp="20200109 13:52:35.015" level="INFO">${nomT} = Faded Short Sleeve T-shirts</msg>
<status status="PASS" starttime="20200109 13:52:34.752" endtime="20200109 13:52:35.015"></status>
</kw>
<kw name="Click Element" library="SeleniumLibrary">
<doc>Click the element identified by ``locator``.</doc>
<arguments>
<arg>xpath=(//i[@class='icon-eye-open'])[1][${item}]</arg>
</arguments>
<msg timestamp="20200109 13:52:35.016" level="INFO">Clicking element 'xpath=(//i[@class='icon-eye-open'])[1][(//i[@class='icon-eye-open'])[3]]'.</msg>
<status status="PASS" starttime="20200109 13:52:35.016" endtime="20200109 13:52:35.376"></status>
</kw>
<kw name="Wait Until Element Is Visible" library="SeleniumLibrary">
<doc>Waits until the element ``locator`` is visible.</doc>
<arguments>
<arg>xpath=//*[@id="index"]/div[2]/div/div/div/div/iframe</arg>
</arguments>
<status status="PASS" starttime="20200109 13:52:35.376" endtime="20200109 13:52:36.683"></status>
</kw>
<kw name="Select Frame" library="SeleniumLibrary">
<doc>Sets frame identified by ``locator`` as the current frame.</doc>
<arguments>
<arg>xpath=//*[@id="index"]/div[2]/div/div/div/div/iframe</arg>
</arguments>
<msg timestamp="20200109 13:52:36.684" level="INFO">Selecting frame 'xpath=//*[@id="index"]/div[2]/div/div/div/div/iframe'.</msg>
<status status="PASS" starttime="20200109 13:52:36.683" endtime="20200109 13:52:36.970"></status>
</kw>
<kw name="Wait Until Element Is Visible" library="SeleniumLibrary">
<doc>Waits until the element ``locator`` is visible.</doc>
<arguments>
<arg>xpath=//h1[@itemprop='name']</arg>
</arguments>
<status status="PASS" starttime="20200109 13:52:36.970" endtime="20200109 13:52:37.231"></status>
</kw>
<kw name="Element Text Should Be" library="SeleniumLibrary">
<doc>Verifies that element ``locator`` contains exact the text ``expected``.</doc>
<arguments>
<arg>xpath=//h1[@itemprop='name']</arg>
<arg>${nomT}</arg>
</arguments>
<msg timestamp="20200109 13:52:37.231" level="INFO">Verifying element 'xpath=//h1[@itemprop='name']' contains exact text 'Faded Short Sleeve T-shirts'.</msg>
<status status="PASS" starttime="20200109 13:52:37.231" endtime="20200109 13:52:37.487"></status>
</kw>
<kw name="Unselect Frame" library="SeleniumLibrary">
<doc>Sets the main frame as the current frame.</doc>
<status status="PASS" starttime="20200109 13:52:37.487" endtime="20200109 13:52:37.598"></status>
</kw>
<kw name="Click Element" library="SeleniumLibrary">
<doc>Click the element identified by ``locator``.</doc>
<arguments>
<arg>xpath=//a[@title='Close']</arg>
</arguments>
<msg timestamp="20200109 13:52:37.598" level="INFO">Clicking element 'xpath=//a[@title='Close']'.</msg>
<status status="PASS" starttime="20200109 13:52:37.598" endtime="20200109 13:52:37.870"></status>
</kw>
<status status="PASS" starttime="20200109 13:52:34.506" endtime="20200109 13:52:37.870"></status>
</kw>
<kw name="${item} = (//i[@class='icon-eye-open'])[4]" type="foritem">
<kw name="Set Focus To Element" library="SeleniumLibrary">
<doc>Sets the focus to the element identified by ``locator``.</doc>
<arguments>
<arg>${item}</arg>
</arguments>
<status status="PASS" starttime="20200109 13:52:37.870" endtime="20200109 13:52:38.110"></status>
</kw>
<kw name="Get Text" library="SeleniumLibrary">
<doc>Returns the text value of the element identified by ``locator``.</doc>
<arguments>
<arg>xpath=(//a[@class='product-name'])[${item}]</arg>
</arguments>
<assign>
<var>${nomT}</var>
</assign>
<msg timestamp="20200109 13:52:38.339" level="INFO">${nomT} = Faded Short Sleeve T-shirts</msg>
<status status="PASS" starttime="20200109 13:52:38.110" endtime="20200109 13:52:38.339"></status>
</kw>
<kw name="Click Element" library="SeleniumLibrary">
<doc>Click the element identified by ``locator``.</doc>
<arguments>
<arg>xpath=(//i[@class='icon-eye-open'])[1][${item}]</arg>
</arguments>
<msg timestamp="20200109 13:52:38.340" level="INFO">Clicking element 'xpath=(//i[@class='icon-eye-open'])[1][(//i[@class='icon-eye-open'])[4]]'.</msg>
<status status="PASS" starttime="20200109 13:52:38.340" endtime="20200109 13:52:38.690"></status>
</kw>
<kw name="Wait Until Element Is Visible" library="SeleniumLibrary">
<doc>Waits until the element ``locator`` is visible.</doc>
<arguments>
<arg>xpath=//*[@id="index"]/div[2]/div/div/div/div/iframe</arg>
</arguments>
<status status="PASS" starttime="20200109 13:52:38.690" endtime="20200109 13:52:39.476"></status>
</kw>
<kw name="Select Frame" library="SeleniumLibrary">
<doc>Sets frame identified by ``locator`` as the current frame.</doc>
<arguments>
<arg>xpath=//*[@id="index"]/div[2]/div/div/div/div/iframe</arg>
</arguments>
<msg timestamp="20200109 13:52:39.477" level="INFO">Selecting frame 'xpath=//*[@id="index"]/div[2]/div/div/div/div/iframe'.</msg>
<status status="PASS" starttime="20200109 13:52:39.476" endtime="20200109 13:52:39.783"></status>
</kw>
<kw name="Wait Until Element Is Visible" library="SeleniumLibrary">
<doc>Waits until the element ``locator`` is visible.</doc>
<arguments>
<arg>xpath=//h1[@itemprop='name']</arg>
</arguments>
<status status="PASS" starttime="20200109 13:52:39.783" endtime="20200109 13:52:40.056"></status>
</kw>
<kw name="Element Text Should Be" library="SeleniumLibrary">
<doc>Verifies that element ``locator`` contains exact the text ``expected``.</doc>
<arguments>
<arg>xpath=//h1[@itemprop='name']</arg>
<arg>${nomT}</arg>
</arguments>
<msg timestamp="20200109 13:52:40.056" level="INFO">Verifying element 'xpath=//h1[@itemprop='name']' contains exact text 'Faded Short Sleeve T-shirts'.</msg>
<status status="PASS" starttime="20200109 13:52:40.056" endtime="20200109 13:52:40.322"></status>
</kw>
<kw name="Unselect Frame" library="SeleniumLibrary">
<doc>Sets the main frame as the current frame.</doc>
<status status="PASS" starttime="20200109 13:52:40.322" endtime="20200109 13:52:40.431"></status>
</kw>
<kw name="Click Element" library="SeleniumLibrary">
<doc>Click the element identified by ``locator``.</doc>
<arguments>
<arg>xpath=//a[@title='Close']</arg>
</arguments>
<msg timestamp="20200109 13:52:40.431" level="INFO">Clicking element 'xpath=//a[@title='Close']'.</msg>
<status status="PASS" starttime="20200109 13:52:40.431" endtime="20200109 13:52:40.738"></status>
</kw>
<status status="PASS" starttime="20200109 13:52:37.870" endtime="20200109 13:52:40.738"></status>
</kw>
<kw name="${item} = (//i[@class='icon-eye-open'])[5]" type="foritem">
<kw name="Set Focus To Element" library="SeleniumLibrary">
<doc>Sets the focus to the element identified by ``locator``.</doc>
<arguments>
<arg>${item}</arg>
</arguments>
<status status="PASS" starttime="20200109 13:52:40.739" endtime="20200109 13:52:41.011"></status>
</kw>
<kw name="Get Text" library="SeleniumLibrary">
<doc>Returns the text value of the element identified by ``locator``.</doc>
<arguments>
<arg>xpath=(//a[@class='product-name'])[${item}]</arg>
</arguments>
<assign>
<var>${nomT}</var>
</assign>
<msg timestamp="20200109 13:52:41.293" level="INFO">${nomT} = Faded Short Sleeve T-shirts</msg>
<status status="PASS" starttime="20200109 13:52:41.012" endtime="20200109 13:52:41.293"></status>
</kw>
<kw name="Click Element" library="SeleniumLibrary">
<doc>Click the element identified by ``locator``.</doc>
<arguments>
<arg>xpath=(//i[@class='icon-eye-open'])[1][${item}]</arg>
</arguments>
<msg timestamp="20200109 13:52:41.294" level="INFO">Clicking element 'xpath=(//i[@class='icon-eye-open'])[1][(//i[@class='icon-eye-open'])[5]]'.</msg>
<status status="PASS" starttime="20200109 13:52:41.294" endtime="20200109 13:52:41.637"></status>
</kw>
<kw name="Wait Until Element Is Visible" library="SeleniumLibrary">
<doc>Waits until the element ``locator`` is visible.</doc>
<arguments>
<arg>xpath=//*[@id="index"]/div[2]/div/div/div/div/iframe</arg>
</arguments>
<status status="PASS" starttime="20200109 13:52:41.637" endtime="20200109 13:52:42.463"></status>
</kw>
<kw name="Select Frame" library="SeleniumLibrary">
<doc>Sets frame identified by ``locator`` as the current frame.</doc>
<arguments>
<arg>xpath=//*[@id="index"]/div[2]/div/div/div/div/iframe</arg>
</arguments>
<msg timestamp="20200109 13:52:42.464" level="INFO">Selecting frame 'xpath=//*[@id="index"]/div[2]/div/div/div/div/iframe'.</msg>
<status status="PASS" starttime="20200109 13:52:42.463" endtime="20200109 13:52:42.781"></status>
</kw>
<kw name="Wait Until Element Is Visible" library="SeleniumLibrary">
<doc>Waits until the element ``locator`` is visible.</doc>
<arguments>
<arg>xpath=//h1[@itemprop='name']</arg>
</arguments>
<status status="PASS" starttime="20200109 13:52:42.781" endtime="20200109 13:52:43.053"></status>
</kw>
<kw name="Element Text Should Be" library="SeleniumLibrary">
<doc>Verifies that element ``locator`` contains exact the text ``expected``.</doc>
<arguments>
<arg>xpath=//h1[@itemprop='name']</arg>
<arg>${nomT}</arg>
</arguments>
<msg timestamp="20200109 13:52:43.053" level="INFO">Verifying element 'xpath=//h1[@itemprop='name']' contains exact text 'Faded Short Sleeve T-shirts'.</msg>
<status status="PASS" starttime="20200109 13:52:43.053" endtime="20200109 13:52:43.321"></status>
</kw>
<kw name="Unselect Frame" library="SeleniumLibrary">
<doc>Sets the main frame as the current frame.</doc>
<status status="PASS" starttime="20200109 13:52:43.321" endtime="20200109 13:52:43.430"></status>
</kw>
<kw name="Click Element" library="SeleniumLibrary">
<doc>Click the element identified by ``locator``.</doc>
<arguments>
<arg>xpath=//a[@title='Close']</arg>
</arguments>
<msg timestamp="20200109 13:52:43.430" level="INFO">Clicking element 'xpath=//a[@title='Close']'.</msg>
<status status="PASS" starttime="20200109 13:52:43.430" endtime="20200109 13:52:43.736"></status>
</kw>
<status status="PASS" starttime="20200109 13:52:40.738" endtime="20200109 13:52:43.736"></status>
</kw>
<kw name="${item} = (//i[@class='icon-eye-open'])[6]" type="foritem">
<kw name="Set Focus To Element" library="SeleniumLibrary">
<doc>Sets the focus to the element identified by ``locator``.</doc>
<arguments>
<arg>${item}</arg>
</arguments>
<status status="PASS" starttime="20200109 13:52:43.736" endtime="20200109 13:52:43.969"></status>
</kw>
<kw name="Get Text" library="SeleniumLibrary">
<doc>Returns the text value of the element identified by ``locator``.</doc>
<arguments>
<arg>xpath=(//a[@class='product-name'])[${item}]</arg>
</arguments>
<assign>
<var>${nomT}</var>
</assign>
<msg timestamp="20200109 13:52:44.206" level="INFO">${nomT} = </msg>
<status status="PASS" starttime="20200109 13:52:43.969" endtime="20200109 13:52:44.206"></status>
</kw>
<kw name="Click Element" library="SeleniumLibrary">
<doc>Click the element identified by ``locator``.</doc>
<arguments>
<arg>xpath=(//i[@class='icon-eye-open'])[1][${item}]</arg>
</arguments>
<msg timestamp="20200109 13:52:44.207" level="INFO">Clicking element 'xpath=(//i[@class='icon-eye-open'])[1][(//i[@class='icon-eye-open'])[6]]'.</msg>
<status status="PASS" starttime="20200109 13:52:44.207" endtime="20200109 13:52:44.589"></status>
</kw>
<kw name="Wait Until Element Is Visible" library="SeleniumLibrary">
<doc>Waits until the element ``locator`` is visible.</doc>
<arguments>
<arg>xpath=//*[@id="index"]/div[2]/div/div/div/div/iframe</arg>
</arguments>
<status status="PASS" starttime="20200109 13:52:44.589" endtime="20200109 13:52:45.762"></status>
</kw>
<kw name="Select Frame" library="SeleniumLibrary">
<doc>Sets frame identified by ``locator`` as the current frame.</doc>
<arguments>
<arg>xpath=//*[@id="index"]/div[2]/div/div/div/div/iframe</arg>
</arguments>
<msg timestamp="20200109 13:52:45.762" level="INFO">Selecting frame 'xpath=//*[@id="index"]/div[2]/div/div/div/div/iframe'.</msg>
<status status="PASS" starttime="20200109 13:52:45.762" endtime="20200109 13:52:46.032"></status>
</kw>
<kw name="Wait Until Element Is Visible" library="SeleniumLibrary">
<doc>Waits until the element ``locator`` is visible.</doc>
<arguments>
<arg>xpath=//h1[@itemprop='name']</arg>
</arguments>
<status status="PASS" starttime="20200109 13:52:46.032" endtime="20200109 13:52:46.302"></status>
</kw>
<kw name="Element Text Should Be" library="SeleniumLibrary">
<doc>Verifies that element ``locator`` contains exact the text ``expected``.</doc>
<arguments>
<arg>xpath=//h1[@itemprop='name']</arg>
<arg>${nomT}</arg>
</arguments>
<msg timestamp="20200109 13:52:46.302" level="INFO">Verifying element 'xpath=//h1[@itemprop='name']' contains exact text ''.</msg>
<kw name="Capture Page Screenshot" library="SeleniumLibrary">
<doc>Takes a screenshot of the current page and embeds it into a log file.</doc>
<msg timestamp="20200109 13:52:47.044" level="INFO" html="yes">&lt;/td&gt;&lt;/tr&gt;&lt;tr&gt;&lt;td colspan="3"&gt;&lt;a href="selenium-screenshot-9.png"&gt;&lt;img src="selenium-screenshot-9.png" width="800px"&gt;&lt;/a&gt;</msg>
<status status="PASS" starttime="20200109 13:52:46.566" endtime="20200109 13:52:47.045"></status>
</kw>
<msg timestamp="20200109 13:52:47.051" level="FAIL">The text of element 'xpath=//h1[@itemprop='name']' should have been '' but it was 'Faded Short Sleeve T-shirts'.</msg>
<status status="FAIL" starttime="20200109 13:52:46.302" endtime="20200109 13:52:47.051"></status>
</kw>
<status status="FAIL" starttime="20200109 13:52:43.736" endtime="20200109 13:52:47.051"></status>
</kw>
<status status="FAIL" starttime="20200109 13:52:27.775" endtime="20200109 13:52:47.051"></status>
</kw>
<status status="FAIL" starttime="20200109 13:52:14.611" endtime="20200109 13:52:47.053" critical="yes">The text of element 'xpath=//h1[@itemprop='name']' should have been '' but it was 'Faded Short Sleeve T-shirts'.</status>
</test>
<status status="FAIL" starttime="20200109 13:52:14.407" endtime="20200109 13:52:47.062"></status>
</suite>
<statistics>
<total>
<stat pass="0" fail="1">Critical Tests</stat>
<stat pass="0" fail="1">All Tests</stat>
</total>
<tag>
</tag>
<suite>
<stat pass="0" fail="1" id="s1" name="Ocho">Ocho</stat>
</suite>
</statistics>
<errors>
</errors>
</robot>
