<?xml version="1.0" encoding="UTF-8"?>
<robot generator="Robot 3.1.2 (Python 3.7.6 on win32)" generated="20200110 10:59:38.348" rpa="false">
<suite id="s1" name="Ocho" source="C:\Python\robotframework\pruebas\ocho\ocho.robot">
<test id="s1-t1" name="001 Prueba uno de la sección del ojo">
<kw name="Abrir navegador" library="recursos">
<kw name="Open Browser" library="SeleniumLibrary">
<doc>Opens a new browser instance to the optional ``url``.</doc>
<arguments>
<arg>${url}</arg>
<arg>${navegador}</arg>
</arguments>
<msg timestamp="20200110 10:59:38.564" level="INFO">Opening browser 'chrome' to base url 'http://automationpractice.com/index.php'.</msg>
<status status="PASS" starttime="20200110 10:59:38.564" endtime="20200110 10:59:46.865"></status>
</kw>
<kw name="Wait Until Element Is Visible" library="SeleniumLibrary">
<doc>Waits until the element ``locator`` is visible.</doc>
<arguments>
<arg>xpath=//img[contains(@class,'logo img-responsive')]</arg>
</arguments>
<status status="PASS" starttime="20200110 10:59:46.865" endtime="20200110 10:59:46.913"></status>
</kw>
<status status="PASS" starttime="20200110 10:59:38.564" endtime="20200110 10:59:46.913"></status>
</kw>
<kw name="Focus" library="recursos">
<arguments>
<arg>xpath=(//a[@data-toggle='tab'])[1]</arg>
</arguments>
<kw name="Set Focus To Element" library="SeleniumLibrary">
<doc>Sets the focus to the element identified by ``locator``.</doc>
<arguments>
<arg>${arg1}</arg>
</arguments>
<status status="PASS" starttime="20200110 10:59:46.914" endtime="20200110 10:59:46.939"></status>
</kw>
<status status="PASS" starttime="20200110 10:59:46.914" endtime="20200110 10:59:46.939"></status>
</kw>
<kw name="Tiempo" library="recursos">
<arguments>
<arg>.8</arg>
</arguments>
<kw name="Set Selenium Speed" library="SeleniumLibrary">
<doc>Sets the delay that is waited after each Selenium command.</doc>
<arguments>
<arg>${arg1} seconds</arg>
</arguments>
<status status="PASS" starttime="20200110 10:59:46.940" endtime="20200110 10:59:46.941"></status>
</kw>
<status status="PASS" starttime="20200110 10:59:46.940" endtime="20200110 10:59:46.941"></status>
</kw>
<kw name="Ventana" library="recursos">
<arguments>
<arg>1800</arg>
<arg>1000</arg>
</arguments>
<kw name="Set Window Size" library="SeleniumLibrary">
<doc>Sets current windows size to given ``width`` and ``height``.</doc>
<arguments>
<arg>${arg1}</arg>
<arg>${arg2}</arg>
</arguments>
<status status="PASS" starttime="20200110 10:59:46.942" endtime="20200110 10:59:51.985"></status>
</kw>
<status status="PASS" starttime="20200110 10:59:46.942" endtime="20200110 10:59:51.985"></status>
</kw>
<kw name="Ventana" library="recursos">
<arguments>
<arg>1000</arg>
<arg>1000</arg>
</arguments>
<kw name="Set Window Size" library="SeleniumLibrary">
<doc>Sets current windows size to given ``width`` and ``height``.</doc>
<arguments>
<arg>${arg1}</arg>
<arg>${arg2}</arg>
</arguments>
<status status="PASS" starttime="20200110 10:59:51.987" endtime="20200110 10:59:52.914"></status>
</kw>
<status status="PASS" starttime="20200110 10:59:51.986" endtime="20200110 10:59:52.914"></status>
</kw>
<kw name="Tiempo" library="recursos">
<arguments>
<arg>.1</arg>
</arguments>
<kw name="Set Selenium Speed" library="SeleniumLibrary">
<doc>Sets the delay that is waited after each Selenium command.</doc>
<arguments>
<arg>${arg1} seconds</arg>
</arguments>
<status status="PASS" starttime="20200110 10:59:52.917" endtime="20200110 10:59:52.918"></status>
</kw>
<status status="PASS" starttime="20200110 10:59:52.916" endtime="20200110 10:59:52.919"></status>
</kw>
<kw name="${item} IN [ @{items} ]" type="for">
<kw name="${item} = 1" type="foritem">
<kw name="Focus" library="recursos">
<arguments>
<arg>xpath=(//a[@class='product-name'])[${item}]</arg>
</arguments>
<kw name="Set Focus To Element" library="SeleniumLibrary">
<doc>Sets the focus to the element identified by ``locator``.</doc>
<arguments>
<arg>${arg1}</arg>
</arguments>
<status status="PASS" starttime="20200110 10:59:52.923" endtime="20200110 10:59:53.202"></status>
</kw>
<status status="PASS" starttime="20200110 10:59:52.921" endtime="20200110 10:59:53.202"></status>
</kw>
<kw name="Get Text" library="SeleniumLibrary">
<doc>Returns the text value of the element identified by ``locator``.</doc>
<arguments>
<arg>xpath=(//a[@class='product-name'])[${item}]</arg>
</arguments>
<assign>
<var>${nomT}</var>
</assign>
<msg timestamp="20200110 10:59:53.472" level="INFO">${nomT} = Faded Short Sleeve T-shirts</msg>
<status status="PASS" starttime="20200110 10:59:53.203" endtime="20200110 10:59:53.472"></status>
</kw>
<kw name="Log" library="BuiltIn">
<doc>Logs the given message with the given level.</doc>
<arguments>
<arg>${nomT}</arg>
</arguments>
<msg timestamp="20200110 10:59:53.472" level="INFO">Faded Short Sleeve T-shirts</msg>
<status status="PASS" starttime="20200110 10:59:53.472" endtime="20200110 10:59:53.472"></status>
</kw>
<kw name="Click" library="recursos">
<arguments>
<arg>xpath=(//i[@class='icon-eye-open'])[${item}]</arg>
</arguments>
<kw name="Click Element" library="SeleniumLibrary">
<doc>Click the element identified by ``locator``.</doc>
<arguments>
<arg>${arg1}</arg>
</arguments>
<msg timestamp="20200110 10:59:53.472" level="INFO">Clicking element 'xpath=(//i[@class='icon-eye-open'])[1]'.</msg>
<status status="PASS" starttime="20200110 10:59:53.472" endtime="20200110 10:59:53.868"></status>
</kw>
<status status="PASS" starttime="20200110 10:59:53.472" endtime="20200110 10:59:53.868"></status>
</kw>
<kw name="Visible" library="recursos">
<arguments>
<arg>xpath=//*[@id="index"]/div[2]/div/div/div/div/iframe</arg>
</arguments>
<kw name="Wait Until Element Is Visible" library="SeleniumLibrary">
<doc>Waits until the element ``locator`` is visible.</doc>
<arguments>
<arg>${arg1}</arg>
</arguments>
<status status="PASS" starttime="20200110 10:59:53.870" endtime="20200110 10:59:55.047"></status>
</kw>
<status status="PASS" starttime="20200110 10:59:53.869" endtime="20200110 10:59:55.047"></status>
</kw>
<kw name="SF" library="recursos">
<arguments>
<arg>xpath=//*[@id="index"]/div[2]/div/div/div/div/iframe</arg>
</arguments>
<kw name="Select Frame" library="SeleniumLibrary">
<doc>Sets frame identified by ``locator`` as the current frame.</doc>
<arguments>
<arg>${arg1}</arg>
</arguments>
<msg timestamp="20200110 10:59:55.048" level="INFO">Selecting frame 'xpath=//*[@id="index"]/div[2]/div/div/div/div/iframe'.</msg>
<status status="PASS" starttime="20200110 10:59:55.048" endtime="20200110 10:59:55.340"></status>
</kw>
<status status="PASS" starttime="20200110 10:59:55.047" endtime="20200110 10:59:55.340"></status>
</kw>
<kw name="Visible" library="recursos">
<arguments>
<arg>${titulo}</arg>
</arguments>
<kw name="Wait Until Element Is Visible" library="SeleniumLibrary">
<doc>Waits until the element ``locator`` is visible.</doc>
<arguments>
<arg>${arg1}</arg>
</arguments>
<status status="PASS" starttime="20200110 10:59:55.340" endtime="20200110 10:59:55.569"></status>
</kw>
<status status="PASS" starttime="20200110 10:59:55.340" endtime="20200110 10:59:55.569"></status>
</kw>
<kw name="Log" library="BuiltIn">
<doc>Logs the given message with the given level.</doc>
<arguments>
<arg>${titulo}</arg>
</arguments>
<msg timestamp="20200110 10:59:55.570" level="INFO">xpath=//h1[contains(@itemprop,'name')]</msg>
<status status="PASS" starttime="20200110 10:59:55.570" endtime="20200110 10:59:55.571"></status>
</kw>
<kw name="Comparar" library="recursos">
<arguments>
<arg>${titulo}</arg>
<arg>${nomT}</arg>
</arguments>
<kw name="Element Text Should Be" library="SeleniumLibrary">
<doc>Verifies that element ``locator`` contains exact the text ``expected``.</doc>
<arguments>
<arg>${arg1}</arg>
<arg>${arg2}</arg>
</arguments>
<msg timestamp="20200110 10:59:55.573" level="INFO">Verifying element 'xpath=//h1[contains(@itemprop,'name')]' contains exact text 'Faded Short Sleeve T-shirts'.</msg>
<status status="PASS" starttime="20200110 10:59:55.572" endtime="20200110 10:59:55.850"></status>
</kw>
<status status="PASS" starttime="20200110 10:59:55.571" endtime="20200110 10:59:55.851"></status>
</kw>
<kw name="USF" library="recursos">
<kw name="Unselect Frame" library="SeleniumLibrary">
<doc>Sets the main frame as the current frame.</doc>
<status status="PASS" starttime="20200110 10:59:55.852" endtime="20200110 10:59:55.968"></status>
</kw>
<status status="PASS" starttime="20200110 10:59:55.851" endtime="20200110 10:59:55.968"></status>
</kw>
<kw name="Click" library="recursos">
<arguments>
<arg>xpath=//a[@title='Close']</arg>
</arguments>
<kw name="Click Element" library="SeleniumLibrary">
<doc>Click the element identified by ``locator``.</doc>
<arguments>
<arg>${arg1}</arg>
</arguments>
<msg timestamp="20200110 10:59:55.970" level="INFO">Clicking element 'xpath=//a[@title='Close']'.</msg>
<status status="PASS" starttime="20200110 10:59:55.970" endtime="20200110 10:59:56.319"></status>
</kw>
<status status="PASS" starttime="20200110 10:59:55.969" endtime="20200110 10:59:56.320"></status>
</kw>
<status status="PASS" starttime="20200110 10:59:52.920" endtime="20200110 10:59:56.320"></status>
</kw>
<kw name="${item} = 2" type="foritem">
<kw name="Focus" library="recursos">
<arguments>
<arg>xpath=(//a[@class='product-name'])[${item}]</arg>
</arguments>
<kw name="Set Focus To Element" library="SeleniumLibrary">
<doc>Sets the focus to the element identified by ``locator``.</doc>
<arguments>
<arg>${arg1}</arg>
</arguments>
<status status="PASS" starttime="20200110 10:59:56.322" endtime="20200110 10:59:56.573"></status>
</kw>
<status status="PASS" starttime="20200110 10:59:56.320" endtime="20200110 10:59:56.573"></status>
</kw>
<kw name="Get Text" library="SeleniumLibrary">
<doc>Returns the text value of the element identified by ``locator``.</doc>
<arguments>
<arg>xpath=(//a[@class='product-name'])[${item}]</arg>
</arguments>
<assign>
<var>${nomT}</var>
</assign>
<msg timestamp="20200110 10:59:56.817" level="INFO">${nomT} = Blouse</msg>
<status status="PASS" starttime="20200110 10:59:56.573" endtime="20200110 10:59:56.817"></status>
</kw>
<kw name="Log" library="BuiltIn">
<doc>Logs the given message with the given level.</doc>
<arguments>
<arg>${nomT}</arg>
</arguments>
<msg timestamp="20200110 10:59:56.818" level="INFO">Blouse</msg>
<status status="PASS" starttime="20200110 10:59:56.818" endtime="20200110 10:59:56.819"></status>
</kw>
<kw name="Click" library="recursos">
<arguments>
<arg>xpath=(//i[@class='icon-eye-open'])[${item}]</arg>
</arguments>
<kw name="Click Element" library="SeleniumLibrary">
<doc>Click the element identified by ``locator``.</doc>
<arguments>
<arg>${arg1}</arg>
</arguments>
<msg timestamp="20200110 10:59:56.821" level="INFO">Clicking element 'xpath=(//i[@class='icon-eye-open'])[2]'.</msg>
<status status="PASS" starttime="20200110 10:59:56.820" endtime="20200110 10:59:57.200"></status>
</kw>
<status status="PASS" starttime="20200110 10:59:56.819" endtime="20200110 10:59:57.200"></status>
</kw>
<kw name="Visible" library="recursos">
<arguments>
<arg>xpath=//*[@id="index"]/div[2]/div/div/div/div/iframe</arg>
</arguments>
<kw name="Wait Until Element Is Visible" library="SeleniumLibrary">
<doc>Waits until the element ``locator`` is visible.</doc>
<arguments>
<arg>${arg1}</arg>
</arguments>
<status status="PASS" starttime="20200110 10:59:57.202" endtime="20200110 10:59:58.383"></status>
</kw>
<status status="PASS" starttime="20200110 10:59:57.201" endtime="20200110 10:59:58.383"></status>
</kw>
<kw name="SF" library="recursos">
<arguments>
<arg>xpath=//*[@id="index"]/div[2]/div/div/div/div/iframe</arg>
</arguments>
<kw name="Select Frame" library="SeleniumLibrary">
<doc>Sets frame identified by ``locator`` as the current frame.</doc>
<arguments>
<arg>${arg1}</arg>
</arguments>
<msg timestamp="20200110 10:59:58.383" level="INFO">Selecting frame 'xpath=//*[@id="index"]/div[2]/div/div/div/div/iframe'.</msg>
<status status="PASS" starttime="20200110 10:59:58.383" endtime="20200110 10:59:58.661"></status>
</kw>
<status status="PASS" starttime="20200110 10:59:58.383" endtime="20200110 10:59:58.661"></status>
</kw>
<kw name="Visible" library="recursos">
<arguments>
<arg>${titulo}</arg>
</arguments>
<kw name="Wait Until Element Is Visible" library="SeleniumLibrary">
<doc>Waits until the element ``locator`` is visible.</doc>
<arguments>
<arg>${arg1}</arg>
</arguments>
<status status="PASS" starttime="20200110 10:59:58.663" endtime="20200110 10:59:58.935"></status>
</kw>
<status status="PASS" starttime="20200110 10:59:58.662" endtime="20200110 10:59:58.935"></status>
</kw>
<kw name="Log" library="BuiltIn">
<doc>Logs the given message with the given level.</doc>
<arguments>
<arg>${titulo}</arg>
</arguments>
<msg timestamp="20200110 10:59:58.936" level="INFO">xpath=//h1[contains(@itemprop,'name')]</msg>
<status status="PASS" starttime="20200110 10:59:58.936" endtime="20200110 10:59:58.937"></status>
</kw>
<kw name="Comparar" library="recursos">
<arguments>
<arg>${titulo}</arg>
<arg>${nomT}</arg>
</arguments>
<kw name="Element Text Should Be" library="SeleniumLibrary">
<doc>Verifies that element ``locator`` contains exact the text ``expected``.</doc>
<arguments>
<arg>${arg1}</arg>
<arg>${arg2}</arg>
</arguments>
<msg timestamp="20200110 10:59:58.939" level="INFO">Verifying element 'xpath=//h1[contains(@itemprop,'name')]' contains exact text 'Blouse'.</msg>
<status status="PASS" starttime="20200110 10:59:58.938" endtime="20200110 10:59:59.208"></status>
</kw>
<status status="PASS" starttime="20200110 10:59:58.937" endtime="20200110 10:59:59.208"></status>
</kw>
<kw name="USF" library="recursos">
<kw name="Unselect Frame" library="SeleniumLibrary">
<doc>Sets the main frame as the current frame.</doc>
<status status="PASS" starttime="20200110 10:59:59.210" endtime="20200110 10:59:59.320"></status>
</kw>
<status status="PASS" starttime="20200110 10:59:59.209" endtime="20200110 10:59:59.320"></status>
</kw>
<kw name="Click" library="recursos">
<arguments>
<arg>xpath=//a[@title='Close']</arg>
</arguments>
<kw name="Click Element" library="SeleniumLibrary">
<doc>Click the element identified by ``locator``.</doc>
<arguments>
<arg>${arg1}</arg>
</arguments>
<msg timestamp="20200110 10:59:59.322" level="INFO">Clicking element 'xpath=//a[@title='Close']'.</msg>
<status status="PASS" starttime="20200110 10:59:59.322" endtime="20200110 10:59:59.677"></status>
</kw>
<status status="PASS" starttime="20200110 10:59:59.321" endtime="20200110 10:59:59.677"></status>
</kw>
<status status="PASS" starttime="20200110 10:59:56.320" endtime="20200110 10:59:59.678"></status>
</kw>
<kw name="${item} = 3" type="foritem">
<kw name="Focus" library="recursos">
<arguments>
<arg>xpath=(//a[@class='product-name'])[${item}]</arg>
</arguments>
<kw name="Set Focus To Element" library="SeleniumLibrary">
<doc>Sets the focus to the element identified by ``locator``.</doc>
<arguments>
<arg>${arg1}</arg>
</arguments>
<status status="PASS" starttime="20200110 10:59:59.679" endtime="20200110 10:59:59.935"></status>
</kw>
<status status="PASS" starttime="20200110 10:59:59.678" endtime="20200110 10:59:59.935"></status>
</kw>
<kw name="Get Text" library="SeleniumLibrary">
<doc>Returns the text value of the element identified by ``locator``.</doc>
<arguments>
<arg>xpath=(//a[@class='product-name'])[${item}]</arg>
</arguments>
<assign>
<var>${nomT}</var>
</assign>
<msg timestamp="20200110 11:00:00.175" level="INFO">${nomT} = Printed Dress</msg>
<status status="PASS" starttime="20200110 10:59:59.935" endtime="20200110 11:00:00.175"></status>
</kw>
<kw name="Log" library="BuiltIn">
<doc>Logs the given message with the given level.</doc>
<arguments>
<arg>${nomT}</arg>
</arguments>
<msg timestamp="20200110 11:00:00.176" level="INFO">Printed Dress</msg>
<status status="PASS" starttime="20200110 11:00:00.176" endtime="20200110 11:00:00.177"></status>
</kw>
<kw name="Click" library="recursos">
<arguments>
<arg>xpath=(//i[@class='icon-eye-open'])[${item}]</arg>
</arguments>
<kw name="Click Element" library="SeleniumLibrary">
<doc>Click the element identified by ``locator``.</doc>
<arguments>
<arg>${arg1}</arg>
</arguments>
<msg timestamp="20200110 11:00:00.179" level="INFO">Clicking element 'xpath=(//i[@class='icon-eye-open'])[3]'.</msg>
<status status="PASS" starttime="20200110 11:00:00.178" endtime="20200110 11:00:00.549"></status>
</kw>
<status status="PASS" starttime="20200110 11:00:00.177" endtime="20200110 11:00:00.549"></status>
</kw>
<kw name="Visible" library="recursos">
<arguments>
<arg>xpath=//*[@id="index"]/div[2]/div/div/div/div/iframe</arg>
</arguments>
<kw name="Wait Until Element Is Visible" library="SeleniumLibrary">
<doc>Waits until the element ``locator`` is visible.</doc>
<arguments>
<arg>${arg1}</arg>
</arguments>
<status status="PASS" starttime="20200110 11:00:00.551" endtime="20200110 11:00:01.797"></status>
</kw>
<status status="PASS" starttime="20200110 11:00:00.550" endtime="20200110 11:00:01.797"></status>
</kw>
<kw name="SF" library="recursos">
<arguments>
<arg>xpath=//*[@id="index"]/div[2]/div/div/div/div/iframe</arg>
</arguments>
<kw name="Select Frame" library="SeleniumLibrary">
<doc>Sets frame identified by ``locator`` as the current frame.</doc>
<arguments>
<arg>${arg1}</arg>
</arguments>
<msg timestamp="20200110 11:00:01.799" level="INFO">Selecting frame 'xpath=//*[@id="index"]/div[2]/div/div/div/div/iframe'.</msg>
<status status="PASS" starttime="20200110 11:00:01.799" endtime="20200110 11:00:02.093"></status>
</kw>
<status status="PASS" starttime="20200110 11:00:01.798" endtime="20200110 11:00:02.093"></status>
</kw>
<kw name="Visible" library="recursos">
<arguments>
<arg>${titulo}</arg>
</arguments>
<kw name="Wait Until Element Is Visible" library="SeleniumLibrary">
<doc>Waits until the element ``locator`` is visible.</doc>
<arguments>
<arg>${arg1}</arg>
</arguments>
<status status="PASS" starttime="20200110 11:00:02.095" endtime="20200110 11:00:02.362"></status>
</kw>
<status status="PASS" starttime="20200110 11:00:02.094" endtime="20200110 11:00:02.362"></status>
</kw>
<kw name="Log" library="BuiltIn">
<doc>Logs the given message with the given level.</doc>
<arguments>
<arg>${titulo}</arg>
</arguments>
<msg timestamp="20200110 11:00:02.362" level="INFO">xpath=//h1[contains(@itemprop,'name')]</msg>
<status status="PASS" starttime="20200110 11:00:02.362" endtime="20200110 11:00:02.362"></status>
</kw>
<kw name="Comparar" library="recursos">
<arguments>
<arg>${titulo}</arg>
<arg>${nomT}</arg>
</arguments>
<kw name="Element Text Should Be" library="SeleniumLibrary">
<doc>Verifies that element ``locator`` contains exact the text ``expected``.</doc>
<arguments>
<arg>${arg1}</arg>
<arg>${arg2}</arg>
</arguments>
<msg timestamp="20200110 11:00:02.362" level="INFO">Verifying element 'xpath=//h1[contains(@itemprop,'name')]' contains exact text 'Printed Dress'.</msg>
<status status="PASS" starttime="20200110 11:00:02.362" endtime="20200110 11:00:02.627"></status>
</kw>
<status status="PASS" starttime="20200110 11:00:02.362" endtime="20200110 11:00:02.627"></status>
</kw>
<kw name="USF" library="recursos">
<kw name="Unselect Frame" library="SeleniumLibrary">
<doc>Sets the main frame as the current frame.</doc>
<status status="PASS" starttime="20200110 11:00:02.627" endtime="20200110 11:00:02.736"></status>
</kw>
<status status="PASS" starttime="20200110 11:00:02.627" endtime="20200110 11:00:02.736"></status>
</kw>
<kw name="Click" library="recursos">
<arguments>
<arg>xpath=//a[@title='Close']</arg>
</arguments>
<kw name="Click Element" library="SeleniumLibrary">
<doc>Click the element identified by ``locator``.</doc>
<arguments>
<arg>${arg1}</arg>
</arguments>
<msg timestamp="20200110 11:00:02.736" level="INFO">Clicking element 'xpath=//a[@title='Close']'.</msg>
<status status="PASS" starttime="20200110 11:00:02.736" endtime="20200110 11:00:03.074"></status>
</kw>
<status status="PASS" starttime="20200110 11:00:02.736" endtime="20200110 11:00:03.074"></status>
</kw>
<status status="PASS" starttime="20200110 10:59:59.678" endtime="20200110 11:00:03.075"></status>
</kw>
<kw name="${item} = 4" type="foritem">
<kw name="Focus" library="recursos">
<arguments>
<arg>xpath=(//a[@class='product-name'])[${item}]</arg>
</arguments>
<kw name="Set Focus To Element" library="SeleniumLibrary">
<doc>Sets the focus to the element identified by ``locator``.</doc>
<arguments>
<arg>${arg1}</arg>
</arguments>
<status status="PASS" starttime="20200110 11:00:03.076" endtime="20200110 11:00:03.366"></status>
</kw>
<status status="PASS" starttime="20200110 11:00:03.075" endtime="20200110 11:00:03.366"></status>
</kw>
<kw name="Get Text" library="SeleniumLibrary">
<doc>Returns the text value of the element identified by ``locator``.</doc>
<arguments>
<arg>xpath=(//a[@class='product-name'])[${item}]</arg>
</arguments>
<assign>
<var>${nomT}</var>
</assign>
<msg timestamp="20200110 11:00:03.603" level="INFO">${nomT} = Printed Dress</msg>
<status status="PASS" starttime="20200110 11:00:03.366" endtime="20200110 11:00:03.603"></status>
</kw>
<kw name="Log" library="BuiltIn">
<doc>Logs the given message with the given level.</doc>
<arguments>
<arg>${nomT}</arg>
</arguments>
<msg timestamp="20200110 11:00:03.604" level="INFO">Printed Dress</msg>
<status status="PASS" starttime="20200110 11:00:03.604" endtime="20200110 11:00:03.605"></status>
</kw>
<kw name="Click" library="recursos">
<arguments>
<arg>xpath=(//i[@class='icon-eye-open'])[${item}]</arg>
</arguments>
<kw name="Click Element" library="SeleniumLibrary">
<doc>Click the element identified by ``locator``.</doc>
<arguments>
<arg>${arg1}</arg>
</arguments>
<msg timestamp="20200110 11:00:03.607" level="INFO">Clicking element 'xpath=(//i[@class='icon-eye-open'])[4]'.</msg>
<status status="PASS" starttime="20200110 11:00:03.606" endtime="20200110 11:00:03.986"></status>
</kw>
<status status="PASS" starttime="20200110 11:00:03.605" endtime="20200110 11:00:03.986"></status>
</kw>
<kw name="Visible" library="recursos">
<arguments>
<arg>xpath=//*[@id="index"]/div[2]/div/div/div/div/iframe</arg>
</arguments>
<kw name="Wait Until Element Is Visible" library="SeleniumLibrary">
<doc>Waits until the element ``locator`` is visible.</doc>
<arguments>
<arg>${arg1}</arg>
</arguments>
<status status="PASS" starttime="20200110 11:00:03.988" endtime="20200110 11:00:05.205"></status>
</kw>
<status status="PASS" starttime="20200110 11:00:03.987" endtime="20200110 11:00:05.205"></status>
</kw>
<kw name="SF" library="recursos">
<arguments>
<arg>xpath=//*[@id="index"]/div[2]/div/div/div/div/iframe</arg>
</arguments>
<kw name="Select Frame" library="SeleniumLibrary">
<doc>Sets frame identified by ``locator`` as the current frame.</doc>
<arguments>
<arg>${arg1}</arg>
</arguments>
<msg timestamp="20200110 11:00:05.207" level="INFO">Selecting frame 'xpath=//*[@id="index"]/div[2]/div/div/div/div/iframe'.</msg>
<status status="PASS" starttime="20200110 11:00:05.207" endtime="20200110 11:00:05.506"></status>
</kw>
<status status="PASS" starttime="20200110 11:00:05.206" endtime="20200110 11:00:05.506"></status>
</kw>
<kw name="Visible" library="recursos">
<arguments>
<arg>${titulo}</arg>
</arguments>
<kw name="Wait Until Element Is Visible" library="SeleniumLibrary">
<doc>Waits until the element ``locator`` is visible.</doc>
<arguments>
<arg>${arg1}</arg>
</arguments>
<status status="PASS" starttime="20200110 11:00:05.508" endtime="20200110 11:00:05.768"></status>
</kw>
<status status="PASS" starttime="20200110 11:00:05.507" endtime="20200110 11:00:05.768"></status>
</kw>
<kw name="Log" library="BuiltIn">
<doc>Logs the given message with the given level.</doc>
<arguments>
<arg>${titulo}</arg>
</arguments>
<msg timestamp="20200110 11:00:05.769" level="INFO">xpath=//h1[contains(@itemprop,'name')]</msg>
<status status="PASS" starttime="20200110 11:00:05.769" endtime="20200110 11:00:05.770"></status>
</kw>
<kw name="Comparar" library="recursos">
<arguments>
<arg>${titulo}</arg>
<arg>${nomT}</arg>
</arguments>
<kw name="Element Text Should Be" library="SeleniumLibrary">
<doc>Verifies that element ``locator`` contains exact the text ``expected``.</doc>
<arguments>
<arg>${arg1}</arg>
<arg>${arg2}</arg>
</arguments>
<msg timestamp="20200110 11:00:05.772" level="INFO">Verifying element 'xpath=//h1[contains(@itemprop,'name')]' contains exact text 'Printed Dress'.</msg>
<status status="PASS" starttime="20200110 11:00:05.771" endtime="20200110 11:00:06.043"></status>
</kw>
<status status="PASS" starttime="20200110 11:00:05.770" endtime="20200110 11:00:06.043"></status>
</kw>
<kw name="USF" library="recursos">
<kw name="Unselect Frame" library="SeleniumLibrary">
<doc>Sets the main frame as the current frame.</doc>
<status status="PASS" starttime="20200110 11:00:06.045" endtime="20200110 11:00:06.156"></status>
</kw>
<status status="PASS" starttime="20200110 11:00:06.044" endtime="20200110 11:00:06.156"></status>
</kw>
<kw name="Click" library="recursos">
<arguments>
<arg>xpath=//a[@title='Close']</arg>
</arguments>
<kw name="Click Element" library="SeleniumLibrary">
<doc>Click the element identified by ``locator``.</doc>
<arguments>
<arg>${arg1}</arg>
</arguments>
<msg timestamp="20200110 11:00:06.158" level="INFO">Clicking element 'xpath=//a[@title='Close']'.</msg>
<status status="PASS" starttime="20200110 11:00:06.158" endtime="20200110 11:00:06.490"></status>
</kw>
<status status="PASS" starttime="20200110 11:00:06.157" endtime="20200110 11:00:06.490"></status>
</kw>
<status status="PASS" starttime="20200110 11:00:03.075" endtime="20200110 11:00:06.490"></status>
</kw>
<kw name="${item} = 5" type="foritem">
<kw name="Focus" library="recursos">
<arguments>
<arg>xpath=(//a[@class='product-name'])[${item}]</arg>
</arguments>
<kw name="Set Focus To Element" library="SeleniumLibrary">
<doc>Sets the focus to the element identified by ``locator``.</doc>
<arguments>
<arg>${arg1}</arg>
</arguments>
<status status="PASS" starttime="20200110 11:00:06.492" endtime="20200110 11:00:06.763"></status>
</kw>
<status status="PASS" starttime="20200110 11:00:06.491" endtime="20200110 11:00:06.763"></status>
</kw>
<kw name="Get Text" library="SeleniumLibrary">
<doc>Returns the text value of the element identified by ``locator``.</doc>
<arguments>
<arg>xpath=(//a[@class='product-name'])[${item}]</arg>
</arguments>
<assign>
<var>${nomT}</var>
</assign>
<msg timestamp="20200110 11:00:07.025" level="INFO">${nomT} = Printed Summer Dress</msg>
<status status="PASS" starttime="20200110 11:00:06.764" endtime="20200110 11:00:07.025"></status>
</kw>
<kw name="Log" library="BuiltIn">
<doc>Logs the given message with the given level.</doc>
<arguments>
<arg>${nomT}</arg>
</arguments>
<msg timestamp="20200110 11:00:07.026" level="INFO">Printed Summer Dress</msg>
<status status="PASS" starttime="20200110 11:00:07.026" endtime="20200110 11:00:07.027"></status>
</kw>
<kw name="Click" library="recursos">
<arguments>
<arg>xpath=(//i[@class='icon-eye-open'])[${item}]</arg>
</arguments>
<kw name="Click Element" library="SeleniumLibrary">
<doc>Click the element identified by ``locator``.</doc>
<arguments>
<arg>${arg1}</arg>
</arguments>
<msg timestamp="20200110 11:00:07.029" level="INFO">Clicking element 'xpath=(//i[@class='icon-eye-open'])[5]'.</msg>
<status status="PASS" starttime="20200110 11:00:07.028" endtime="20200110 11:00:07.462"></status>
</kw>
<status status="PASS" starttime="20200110 11:00:07.027" endtime="20200110 11:00:07.462"></status>
</kw>
<kw name="Visible" library="recursos">
<arguments>
<arg>xpath=//*[@id="index"]/div[2]/div/div/div/div/iframe</arg>
</arguments>
<kw name="Wait Until Element Is Visible" library="SeleniumLibrary">
<doc>Waits until the element ``locator`` is visible.</doc>
<arguments>
<arg>${arg1}</arg>
</arguments>
<status status="PASS" starttime="20200110 11:00:07.463" endtime="20200110 11:00:09.124"></status>
</kw>
<status status="PASS" starttime="20200110 11:00:07.462" endtime="20200110 11:00:09.124"></status>
</kw>
<kw name="SF" library="recursos">
<arguments>
<arg>xpath=//*[@id="index"]/div[2]/div/div/div/div/iframe</arg>
</arguments>
<kw name="Select Frame" library="SeleniumLibrary">
<doc>Sets frame identified by ``locator`` as the current frame.</doc>
<arguments>
<arg>${arg1}</arg>
</arguments>
<msg timestamp="20200110 11:00:09.126" level="INFO">Selecting frame 'xpath=//*[@id="index"]/div[2]/div/div/div/div/iframe'.</msg>
<status status="PASS" starttime="20200110 11:00:09.125" endtime="20200110 11:00:09.433"></status>
</kw>
<status status="PASS" starttime="20200110 11:00:09.124" endtime="20200110 11:00:09.433"></status>
</kw>
<kw name="Visible" library="recursos">
<arguments>
<arg>${titulo}</arg>
</arguments>
<kw name="Wait Until Element Is Visible" library="SeleniumLibrary">
<doc>Waits until the element ``locator`` is visible.</doc>
<arguments>
<arg>${arg1}</arg>
</arguments>
<status status="PASS" starttime="20200110 11:00:09.435" endtime="20200110 11:00:09.681"></status>
</kw>
<status status="PASS" starttime="20200110 11:00:09.434" endtime="20200110 11:00:09.681"></status>
</kw>
<kw name="Log" library="BuiltIn">
<doc>Logs the given message with the given level.</doc>
<arguments>
<arg>${titulo}</arg>
</arguments>
<msg timestamp="20200110 11:00:09.682" level="INFO">xpath=//h1[contains(@itemprop,'name')]</msg>
<status status="PASS" starttime="20200110 11:00:09.682" endtime="20200110 11:00:09.683"></status>
</kw>
<kw name="Comparar" library="recursos">
<arguments>
<arg>${titulo}</arg>
<arg>${nomT}</arg>
</arguments>
<kw name="Element Text Should Be" library="SeleniumLibrary">
<doc>Verifies that element ``locator`` contains exact the text ``expected``.</doc>
<arguments>
<arg>${arg1}</arg>
<arg>${arg2}</arg>
</arguments>
<msg timestamp="20200110 11:00:09.685" level="INFO">Verifying element 'xpath=//h1[contains(@itemprop,'name')]' contains exact text 'Printed Summer Dress'.</msg>
<status status="PASS" starttime="20200110 11:00:09.684" endtime="20200110 11:00:09.953"></status>
</kw>
<status status="PASS" starttime="20200110 11:00:09.683" endtime="20200110 11:00:09.953"></status>
</kw>
<kw name="USF" library="recursos">
<kw name="Unselect Frame" library="SeleniumLibrary">
<doc>Sets the main frame as the current frame.</doc>
<status status="PASS" starttime="20200110 11:00:09.954" endtime="20200110 11:00:10.059"></status>
</kw>
<status status="PASS" starttime="20200110 11:00:09.953" endtime="20200110 11:00:10.059"></status>
</kw>
<kw name="Click" library="recursos">
<arguments>
<arg>xpath=//a[@title='Close']</arg>
</arguments>
<kw name="Click Element" library="SeleniumLibrary">
<doc>Click the element identified by ``locator``.</doc>
<arguments>
<arg>${arg1}</arg>
</arguments>
<msg timestamp="20200110 11:00:10.061" level="INFO">Clicking element 'xpath=//a[@title='Close']'.</msg>
<status status="PASS" starttime="20200110 11:00:10.061" endtime="20200110 11:00:10.389"></status>
</kw>
<status status="PASS" starttime="20200110 11:00:10.060" endtime="20200110 11:00:10.389"></status>
</kw>
<status status="PASS" starttime="20200110 11:00:06.491" endtime="20200110 11:00:10.389"></status>
</kw>
<kw name="${item} = 6" type="foritem">
<kw name="Focus" library="recursos">
<arguments>
<arg>xpath=(//a[@class='product-name'])[${item}]</arg>
</arguments>
<kw name="Set Focus To Element" library="SeleniumLibrary">
<doc>Sets the focus to the element identified by ``locator``.</doc>
<arguments>
<arg>${arg1}</arg>
</arguments>
<status status="PASS" starttime="20200110 11:00:10.390" endtime="20200110 11:00:10.651"></status>
</kw>
<status status="PASS" starttime="20200110 11:00:10.390" endtime="20200110 11:00:10.651"></status>
</kw>
<kw name="Get Text" library="SeleniumLibrary">
<doc>Returns the text value of the element identified by ``locator``.</doc>
<arguments>
<arg>xpath=(//a[@class='product-name'])[${item}]</arg>
</arguments>
<assign>
<var>${nomT}</var>
</assign>
<msg timestamp="20200110 11:00:10.906" level="INFO">${nomT} = Printed Summer Dress</msg>
<status status="PASS" starttime="20200110 11:00:10.651" endtime="20200110 11:00:10.906"></status>
</kw>
<kw name="Log" library="BuiltIn">
<doc>Logs the given message with the given level.</doc>
<arguments>
<arg>${nomT}</arg>
</arguments>
<msg timestamp="20200110 11:00:10.908" level="INFO">Printed Summer Dress</msg>
<status status="PASS" starttime="20200110 11:00:10.907" endtime="20200110 11:00:10.908"></status>
</kw>
<kw name="Click" library="recursos">
<arguments>
<arg>xpath=(//i[@class='icon-eye-open'])[${item}]</arg>
</arguments>
<kw name="Click Element" library="SeleniumLibrary">
<doc>Click the element identified by ``locator``.</doc>
<arguments>
<arg>${arg1}</arg>
</arguments>
<msg timestamp="20200110 11:00:10.910" level="INFO">Clicking element 'xpath=(//i[@class='icon-eye-open'])[6]'.</msg>
<status status="PASS" starttime="20200110 11:00:10.909" endtime="20200110 11:00:11.278"></status>
</kw>
<status status="PASS" starttime="20200110 11:00:10.908" endtime="20200110 11:00:11.278"></status>
</kw>
<kw name="Visible" library="recursos">
<arguments>
<arg>xpath=//*[@id="index"]/div[2]/div/div/div/div/iframe</arg>
</arguments>
<kw name="Wait Until Element Is Visible" library="SeleniumLibrary">
<doc>Waits until the element ``locator`` is visible.</doc>
<arguments>
<arg>${arg1}</arg>
</arguments>
<status status="PASS" starttime="20200110 11:00:11.278" endtime="20200110 11:00:12.473"></status>
</kw>
<status status="PASS" starttime="20200110 11:00:11.278" endtime="20200110 11:00:12.473"></status>
</kw>
<kw name="SF" library="recursos">
<arguments>
<arg>xpath=//*[@id="index"]/div[2]/div/div/div/div/iframe</arg>
</arguments>
<kw name="Select Frame" library="SeleniumLibrary">
<doc>Sets frame identified by ``locator`` as the current frame.</doc>
<arguments>
<arg>${arg1}</arg>
</arguments>
<msg timestamp="20200110 11:00:12.474" level="INFO">Selecting frame 'xpath=//*[@id="index"]/div[2]/div/div/div/div/iframe'.</msg>
<status status="PASS" starttime="20200110 11:00:12.473" endtime="20200110 11:00:12.753"></status>
</kw>
<status status="PASS" starttime="20200110 11:00:12.473" endtime="20200110 11:00:12.753"></status>
</kw>
<kw name="Visible" library="recursos">
<arguments>
<arg>${titulo}</arg>
</arguments>
<kw name="Wait Until Element Is Visible" library="SeleniumLibrary">
<doc>Waits until the element ``locator`` is visible.</doc>
<arguments>
<arg>${arg1}</arg>
</arguments>
<status status="PASS" starttime="20200110 11:00:12.755" endtime="20200110 11:00:13.017"></status>
</kw>
<status status="PASS" starttime="20200110 11:00:12.754" endtime="20200110 11:00:13.017"></status>
</kw>
<kw name="Log" library="BuiltIn">
<doc>Logs the given message with the given level.</doc>
<arguments>
<arg>${titulo}</arg>
</arguments>
<msg timestamp="20200110 11:00:13.019" level="INFO">xpath=//h1[contains(@itemprop,'name')]</msg>
<status status="PASS" starttime="20200110 11:00:13.018" endtime="20200110 11:00:13.019"></status>
</kw>
<kw name="Comparar" library="recursos">
<arguments>
<arg>${titulo}</arg>
<arg>${nomT}</arg>
</arguments>
<kw name="Element Text Should Be" library="SeleniumLibrary">
<doc>Verifies that element ``locator`` contains exact the text ``expected``.</doc>
<arguments>
<arg>${arg1}</arg>
<arg>${arg2}</arg>
</arguments>
<msg timestamp="20200110 11:00:13.021" level="INFO">Verifying element 'xpath=//h1[contains(@itemprop,'name')]' contains exact text 'Printed Summer Dress'.</msg>
<status status="PASS" starttime="20200110 11:00:13.021" endtime="20200110 11:00:13.298"></status>
</kw>
<status status="PASS" starttime="20200110 11:00:13.020" endtime="20200110 11:00:13.298"></status>
</kw>
<kw name="USF" library="recursos">
<kw name="Unselect Frame" library="SeleniumLibrary">
<doc>Sets the main frame as the current frame.</doc>
<status status="PASS" starttime="20200110 11:00:13.300" endtime="20200110 11:00:13.410"></status>
</kw>
<status status="PASS" starttime="20200110 11:00:13.299" endtime="20200110 11:00:13.410"></status>
</kw>
<kw name="Click" library="recursos">
<arguments>
<arg>xpath=//a[@title='Close']</arg>
</arguments>
<kw name="Click Element" library="SeleniumLibrary">
<doc>Click the element identified by ``locator``.</doc>
<arguments>
<arg>${arg1}</arg>
</arguments>
<msg timestamp="20200110 11:00:13.413" level="INFO">Clicking element 'xpath=//a[@title='Close']'.</msg>
<status status="PASS" starttime="20200110 11:00:13.412" endtime="20200110 11:00:13.781"></status>
</kw>
<status status="PASS" starttime="20200110 11:00:13.411" endtime="20200110 11:00:13.782"></status>
</kw>
<status status="PASS" starttime="20200110 11:00:10.389" endtime="20200110 11:00:13.782"></status>
</kw>
<kw name="${item} = 7" type="foritem">
<kw name="Focus" library="recursos">
<arguments>
<arg>xpath=(//a[@class='product-name'])[${item}]</arg>
</arguments>
<kw name="Set Focus To Element" library="SeleniumLibrary">
<doc>Sets the focus to the element identified by ``locator``.</doc>
<arguments>
<arg>${arg1}</arg>
</arguments>
<status status="PASS" starttime="20200110 11:00:13.783" endtime="20200110 11:00:14.040"></status>
</kw>
<status status="PASS" starttime="20200110 11:00:13.782" endtime="20200110 11:00:14.040"></status>
</kw>
<kw name="Get Text" library="SeleniumLibrary">
<doc>Returns the text value of the element identified by ``locator``.</doc>
<arguments>
<arg>xpath=(//a[@class='product-name'])[${item}]</arg>
</arguments>
<assign>
<var>${nomT}</var>
</assign>
<msg timestamp="20200110 11:00:14.300" level="INFO">${nomT} = Printed Chiffon Dress</msg>
<status status="PASS" starttime="20200110 11:00:14.040" endtime="20200110 11:00:14.300"></status>
</kw>
<kw name="Log" library="BuiltIn">
<doc>Logs the given message with the given level.</doc>
<arguments>
<arg>${nomT}</arg>
</arguments>
<msg timestamp="20200110 11:00:14.300" level="INFO">Printed Chiffon Dress</msg>
<status status="PASS" starttime="20200110 11:00:14.300" endtime="20200110 11:00:14.300"></status>
</kw>
<kw name="Click" library="recursos">
<arguments>
<arg>xpath=(//i[@class='icon-eye-open'])[${item}]</arg>
</arguments>
<kw name="Click Element" library="SeleniumLibrary">
<doc>Click the element identified by ``locator``.</doc>
<arguments>
<arg>${arg1}</arg>
</arguments>
<msg timestamp="20200110 11:00:14.300" level="INFO">Clicking element 'xpath=(//i[@class='icon-eye-open'])[7]'.</msg>
<status status="PASS" starttime="20200110 11:00:14.300" endtime="20200110 11:00:14.680"></status>
</kw>
<status status="PASS" starttime="20200110 11:00:14.300" endtime="20200110 11:00:14.680"></status>
</kw>
<kw name="Visible" library="recursos">
<arguments>
<arg>xpath=//*[@id="index"]/div[2]/div/div/div/div/iframe</arg>
</arguments>
<kw name="Wait Until Element Is Visible" library="SeleniumLibrary">
<doc>Waits until the element ``locator`` is visible.</doc>
<arguments>
<arg>${arg1}</arg>
</arguments>
<status status="PASS" starttime="20200110 11:00:14.682" endtime="20200110 11:00:15.827"></status>
</kw>
<status status="PASS" starttime="20200110 11:00:14.681" endtime="20200110 11:00:15.827"></status>
</kw>
<kw name="SF" library="recursos">
<arguments>
<arg>xpath=//*[@id="index"]/div[2]/div/div/div/div/iframe</arg>
</arguments>
<kw name="Select Frame" library="SeleniumLibrary">
<doc>Sets frame identified by ``locator`` as the current frame.</doc>
<arguments>
<arg>${arg1}</arg>
</arguments>
<msg timestamp="20200110 11:00:15.827" level="INFO">Selecting frame 'xpath=//*[@id="index"]/div[2]/div/div/div/div/iframe'.</msg>
<status status="PASS" starttime="20200110 11:00:15.827" endtime="20200110 11:00:16.092"></status>
</kw>
<status status="PASS" starttime="20200110 11:00:15.827" endtime="20200110 11:00:16.092"></status>
</kw>
<kw name="Visible" library="recursos">
<arguments>
<arg>${titulo}</arg>
</arguments>
<kw name="Wait Until Element Is Visible" library="SeleniumLibrary">
<doc>Waits until the element ``locator`` is visible.</doc>
<arguments>
<arg>${arg1}</arg>
</arguments>
<status status="PASS" starttime="20200110 11:00:16.094" endtime="20200110 11:00:16.361"></status>
</kw>
<status status="PASS" starttime="20200110 11:00:16.093" endtime="20200110 11:00:16.361"></status>
</kw>
<kw name="Log" library="BuiltIn">
<doc>Logs the given message with the given level.</doc>
<arguments>
<arg>${titulo}</arg>
</arguments>
<msg timestamp="20200110 11:00:16.362" level="INFO">xpath=//h1[contains(@itemprop,'name')]</msg>
<status status="PASS" starttime="20200110 11:00:16.361" endtime="20200110 11:00:16.362"></status>
</kw>
<kw name="Comparar" library="recursos">
<arguments>
<arg>${titulo}</arg>
<arg>${nomT}</arg>
</arguments>
<kw name="Element Text Should Be" library="SeleniumLibrary">
<doc>Verifies that element ``locator`` contains exact the text ``expected``.</doc>
<arguments>
<arg>${arg1}</arg>
<arg>${arg2}</arg>
</arguments>
<msg timestamp="20200110 11:00:16.363" level="INFO">Verifying element 'xpath=//h1[contains(@itemprop,'name')]' contains exact text 'Printed Chiffon Dress'.</msg>
<status status="PASS" starttime="20200110 11:00:16.363" endtime="20200110 11:00:16.636"></status>
</kw>
<status status="PASS" starttime="20200110 11:00:16.362" endtime="20200110 11:00:16.636"></status>
</kw>
<kw name="USF" library="recursos">
<kw name="Unselect Frame" library="SeleniumLibrary">
<doc>Sets the main frame as the current frame.</doc>
<status status="PASS" starttime="20200110 11:00:16.638" endtime="20200110 11:00:16.748"></status>
</kw>
<status status="PASS" starttime="20200110 11:00:16.637" endtime="20200110 11:00:16.748"></status>
</kw>
<kw name="Click" library="recursos">
<arguments>
<arg>xpath=//a[@title='Close']</arg>
</arguments>
<kw name="Click Element" library="SeleniumLibrary">
<doc>Click the element identified by ``locator``.</doc>
<arguments>
<arg>${arg1}</arg>
</arguments>
<msg timestamp="20200110 11:00:16.750" level="INFO">Clicking element 'xpath=//a[@title='Close']'.</msg>
<status status="PASS" starttime="20200110 11:00:16.750" endtime="20200110 11:00:17.105"></status>
</kw>
<status status="PASS" starttime="20200110 11:00:16.749" endtime="20200110 11:00:17.106"></status>
</kw>
<status status="PASS" starttime="20200110 11:00:13.782" endtime="20200110 11:00:17.106"></status>
</kw>
<status status="PASS" starttime="20200110 10:59:52.920" endtime="20200110 11:00:17.106"></status>
</kw>
<kw name="Cerrar" library="recursos">
<kw name="Close Browser" library="SeleniumLibrary">
<doc>Closes the current browser.</doc>
<status status="PASS" starttime="20200110 11:00:17.109" endtime="20200110 11:00:19.308"></status>
</kw>
<status status="PASS" starttime="20200110 11:00:17.108" endtime="20200110 11:00:19.309"></status>
</kw>
<status status="PASS" starttime="20200110 10:59:38.563" endtime="20200110 11:00:19.311" critical="yes"></status>
</test>
<test id="s1-t2" name="002 Prueba dos de la sección del dos">
<kw name="Abrir navegador" library="recursos">
<kw name="Open Browser" library="SeleniumLibrary">
<doc>Opens a new browser instance to the optional ``url``.</doc>
<arguments>
<arg>${url}</arg>
<arg>${navegador}</arg>
</arguments>
<msg timestamp="20200110 11:00:19.321" level="INFO">Opening browser 'chrome' to base url 'http://automationpractice.com/index.php'.</msg>
<status status="PASS" starttime="20200110 11:00:19.320" endtime="20200110 11:00:27.566"></status>
</kw>
<kw name="Wait Until Element Is Visible" library="SeleniumLibrary">
<doc>Waits until the element ``locator`` is visible.</doc>
<arguments>
<arg>xpath=//img[contains(@class,'logo img-responsive')]</arg>
</arguments>
<status status="PASS" starttime="20200110 11:00:27.566" endtime="20200110 11:00:27.850"></status>
</kw>
<status status="PASS" starttime="20200110 11:00:19.317" endtime="20200110 11:00:27.850"></status>
</kw>
<kw name="Focus" library="recursos">
<arguments>
<arg>xpath=(//a[@data-toggle='tab'])[1]</arg>
</arguments>
<kw name="Set Focus To Element" library="SeleniumLibrary">
<doc>Sets the focus to the element identified by ``locator``.</doc>
<arguments>
<arg>${arg1}</arg>
</arguments>
<status status="PASS" starttime="20200110 11:00:27.853" endtime="20200110 11:00:28.123"></status>
</kw>
<status status="PASS" starttime="20200110 11:00:27.851" endtime="20200110 11:00:28.123"></status>
</kw>
<kw name="Tiempo" library="recursos">
<arguments>
<arg>.8</arg>
</arguments>
<kw name="Set Selenium Speed" library="SeleniumLibrary">
<doc>Sets the delay that is waited after each Selenium command.</doc>
<arguments>
<arg>${arg1} seconds</arg>
</arguments>
<status status="PASS" starttime="20200110 11:00:28.126" endtime="20200110 11:00:28.126"></status>
</kw>
<status status="PASS" starttime="20200110 11:00:28.125" endtime="20200110 11:00:28.127"></status>
</kw>
<kw name="Ventana" library="recursos">
<arguments>
<arg>1800</arg>
<arg>1000</arg>
</arguments>
<kw name="Set Window Size" library="SeleniumLibrary">
<doc>Sets current windows size to given ``width`` and ``height``.</doc>
<arguments>
<arg>${arg1}</arg>
<arg>${arg2}</arg>
</arguments>
<status status="PASS" starttime="20200110 11:00:28.129" endtime="20200110 11:00:33.075"></status>
</kw>
<status status="PASS" starttime="20200110 11:00:28.128" endtime="20200110 11:00:33.075"></status>
</kw>
<kw name="Ventana" library="recursos">
<arguments>
<arg>1300</arg>
<arg>1000</arg>
</arguments>
<kw name="Set Window Size" library="SeleniumLibrary">
<doc>Sets current windows size to given ``width`` and ``height``.</doc>
<arguments>
<arg>${arg1}</arg>
<arg>${arg2}</arg>
</arguments>
<status status="PASS" starttime="20200110 11:00:33.077" endtime="20200110 11:00:34.020"></status>
</kw>
<status status="PASS" starttime="20200110 11:00:33.076" endtime="20200110 11:00:34.020"></status>
</kw>
<kw name="Tiempo" library="recursos">
<arguments>
<arg>.1</arg>
</arguments>
<kw name="Set Selenium Speed" library="SeleniumLibrary">
<doc>Sets the delay that is waited after each Selenium command.</doc>
<arguments>
<arg>${arg1} seconds</arg>
</arguments>
<status status="PASS" starttime="20200110 11:00:34.023" endtime="20200110 11:00:34.024"></status>
</kw>
<status status="PASS" starttime="20200110 11:00:34.022" endtime="20200110 11:00:34.025"></status>
</kw>
<kw name="${item} IN [ @{items} ]" type="for">
<kw name="${item} = 1" type="foritem">
<kw name="Focus" library="recursos">
<arguments>
<arg>xpath=(//a[@class='product-name'])[${item}]</arg>
</arguments>
<kw name="Set Focus To Element" library="SeleniumLibrary">
<doc>Sets the focus to the element identified by ``locator``.</doc>
<arguments>
<arg>${arg1}</arg>
</arguments>
<status status="PASS" starttime="20200110 11:00:34.028" endtime="20200110 11:00:34.297"></status>
</kw>
<status status="PASS" starttime="20200110 11:00:34.027" endtime="20200110 11:00:34.297"></status>
</kw>
<kw name="Get Text" library="SeleniumLibrary">
<doc>Returns the text value of the element identified by ``locator``.</doc>
<arguments>
<arg>xpath=(//a[@class='product-name'])[${item}]</arg>
</arguments>
<assign>
<var>${nomT}</var>
</assign>
<msg timestamp="20200110 11:00:34.546" level="INFO">${nomT} = Faded Short Sleeve T-shirts</msg>
<status status="PASS" starttime="20200110 11:00:34.297" endtime="20200110 11:00:34.546"></status>
</kw>
<kw name="Log" library="BuiltIn">
<doc>Logs the given message with the given level.</doc>
<arguments>
<arg>${nomT}</arg>
</arguments>
<msg timestamp="20200110 11:00:34.547" level="INFO">Faded Short Sleeve T-shirts</msg>
<status status="PASS" starttime="20200110 11:00:34.547" endtime="20200110 11:00:34.548"></status>
</kw>
<kw name="MO" library="recursos">
<arguments>
<arg>xpath=(//img[@width='250'])[${item}]</arg>
</arguments>
<kw name="Mouse Over" library="SeleniumLibrary">
<doc>Simulates hovering the mouse over the element ``locator``.</doc>
<arguments>
<arg>${arg1}</arg>
</arguments>
<msg timestamp="20200110 11:00:34.550" level="INFO">Simulating Mouse Over on element 'xpath=(//img[@width='250'])[1]'.</msg>
<status status="PASS" starttime="20200110 11:00:34.549" endtime="20200110 11:00:35.331"></status>
</kw>
<status status="PASS" starttime="20200110 11:00:34.548" endtime="20200110 11:00:35.331"></status>
</kw>
<kw name="Click" library="recursos">
<arguments>
<arg>xpath=(//span[contains(.,'Quick view')])[${item}]</arg>
</arguments>
<kw name="Click Element" library="SeleniumLibrary">
<doc>Click the element identified by ``locator``.</doc>
<arguments>
<arg>${arg1}</arg>
</arguments>
<msg timestamp="20200110 11:00:35.334" level="INFO">Clicking element 'xpath=(//span[contains(.,'Quick view')])[1]'.</msg>
<status status="PASS" starttime="20200110 11:00:35.333" endtime="20200110 11:00:35.668"></status>
</kw>
<status status="PASS" starttime="20200110 11:00:35.332" endtime="20200110 11:00:35.668"></status>
</kw>
<kw name="Visible" library="recursos">
<arguments>
<arg>xpath=//*[@id="index"]/div[2]/div/div/div/div/iframe</arg>
</arguments>
<kw name="Wait Until Element Is Visible" library="SeleniumLibrary">
<doc>Waits until the element ``locator`` is visible.</doc>
<arguments>
<arg>${arg1}</arg>
</arguments>
<status status="PASS" starttime="20200110 11:00:35.670" endtime="20200110 11:00:36.909"></status>
</kw>
<status status="PASS" starttime="20200110 11:00:35.669" endtime="20200110 11:00:36.909"></status>
</kw>
<kw name="SF" library="recursos">
<arguments>
<arg>xpath=//*[@id="index"]/div[2]/div/div/div/div/iframe</arg>
</arguments>
<kw name="Select Frame" library="SeleniumLibrary">
<doc>Sets frame identified by ``locator`` as the current frame.</doc>
<arguments>
<arg>${arg1}</arg>
</arguments>
<msg timestamp="20200110 11:00:36.910" level="INFO">Selecting frame 'xpath=//*[@id="index"]/div[2]/div/div/div/div/iframe'.</msg>
<status status="PASS" starttime="20200110 11:00:36.910" endtime="20200110 11:00:37.152"></status>
</kw>
<status status="PASS" starttime="20200110 11:00:36.909" endtime="20200110 11:00:37.152"></status>
</kw>
<kw name="Visible" library="recursos">
<arguments>
<arg>${titulo}</arg>
</arguments>
<kw name="Wait Until Element Is Visible" library="SeleniumLibrary">
<doc>Waits until the element ``locator`` is visible.</doc>
<arguments>
<arg>${arg1}</arg>
</arguments>
<status status="PASS" starttime="20200110 11:00:37.153" endtime="20200110 11:00:37.403"></status>
</kw>
<status status="PASS" starttime="20200110 11:00:37.152" endtime="20200110 11:00:37.403"></status>
</kw>
<kw name="Log" library="BuiltIn">
<doc>Logs the given message with the given level.</doc>
<arguments>
<arg>${titulo}</arg>
</arguments>
<msg timestamp="20200110 11:00:37.405" level="INFO">xpath=//h1[contains(@itemprop,'name')]</msg>
<status status="PASS" starttime="20200110 11:00:37.404" endtime="20200110 11:00:37.405"></status>
</kw>
<kw name="Comparar" library="recursos">
<arguments>
<arg>${titulo}</arg>
<arg>${nomT}</arg>
</arguments>
<kw name="Element Text Should Be" library="SeleniumLibrary">
<doc>Verifies that element ``locator`` contains exact the text ``expected``.</doc>
<arguments>
<arg>${arg1}</arg>
<arg>${arg2}</arg>
</arguments>
<msg timestamp="20200110 11:00:37.407" level="INFO">Verifying element 'xpath=//h1[contains(@itemprop,'name')]' contains exact text 'Faded Short Sleeve T-shirts'.</msg>
<status status="PASS" starttime="20200110 11:00:37.406" endtime="20200110 11:00:37.680"></status>
</kw>
<status status="PASS" starttime="20200110 11:00:37.405" endtime="20200110 11:00:37.680"></status>
</kw>
<kw name="USF" library="recursos">
<kw name="Unselect Frame" library="SeleniumLibrary">
<doc>Sets the main frame as the current frame.</doc>
<status status="PASS" starttime="20200110 11:00:37.682" endtime="20200110 11:00:37.792"></status>
</kw>
<status status="PASS" starttime="20200110 11:00:37.681" endtime="20200110 11:00:37.792"></status>
</kw>
<kw name="Click" library="recursos">
<arguments>
<arg>xpath=//a[@title='Close']</arg>
</arguments>
<kw name="Click Element" library="SeleniumLibrary">
<doc>Click the element identified by ``locator``.</doc>
<arguments>
<arg>${arg1}</arg>
</arguments>
<msg timestamp="20200110 11:00:37.794" level="INFO">Clicking element 'xpath=//a[@title='Close']'.</msg>
<status status="PASS" starttime="20200110 11:00:37.794" endtime="20200110 11:00:38.115"></status>
</kw>
<status status="PASS" starttime="20200110 11:00:37.793" endtime="20200110 11:00:38.115"></status>
</kw>
<status status="PASS" starttime="20200110 11:00:34.026" endtime="20200110 11:00:38.115"></status>
</kw>
<kw name="${item} = 2" type="foritem">
<kw name="Focus" library="recursos">
<arguments>
<arg>xpath=(//a[@class='product-name'])[${item}]</arg>
</arguments>
<kw name="Set Focus To Element" library="SeleniumLibrary">
<doc>Sets the focus to the element identified by ``locator``.</doc>
<arguments>
<arg>${arg1}</arg>
</arguments>
<status status="PASS" starttime="20200110 11:00:38.117" endtime="20200110 11:00:38.380"></status>
</kw>
<status status="PASS" starttime="20200110 11:00:38.116" endtime="20200110 11:00:38.380"></status>
</kw>
<kw name="Get Text" library="SeleniumLibrary">
<doc>Returns the text value of the element identified by ``locator``.</doc>
<arguments>
<arg>xpath=(//a[@class='product-name'])[${item}]</arg>
</arguments>
<assign>
<var>${nomT}</var>
</assign>
<msg timestamp="20200110 11:00:38.638" level="INFO">${nomT} = Blouse</msg>
<status status="PASS" starttime="20200110 11:00:38.380" endtime="20200110 11:00:38.638"></status>
</kw>
<kw name="Log" library="BuiltIn">
<doc>Logs the given message with the given level.</doc>
<arguments>
<arg>${nomT}</arg>
</arguments>
<msg timestamp="20200110 11:00:38.639" level="INFO">Blouse</msg>
<status status="PASS" starttime="20200110 11:00:38.639" endtime="20200110 11:00:38.640"></status>
</kw>
<kw name="MO" library="recursos">
<arguments>
<arg>xpath=(//img[@width='250'])[${item}]</arg>
</arguments>
<kw name="Mouse Over" library="SeleniumLibrary">
<doc>Simulates hovering the mouse over the element ``locator``.</doc>
<arguments>
<arg>${arg1}</arg>
</arguments>
<msg timestamp="20200110 11:00:38.642" level="INFO">Simulating Mouse Over on element 'xpath=(//img[@width='250'])[2]'.</msg>
<status status="PASS" starttime="20200110 11:00:38.641" endtime="20200110 11:00:39.425"></status>
</kw>
<status status="PASS" starttime="20200110 11:00:38.640" endtime="20200110 11:00:39.425"></status>
</kw>
<kw name="Click" library="recursos">
<arguments>
<arg>xpath=(//span[contains(.,'Quick view')])[${item}]</arg>
</arguments>
<kw name="Click Element" library="SeleniumLibrary">
<doc>Click the element identified by ``locator``.</doc>
<arguments>
<arg>${arg1}</arg>
</arguments>
<msg timestamp="20200110 11:00:39.428" level="INFO">Clicking element 'xpath=(//span[contains(.,'Quick view')])[2]'.</msg>
<status status="PASS" starttime="20200110 11:00:39.427" endtime="20200110 11:00:39.791"></status>
</kw>
<status status="PASS" starttime="20200110 11:00:39.426" endtime="20200110 11:00:39.791"></status>
</kw>
<kw name="Visible" library="recursos">
<arguments>
<arg>xpath=//*[@id="index"]/div[2]/div/div/div/div/iframe</arg>
</arguments>
<kw name="Wait Until Element Is Visible" library="SeleniumLibrary">
<doc>Waits until the element ``locator`` is visible.</doc>
<arguments>
<arg>${arg1}</arg>
</arguments>
<status status="PASS" starttime="20200110 11:00:39.793" endtime="20200110 11:00:41.850"></status>
</kw>
<status status="PASS" starttime="20200110 11:00:39.792" endtime="20200110 11:00:41.850"></status>
</kw>
<kw name="SF" library="recursos">
<arguments>
<arg>xpath=//*[@id="index"]/div[2]/div/div/div/div/iframe</arg>
</arguments>
<kw name="Select Frame" library="SeleniumLibrary">
<doc>Sets frame identified by ``locator`` as the current frame.</doc>
<arguments>
<arg>${arg1}</arg>
</arguments>
<msg timestamp="20200110 11:00:41.853" level="INFO">Selecting frame 'xpath=//*[@id="index"]/div[2]/div/div/div/div/iframe'.</msg>
<status status="PASS" starttime="20200110 11:00:41.852" endtime="20200110 11:00:42.146"></status>
</kw>
<status status="PASS" starttime="20200110 11:00:41.851" endtime="20200110 11:00:42.146"></status>
</kw>
<kw name="Visible" library="recursos">
<arguments>
<arg>${titulo}</arg>
</arguments>
<kw name="Wait Until Element Is Visible" library="SeleniumLibrary">
<doc>Waits until the element ``locator`` is visible.</doc>
<arguments>
<arg>${arg1}</arg>
</arguments>
<status status="PASS" starttime="20200110 11:00:42.147" endtime="20200110 11:00:42.409"></status>
</kw>
<status status="PASS" starttime="20200110 11:00:42.147" endtime="20200110 11:00:42.409"></status>
</kw>
<kw name="Log" library="BuiltIn">
<doc>Logs the given message with the given level.</doc>
<arguments>
<arg>${titulo}</arg>
</arguments>
<msg timestamp="20200110 11:00:42.411" level="INFO">xpath=//h1[contains(@itemprop,'name')]</msg>
<status status="PASS" starttime="20200110 11:00:42.410" endtime="20200110 11:00:42.411"></status>
</kw>
<kw name="Comparar" library="recursos">
<arguments>
<arg>${titulo}</arg>
<arg>${nomT}</arg>
</arguments>
<kw name="Element Text Should Be" library="SeleniumLibrary">
<doc>Verifies that element ``locator`` contains exact the text ``expected``.</doc>
<arguments>
<arg>${arg1}</arg>
<arg>${arg2}</arg>
</arguments>
<msg timestamp="20200110 11:00:42.413" level="INFO">Verifying element 'xpath=//h1[contains(@itemprop,'name')]' contains exact text 'Blouse'.</msg>
<status status="PASS" starttime="20200110 11:00:42.412" endtime="20200110 11:00:42.673"></status>
</kw>
<status status="PASS" starttime="20200110 11:00:42.411" endtime="20200110 11:00:42.673"></status>
</kw>
<kw name="USF" library="recursos">
<kw name="Unselect Frame" library="SeleniumLibrary">
<doc>Sets the main frame as the current frame.</doc>
<status status="PASS" starttime="20200110 11:00:42.675" endtime="20200110 11:00:42.785"></status>
</kw>
<status status="PASS" starttime="20200110 11:00:42.674" endtime="20200110 11:00:42.785"></status>
</kw>
<kw name="Click" library="recursos">
<arguments>
<arg>xpath=//a[@title='Close']</arg>
</arguments>
<kw name="Click Element" library="SeleniumLibrary">
<doc>Click the element identified by ``locator``.</doc>
<arguments>
<arg>${arg1}</arg>
</arguments>
<msg timestamp="20200110 11:00:42.787" level="INFO">Clicking element 'xpath=//a[@title='Close']'.</msg>
<status status="PASS" starttime="20200110 11:00:42.787" endtime="20200110 11:00:43.119"></status>
</kw>
<status status="PASS" starttime="20200110 11:00:42.786" endtime="20200110 11:00:43.119"></status>
</kw>
<status status="PASS" starttime="20200110 11:00:38.115" endtime="20200110 11:00:43.119"></status>
</kw>
<kw name="${item} = 3" type="foritem">
<kw name="Focus" library="recursos">
<arguments>
<arg>xpath=(//a[@class='product-name'])[${item}]</arg>
</arguments>
<kw name="Set Focus To Element" library="SeleniumLibrary">
<doc>Sets the focus to the element identified by ``locator``.</doc>
<arguments>
<arg>${arg1}</arg>
</arguments>
<status status="PASS" starttime="20200110 11:00:43.121" endtime="20200110 11:00:43.388"></status>
</kw>
<status status="PASS" starttime="20200110 11:00:43.120" endtime="20200110 11:00:43.388"></status>
</kw>
<kw name="Get Text" library="SeleniumLibrary">
<doc>Returns the text value of the element identified by ``locator``.</doc>
<arguments>
<arg>xpath=(//a[@class='product-name'])[${item}]</arg>
</arguments>
<assign>
<var>${nomT}</var>
</assign>
<msg timestamp="20200110 11:00:43.655" level="INFO">${nomT} = Printed Dress</msg>
<status status="PASS" starttime="20200110 11:00:43.389" endtime="20200110 11:00:43.655"></status>
</kw>
<kw name="Log" library="BuiltIn">
<doc>Logs the given message with the given level.</doc>
<arguments>
<arg>${nomT}</arg>
</arguments>
<msg timestamp="20200110 11:00:43.656" level="INFO">Printed Dress</msg>
<status status="PASS" starttime="20200110 11:00:43.656" endtime="20200110 11:00:43.657"></status>
</kw>
<kw name="MO" library="recursos">
<arguments>
<arg>xpath=(//img[@width='250'])[${item}]</arg>
</arguments>
<kw name="Mouse Over" library="SeleniumLibrary">
<doc>Simulates hovering the mouse over the element ``locator``.</doc>
<arguments>
<arg>${arg1}</arg>
</arguments>
<msg timestamp="20200110 11:00:43.659" level="INFO">Simulating Mouse Over on element 'xpath=(//img[@width='250'])[3]'.</msg>
<status status="PASS" starttime="20200110 11:00:43.658" endtime="20200110 11:00:44.471"></status>
</kw>
<status status="PASS" starttime="20200110 11:00:43.657" endtime="20200110 11:00:44.471"></status>
</kw>
<kw name="Click" library="recursos">
<arguments>
<arg>xpath=(//span[contains(.,'Quick view')])[${item}]</arg>
</arguments>
<kw name="Click Element" library="SeleniumLibrary">
<doc>Click the element identified by ``locator``.</doc>
<arguments>
<arg>${arg1}</arg>
</arguments>
<msg timestamp="20200110 11:00:44.471" level="INFO">Clicking element 'xpath=(//span[contains(.,'Quick view')])[3]'.</msg>
<status status="PASS" starttime="20200110 11:00:44.471" endtime="20200110 11:00:44.821"></status>
</kw>
<status status="PASS" starttime="20200110 11:00:44.471" endtime="20200110 11:00:44.821"></status>
</kw>
<kw name="Visible" library="recursos">
<arguments>
<arg>xpath=//*[@id="index"]/div[2]/div/div/div/div/iframe</arg>
</arguments>
<kw name="Wait Until Element Is Visible" library="SeleniumLibrary">
<doc>Waits until the element ``locator`` is visible.</doc>
<arguments>
<arg>${arg1}</arg>
</arguments>
<status status="PASS" starttime="20200110 11:00:44.823" endtime="20200110 11:00:49.328"></status>
</kw>
<status status="PASS" starttime="20200110 11:00:44.822" endtime="20200110 11:00:49.328"></status>
</kw>
<kw name="SF" library="recursos">
<arguments>
<arg>xpath=//*[@id="index"]/div[2]/div/div/div/div/iframe</arg>
</arguments>
<kw name="Select Frame" library="SeleniumLibrary">
<doc>Sets frame identified by ``locator`` as the current frame.</doc>
<arguments>
<arg>${arg1}</arg>
</arguments>
<msg timestamp="20200110 11:00:49.329" level="INFO">Selecting frame 'xpath=//*[@id="index"]/div[2]/div/div/div/div/iframe'.</msg>
<status status="PASS" starttime="20200110 11:00:49.329" endtime="20200110 11:00:49.595"></status>
</kw>
<status status="PASS" starttime="20200110 11:00:49.328" endtime="20200110 11:00:49.595"></status>
</kw>
<kw name="Visible" library="recursos">
<arguments>
<arg>${titulo}</arg>
</arguments>
<kw name="Wait Until Element Is Visible" library="SeleniumLibrary">
<doc>Waits until the element ``locator`` is visible.</doc>
<arguments>
<arg>${arg1}</arg>
</arguments>
<status status="PASS" starttime="20200110 11:00:49.595" endtime="20200110 11:00:49.861"></status>
</kw>
<status status="PASS" starttime="20200110 11:00:49.595" endtime="20200110 11:00:49.861"></status>
</kw>
<kw name="Log" library="BuiltIn">
<doc>Logs the given message with the given level.</doc>
<arguments>
<arg>${titulo}</arg>
</arguments>
<msg timestamp="20200110 11:00:49.861" level="INFO">xpath=//h1[contains(@itemprop,'name')]</msg>
<status status="PASS" starttime="20200110 11:00:49.861" endtime="20200110 11:00:49.861"></status>
</kw>
<kw name="Comparar" library="recursos">
<arguments>
<arg>${titulo}</arg>
<arg>${nomT}</arg>
</arguments>
<kw name="Element Text Should Be" library="SeleniumLibrary">
<doc>Verifies that element ``locator`` contains exact the text ``expected``.</doc>
<arguments>
<arg>${arg1}</arg>
<arg>${arg2}</arg>
</arguments>
<msg timestamp="20200110 11:00:49.861" level="INFO">Verifying element 'xpath=//h1[contains(@itemprop,'name')]' contains exact text 'Printed Dress'.</msg>
<status status="PASS" starttime="20200110 11:00:49.861" endtime="20200110 11:00:50.127"></status>
</kw>
<status status="PASS" starttime="20200110 11:00:49.861" endtime="20200110 11:00:50.127"></status>
</kw>
<kw name="USF" library="recursos">
<kw name="Unselect Frame" library="SeleniumLibrary">
<doc>Sets the main frame as the current frame.</doc>
<status status="PASS" starttime="20200110 11:00:50.127" endtime="20200110 11:00:50.236"></status>
</kw>
<status status="PASS" starttime="20200110 11:00:50.127" endtime="20200110 11:00:50.236"></status>
</kw>
<kw name="Click" library="recursos">
<arguments>
<arg>xpath=//a[@title='Close']</arg>
</arguments>
<kw name="Click Element" library="SeleniumLibrary">
<doc>Click the element identified by ``locator``.</doc>
<arguments>
<arg>${arg1}</arg>
</arguments>
<msg timestamp="20200110 11:00:50.236" level="INFO">Clicking element 'xpath=//a[@title='Close']'.</msg>
<status status="PASS" starttime="20200110 11:00:50.236" endtime="20200110 11:00:50.525"></status>
</kw>
<status status="PASS" starttime="20200110 11:00:50.236" endtime="20200110 11:00:50.525"></status>
</kw>
<status status="PASS" starttime="20200110 11:00:43.120" endtime="20200110 11:00:50.525"></status>
</kw>
<kw name="${item} = 4" type="foritem">
<kw name="Focus" library="recursos">
<arguments>
<arg>xpath=(//a[@class='product-name'])[${item}]</arg>
</arguments>
<kw name="Set Focus To Element" library="SeleniumLibrary">
<doc>Sets the focus to the element identified by ``locator``.</doc>
<arguments>
<arg>${arg1}</arg>
</arguments>
<status status="PASS" starttime="20200110 11:00:50.527" endtime="20200110 11:00:50.775"></status>
</kw>
<status status="PASS" starttime="20200110 11:00:50.526" endtime="20200110 11:00:50.775"></status>
</kw>
<kw name="Get Text" library="SeleniumLibrary">
<doc>Returns the text value of the element identified by ``locator``.</doc>
<arguments>
<arg>xpath=(//a[@class='product-name'])[${item}]</arg>
</arguments>
<assign>
<var>${nomT}</var>
</assign>
<msg timestamp="20200110 11:00:51.026" level="INFO">${nomT} = Printed Dress</msg>
<status status="PASS" starttime="20200110 11:00:50.775" endtime="20200110 11:00:51.026"></status>
</kw>
<kw name="Log" library="BuiltIn">
<doc>Logs the given message with the given level.</doc>
<arguments>
<arg>${nomT}</arg>
</arguments>
<msg timestamp="20200110 11:00:51.028" level="INFO">Printed Dress</msg>
<status status="PASS" starttime="20200110 11:00:51.027" endtime="20200110 11:00:51.028"></status>
</kw>
<kw name="MO" library="recursos">
<arguments>
<arg>xpath=(//img[@width='250'])[${item}]</arg>
</arguments>
<kw name="Mouse Over" library="SeleniumLibrary">
<doc>Simulates hovering the mouse over the element ``locator``.</doc>
<arguments>
<arg>${arg1}</arg>
</arguments>
<msg timestamp="20200110 11:00:51.030" level="INFO">Simulating Mouse Over on element 'xpath=(//img[@width='250'])[4]'.</msg>
<status status="PASS" starttime="20200110 11:00:51.029" endtime="20200110 11:00:51.804"></status>
</kw>
<status status="PASS" starttime="20200110 11:00:51.028" endtime="20200110 11:00:51.804"></status>
</kw>
<kw name="Click" library="recursos">
<arguments>
<arg>xpath=(//span[contains(.,'Quick view')])[${item}]</arg>
</arguments>
<kw name="Click Element" library="SeleniumLibrary">
<doc>Click the element identified by ``locator``.</doc>
<arguments>
<arg>${arg1}</arg>
</arguments>
<msg timestamp="20200110 11:00:51.806" level="INFO">Clicking element 'xpath=(//span[contains(.,'Quick view')])[4]'.</msg>
<status status="PASS" starttime="20200110 11:00:51.806" endtime="20200110 11:00:52.178"></status>
</kw>
<status status="PASS" starttime="20200110 11:00:51.805" endtime="20200110 11:00:52.178"></status>
</kw>
<kw name="Visible" library="recursos">
<arguments>
<arg>xpath=//*[@id="index"]/div[2]/div/div/div/div/iframe</arg>
</arguments>
<kw name="Wait Until Element Is Visible" library="SeleniumLibrary">
<doc>Waits until the element ``locator`` is visible.</doc>
<arguments>
<arg>${arg1}</arg>
</arguments>
<status status="PASS" starttime="20200110 11:00:52.179" endtime="20200110 11:00:53.343"></status>
</kw>
<status status="PASS" starttime="20200110 11:00:52.179" endtime="20200110 11:00:53.343"></status>
</kw>
<kw name="SF" library="recursos">
<arguments>
<arg>xpath=//*[@id="index"]/div[2]/div/div/div/div/iframe</arg>
</arguments>
<kw name="Select Frame" library="SeleniumLibrary">
<doc>Sets frame identified by ``locator`` as the current frame.</doc>
<arguments>
<arg>${arg1}</arg>
</arguments>
<msg timestamp="20200110 11:00:53.343" level="INFO">Selecting frame 'xpath=//*[@id="index"]/div[2]/div/div/div/div/iframe'.</msg>
<status status="PASS" starttime="20200110 11:00:53.343" endtime="20200110 11:00:53.628"></status>
</kw>
<status status="PASS" starttime="20200110 11:00:53.343" endtime="20200110 11:00:53.628"></status>
</kw>
<kw name="Visible" library="recursos">
<arguments>
<arg>${titulo}</arg>
</arguments>
<kw name="Wait Until Element Is Visible" library="SeleniumLibrary">
<doc>Waits until the element ``locator`` is visible.</doc>
<arguments>
<arg>${arg1}</arg>
</arguments>
<status status="PASS" starttime="20200110 11:00:53.630" endtime="20200110 11:00:53.905"></status>
</kw>
<status status="PASS" starttime="20200110 11:00:53.629" endtime="20200110 11:00:53.905"></status>
</kw>
<kw name="Log" library="BuiltIn">
<doc>Logs the given message with the given level.</doc>
<arguments>
<arg>${titulo}</arg>
</arguments>
<msg timestamp="20200110 11:00:53.905" level="INFO">xpath=//h1[contains(@itemprop,'name')]</msg>
<status status="PASS" starttime="20200110 11:00:53.905" endtime="20200110 11:00:53.905"></status>
</kw>
<kw name="Comparar" library="recursos">
<arguments>
<arg>${titulo}</arg>
<arg>${nomT}</arg>
</arguments>
<kw name="Element Text Should Be" library="SeleniumLibrary">
<doc>Verifies that element ``locator`` contains exact the text ``expected``.</doc>
<arguments>
<arg>${arg1}</arg>
<arg>${arg2}</arg>
</arguments>
<msg timestamp="20200110 11:00:53.909" level="INFO">Verifying element 'xpath=//h1[contains(@itemprop,'name')]' contains exact text 'Printed Dress'.</msg>
<status status="PASS" starttime="20200110 11:00:53.908" endtime="20200110 11:00:54.178"></status>
</kw>
<status status="PASS" starttime="20200110 11:00:53.907" endtime="20200110 11:00:54.179"></status>
</kw>
<kw name="USF" library="recursos">
<kw name="Unselect Frame" library="SeleniumLibrary">
<doc>Sets the main frame as the current frame.</doc>
<status status="PASS" starttime="20200110 11:00:54.181" endtime="20200110 11:00:54.293"></status>
</kw>
<status status="PASS" starttime="20200110 11:00:54.179" endtime="20200110 11:00:54.293"></status>
</kw>
<kw name="Click" library="recursos">
<arguments>
<arg>xpath=//a[@title='Close']</arg>
</arguments>
<kw name="Click Element" library="SeleniumLibrary">
<doc>Click the element identified by ``locator``.</doc>
<arguments>
<arg>${arg1}</arg>
</arguments>
<msg timestamp="20200110 11:00:54.295" level="INFO">Clicking element 'xpath=//a[@title='Close']'.</msg>
<status status="PASS" starttime="20200110 11:00:54.295" endtime="20200110 11:00:54.629"></status>
</kw>
<status status="PASS" starttime="20200110 11:00:54.294" endtime="20200110 11:00:54.629"></status>
</kw>
<status status="PASS" starttime="20200110 11:00:50.525" endtime="20200110 11:00:54.630"></status>
</kw>
<kw name="${item} = 5" type="foritem">
<kw name="Focus" library="recursos">
<arguments>
<arg>xpath=(//a[@class='product-name'])[${item}]</arg>
</arguments>
<kw name="Set Focus To Element" library="SeleniumLibrary">
<doc>Sets the focus to the element identified by ``locator``.</doc>
<arguments>
<arg>${arg1}</arg>
</arguments>
<status status="PASS" starttime="20200110 11:00:54.632" endtime="20200110 11:00:54.906"></status>
</kw>
<status status="PASS" starttime="20200110 11:00:54.630" endtime="20200110 11:00:54.906"></status>
</kw>
<kw name="Get Text" library="SeleniumLibrary">
<doc>Returns the text value of the element identified by ``locator``.</doc>
<arguments>
<arg>xpath=(//a[@class='product-name'])[${item}]</arg>
</arguments>
<assign>
<var>${nomT}</var>
</assign>
<msg timestamp="20200110 11:00:55.175" level="INFO">${nomT} = Printed Summer Dress</msg>
<status status="PASS" starttime="20200110 11:00:54.907" endtime="20200110 11:00:55.175"></status>
</kw>
<kw name="Log" library="BuiltIn">
<doc>Logs the given message with the given level.</doc>
<arguments>
<arg>${nomT}</arg>
</arguments>
<msg timestamp="20200110 11:00:55.176" level="INFO">Printed Summer Dress</msg>
<status status="PASS" starttime="20200110 11:00:55.175" endtime="20200110 11:00:55.176"></status>
</kw>
<kw name="MO" library="recursos">
<arguments>
<arg>xpath=(//img[@width='250'])[${item}]</arg>
</arguments>
<kw name="Mouse Over" library="SeleniumLibrary">
<doc>Simulates hovering the mouse over the element ``locator``.</doc>
<arguments>
<arg>${arg1}</arg>
</arguments>
<msg timestamp="20200110 11:00:55.179" level="INFO">Simulating Mouse Over on element 'xpath=(//img[@width='250'])[5]'.</msg>
<status status="PASS" starttime="20200110 11:00:55.178" endtime="20200110 11:00:55.941"></status>
</kw>
<status status="PASS" starttime="20200110 11:00:55.176" endtime="20200110 11:00:55.941"></status>
</kw>
<kw name="Click" library="recursos">
<arguments>
<arg>xpath=(//span[contains(.,'Quick view')])[${item}]</arg>
</arguments>
<kw name="Click Element" library="SeleniumLibrary">
<doc>Click the element identified by ``locator``.</doc>
<arguments>
<arg>${arg1}</arg>
</arguments>
<msg timestamp="20200110 11:00:55.944" level="INFO">Clicking element 'xpath=(//span[contains(.,'Quick view')])[5]'.</msg>
<status status="PASS" starttime="20200110 11:00:55.944" endtime="20200110 11:00:56.319"></status>
</kw>
<status status="PASS" starttime="20200110 11:00:55.943" endtime="20200110 11:00:56.319"></status>
</kw>
<kw name="Visible" library="recursos">
<arguments>
<arg>xpath=//*[@id="index"]/div[2]/div/div/div/div/iframe</arg>
</arguments>
<kw name="Wait Until Element Is Visible" library="SeleniumLibrary">
<doc>Waits until the element ``locator`` is visible.</doc>
<arguments>
<arg>${arg1}</arg>
</arguments>
<status status="PASS" starttime="20200110 11:00:56.321" endtime="20200110 11:00:57.559"></status>
</kw>
<status status="PASS" starttime="20200110 11:00:56.320" endtime="20200110 11:00:57.559"></status>
</kw>
<kw name="SF" library="recursos">
<arguments>
<arg>xpath=//*[@id="index"]/div[2]/div/div/div/div/iframe</arg>
</arguments>
<kw name="Select Frame" library="SeleniumLibrary">
<doc>Sets frame identified by ``locator`` as the current frame.</doc>
<arguments>
<arg>${arg1}</arg>
</arguments>
<msg timestamp="20200110 11:00:57.561" level="INFO">Selecting frame 'xpath=//*[@id="index"]/div[2]/div/div/div/div/iframe'.</msg>
<status status="PASS" starttime="20200110 11:00:57.560" endtime="20200110 11:00:57.810"></status>
</kw>
<status status="PASS" starttime="20200110 11:00:57.559" endtime="20200110 11:00:57.810"></status>
</kw>
<kw name="Visible" library="recursos">
<arguments>
<arg>${titulo}</arg>
</arguments>
<kw name="Wait Until Element Is Visible" library="SeleniumLibrary">
<doc>Waits until the element ``locator`` is visible.</doc>
<arguments>
<arg>${arg1}</arg>
</arguments>
<status status="PASS" starttime="20200110 11:00:57.812" endtime="20200110 11:00:58.078"></status>
</kw>
<status status="PASS" starttime="20200110 11:00:57.811" endtime="20200110 11:00:58.078"></status>
</kw>
<kw name="Log" library="BuiltIn">
<doc>Logs the given message with the given level.</doc>
<arguments>
<arg>${titulo}</arg>
</arguments>
<msg timestamp="20200110 11:00:58.080" level="INFO">xpath=//h1[contains(@itemprop,'name')]</msg>
<status status="PASS" starttime="20200110 11:00:58.079" endtime="20200110 11:00:58.080"></status>
</kw>
<kw name="Comparar" library="recursos">
<arguments>
<arg>${titulo}</arg>
<arg>${nomT}</arg>
</arguments>
<kw name="Element Text Should Be" library="SeleniumLibrary">
<doc>Verifies that element ``locator`` contains exact the text ``expected``.</doc>
<arguments>
<arg>${arg1}</arg>
<arg>${arg2}</arg>
</arguments>
<msg timestamp="20200110 11:00:58.082" level="INFO">Verifying element 'xpath=//h1[contains(@itemprop,'name')]' contains exact text 'Printed Summer Dress'.</msg>
<status status="PASS" starttime="20200110 11:00:58.081" endtime="20200110 11:00:58.357"></status>
</kw>
<status status="PASS" starttime="20200110 11:00:58.080" endtime="20200110 11:00:58.357"></status>
</kw>
<kw name="USF" library="recursos">
<kw name="Unselect Frame" library="SeleniumLibrary">
<doc>Sets the main frame as the current frame.</doc>
<status status="PASS" starttime="20200110 11:00:58.359" endtime="20200110 11:00:58.470"></status>
</kw>
<status status="PASS" starttime="20200110 11:00:58.358" endtime="20200110 11:00:58.470"></status>
</kw>
<kw name="Click" library="recursos">
<arguments>
<arg>xpath=//a[@title='Close']</arg>
</arguments>
<kw name="Click Element" library="SeleniumLibrary">
<doc>Click the element identified by ``locator``.</doc>
<arguments>
<arg>${arg1}</arg>
</arguments>
<msg timestamp="20200110 11:00:58.471" level="INFO">Clicking element 'xpath=//a[@title='Close']'.</msg>
<status status="PASS" starttime="20200110 11:00:58.471" endtime="20200110 11:00:58.781"></status>
</kw>
<status status="PASS" starttime="20200110 11:00:58.471" endtime="20200110 11:00:58.781"></status>
</kw>
<status status="PASS" starttime="20200110 11:00:54.630" endtime="20200110 11:00:58.781"></status>
</kw>
<kw name="${item} = 6" type="foritem">
<kw name="Focus" library="recursos">
<arguments>
<arg>xpath=(//a[@class='product-name'])[${item}]</arg>
</arguments>
<kw name="Set Focus To Element" library="SeleniumLibrary">
<doc>Sets the focus to the element identified by ``locator``.</doc>
<arguments>
<arg>${arg1}</arg>
</arguments>
<status status="PASS" starttime="20200110 11:00:58.783" endtime="20200110 11:00:59.044"></status>
</kw>
<status status="PASS" starttime="20200110 11:00:58.782" endtime="20200110 11:00:59.044"></status>
</kw>
<kw name="Get Text" library="SeleniumLibrary">
<doc>Returns the text value of the element identified by ``locator``.</doc>
<arguments>
<arg>xpath=(//a[@class='product-name'])[${item}]</arg>
</arguments>
<assign>
<var>${nomT}</var>
</assign>
<msg timestamp="20200110 11:00:59.320" level="INFO">${nomT} = Printed Summer Dress</msg>
<status status="PASS" starttime="20200110 11:00:59.045" endtime="20200110 11:00:59.320"></status>
</kw>
<kw name="Log" library="BuiltIn">
<doc>Logs the given message with the given level.</doc>
<arguments>
<arg>${nomT}</arg>
</arguments>
<msg timestamp="20200110 11:00:59.321" level="INFO">Printed Summer Dress</msg>
<status status="PASS" starttime="20200110 11:00:59.320" endtime="20200110 11:00:59.321"></status>
</kw>
<kw name="MO" library="recursos">
<arguments>
<arg>xpath=(//img[@width='250'])[${item}]</arg>
</arguments>
<kw name="Mouse Over" library="SeleniumLibrary">
<doc>Simulates hovering the mouse over the element ``locator``.</doc>
<arguments>
<arg>${arg1}</arg>
</arguments>
<msg timestamp="20200110 11:00:59.323" level="INFO">Simulating Mouse Over on element 'xpath=(//img[@width='250'])[6]'.</msg>
<status status="PASS" starttime="20200110 11:00:59.323" endtime="20200110 11:01:00.114"></status>
</kw>
<status status="PASS" starttime="20200110 11:00:59.321" endtime="20200110 11:01:00.114"></status>
</kw>
<kw name="Click" library="recursos">
<arguments>
<arg>xpath=(//span[contains(.,'Quick view')])[${item}]</arg>
</arguments>
<kw name="Click Element" library="SeleniumLibrary">
<doc>Click the element identified by ``locator``.</doc>
<arguments>
<arg>${arg1}</arg>
</arguments>
<msg timestamp="20200110 11:01:00.117" level="INFO">Clicking element 'xpath=(//span[contains(.,'Quick view')])[6]'.</msg>
<status status="PASS" starttime="20200110 11:01:00.116" endtime="20200110 11:01:00.442"></status>
</kw>
<status status="PASS" starttime="20200110 11:01:00.115" endtime="20200110 11:01:00.442"></status>
</kw>
<kw name="Visible" library="recursos">
<arguments>
<arg>xpath=//*[@id="index"]/div[2]/div/div/div/div/iframe</arg>
</arguments>
<kw name="Wait Until Element Is Visible" library="SeleniumLibrary">
<doc>Waits until the element ``locator`` is visible.</doc>
<arguments>
<arg>${arg1}</arg>
</arguments>
<status status="PASS" starttime="20200110 11:01:00.443" endtime="20200110 11:01:01.592"></status>
</kw>
<status status="PASS" starttime="20200110 11:01:00.442" endtime="20200110 11:01:01.592"></status>
</kw>
<kw name="SF" library="recursos">
<arguments>
<arg>xpath=//*[@id="index"]/div[2]/div/div/div/div/iframe</arg>
</arguments>
<kw name="Select Frame" library="SeleniumLibrary">
<doc>Sets frame identified by ``locator`` as the current frame.</doc>
<arguments>
<arg>${arg1}</arg>
</arguments>
<msg timestamp="20200110 11:01:01.593" level="INFO">Selecting frame 'xpath=//*[@id="index"]/div[2]/div/div/div/div/iframe'.</msg>
<status status="PASS" starttime="20200110 11:01:01.593" endtime="20200110 11:01:01.876"></status>
</kw>
<status status="PASS" starttime="20200110 11:01:01.592" endtime="20200110 11:01:01.876"></status>
</kw>
<kw name="Visible" library="recursos">
<arguments>
<arg>${titulo}</arg>
</arguments>
<kw name="Wait Until Element Is Visible" library="SeleniumLibrary">
<doc>Waits until the element ``locator`` is visible.</doc>
<arguments>
<arg>${arg1}</arg>
</arguments>
<status status="PASS" starttime="20200110 11:01:01.876" endtime="20200110 11:01:02.141"></status>
</kw>
<status status="PASS" starttime="20200110 11:01:01.876" endtime="20200110 11:01:02.141"></status>
</kw>
<kw name="Log" library="BuiltIn">
<doc>Logs the given message with the given level.</doc>
<arguments>
<arg>${titulo}</arg>
</arguments>
<msg timestamp="20200110 11:01:02.141" level="INFO">xpath=//h1[contains(@itemprop,'name')]</msg>
<status status="PASS" starttime="20200110 11:01:02.141" endtime="20200110 11:01:02.141"></status>
</kw>
<kw name="Comparar" library="recursos">
<arguments>
<arg>${titulo}</arg>
<arg>${nomT}</arg>
</arguments>
<kw name="Element Text Should Be" library="SeleniumLibrary">
<doc>Verifies that element ``locator`` contains exact the text ``expected``.</doc>
<arguments>
<arg>${arg1}</arg>
<arg>${arg2}</arg>
</arguments>
<msg timestamp="20200110 11:01:02.141" level="INFO">Verifying element 'xpath=//h1[contains(@itemprop,'name')]' contains exact text 'Printed Summer Dress'.</msg>
<status status="PASS" starttime="20200110 11:01:02.141" endtime="20200110 11:01:02.398"></status>
</kw>
<status status="PASS" starttime="20200110 11:01:02.141" endtime="20200110 11:01:02.398"></status>
</kw>
<kw name="USF" library="recursos">
<kw name="Unselect Frame" library="SeleniumLibrary">
<doc>Sets the main frame as the current frame.</doc>
<status status="PASS" starttime="20200110 11:01:02.400" endtime="20200110 11:01:02.510"></status>
</kw>
<status status="PASS" starttime="20200110 11:01:02.399" endtime="20200110 11:01:02.510"></status>
</kw>
<kw name="Click" library="recursos">
<arguments>
<arg>xpath=//a[@title='Close']</arg>
</arguments>
<kw name="Click Element" library="SeleniumLibrary">
<doc>Click the element identified by ``locator``.</doc>
<arguments>
<arg>${arg1}</arg>
</arguments>
<msg timestamp="20200110 11:01:02.512" level="INFO">Clicking element 'xpath=//a[@title='Close']'.</msg>
<status status="PASS" starttime="20200110 11:01:02.512" endtime="20200110 11:01:02.820"></status>
</kw>
<status status="PASS" starttime="20200110 11:01:02.511" endtime="20200110 11:01:02.820"></status>
</kw>
<status status="PASS" starttime="20200110 11:00:58.782" endtime="20200110 11:01:02.820"></status>
</kw>
<kw name="${item} = 7" type="foritem">
<kw name="Focus" library="recursos">
<arguments>
<arg>xpath=(//a[@class='product-name'])[${item}]</arg>
</arguments>
<kw name="Set Focus To Element" library="SeleniumLibrary">
<doc>Sets the focus to the element identified by ``locator``.</doc>
<arguments>
<arg>${arg1}</arg>
</arguments>
<status status="PASS" starttime="20200110 11:01:02.822" endtime="20200110 11:01:03.081"></status>
</kw>
<status status="PASS" starttime="20200110 11:01:02.821" endtime="20200110 11:01:03.081"></status>
</kw>
<kw name="Get Text" library="SeleniumLibrary">
<doc>Returns the text value of the element identified by ``locator``.</doc>
<arguments>
<arg>xpath=(//a[@class='product-name'])[${item}]</arg>
</arguments>
<assign>
<var>${nomT}</var>
</assign>
<msg timestamp="20200110 11:01:03.362" level="INFO">${nomT} = Printed Chiffon Dress</msg>
<status status="PASS" starttime="20200110 11:01:03.082" endtime="20200110 11:01:03.362"></status>
</kw>
<kw name="Log" library="BuiltIn">
<doc>Logs the given message with the given level.</doc>
<arguments>
<arg>${nomT}</arg>
</arguments>
<msg timestamp="20200110 11:01:03.363" level="INFO">Printed Chiffon Dress</msg>
<status status="PASS" starttime="20200110 11:01:03.363" endtime="20200110 11:01:03.364"></status>
</kw>
<kw name="MO" library="recursos">
<arguments>
<arg>xpath=(//img[@width='250'])[${item}]</arg>
</arguments>
<kw name="Mouse Over" library="SeleniumLibrary">
<doc>Simulates hovering the mouse over the element ``locator``.</doc>
<arguments>
<arg>${arg1}</arg>
</arguments>
<msg timestamp="20200110 11:01:03.366" level="INFO">Simulating Mouse Over on element 'xpath=(//img[@width='250'])[7]'.</msg>
<status status="PASS" starttime="20200110 11:01:03.365" endtime="20200110 11:01:04.149"></status>
</kw>
<status status="PASS" starttime="20200110 11:01:03.364" endtime="20200110 11:01:04.149"></status>
</kw>
<kw name="Click" library="recursos">
<arguments>
<arg>xpath=(//span[contains(.,'Quick view')])[${item}]</arg>
</arguments>
<kw name="Click Element" library="SeleniumLibrary">
<doc>Click the element identified by ``locator``.</doc>
<arguments>
<arg>${arg1}</arg>
</arguments>
<msg timestamp="20200110 11:01:04.152" level="INFO">Clicking element 'xpath=(//span[contains(.,'Quick view')])[7]'.</msg>
<status status="PASS" starttime="20200110 11:01:04.151" endtime="20200110 11:01:04.530"></status>
</kw>
<status status="PASS" starttime="20200110 11:01:04.150" endtime="20200110 11:01:04.530"></status>
</kw>
<kw name="Visible" library="recursos">
<arguments>
<arg>xpath=//*[@id="index"]/div[2]/div/div/div/div/iframe</arg>
</arguments>
<kw name="Wait Until Element Is Visible" library="SeleniumLibrary">
<doc>Waits until the element ``locator`` is visible.</doc>
<arguments>
<arg>${arg1}</arg>
</arguments>
<status status="PASS" starttime="20200110 11:01:04.532" endtime="20200110 11:01:05.742"></status>
</kw>
<status status="PASS" starttime="20200110 11:01:04.531" endtime="20200110 11:01:05.742"></status>
</kw>
<kw name="SF" library="recursos">
<arguments>
<arg>xpath=//*[@id="index"]/div[2]/div/div/div/div/iframe</arg>
</arguments>
<kw name="Select Frame" library="SeleniumLibrary">
<doc>Sets frame identified by ``locator`` as the current frame.</doc>
<arguments>
<arg>${arg1}</arg>
</arguments>
<msg timestamp="20200110 11:01:05.743" level="INFO">Selecting frame 'xpath=//*[@id="index"]/div[2]/div/div/div/div/iframe'.</msg>
<status status="PASS" starttime="20200110 11:01:05.743" endtime="20200110 11:01:06.007"></status>
</kw>
<status status="PASS" starttime="20200110 11:01:05.742" endtime="20200110 11:01:06.007"></status>
</kw>
<kw name="Visible" library="recursos">
<arguments>
<arg>${titulo}</arg>
</arguments>
<kw name="Wait Until Element Is Visible" library="SeleniumLibrary">
<doc>Waits until the element ``locator`` is visible.</doc>
<arguments>
<arg>${arg1}</arg>
</arguments>
<status status="PASS" starttime="20200110 11:01:06.009" endtime="20200110 11:01:06.281"></status>
</kw>
<status status="PASS" starttime="20200110 11:01:06.008" endtime="20200110 11:01:06.281"></status>
</kw>
<kw name="Log" library="BuiltIn">
<doc>Logs the given message with the given level.</doc>
<arguments>
<arg>${titulo}</arg>
</arguments>
<msg timestamp="20200110 11:01:06.282" level="INFO">xpath=//h1[contains(@itemprop,'name')]</msg>
<status status="PASS" starttime="20200110 11:01:06.282" endtime="20200110 11:01:06.283"></status>
</kw>
<kw name="Comparar" library="recursos">
<arguments>
<arg>${titulo}</arg>
<arg>${nomT}</arg>
</arguments>
<kw name="Element Text Should Be" library="SeleniumLibrary">
<doc>Verifies that element ``locator`` contains exact the text ``expected``.</doc>
<arguments>
<arg>${arg1}</arg>
<arg>${arg2}</arg>
</arguments>
<msg timestamp="20200110 11:01:06.285" level="INFO">Verifying element 'xpath=//h1[contains(@itemprop,'name')]' contains exact text 'Printed Chiffon Dress'.</msg>
<status status="PASS" starttime="20200110 11:01:06.285" endtime="20200110 11:01:06.562"></status>
</kw>
<status status="PASS" starttime="20200110 11:01:06.283" endtime="20200110 11:01:06.562"></status>
</kw>
<kw name="USF" library="recursos">
<kw name="Unselect Frame" library="SeleniumLibrary">
<doc>Sets the main frame as the current frame.</doc>
<status status="PASS" starttime="20200110 11:01:06.564" endtime="20200110 11:01:06.675"></status>
</kw>
<status status="PASS" starttime="20200110 11:01:06.563" endtime="20200110 11:01:06.675"></status>
</kw>
<kw name="Click" library="recursos">
<arguments>
<arg>xpath=//a[@title='Close']</arg>
</arguments>
<kw name="Click Element" library="SeleniumLibrary">
<doc>Click the element identified by ``locator``.</doc>
<arguments>
<arg>${arg1}</arg>
</arguments>
<msg timestamp="20200110 11:01:06.678" level="INFO">Clicking element 'xpath=//a[@title='Close']'.</msg>
<status status="PASS" starttime="20200110 11:01:06.677" endtime="20200110 11:01:06.991"></status>
</kw>
<status status="PASS" starttime="20200110 11:01:06.676" endtime="20200110 11:01:06.991"></status>
</kw>
<status status="PASS" starttime="20200110 11:01:02.821" endtime="20200110 11:01:06.991"></status>
</kw>
<status status="PASS" starttime="20200110 11:00:34.026" endtime="20200110 11:01:06.991"></status>
</kw>
<kw name="Cerrar" library="recursos">
<kw name="Close Browser" library="SeleniumLibrary">
<doc>Closes the current browser.</doc>
<status status="PASS" starttime="20200110 11:01:06.993" endtime="20200110 11:01:09.161"></status>
</kw>
<status status="PASS" starttime="20200110 11:01:06.993" endtime="20200110 11:01:09.162"></status>
</kw>
<status status="PASS" starttime="20200110 11:00:19.315" endtime="20200110 11:01:09.164" critical="yes"></status>
</test>
<status status="PASS" starttime="20200110 10:59:38.348" endtime="20200110 11:01:09.168"></status>
</suite>
<statistics>
<total>
<stat pass="2" fail="0">Critical Tests</stat>
<stat pass="2" fail="0">All Tests</stat>
</total>
<tag>
</tag>
<suite>
<stat pass="2" fail="0" id="s1" name="Ocho">Ocho</stat>
</suite>
</statistics>
<errors>
</errors>
</robot>
