<?xml version="1.0" encoding="UTF-8"?>
<robot generator="Robot 3.1.2 (Python 3.7.6 on win32)" generated="20200116 13:00:42.907" rpa="false">
<suite id="s1" name="Catorce" source="C:\Python\robotframework\pruebas\catorce\catorce.robot">
<test id="s1-t1" name="001 Ventanas Multiples">
<kw name="Abrir navegador" library="recursos">
<kw name="Open Browser" library="SeleniumLibrary">
<doc>Opens a new browser instance to the optional ``url``.</doc>
<arguments>
<arg>${url}</arg>
<arg>${navegador}</arg>
</arguments>
<msg timestamp="20200116 13:00:43.625" level="INFO">Opening browser 'chrome' to base url 'http://testautomationpractice.blogspot.com/'.</msg>
<status status="PASS" starttime="20200116 13:00:43.625" endtime="20200116 13:00:48.190"></status>
</kw>
<status status="PASS" starttime="20200116 13:00:43.625" endtime="20200116 13:00:48.190"></status>
</kw>
<kw name="Maximizar" library="recursos">
<kw name="Maximize Browser Window" library="SeleniumLibrary">
<doc>Maximizes current browser window.</doc>
<status status="PASS" starttime="20200116 13:00:48.191" endtime="20200116 13:00:49.320"></status>
</kw>
<status status="PASS" starttime="20200116 13:00:48.191" endtime="20200116 13:00:49.321"></status>
</kw>
<kw name="Abrir navegador2" library="recursos">
<kw name="Open Browser" library="SeleniumLibrary">
<doc>Opens a new browser instance to the optional ``url``.</doc>
<arguments>
<arg>${url2}</arg>
<arg>${navegador}</arg>
</arguments>
<msg timestamp="20200116 13:00:49.322" level="INFO">Opening browser 'chrome' to base url 'https://www.google.com/'.</msg>
<status status="PASS" starttime="20200116 13:00:49.322" endtime="20200116 13:00:52.443"></status>
</kw>
<status status="PASS" starttime="20200116 13:00:49.321" endtime="20200116 13:00:52.443"></status>
</kw>
<kw name="Maximizar" library="recursos">
<kw name="Maximize Browser Window" library="SeleniumLibrary">
<doc>Maximizes current browser window.</doc>
<status status="PASS" starttime="20200116 13:00:52.444" endtime="20200116 13:00:53.577"></status>
</kw>
<status status="PASS" starttime="20200116 13:00:52.444" endtime="20200116 13:00:53.578"></status>
</kw>
<kw name="Dormir Todos" library="recursos">
<arguments>
<arg>.3</arg>
</arguments>
<kw name="Set Selenium Speed" library="SeleniumLibrary">
<doc>Sets the delay that is waited after each Selenium command.</doc>
<arguments>
<arg>${arg1} seconds</arg>
</arguments>
<status status="PASS" starttime="20200116 13:00:53.580" endtime="20200116 13:00:53.580"></status>
</kw>
<status status="PASS" starttime="20200116 13:00:53.578" endtime="20200116 13:00:53.581"></status>
</kw>
<kw name="Switch Ventana" library="recursos">
<arguments>
<arg>0</arg>
</arguments>
<kw name="Switch Browser" library="SeleniumLibrary">
<doc>Switches between active browsers using ``index_or_alias``.</doc>
<arguments>
<arg>${arg1}</arg>
</arguments>
<kw name="Capture Page Screenshot" library="SeleniumLibrary">
<doc>Takes a screenshot of the current page and embeds it into a log file.</doc>
<msg timestamp="20200116 13:00:54.227" level="INFO" html="yes">&lt;/td&gt;&lt;/tr&gt;&lt;tr&gt;&lt;td colspan="3"&gt;&lt;a href="selenium-screenshot-2.png"&gt;&lt;img src="selenium-screenshot-2.png" width="800px"&gt;&lt;/a&gt;</msg>
<status status="PASS" starttime="20200116 13:00:53.583" endtime="20200116 13:00:54.228"></status>
</kw>
<msg timestamp="20200116 13:00:54.232" level="FAIL">No browser with index or alias '0' found.</msg>
<status status="FAIL" starttime="20200116 13:00:53.582" endtime="20200116 13:00:54.232"></status>
</kw>
<status status="FAIL" starttime="20200116 13:00:53.582" endtime="20200116 13:00:54.233"></status>
</kw>
<status status="FAIL" starttime="20200116 13:00:43.624" endtime="20200116 13:00:54.234" critical="yes">No browser with index or alias '0' found.</status>
</test>
<doc>Prueba uno Amazon</doc>
<status status="FAIL" starttime="20200116 13:00:42.908" endtime="20200116 13:00:54.238"></status>
</suite>
<statistics>
<total>
<stat pass="0" fail="1">Critical Tests</stat>
<stat pass="0" fail="1">All Tests</stat>
</total>
<tag>
</tag>
<suite>
<stat pass="0" fail="1" id="s1" name="Catorce">Catorce</stat>
</suite>
</statistics>
<errors>
</errors>
</robot>
