<?xml version="1.0" encoding="UTF-8"?>
<robot generator="Robot 3.1.2 (Python 3.7.6 on win32)" generated="20200114 17:45:03.857" rpa="false">
<suite id="s1" name="Once" source="C:\Python\robotframework\pruebas\once\once.robot">
<test id="s1-t1" name="001 Prueba Ofertas del Día">
<kw name="Abrir navegador" library="recursos">
<kw name="Open Browser" library="SeleniumLibrary">
<doc>Opens a new browser instance to the optional ``url``.</doc>
<arguments>
<arg>${url}</arg>
<arg>${navegador}</arg>
</arguments>
<msg timestamp="20200114 17:45:04.658" level="INFO">Opening browser 'chrome' to base url 'http://www.practiceselenium.com/practice-form.html'.</msg>
<status status="PASS" starttime="20200114 17:45:04.657" endtime="20200114 17:45:17.118"></status>
</kw>
<status status="PASS" starttime="20200114 17:45:04.657" endtime="20200114 17:45:17.119"></status>
</kw>
<kw name="Ventana" library="recursos">
<arguments>
<arg>1000</arg>
<arg>1000</arg>
</arguments>
<kw name="Set Window Size" library="SeleniumLibrary">
<doc>Sets current windows size to given ``width`` and ``height``.</doc>
<arguments>
<arg>${arg1}</arg>
<arg>${arg2}</arg>
</arguments>
<status status="PASS" starttime="20200114 17:45:17.121" endtime="20200114 17:45:18.256"></status>
</kw>
<status status="PASS" starttime="20200114 17:45:17.120" endtime="20200114 17:45:18.256"></status>
</kw>
<kw name="Maximizar" library="recursos">
<kw name="Maximize Browser Window" library="SeleniumLibrary">
<doc>Maximizes current browser window.</doc>
<status status="PASS" starttime="20200114 17:45:18.257" endtime="20200114 17:45:18.366"></status>
</kw>
<status status="PASS" starttime="20200114 17:45:18.257" endtime="20200114 17:45:18.366"></status>
</kw>
<kw name="Texto" library="recursos">
<arguments>
<arg>xpath=(//input[@type='text'])[1]</arg>
<arg>Rodrigo</arg>
</arguments>
<kw name="Input Text" library="SeleniumLibrary">
<doc>Types the given ``text`` into the text field identified by ``locator``.</doc>
<arguments>
<arg>${arg1}</arg>
<arg>${arg2}</arg>
</arguments>
<msg timestamp="20200114 17:45:18.366" level="INFO">Typing text 'Rodrigo' into text field 'xpath=(//input[@type='text'])[1]'.</msg>
<status status="PASS" starttime="20200114 17:45:18.366" endtime="20200114 17:45:18.522"></status>
</kw>
<status status="PASS" starttime="20200114 17:45:18.366" endtime="20200114 17:45:18.522"></status>
</kw>
<kw name="Dormir" library="recursos">
<arguments>
<arg>${tiempo}</arg>
</arguments>
<kw name="Sleep" library="BuiltIn">
<doc>Pauses the test executed for the given time.</doc>
<arguments>
<arg>${arg1}</arg>
</arguments>
<msg timestamp="20200114 17:45:18.623" level="INFO">Slept 100 milliseconds</msg>
<status status="PASS" starttime="20200114 17:45:18.522" endtime="20200114 17:45:18.624"></status>
</kw>
<status status="PASS" starttime="20200114 17:45:18.522" endtime="20200114 17:45:18.624"></status>
</kw>
<kw name="Texto" library="recursos">
<arguments>
<arg>xpath=(//input[@type='text'])[2]</arg>
<arg>Villanueva</arg>
</arguments>
<kw name="Input Text" library="SeleniumLibrary">
<doc>Types the given ``text`` into the text field identified by ``locator``.</doc>
<arguments>
<arg>${arg1}</arg>
<arg>${arg2}</arg>
</arguments>
<msg timestamp="20200114 17:45:18.627" level="INFO">Typing text 'Villanueva' into text field 'xpath=(//input[@type='text'])[2]'.</msg>
<status status="PASS" starttime="20200114 17:45:18.626" endtime="20200114 17:45:18.754"></status>
</kw>
<status status="PASS" starttime="20200114 17:45:18.625" endtime="20200114 17:45:18.754"></status>
</kw>
<kw name="Dormir" library="recursos">
<arguments>
<arg>${tiempo}</arg>
</arguments>
<kw name="Sleep" library="BuiltIn">
<doc>Pauses the test executed for the given time.</doc>
<arguments>
<arg>${arg1}</arg>
</arguments>
<msg timestamp="20200114 17:45:18.855" level="INFO">Slept 100 milliseconds</msg>
<status status="PASS" starttime="20200114 17:45:18.754" endtime="20200114 17:45:18.855"></status>
</kw>
<status status="PASS" starttime="20200114 17:45:18.754" endtime="20200114 17:45:18.856"></status>
</kw>
<kw name="SR" library="recursos">
<arguments>
<arg>sex</arg>
<arg>Female</arg>
</arguments>
<kw name="Select Radio Button" library="SeleniumLibrary">
<doc>Sets the radio button group ``group_name`` to ``value``.</doc>
<arguments>
<arg>${arg1}</arg>
<arg>${arg2}</arg>
</arguments>
<msg timestamp="20200114 17:45:18.858" level="INFO">Selecting 'Female' from radio button 'sex'.</msg>
<status status="PASS" starttime="20200114 17:45:18.857" endtime="20200114 17:45:18.975"></status>
</kw>
<status status="PASS" starttime="20200114 17:45:18.857" endtime="20200114 17:45:18.975"></status>
</kw>
<kw name="Dormir" library="recursos">
<arguments>
<arg>${tiempo}</arg>
</arguments>
<kw name="Sleep" library="BuiltIn">
<doc>Pauses the test executed for the given time.</doc>
<arguments>
<arg>${arg1}</arg>
</arguments>
<msg timestamp="20200114 17:45:19.078" level="INFO">Slept 100 milliseconds</msg>
<status status="PASS" starttime="20200114 17:45:18.977" endtime="20200114 17:45:19.078"></status>
</kw>
<status status="PASS" starttime="20200114 17:45:18.976" endtime="20200114 17:45:19.078"></status>
</kw>
<kw name="SR" library="recursos">
<arguments>
<arg>exp</arg>
<arg>5</arg>
</arguments>
<kw name="Select Radio Button" library="SeleniumLibrary">
<doc>Sets the radio button group ``group_name`` to ``value``.</doc>
<arguments>
<arg>${arg1}</arg>
<arg>${arg2}</arg>
</arguments>
<msg timestamp="20200114 17:45:19.082" level="INFO">Selecting '5' from radio button 'exp'.</msg>
<status status="PASS" starttime="20200114 17:45:19.081" endtime="20200114 17:45:19.219"></status>
</kw>
<status status="PASS" starttime="20200114 17:45:19.080" endtime="20200114 17:45:19.219"></status>
</kw>
<kw name="Dormir" library="recursos">
<arguments>
<arg>${tiempo}</arg>
</arguments>
<kw name="Sleep" library="BuiltIn">
<doc>Pauses the test executed for the given time.</doc>
<arguments>
<arg>${arg1}</arg>
</arguments>
<msg timestamp="20200114 17:45:19.320" level="INFO">Slept 100 milliseconds</msg>
<status status="PASS" starttime="20200114 17:45:19.220" endtime="20200114 17:45:19.320"></status>
</kw>
<status status="PASS" starttime="20200114 17:45:19.219" endtime="20200114 17:45:19.320"></status>
</kw>
<kw name="Texto" library="recursos">
<arguments>
<arg>xpath=(//input[@type='text'])[3]</arg>
<arg>19/09/1977</arg>
</arguments>
<kw name="Input Text" library="SeleniumLibrary">
<doc>Types the given ``text`` into the text field identified by ``locator``.</doc>
<arguments>
<arg>${arg1}</arg>
<arg>${arg2}</arg>
</arguments>
<msg timestamp="20200114 17:45:19.323" level="INFO">Typing text '19/09/1977' into text field 'xpath=(//input[@type='text'])[3]'.</msg>
<status status="PASS" starttime="20200114 17:45:19.322" endtime="20200114 17:45:19.419"></status>
</kw>
<status status="PASS" starttime="20200114 17:45:19.321" endtime="20200114 17:45:19.419"></status>
</kw>
<kw name="Dormir" library="recursos">
<arguments>
<arg>${tiempo}</arg>
</arguments>
<kw name="Sleep" library="BuiltIn">
<doc>Pauses the test executed for the given time.</doc>
<arguments>
<arg>${arg1}</arg>
</arguments>
<msg timestamp="20200114 17:45:19.520" level="INFO">Slept 100 milliseconds</msg>
<status status="PASS" starttime="20200114 17:45:19.419" endtime="20200114 17:45:19.520"></status>
</kw>
<status status="PASS" starttime="20200114 17:45:19.419" endtime="20200114 17:45:19.520"></status>
</kw>
<kw name="SC" library="recursos">
<arguments>
<arg>xpath=(//input[contains(@type,'checkbox')])[1]</arg>
</arguments>
<kw name="Select Checkbox" library="SeleniumLibrary">
<doc>Selects the checkbox identified by ``locator``.</doc>
<arguments>
<arg>${arg1}</arg>
</arguments>
<msg timestamp="20200114 17:45:19.522" level="INFO">Selecting checkbox 'xpath=(//input[contains(@type,'checkbox')])[1]'.</msg>
<status status="PASS" starttime="20200114 17:45:19.521" endtime="20200114 17:45:19.595"></status>
</kw>
<status status="PASS" starttime="20200114 17:45:19.521" endtime="20200114 17:45:19.595"></status>
</kw>
<kw name="Dormir" library="recursos">
<arguments>
<arg>${tiempo}</arg>
</arguments>
<kw name="Sleep" library="BuiltIn">
<doc>Pauses the test executed for the given time.</doc>
<arguments>
<arg>${arg1}</arg>
</arguments>
<msg timestamp="20200114 17:45:19.703" level="INFO">Slept 100 milliseconds</msg>
<status status="PASS" starttime="20200114 17:45:19.596" endtime="20200114 17:45:19.703"></status>
</kw>
<status status="PASS" starttime="20200114 17:45:19.596" endtime="20200114 17:45:19.703"></status>
</kw>
<kw name="SC" library="recursos">
<arguments>
<arg>xpath=(//input[contains(@type,'checkbox')])[6]</arg>
</arguments>
<kw name="Select Checkbox" library="SeleniumLibrary">
<doc>Selects the checkbox identified by ``locator``.</doc>
<arguments>
<arg>${arg1}</arg>
</arguments>
<msg timestamp="20200114 17:45:19.703" level="INFO">Selecting checkbox 'xpath=(//input[contains(@type,'checkbox')])[6]'.</msg>
<status status="PASS" starttime="20200114 17:45:19.703" endtime="20200114 17:45:19.836"></status>
</kw>
<status status="PASS" starttime="20200114 17:45:19.703" endtime="20200114 17:45:19.836"></status>
</kw>
<kw name="Dormir" library="recursos">
<arguments>
<arg>${tiempo}</arg>
</arguments>
<kw name="Sleep" library="BuiltIn">
<doc>Pauses the test executed for the given time.</doc>
<arguments>
<arg>${arg1}</arg>
</arguments>
<msg timestamp="20200114 17:45:19.938" level="INFO">Slept 100 milliseconds</msg>
<status status="PASS" starttime="20200114 17:45:19.837" endtime="20200114 17:45:19.938"></status>
</kw>
<status status="PASS" starttime="20200114 17:45:19.837" endtime="20200114 17:45:19.939"></status>
</kw>
<kw name="USC" library="recursos">
<arguments>
<arg>xpath=(//input[contains(@type,'checkbox')])[6]</arg>
</arguments>
<kw name="Unselect Checkbox" library="SeleniumLibrary">
<doc>Removes the selection of checkbox identified by ``locator``.</doc>
<arguments>
<arg>${arg1}</arg>
</arguments>
<msg timestamp="20200114 17:45:19.942" level="INFO">Unselecting checkbox 'xpath=(//input[contains(@type,'checkbox')])[6]'.</msg>
<status status="PASS" starttime="20200114 17:45:19.941" endtime="20200114 17:45:20.042"></status>
</kw>
<status status="PASS" starttime="20200114 17:45:19.940" endtime="20200114 17:45:20.042"></status>
</kw>
<kw name="Dormir" library="recursos">
<arguments>
<arg>${tiempo}</arg>
</arguments>
<kw name="Sleep" library="BuiltIn">
<doc>Pauses the test executed for the given time.</doc>
<arguments>
<arg>${arg1}</arg>
</arguments>
<msg timestamp="20200114 17:45:20.144" level="INFO">Slept 100 milliseconds</msg>
<status status="PASS" starttime="20200114 17:45:20.043" endtime="20200114 17:45:20.145"></status>
</kw>
<status status="PASS" starttime="20200114 17:45:20.043" endtime="20200114 17:45:20.145"></status>
</kw>
<kw name="Focus" library="recursos">
<arguments>
<arg>xpath=//label[contains(.,'Now that you had tea, lets get back to work:)')]</arg>
</arguments>
<kw name="Set Focus To Element" library="SeleniumLibrary">
<doc>Sets the focus to the element identified by ``locator``.</doc>
<arguments>
<arg>${arg1}</arg>
</arguments>
<status status="PASS" starttime="20200114 17:45:20.147" endtime="20200114 17:45:20.186"></status>
</kw>
<status status="PASS" starttime="20200114 17:45:20.146" endtime="20200114 17:45:20.186"></status>
</kw>
<kw name="SLL" library="recursos">
<arguments>
<arg>continents</arg>
<arg>Antartica</arg>
</arguments>
<kw name="Select From List By Label" library="SeleniumLibrary">
<doc>Selects options from selection list ``locator`` by ``labels``.</doc>
<arguments>
<arg>${arg1}</arg>
<arg>${arg2}</arg>
</arguments>
<msg timestamp="20200114 17:45:20.188" level="INFO">Selecting options from selection list 'continents' by label Antartica.</msg>
<status status="PASS" starttime="20200114 17:45:20.187" endtime="20200114 17:45:20.304"></status>
</kw>
<status status="PASS" starttime="20200114 17:45:20.187" endtime="20200114 17:45:20.304"></status>
</kw>
<kw name="Dormir" library="recursos">
<arguments>
<arg>${tiempo}</arg>
</arguments>
<kw name="Sleep" library="BuiltIn">
<doc>Pauses the test executed for the given time.</doc>
<arguments>
<arg>${arg1}</arg>
</arguments>
<msg timestamp="20200114 17:45:20.405" level="INFO">Slept 100 milliseconds</msg>
<status status="PASS" starttime="20200114 17:45:20.304" endtime="20200114 17:45:20.406"></status>
</kw>
<status status="PASS" starttime="20200114 17:45:20.304" endtime="20200114 17:45:20.406"></status>
</kw>
<kw name="SLI" library="recursos">
<arguments>
<arg>continents</arg>
<arg>2</arg>
</arguments>
<kw name="Select From List By Index" library="SeleniumLibrary">
<doc>Selects options from selection list ``locator`` by ``indexes``.</doc>
<arguments>
<arg>${arg1}</arg>
<arg>${arg2}</arg>
</arguments>
<msg timestamp="20200114 17:45:20.409" level="INFO">Selecting options from selection list 'continents' by index 2.</msg>
<status status="PASS" starttime="20200114 17:45:20.408" endtime="20200114 17:45:20.519"></status>
</kw>
<status status="PASS" starttime="20200114 17:45:20.407" endtime="20200114 17:45:20.519"></status>
</kw>
<kw name="Dormir" library="recursos">
<arguments>
<arg>${tiempo}</arg>
</arguments>
<kw name="Sleep" library="BuiltIn">
<doc>Pauses the test executed for the given time.</doc>
<arguments>
<arg>${arg1}</arg>
</arguments>
<msg timestamp="20200114 17:45:20.621" level="INFO">Slept 100 milliseconds</msg>
<status status="PASS" starttime="20200114 17:45:20.520" endtime="20200114 17:45:20.621"></status>
</kw>
<status status="PASS" starttime="20200114 17:45:20.520" endtime="20200114 17:45:20.622"></status>
</kw>
<kw name="SLI" library="recursos">
<arguments>
<arg>selenium_commands</arg>
<arg>3</arg>
</arguments>
<kw name="Select From List By Index" library="SeleniumLibrary">
<doc>Selects options from selection list ``locator`` by ``indexes``.</doc>
<arguments>
<arg>${arg1}</arg>
<arg>${arg2}</arg>
</arguments>
<msg timestamp="20200114 17:45:20.623" level="INFO">Selecting options from selection list 'selenium_commands' by index 3.</msg>
<status status="PASS" starttime="20200114 17:45:20.623" endtime="20200114 17:45:20.706"></status>
</kw>
<status status="PASS" starttime="20200114 17:45:20.622" endtime="20200114 17:45:20.706"></status>
</kw>
<kw name="Dormir" library="recursos">
<arguments>
<arg>2</arg>
</arguments>
<kw name="Sleep" library="BuiltIn">
<doc>Pauses the test executed for the given time.</doc>
<arguments>
<arg>${arg1}</arg>
</arguments>
<msg timestamp="20200114 17:45:22.707" level="INFO">Slept 2 seconds</msg>
<status status="PASS" starttime="20200114 17:45:20.707" endtime="20200114 17:45:22.707"></status>
</kw>
<status status="PASS" starttime="20200114 17:45:20.706" endtime="20200114 17:45:22.708"></status>
</kw>
<kw name="SLL" library="recursos">
<arguments>
<arg>selenium_commands</arg>
<arg>Switch Commands</arg>
</arguments>
<kw name="Select From List By Label" library="SeleniumLibrary">
<doc>Selects options from selection list ``locator`` by ``labels``.</doc>
<arguments>
<arg>${arg1}</arg>
<arg>${arg2}</arg>
</arguments>
<msg timestamp="20200114 17:45:22.710" level="INFO">Selecting options from selection list 'selenium_commands' by label Switch Commands.</msg>
<status status="PASS" starttime="20200114 17:45:22.709" endtime="20200114 17:45:22.851"></status>
</kw>
<status status="PASS" starttime="20200114 17:45:22.708" endtime="20200114 17:45:22.851"></status>
</kw>
<kw name="Dormir" library="recursos">
<arguments>
<arg>3</arg>
</arguments>
<kw name="Sleep" library="BuiltIn">
<doc>Pauses the test executed for the given time.</doc>
<arguments>
<arg>${arg1}</arg>
</arguments>
<msg timestamp="20200114 17:45:25.855" level="INFO">Slept 3 seconds</msg>
<status status="PASS" starttime="20200114 17:45:22.852" endtime="20200114 17:45:25.855"></status>
</kw>
<status status="PASS" starttime="20200114 17:45:22.852" endtime="20200114 17:45:25.855"></status>
</kw>
<kw name="Cerrar" library="recursos">
<kw name="Close Browser" library="SeleniumLibrary">
<doc>Closes the current browser.</doc>
<status status="PASS" starttime="20200114 17:45:25.855" endtime="20200114 17:45:27.966"></status>
</kw>
<status status="PASS" starttime="20200114 17:45:25.855" endtime="20200114 17:45:27.967"></status>
</kw>
<status status="PASS" starttime="20200114 17:45:04.656" endtime="20200114 17:45:27.968" critical="yes"></status>
</test>
<doc>Prueba uno Amazon</doc>
<status status="PASS" starttime="20200114 17:45:03.859" endtime="20200114 17:45:27.971"></status>
</suite>
<statistics>
<total>
<stat pass="1" fail="0">Critical Tests</stat>
<stat pass="1" fail="0">All Tests</stat>
</total>
<tag>
</tag>
<suite>
<stat pass="1" fail="0" id="s1" name="Once">Once</stat>
</suite>
</statistics>
<errors>
</errors>
</robot>
